# JRE version: OpenJDK Runtime Environment (8.0_212-b04) (build 1.8.0_212-release-1586-b04)
# Java VM: OpenJDK 64-Bit Server VM (25.212-b04 mixed mode windows-amd64 compressed oops)
Heap:
 PSYoungGen      total 172544K, used 114007K [0x00000000e0000000, 0x00000000ede00000, 0x0000000100000000)
  eden space 159232K, 63% used [0x00000000e0000000,0x00000000e625d360,0x00000000e9b80000)
  from space 13312K, 99% used [0x00000000e9b80000,0x00000000ea878c20,0x00000000ea880000)
  to   space 17920K, 0% used [0x00000000ecc80000,0x00000000ecc80000,0x00000000ede00000)
 ParOldGen       total 57856K, used 25357K [0x00000000a0000000, 0x00000000a3880000, 0x00000000e0000000)
  object space 57856K, 43% used [0x00000000a0000000,0x00000000a18c3480,0x00000000a3880000)
 Metaspace       used 56874K, capacity 58664K, committed 58752K, reserved 1099776K
  class space    used 7806K, capacity 8249K, committed 8320K, reserved 1048576K
GC Heap History (10 events):
Event: 7.214 GC heap before
{Heap before GC invocations=9 (full 1):
 PSYoungGen      total 128512K, used 5371K [0x00000000e0000000, 0x00000000e8700000, 0x0000000100000000)
  eden space 119808K, 0% used [0x00000000e0000000,0x00000000e0000000,0x00000000e7500000)
  from space 8704K, 61% used [0x00000000e7e80000,0x00000000e83bede0,0x00000000e8700000)
  to   space 9216K, 0% used [0x00000000e7500000,0x00000000e7500000,0x00000000e7e00000)
 ParOldGen       total 40960K, used 8278K [0x00000000a0000000, 0x00000000a2800000, 0x00000000e0000000)
  object space 40960K, 20% used [0x00000000a0000000,0x00000000a0815a48,0x00000000a2800000)
 Metaspace       used 20720K, capacity 21194K, committed 21296K, reserved 1067008K
  class space    used 2979K, capacity 3161K, committed 3200K, reserved 1048576K
Event: 7.322 GC heap after
Heap after GC invocations=9 (full 1):
 PSYoungGen      total 128512K, used 0K [0x00000000e0000000, 0x00000000e8700000, 0x0000000100000000)
  eden space 119808K, 0% used [0x00000000e0000000,0x00000000e0000000,0x00000000e7500000)
  from space 8704K, 0% used [0x00000000e7e80000,0x00000000e7e80000,0x00000000e8700000)
  to   space 9216K, 0% used [0x00000000e7500000,0x00000000e7500000,0x00000000e7e00000)
 ParOldGen       total 34816K, used 10037K [0x00000000a0000000, 0x00000000a2200000, 0x00000000e0000000)
  object space 34816K, 28% used [0x00000000a0000000,0x00000000a09cd790,0x00000000a2200000)
 Metaspace       used 20720K, capacity 21194K, committed 21296K, reserved 1067008K
  class space    used 2979K, capacity 3161K, committed 3200K, reserved 1048576K
}
Event: 10.287 GC heap before
{Heap before GC invocations=10 (full 1):
 PSYoungGen      total 128512K, used 119808K [0x00000000e0000000, 0x00000000e8700000, 0x0000000100000000)
  eden space 119808K, 100% used [0x00000000e0000000,0x00000000e7500000,0x00000000e7500000)
  from space 8704K, 0% used [0x00000000e7e80000,0x00000000e7e80000,0x00000000e8700000)
  to   space 9216K, 0% used [0x00000000e7500000,0x00000000e7500000,0x00000000e7e00000)
 ParOldGen       total 34816K, used 10037K [0x00000000a0000000, 0x00000000a2200000, 0x00000000e0000000)
  object space 34816K, 28% used [0x00000000a0000000,0x00000000a09cd790,0x00000000a2200000)
 Metaspace       used 31390K, capacity 31884K, committed 32128K, reserved 1077248K
  class space    used 4281K, capacity 4459K, committed 4480K, reserved 1048576K
Event: 10.314 GC heap after
Heap after GC invocations=10 (full 1):
 PSYoungGen      total 129024K, used 9200K [0x00000000e0000000, 0x00000000eb400000, 0x0000000100000000)
  eden space 119808K, 0% used [0x00000000e0000000,0x00000000e0000000,0x00000000e7500000)
  from space 9216K, 99% used [0x00000000e7500000,0x00000000e7dfc128,0x00000000e7e00000)
  to   space 11776K, 0% used [0x00000000ea880000,0x00000000ea880000,0x00000000eb400000)
 ParOldGen       total 34816K, used 12776K [0x00000000a0000000, 0x00000000a2200000, 0x00000000e0000000)
  object space 34816K, 36% used [0x00000000a0000000,0x00000000a0c7a1e8,0x00000000a2200000)
 Metaspace       used 31390K, capacity 31884K, committed 32128K, reserved 1077248K
  class space    used 4281K, capacity 4459K, committed 4480K, reserved 1048576K
}
Event: 12.900 GC heap before
{Heap before GC invocations=11 (full 1):
 PSYoungGen      total 129024K, used 90512K [0x00000000e0000000, 0x00000000eb400000, 0x0000000100000000)
  eden space 119808K, 67% used [0x00000000e0000000,0x00000000e4f681f8,0x00000000e7500000)
  from space 9216K, 99% used [0x00000000e7500000,0x00000000e7dfc128,0x00000000e7e00000)
  to   space 11776K, 0% used [0x00000000ea880000,0x00000000ea880000,0x00000000eb400000)
 ParOldGen       total 34816K, used 12776K [0x00000000a0000000, 0x00000000a2200000, 0x00000000e0000000)
  object space 34816K, 36% used [0x00000000a0000000,0x00000000a0c7a1e8,0x00000000a2200000)
 Metaspace       used 34639K, capacity 35420K, committed 35456K, reserved 1079296K
  class space    used 4734K, capacity 4985K, committed 4992K, reserved 1048576K
Event: 12.931 GC heap after
Heap after GC invocations=11 (full 1):
 PSYoungGen      total 171008K, used 11380K [0x00000000e0000000, 0x00000000eb580000, 0x0000000100000000)
  eden space 159232K, 0% used [0x00000000e0000000,0x00000000e0000000,0x00000000e9b80000)
  from space 11776K, 96% used [0x00000000ea880000,0x00000000eb39d228,0x00000000eb400000)
  to   space 13312K, 0% used [0x00000000e9b80000,0x00000000e9b80000,0x00000000ea880000)
 ParOldGen       total 34816K, used 12784K [0x00000000a0000000, 0x00000000a2200000, 0x00000000e0000000)
  object space 34816K, 36% used [0x00000000a0000000,0x00000000a0c7c1e8,0x00000000a2200000)
 Metaspace       used 34639K, capacity 35420K, committed 35456K, reserved 1079296K
  class space    used 4734K, capacity 4985K, committed 4992K, reserved 1048576K
}
Event: 12.931 GC heap before
{Heap before GC invocations=12 (full 2):
 PSYoungGen      total 171008K, used 11380K [0x00000000e0000000, 0x00000000eb580000, 0x0000000100000000)
  eden space 159232K, 0% used [0x00000000e0000000,0x00000000e0000000,0x00000000e9b80000)
  from space 11776K, 96% used [0x00000000ea880000,0x00000000eb39d228,0x00000000eb400000)
  to   space 13312K, 0% used [0x00000000e9b80000,0x00000000e9b80000,0x00000000ea880000)
 ParOldGen       total 34816K, used 12784K [0x00000000a0000000, 0x00000000a2200000, 0x00000000e0000000)
  object space 34816K, 36% used [0x00000000a0000000,0x00000000a0c7c1e8,0x00000000a2200000)
 Metaspace       used 34639K, capacity 35420K, committed 35456K, reserved 1079296K
  class space    used 4734K, capacity 4985K, committed 4992K, reserved 1048576K
Event: 13.212 GC heap after
Heap after GC invocations=12 (full 2):
 PSYoungGen      total 171008K, used 0K [0x00000000e0000000, 0x00000000eb580000, 0x0000000100000000)
  eden space 159232K, 0% used [0x00000000e0000000,0x00000000e0000000,0x00000000e9b80000)
  from space 11776K, 0% used [0x00000000ea880000,0x00000000ea880000,0x00000000eb400000)
  to   space 13312K, 0% used [0x00000000e9b80000,0x00000000e9b80000,0x00000000ea880000)
 ParOldGen       total 57856K, used 18210K [0x00000000a0000000, 0x00000000a3880000, 0x00000000e0000000)
  object space 57856K, 31% used [0x00000000a0000000,0x00000000a11c88d8,0x00000000a3880000)
 Metaspace       used 34639K, capacity 35420K, committed 35456K, reserved 1079296K
  class space    used 4734K, capacity 4985K, committed 4992K, reserved 1048576K
}
Event: 19.456 GC heap before
{Heap before GC invocations=13 (full 2):
 PSYoungGen      total 171008K, used 159232K [0x00000000e0000000, 0x00000000eb580000, 0x0000000100000000)
  eden space 159232K, 100% used [0x00000000e0000000,0x00000000e9b80000,0x00000000e9b80000)
  from space 11776K, 0% used [0x00000000ea880000,0x00000000ea880000,0x00000000eb400000)
  to   space 13312K, 0% used [0x00000000e9b80000,0x00000000e9b80000,0x00000000ea880000)
 ParOldGen       total 57856K, used 18210K [0x00000000a0000000, 0x00000000a3880000, 0x00000000e0000000)
  object space 57856K, 31% used [0x00000000a0000000,0x00000000a11c88d8,0x00000000a3880000)
 Metaspace       used 50442K, capacity 51962K, committed 52096K, reserved 1093632K
  class space    used 6837K, capacity 7242K, committed 7296K, reserved 1048576K
Event: 19.530 GC heap after
Heap after GC invocations=13 (full 2):
 PSYoungGen      total 172544K, used 13283K [0x00000000e0000000, 0x00000000ede00000, 0x0000000100000000)
  eden space 159232K, 0% used [0x00000000e0000000,0x00000000e0000000,0x00000000e9b80000)
  from space 13312K, 99% used [0x00000000e9b80000,0x00000000ea878c20,0x00000000ea880000)
  to   space 17920K, 0% used [0x00000000ecc80000,0x00000000ecc80000,0x00000000ede00000)
 ParOldGen       total 57856K, used 25357K [0x00000000a0000000, 0x00000000a3880000, 0x00000000e0000000)
  object space 57856K, 43% used [0x00000000a0000000,0x00000000a18c3480,0x00000000a3880000)
 Metaspace       used 50442K, capacity 51962K, committed 52096K, reserved 1093632K
  class space    used 6837K, capacity 7242K, committed 7296K, reserved 1048576K
}

