# JRE version: OpenJDK Runtime Environment (8.0_212-b04) (build 1.8.0_212-release-1586-b04)
# Java VM: OpenJDK 64-Bit Server VM (25.212-b04 mixed mode windows-amd64 compressed oops)
Heap:
 PSYoungGen      total 266752K, used 154956K [0x00000000e0000000, 0x00000000f6780000, 0x0000000100000000)
  eden space 237568K, 65% used [0x00000000e0000000,0x00000000e9753208,0x00000000ee800000)
  from space 29184K, 0% used [0x00000000ee800000,0x00000000ee800000,0x00000000f0480000)
  to   space 41984K, 0% used [0x00000000f3e80000,0x00000000f3e80000,0x00000000f6780000)
 ParOldGen       total 91648K, used 88787K [0x00000000a0000000, 0x00000000a5980000, 0x00000000e0000000)
  object space 91648K, 96% used [0x00000000a0000000,0x00000000a56b4e00,0x00000000a5980000)
 Metaspace       used 83795K, capacity 87066K, committed 87256K, reserved 1124352K
  class space    used 11155K, capacity 11900K, committed 11992K, reserved 1048576K
GC Heap History (10 events):
Event: 27.339 GC heap before
{Heap before GC invocations=16 (full 3):
 PSYoungGen      total 220160K, used 202240K [0x00000000e0000000, 0x00000000ef380000, 0x0000000100000000)
  eden space 202240K, 100% used [0x00000000e0000000,0x00000000ec580000,0x00000000ec580000)
  from space 17920K, 0% used [0x00000000ed800000,0x00000000ed800000,0x00000000ee980000)
  to   space 18944K, 0% used [0x00000000ec580000,0x00000000ec580000,0x00000000ed800000)
 ParOldGen       total 91648K, used 37655K [0x00000000a0000000, 0x00000000a5980000, 0x00000000e0000000)
  object space 91648K, 41% used [0x00000000a0000000,0x00000000a24c5f30,0x00000000a5980000)
 Metaspace       used 59275K, capacity 61308K, committed 61400K, reserved 1101824K
  class space    used 8094K, capacity 8577K, committed 8664K, reserved 1048576K
Event: 27.387 GC heap after
Heap after GC invocations=16 (full 3):
 PSYoungGen      total 221184K, used 14899K [0x00000000e0000000, 0x00000000f1880000, 0x0000000100000000)
  eden space 202240K, 0% used [0x00000000e0000000,0x00000000e0000000,0x00000000ec580000)
  from space 18944K, 78% used [0x00000000ec580000,0x00000000ed40cc30,0x00000000ed800000)
  to   space 20480K, 0% used [0x00000000f0480000,0x00000000f0480000,0x00000000f1880000)
 ParOldGen       total 91648K, used 37663K [0x00000000a0000000, 0x00000000a5980000, 0x00000000e0000000)
  object space 91648K, 41% used [0x00000000a0000000,0x00000000a24c7f30,0x00000000a5980000)
 Metaspace       used 59275K, capacity 61308K, committed 61400K, reserved 1101824K
  class space    used 8094K, capacity 8577K, committed 8664K, reserved 1048576K
}
Event: 216.023 GC heap before
{Heap before GC invocations=17 (full 3):
 PSYoungGen      total 221184K, used 217139K [0x00000000e0000000, 0x00000000f1880000, 0x0000000100000000)
  eden space 202240K, 100% used [0x00000000e0000000,0x00000000ec580000,0x00000000ec580000)
  from space 18944K, 78% used [0x00000000ec580000,0x00000000ed40cc30,0x00000000ed800000)
  to   space 20480K, 0% used [0x00000000f0480000,0x00000000f0480000,0x00000000f1880000)
 ParOldGen       total 91648K, used 37663K [0x00000000a0000000, 0x00000000a5980000, 0x00000000e0000000)
  object space 91648K, 41% used [0x00000000a0000000,0x00000000a24c7f30,0x00000000a5980000)
 Metaspace       used 69198K, capacity 71636K, committed 71896K, reserved 1112064K
  class space    used 9286K, capacity 9887K, committed 9944K, reserved 1048576K
Event: 216.108 GC heap after
Heap after GC invocations=17 (full 3):
 PSYoungGen      total 258048K, used 20456K [0x00000000e0000000, 0x00000000f2200000, 0x0000000100000000)
  eden space 237568K, 0% used [0x00000000e0000000,0x00000000e0000000,0x00000000ee800000)
  from space 20480K, 99% used [0x00000000f0480000,0x00000000f187a090,0x00000000f1880000)
  to   space 29184K, 0% used [0x00000000ee800000,0x00000000ee800000,0x00000000f0480000)
 ParOldGen       total 91648K, used 52938K [0x00000000a0000000, 0x00000000a5980000, 0x00000000e0000000)
  object space 91648K, 57% used [0x00000000a0000000,0x00000000a33b2960,0x00000000a5980000)
 Metaspace       used 69198K, capacity 71636K, committed 71896K, reserved 1112064K
  class space    used 9286K, capacity 9887K, committed 9944K, reserved 1048576K
}
Event: 223.671 GC heap before
{Heap before GC invocations=18 (full 3):
 PSYoungGen      total 258048K, used 258024K [0x00000000e0000000, 0x00000000f2200000, 0x0000000100000000)
  eden space 237568K, 100% used [0x00000000e0000000,0x00000000ee800000,0x00000000ee800000)
  from space 20480K, 99% used [0x00000000f0480000,0x00000000f187a090,0x00000000f1880000)
  to   space 29184K, 0% used [0x00000000ee800000,0x00000000ee800000,0x00000000f0480000)
 ParOldGen       total 91648K, used 52938K [0x00000000a0000000, 0x00000000a5980000, 0x00000000e0000000)
  object space 91648K, 57% used [0x00000000a0000000,0x00000000a33b2960,0x00000000a5980000)
 Metaspace       used 76439K, capacity 79110K, committed 79320K, reserved 1118208K
  class space    used 10077K, capacity 10682K, committed 10712K, reserved 1048576K
Event: 223.842 GC heap after
Heap after GC invocations=18 (full 3):
 PSYoungGen      total 266752K, used 29175K [0x00000000e0000000, 0x00000000f6780000, 0x0000000100000000)
  eden space 237568K, 0% used [0x00000000e0000000,0x00000000e0000000,0x00000000ee800000)
  from space 29184K, 99% used [0x00000000ee800000,0x00000000f047dda0,0x00000000f0480000)
  to   space 41984K, 0% used [0x00000000f3e80000,0x00000000f3e80000,0x00000000f6780000)
 ParOldGen       total 91648K, used 73852K [0x00000000a0000000, 0x00000000a5980000, 0x00000000e0000000)
  object space 91648K, 80% used [0x00000000a0000000,0x00000000a481f1d8,0x00000000a5980000)
 Metaspace       used 76439K, capacity 79110K, committed 79320K, reserved 1118208K
  class space    used 10077K, capacity 10682K, committed 10712K, reserved 1048576K
}
Event: 223.842 GC heap before
{Heap before GC invocations=19 (full 4):
 PSYoungGen      total 266752K, used 29175K [0x00000000e0000000, 0x00000000f6780000, 0x0000000100000000)
  eden space 237568K, 0% used [0x00000000e0000000,0x00000000e0000000,0x00000000ee800000)
  from space 29184K, 99% used [0x00000000ee800000,0x00000000f047dda0,0x00000000f0480000)
  to   space 41984K, 0% used [0x00000000f3e80000,0x00000000f3e80000,0x00000000f6780000)
 ParOldGen       total 91648K, used 73852K [0x00000000a0000000, 0x00000000a5980000, 0x00000000e0000000)
  object space 91648K, 80% used [0x00000000a0000000,0x00000000a481f1d8,0x00000000a5980000)
 Metaspace       used 76439K, capacity 79110K, committed 79320K, reserved 1118208K
  class space    used 10077K, capacity 10682K, committed 10712K, reserved 1048576K
Event: 224.614 GC heap after
Heap after GC invocations=19 (full 4):
 PSYoungGen      total 266752K, used 0K [0x00000000e0000000, 0x00000000f6780000, 0x0000000100000000)
  eden space 237568K, 0% used [0x00000000e0000000,0x00000000e0000000,0x00000000ee800000)
  from space 29184K, 0% used [0x00000000ee800000,0x00000000ee800000,0x00000000f0480000)
  to   space 41984K, 0% used [0x00000000f3e80000,0x00000000f3e80000,0x00000000f6780000)
 ParOldGen       total 91648K, used 76520K [0x00000000a0000000, 0x00000000a5980000, 0x00000000e0000000)
  object space 91648K, 83% used [0x00000000a0000000,0x00000000a4aba1d0,0x00000000a5980000)
 Metaspace       used 76436K, capacity 79098K, committed 79320K, reserved 1118208K
  class space    used 10076K, capacity 10680K, committed 10712K, reserved 1048576K
}
Event: 227.271 GC heap before
{Heap before GC invocations=20 (full 5):
 PSYoungGen      total 266752K, used 237568K [0x00000000e0000000, 0x00000000f6780000, 0x0000000100000000)
  eden space 237568K, 100% used [0x00000000e0000000,0x00000000ee800000,0x00000000ee800000)
  from space 29184K, 0% used [0x00000000ee800000,0x00000000ee800000,0x00000000f0480000)
  to   space 41984K, 0% used [0x00000000f3e80000,0x00000000f3e80000,0x00000000f6780000)
 ParOldGen       total 91648K, used 76520K [0x00000000a0000000, 0x00000000a5980000, 0x00000000e0000000)
  object space 91648K, 83% used [0x00000000a0000000,0x00000000a4aba1d0,0x00000000a5980000)
 Metaspace       used 76942K, capacity 79564K, committed 79960K, reserved 1118208K
  class space    used 10119K, capacity 10721K, committed 10840K, reserved 1048576K
Event: 227.744 GC heap after
Heap after GC invocations=20 (full 5):
 PSYoungGen      total 266752K, used 0K [0x00000000e0000000, 0x00000000f6780000, 0x0000000100000000)
  eden space 237568K, 0% used [0x00000000e0000000,0x00000000e0000000,0x00000000ee800000)
  from space 29184K, 0% used [0x00000000ee800000,0x00000000ee800000,0x00000000f0480000)
  to   space 41984K, 0% used [0x00000000f3e80000,0x00000000f3e80000,0x00000000f6780000)
 ParOldGen       total 91648K, used 88787K [0x00000000a0000000, 0x00000000a5980000, 0x00000000e0000000)
  object space 91648K, 96% used [0x00000000a0000000,0x00000000a56b4e00,0x00000000a5980000)
 Metaspace       used 76642K, capacity 79200K, committed 79960K, reserved 1118208K
  class space    used 10083K, capacity 10681K, committed 10840K, reserved 1048576K
}

