# JRE version: OpenJDK Runtime Environment (8.0_212-b04) (build 1.8.0_212-release-1586-b04)
# Java VM: OpenJDK 64-Bit Server VM (25.212-b04 mixed mode windows-amd64 compressed oops)
Heap:
 PSYoungGen      total 319488K, used 39142K [0x00000000e0000000, 0x00000000f7300000, 0x0000000100000000)
  eden space 296448K, 8% used [0x00000000e0000000,0x00000000e1921180,0x00000000f2180000)
  from space 23040K, 58% used [0x00000000f2180000,0x00000000f2e98a70,0x00000000f3800000)
  to   space 23040K, 0% used [0x00000000f5c80000,0x00000000f5c80000,0x00000000f7300000)
 ParOldGen       total 95744K, used 62485K [0x00000000a0000000, 0x00000000a5d80000, 0x00000000e0000000)
  object space 95744K, 65% used [0x00000000a0000000,0x00000000a3d05540,0x00000000a5d80000)
 Metaspace       used 68838K, capacity 71702K, committed 72024K, reserved 1112064K
  class space    used 9315K, capacity 9954K, committed 10072K, reserved 1048576K
GC Heap History (10 events):
Event: 35.752 GC heap before
{Heap before GC invocations=18 (full 3):
 PSYoungGen      total 247296K, used 235600K [0x00000000e0000000, 0x00000000f0900000, 0x0000000100000000)
  eden space 223232K, 100% used [0x00000000e0000000,0x00000000eda00000,0x00000000eda00000)
  from space 24064K, 51% used [0x00000000ef180000,0x00000000efd940d8,0x00000000f0900000)
  to   space 24064K, 0% used [0x00000000eda00000,0x00000000eda00000,0x00000000ef180000)
 ParOldGen       total 95744K, used 62469K [0x00000000a0000000, 0x00000000a5d80000, 0x00000000e0000000)
  object space 95744K, 65% used [0x00000000a0000000,0x00000000a3d01540,0x00000000a5d80000)
 Metaspace       used 67282K, capacity 69902K, committed 70232K, reserved 1110016K
  class space    used 9153K, capacity 9736K, committed 9816K, reserved 1048576K
Event: 35.855 GC heap after
Heap after GC invocations=18 (full 3):
 PSYoungGen      total 247296K, used 11029K [0x00000000e0000000, 0x00000000f2e00000, 0x0000000100000000)
  eden space 223232K, 0% used [0x00000000e0000000,0x00000000e0000000,0x00000000eda00000)
  from space 24064K, 45% used [0x00000000eda00000,0x00000000ee4c5528,0x00000000ef180000)
  to   space 23040K, 0% used [0x00000000f1780000,0x00000000f1780000,0x00000000f2e00000)
 ParOldGen       total 95744K, used 62469K [0x00000000a0000000, 0x00000000a5d80000, 0x00000000e0000000)
  object space 95744K, 65% used [0x00000000a0000000,0x00000000a3d01540,0x00000000a5d80000)
 Metaspace       used 67282K, capacity 69902K, committed 70232K, reserved 1110016K
  class space    used 9153K, capacity 9736K, committed 9816K, reserved 1048576K
}
Event: 39.593 GC heap before
{Heap before GC invocations=19 (full 3):
 PSYoungGen      total 247296K, used 234261K [0x00000000e0000000, 0x00000000f2e00000, 0x0000000100000000)
  eden space 223232K, 100% used [0x00000000e0000000,0x00000000eda00000,0x00000000eda00000)
  from space 24064K, 45% used [0x00000000eda00000,0x00000000ee4c5528,0x00000000ef180000)
  to   space 23040K, 0% used [0x00000000f1780000,0x00000000f1780000,0x00000000f2e00000)
 ParOldGen       total 95744K, used 62469K [0x00000000a0000000, 0x00000000a5d80000, 0x00000000e0000000)
  object space 95744K, 65% used [0x00000000a0000000,0x00000000a3d01540,0x00000000a5d80000)
 Metaspace       used 67330K, capacity 69916K, committed 70232K, reserved 1110016K
  class space    used 9154K, capacity 9737K, committed 9816K, reserved 1048576K
Event: 39.671 GC heap after
Heap after GC invocations=19 (full 3):
 PSYoungGen      total 285184K, used 11461K [0x00000000e0000000, 0x00000000f2c80000, 0x0000000100000000)
  eden space 263680K, 0% used [0x00000000e0000000,0x00000000e0000000,0x00000000f0180000)
  from space 21504K, 53% used [0x00000000f1780000,0x00000000f22b1548,0x00000000f2c80000)
  to   space 22016K, 0% used [0x00000000f0180000,0x00000000f0180000,0x00000000f1700000)
 ParOldGen       total 95744K, used 62469K [0x00000000a0000000, 0x00000000a5d80000, 0x00000000e0000000)
  object space 95744K, 65% used [0x00000000a0000000,0x00000000a3d01540,0x00000000a5d80000)
 Metaspace       used 67330K, capacity 69916K, committed 70232K, reserved 1110016K
  class space    used 9154K, capacity 9737K, committed 9816K, reserved 1048576K
}
Event: 43.125 GC heap before
{Heap before GC invocations=20 (full 3):
 PSYoungGen      total 285184K, used 275141K [0x00000000e0000000, 0x00000000f2c80000, 0x0000000100000000)
  eden space 263680K, 100% used [0x00000000e0000000,0x00000000f0180000,0x00000000f0180000)
  from space 21504K, 53% used [0x00000000f1780000,0x00000000f22b1548,0x00000000f2c80000)
  to   space 22016K, 0% used [0x00000000f0180000,0x00000000f0180000,0x00000000f1700000)
 ParOldGen       total 95744K, used 62469K [0x00000000a0000000, 0x00000000a5d80000, 0x00000000e0000000)
  object space 95744K, 65% used [0x00000000a0000000,0x00000000a3d01540,0x00000000a5d80000)
 Metaspace       used 67427K, capacity 69982K, committed 70232K, reserved 1110016K
  class space    used 9154K, capacity 9738K, committed 9816K, reserved 1048576K
Event: 43.232 GC heap after
Heap after GC invocations=20 (full 3):
 PSYoungGen      total 285696K, used 15317K [0x00000000e0000000, 0x00000000f5100000, 0x0000000100000000)
  eden space 263680K, 0% used [0x00000000e0000000,0x00000000e0000000,0x00000000f0180000)
  from space 22016K, 69% used [0x00000000f0180000,0x00000000f1075538,0x00000000f1700000)
  to   space 23040K, 0% used [0x00000000f3a80000,0x00000000f3a80000,0x00000000f5100000)
 ParOldGen       total 95744K, used 62477K [0x00000000a0000000, 0x00000000a5d80000, 0x00000000e0000000)
  object space 95744K, 65% used [0x00000000a0000000,0x00000000a3d03540,0x00000000a5d80000)
 Metaspace       used 67427K, capacity 69982K, committed 70232K, reserved 1110016K
  class space    used 9154K, capacity 9738K, committed 9816K, reserved 1048576K
}
Event: 46.983 GC heap before
{Heap before GC invocations=21 (full 3):
 PSYoungGen      total 285696K, used 278997K [0x00000000e0000000, 0x00000000f5100000, 0x0000000100000000)
  eden space 263680K, 100% used [0x00000000e0000000,0x00000000f0180000,0x00000000f0180000)
  from space 22016K, 69% used [0x00000000f0180000,0x00000000f1075538,0x00000000f1700000)
  to   space 23040K, 0% used [0x00000000f3a80000,0x00000000f3a80000,0x00000000f5100000)
 ParOldGen       total 95744K, used 62477K [0x00000000a0000000, 0x00000000a5d80000, 0x00000000e0000000)
  object space 95744K, 65% used [0x00000000a0000000,0x00000000a3d03540,0x00000000a5d80000)
 Metaspace       used 68690K, capacity 71616K, committed 71768K, reserved 1112064K
  class space    used 9304K, capacity 9949K, committed 10072K, reserved 1048576K
Event: 47.033 GC heap after
Heap after GC invocations=21 (full 3):
 PSYoungGen      total 316928K, used 15007K [0x00000000e0000000, 0x00000000f4e80000, 0x0000000100000000)
  eden space 296448K, 0% used [0x00000000e0000000,0x00000000e0000000,0x00000000f2180000)
  from space 20480K, 73% used [0x00000000f3a80000,0x00000000f4927ed8,0x00000000f4e80000)
  to   space 23040K, 0% used [0x00000000f2180000,0x00000000f2180000,0x00000000f3800000)
 ParOldGen       total 95744K, used 62485K [0x00000000a0000000, 0x00000000a5d80000, 0x00000000e0000000)
  object space 95744K, 65% used [0x00000000a0000000,0x00000000a3d05540,0x00000000a5d80000)
 Metaspace       used 68690K, capacity 71616K, committed 71768K, reserved 1112064K
  class space    used 9304K, capacity 9949K, committed 10072K, reserved 1048576K
}
Event: 50.917 GC heap before
{Heap before GC invocations=22 (full 3):
 PSYoungGen      total 316928K, used 311455K [0x00000000e0000000, 0x00000000f4e80000, 0x0000000100000000)
  eden space 296448K, 100% used [0x00000000e0000000,0x00000000f2180000,0x00000000f2180000)
  from space 20480K, 73% used [0x00000000f3a80000,0x00000000f4927ed8,0x00000000f4e80000)
  to   space 23040K, 0% used [0x00000000f2180000,0x00000000f2180000,0x00000000f3800000)
 ParOldGen       total 95744K, used 62485K [0x00000000a0000000, 0x00000000a5d80000, 0x00000000e0000000)
  object space 95744K, 65% used [0x00000000a0000000,0x00000000a3d05540,0x00000000a5d80000)
 Metaspace       used 68830K, capacity 71702K, committed 72024K, reserved 1112064K
  class space    used 9315K, capacity 9954K, committed 10072K, reserved 1048576K
Event: 51.002 GC heap after
Heap after GC invocations=22 (full 3):
 PSYoungGen      total 319488K, used 13410K [0x00000000e0000000, 0x00000000f7300000, 0x0000000100000000)
  eden space 296448K, 0% used [0x00000000e0000000,0x00000000e0000000,0x00000000f2180000)
  from space 23040K, 58% used [0x00000000f2180000,0x00000000f2e98a70,0x00000000f3800000)
  to   space 23040K, 0% used [0x00000000f5c80000,0x00000000f5c80000,0x00000000f7300000)
 ParOldGen       total 95744K, used 62485K [0x00000000a0000000, 0x00000000a5d80000, 0x00000000e0000000)
  object space 95744K, 65% used [0x00000000a0000000,0x00000000a3d05540,0x00000000a5d80000)
 Metaspace       used 68830K, capacity 71702K, committed 72024K, reserved 1112064K
  class space    used 9315K, capacity 9954K, committed 10072K, reserved 1048576K
}

