# JRE version: OpenJDK Runtime Environment (8.0_212-b04) (build 1.8.0_212-release-1586-b04)
# Java VM: OpenJDK 64-Bit Server VM (25.212-b04 mixed mode windows-amd64 compressed oops)
Heap:
 PSYoungGen      total 267776K, used 246889K [0x00000000e0000000, 0x00000000f9380000, 0x0000000100000000)
  eden space 241152K, 96% used [0x00000000e0000000,0x00000000ee3ae868,0x00000000eeb80000)
  from space 26624K, 51% used [0x00000000eeb80000,0x00000000ef8ebdd8,0x00000000f0580000)
  to   space 54784K, 0% used [0x00000000f5e00000,0x00000000f5e00000,0x00000000f9380000)
 ParOldGen       total 109568K, used 109332K [0x00000000a0000000, 0x00000000a6b00000, 0x00000000e0000000)
  object space 109568K, 99% used [0x00000000a0000000,0x00000000a6ac5338,0x00000000a6b00000)
 Metaspace       used 72911K, capacity 75910K, committed 76032K, reserved 1114112K
  class space    used 9821K, capacity 10476K, committed 10496K, reserved 1048576K
GC Heap History (10 events):
Event: 21.974 GC heap before
{Heap before GC invocations=15 (full 3):
 PSYoungGen      total 225792K, used 11845K [0x00000000e0000000, 0x00000000ef300000, 0x0000000100000000)
  eden space 207360K, 0% used [0x00000000e0000000,0x00000000e0000000,0x00000000eca80000)
  from space 18432K, 64% used [0x00000000edd00000,0x00000000ee8916e8,0x00000000eef00000)
  to   space 18944K, 0% used [0x00000000eca80000,0x00000000eca80000,0x00000000edd00000)
 ParOldGen       total 54784K, used 36686K [0x00000000a0000000, 0x00000000a3580000, 0x00000000e0000000)
  object space 54784K, 66% used [0x00000000a0000000,0x00000000a23d3ae8,0x00000000a3580000)
 Metaspace       used 57177K, capacity 59000K, committed 59096K, reserved 1099776K
  class space    used 7843K, capacity 8289K, committed 8320K, reserved 1048576K
Event: 22.554 GC heap after
Heap after GC invocations=15 (full 3):
 PSYoungGen      total 225792K, used 0K [0x00000000e0000000, 0x00000000ef300000, 0x0000000100000000)
  eden space 207360K, 0% used [0x00000000e0000000,0x00000000e0000000,0x00000000eca80000)
  from space 18432K, 0% used [0x00000000edd00000,0x00000000edd00000,0x00000000eef00000)
  to   space 18944K, 0% used [0x00000000eca80000,0x00000000eca80000,0x00000000edd00000)
 ParOldGen       total 91648K, used 36982K [0x00000000a0000000, 0x00000000a5980000, 0x00000000e0000000)
  object space 91648K, 40% used [0x00000000a0000000,0x00000000a241da88,0x00000000a5980000)
 Metaspace       used 57177K, capacity 59000K, committed 59096K, reserved 1099776K
  class space    used 7843K, capacity 8289K, committed 8320K, reserved 1048576K
}
Event: 30.513 GC heap before
{Heap before GC invocations=16 (full 3):
 PSYoungGen      total 225792K, used 207360K [0x00000000e0000000, 0x00000000ef300000, 0x0000000100000000)
  eden space 207360K, 100% used [0x00000000e0000000,0x00000000eca80000,0x00000000eca80000)
  from space 18432K, 0% used [0x00000000edd00000,0x00000000edd00000,0x00000000eef00000)
  to   space 18944K, 0% used [0x00000000eca80000,0x00000000eca80000,0x00000000edd00000)
 ParOldGen       total 91648K, used 36982K [0x00000000a0000000, 0x00000000a5980000, 0x00000000e0000000)
  object space 91648K, 40% used [0x00000000a0000000,0x00000000a241da88,0x00000000a5980000)
 Metaspace       used 59798K, capacity 61794K, committed 61952K, reserved 1101824K
  class space    used 8156K, capacity 8648K, committed 8704K, reserved 1048576K
Event: 30.558 GC heap after
Heap after GC invocations=16 (full 3):
 PSYoungGen      total 226304K, used 15819K [0x00000000e0000000, 0x00000000f1980000, 0x0000000100000000)
  eden space 207360K, 0% used [0x00000000e0000000,0x00000000e0000000,0x00000000eca80000)
  from space 18944K, 83% used [0x00000000eca80000,0x00000000ed9f2d50,0x00000000edd00000)
  to   space 20480K, 0% used [0x00000000f0580000,0x00000000f0580000,0x00000000f1980000)
 ParOldGen       total 91648K, used 36990K [0x00000000a0000000, 0x00000000a5980000, 0x00000000e0000000)
  object space 91648K, 40% used [0x00000000a0000000,0x00000000a241fa88,0x00000000a5980000)
 Metaspace       used 59798K, capacity 61794K, committed 61952K, reserved 1101824K
  class space    used 8156K, capacity 8648K, committed 8704K, reserved 1048576K
}
Event: 38.491 GC heap before
{Heap before GC invocations=17 (full 3):
 PSYoungGen      total 226304K, used 223058K [0x00000000e0000000, 0x00000000f1980000, 0x0000000100000000)
  eden space 207360K, 99% used [0x00000000e0000000,0x00000000eca61c88,0x00000000eca80000)
  from space 18944K, 83% used [0x00000000eca80000,0x00000000ed9f2d50,0x00000000edd00000)
  to   space 20480K, 0% used [0x00000000f0580000,0x00000000f0580000,0x00000000f1980000)
 ParOldGen       total 91648K, used 36990K [0x00000000a0000000, 0x00000000a5980000, 0x00000000e0000000)
  object space 91648K, 40% used [0x00000000a0000000,0x00000000a241fa88,0x00000000a5980000)
 Metaspace       used 69069K, capacity 71826K, committed 71936K, reserved 1112064K
  class space    used 9324K, capacity 9946K, committed 9984K, reserved 1048576K
Event: 38.617 GC heap after
Heap after GC invocations=17 (full 3):
 PSYoungGen      total 261632K, used 20465K [0x00000000e0000000, 0x00000000f2480000, 0x0000000100000000)
  eden space 241152K, 0% used [0x00000000e0000000,0x00000000e0000000,0x00000000eeb80000)
  from space 20480K, 99% used [0x00000000f0580000,0x00000000f197c5d0,0x00000000f1980000)
  to   space 26624K, 0% used [0x00000000eeb80000,0x00000000eeb80000,0x00000000f0580000)
 ParOldGen       total 91648K, used 44478K [0x00000000a0000000, 0x00000000a5980000, 0x00000000e0000000)
  object space 91648K, 48% used [0x00000000a0000000,0x00000000a2b6f9b0,0x00000000a5980000)
 Metaspace       used 69069K, capacity 71826K, committed 71936K, reserved 1112064K
  class space    used 9324K, capacity 9946K, committed 9984K, reserved 1048576K
}
Event: 42.904 GC heap before
{Heap before GC invocations=18 (full 3):
 PSYoungGen      total 261632K, used 261617K [0x00000000e0000000, 0x00000000f2480000, 0x0000000100000000)
  eden space 241152K, 100% used [0x00000000e0000000,0x00000000eeb80000,0x00000000eeb80000)
  from space 20480K, 99% used [0x00000000f0580000,0x00000000f197c5d0,0x00000000f1980000)
  to   space 26624K, 0% used [0x00000000eeb80000,0x00000000eeb80000,0x00000000f0580000)
 ParOldGen       total 91648K, used 44478K [0x00000000a0000000, 0x00000000a5980000, 0x00000000e0000000)
  object space 91648K, 48% used [0x00000000a0000000,0x00000000a2b6f9b0,0x00000000a5980000)
 Metaspace       used 70276K, capacity 73172K, committed 73472K, reserved 1112064K
  class space    used 9491K, capacity 10147K, committed 10240K, reserved 1048576K
Event: 43.197 GC heap after
Heap after GC invocations=18 (full 3):
 PSYoungGen      total 267776K, used 26623K [0x00000000e0000000, 0x00000000f9380000, 0x0000000100000000)
  eden space 241152K, 0% used [0x00000000e0000000,0x00000000e0000000,0x00000000eeb80000)
  from space 26624K, 99% used [0x00000000eeb80000,0x00000000f057ffc8,0x00000000f0580000)
  to   space 54784K, 0% used [0x00000000f5e00000,0x00000000f5e00000,0x00000000f9380000)
 ParOldGen       total 109568K, used 109154K [0x00000000a0000000, 0x00000000a6b00000, 0x00000000e0000000)
  object space 109568K, 99% used [0x00000000a0000000,0x00000000a6a98ae8,0x00000000a6b00000)
 Metaspace       used 70276K, capacity 73172K, committed 73472K, reserved 1112064K
  class space    used 9491K, capacity 10147K, committed 10240K, reserved 1048576K
}
Event: 43.197 GC heap before
{Heap before GC invocations=19 (full 4):
 PSYoungGen      total 267776K, used 26623K [0x00000000e0000000, 0x00000000f9380000, 0x0000000100000000)
  eden space 241152K, 0% used [0x00000000e0000000,0x00000000e0000000,0x00000000eeb80000)
  from space 26624K, 99% used [0x00000000eeb80000,0x00000000f057ffc8,0x00000000f0580000)
  to   space 54784K, 0% used [0x00000000f5e00000,0x00000000f5e00000,0x00000000f9380000)
 ParOldGen       total 109568K, used 109154K [0x00000000a0000000, 0x00000000a6b00000, 0x00000000e0000000)
  object space 109568K, 99% used [0x00000000a0000000,0x00000000a6a98ae8,0x00000000a6b00000)
 Metaspace       used 70276K, capacity 73172K, committed 73472K, reserved 1112064K
  class space    used 9491K, capacity 10147K, committed 10240K, reserved 1048576K
Event: 44.891 GC heap after
Heap after GC invocations=19 (full 4):
 PSYoungGen      total 267776K, used 13743K [0x00000000e0000000, 0x00000000f9380000, 0x0000000100000000)
  eden space 241152K, 0% used [0x00000000e0000000,0x00000000e0000000,0x00000000eeb80000)
  from space 26624K, 51% used [0x00000000eeb80000,0x00000000ef8ebdd8,0x00000000f0580000)
  to   space 54784K, 0% used [0x00000000f5e00000,0x00000000f5e00000,0x00000000f9380000)
 ParOldGen       total 109568K, used 109332K [0x00000000a0000000, 0x00000000a6b00000, 0x00000000e0000000)
  object space 109568K, 99% used [0x00000000a0000000,0x00000000a6ac5338,0x00000000a6b00000)
 Metaspace       used 70272K, capacity 73162K, committed 73472K, reserved 1112064K
  class space    used 9490K, capacity 10144K, committed 10240K, reserved 1048576K
}

