# JRE version: OpenJDK Runtime Environment (8.0_212-b04) (build 1.8.0_212-release-1586-b04)
# Java VM: OpenJDK 64-Bit Server VM (25.212-b04 mixed mode windows-amd64 compressed oops)
Heap:
 PSYoungGen      total 175616K, used 99327K [0x00000000e0000000, 0x00000000ee280000, 0x0000000100000000)
  eden space 162304K, 53% used [0x00000000e0000000,0x00000000e5403108,0x00000000e9e80000)
  from space 13312K, 99% used [0x00000000e9e80000,0x00000000eab7ce58,0x00000000eab80000)
  to   space 17920K, 0% used [0x00000000ed100000,0x00000000ed100000,0x00000000ee280000)
 ParOldGen       total 56320K, used 25899K [0x00000000a0000000, 0x00000000a3700000, 0x00000000e0000000)
  object space 56320K, 45% used [0x00000000a0000000,0x00000000a194adf8,0x00000000a3700000)
 Metaspace       used 56372K, capacity 58144K, committed 58368K, reserved 1099776K
  class space    used 7731K, capacity 8185K, committed 8192K, reserved 1048576K
GC Heap History (10 events):
Event: 8.285 GC heap before
{Heap before GC invocations=9 (full 1):
 PSYoungGen      total 128512K, used 5417K [0x00000000e0000000, 0x00000000e8700000, 0x0000000100000000)
  eden space 119808K, 0% used [0x00000000e0000000,0x00000000e0000000,0x00000000e7500000)
  from space 8704K, 62% used [0x00000000e7e80000,0x00000000e83ca5f8,0x00000000e8700000)
  to   space 9216K, 0% used [0x00000000e7500000,0x00000000e7500000,0x00000000e7e00000)
 ParOldGen       total 40960K, used 8405K [0x00000000a0000000, 0x00000000a2800000, 0x00000000e0000000)
  object space 40960K, 20% used [0x00000000a0000000,0x00000000a0835508,0x00000000a2800000)
 Metaspace       used 20706K, capacity 21194K, committed 21296K, reserved 1067008K
  class space    used 2981K, capacity 3161K, committed 3200K, reserved 1048576K
Event: 8.385 GC heap after
Heap after GC invocations=9 (full 1):
 PSYoungGen      total 128512K, used 0K [0x00000000e0000000, 0x00000000e8700000, 0x0000000100000000)
  eden space 119808K, 0% used [0x00000000e0000000,0x00000000e0000000,0x00000000e7500000)
  from space 8704K, 0% used [0x00000000e7e80000,0x00000000e7e80000,0x00000000e8700000)
  to   space 9216K, 0% used [0x00000000e7500000,0x00000000e7500000,0x00000000e7e00000)
 ParOldGen       total 32768K, used 8296K [0x00000000a0000000, 0x00000000a2000000, 0x00000000e0000000)
  object space 32768K, 25% used [0x00000000a0000000,0x00000000a081a078,0x00000000a2000000)
 Metaspace       used 20706K, capacity 21194K, committed 21296K, reserved 1067008K
  class space    used 2981K, capacity 3161K, committed 3200K, reserved 1048576K
}
Event: 11.221 GC heap before
{Heap before GC invocations=10 (full 1):
 PSYoungGen      total 128512K, used 119808K [0x00000000e0000000, 0x00000000e8700000, 0x0000000100000000)
  eden space 119808K, 100% used [0x00000000e0000000,0x00000000e7500000,0x00000000e7500000)
  from space 8704K, 0% used [0x00000000e7e80000,0x00000000e7e80000,0x00000000e8700000)
  to   space 9216K, 0% used [0x00000000e7500000,0x00000000e7500000,0x00000000e7e00000)
 ParOldGen       total 32768K, used 8296K [0x00000000a0000000, 0x00000000a2000000, 0x00000000e0000000)
  object space 32768K, 25% used [0x00000000a0000000,0x00000000a081a078,0x00000000a2000000)
 Metaspace       used 31455K, capacity 31948K, committed 32128K, reserved 1077248K
  class space    used 4291K, capacity 4459K, committed 4480K, reserved 1048576K
Event: 11.249 GC heap after
Heap after GC invocations=10 (full 1):
 PSYoungGen      total 129024K, used 9197K [0x00000000e0000000, 0x00000000eb700000, 0x0000000100000000)
  eden space 119808K, 0% used [0x00000000e0000000,0x00000000e0000000,0x00000000e7500000)
  from space 9216K, 99% used [0x00000000e7500000,0x00000000e7dfb6e0,0x00000000e7e00000)
  to   space 11776K, 0% used [0x00000000eab80000,0x00000000eab80000,0x00000000eb700000)
 ParOldGen       total 32768K, used 10921K [0x00000000a0000000, 0x00000000a2000000, 0x00000000e0000000)
  object space 32768K, 33% used [0x00000000a0000000,0x00000000a0aaa430,0x00000000a2000000)
 Metaspace       used 31455K, capacity 31948K, committed 32128K, reserved 1077248K
  class space    used 4291K, capacity 4459K, committed 4480K, reserved 1048576K
}
Event: 13.479 GC heap before
{Heap before GC invocations=11 (full 1):
 PSYoungGen      total 129024K, used 90796K [0x00000000e0000000, 0x00000000eb700000, 0x0000000100000000)
  eden space 119808K, 68% used [0x00000000e0000000,0x00000000e4fafa90,0x00000000e7500000)
  from space 9216K, 99% used [0x00000000e7500000,0x00000000e7dfb6e0,0x00000000e7e00000)
  to   space 11776K, 0% used [0x00000000eab80000,0x00000000eab80000,0x00000000eb700000)
 ParOldGen       total 32768K, used 10921K [0x00000000a0000000, 0x00000000a2000000, 0x00000000e0000000)
  object space 32768K, 33% used [0x00000000a0000000,0x00000000a0aaa430,0x00000000a2000000)
 Metaspace       used 34711K, capacity 35426K, committed 35456K, reserved 1079296K
  class space    used 4745K, capacity 4986K, committed 4992K, reserved 1048576K
Event: 13.532 GC heap after
Heap after GC invocations=11 (full 1):
 PSYoungGen      total 174080K, used 11415K [0x00000000e0000000, 0x00000000ebb00000, 0x0000000100000000)
  eden space 162304K, 0% used [0x00000000e0000000,0x00000000e0000000,0x00000000e9e80000)
  from space 11776K, 96% used [0x00000000eab80000,0x00000000eb6a5f40,0x00000000eb700000)
  to   space 13312K, 0% used [0x00000000e9e80000,0x00000000e9e80000,0x00000000eab80000)
 ParOldGen       total 32768K, used 10929K [0x00000000a0000000, 0x00000000a2000000, 0x00000000e0000000)
  object space 32768K, 33% used [0x00000000a0000000,0x00000000a0aac430,0x00000000a2000000)
 Metaspace       used 34711K, capacity 35426K, committed 35456K, reserved 1079296K
  class space    used 4745K, capacity 4986K, committed 4992K, reserved 1048576K
}
Event: 13.532 GC heap before
{Heap before GC invocations=12 (full 2):
 PSYoungGen      total 174080K, used 11415K [0x00000000e0000000, 0x00000000ebb00000, 0x0000000100000000)
  eden space 162304K, 0% used [0x00000000e0000000,0x00000000e0000000,0x00000000e9e80000)
  from space 11776K, 96% used [0x00000000eab80000,0x00000000eb6a5f40,0x00000000eb700000)
  to   space 13312K, 0% used [0x00000000e9e80000,0x00000000e9e80000,0x00000000eab80000)
 ParOldGen       total 32768K, used 10929K [0x00000000a0000000, 0x00000000a2000000, 0x00000000e0000000)
  object space 32768K, 33% used [0x00000000a0000000,0x00000000a0aac430,0x00000000a2000000)
 Metaspace       used 34711K, capacity 35426K, committed 35456K, reserved 1079296K
  class space    used 4745K, capacity 4986K, committed 4992K, reserved 1048576K
Event: 13.810 GC heap after
Heap after GC invocations=12 (full 2):
 PSYoungGen      total 174080K, used 0K [0x00000000e0000000, 0x00000000ebb00000, 0x0000000100000000)
  eden space 162304K, 0% used [0x00000000e0000000,0x00000000e0000000,0x00000000e9e80000)
  from space 11776K, 0% used [0x00000000eab80000,0x00000000eab80000,0x00000000eb700000)
  to   space 13312K, 0% used [0x00000000e9e80000,0x00000000e9e80000,0x00000000eab80000)
 ParOldGen       total 56320K, used 18335K [0x00000000a0000000, 0x00000000a3700000, 0x00000000e0000000)
  object space 56320K, 32% used [0x00000000a0000000,0x00000000a11e7d28,0x00000000a3700000)
 Metaspace       used 34711K, capacity 35426K, committed 35456K, reserved 1079296K
  class space    used 4745K, capacity 4986K, committed 4992K, reserved 1048576K
}
Event: 18.959 GC heap before
{Heap before GC invocations=13 (full 2):
 PSYoungGen      total 174080K, used 162304K [0x00000000e0000000, 0x00000000ebb00000, 0x0000000100000000)
  eden space 162304K, 100% used [0x00000000e0000000,0x00000000e9e80000,0x00000000e9e80000)
  from space 11776K, 0% used [0x00000000eab80000,0x00000000eab80000,0x00000000eb700000)
  to   space 13312K, 0% used [0x00000000e9e80000,0x00000000e9e80000,0x00000000eab80000)
 ParOldGen       total 56320K, used 18335K [0x00000000a0000000, 0x00000000a3700000, 0x00000000e0000000)
  object space 56320K, 32% used [0x00000000a0000000,0x00000000a11e7d28,0x00000000a3700000)
 Metaspace       used 50931K, capacity 52438K, committed 52736K, reserved 1095680K
  class space    used 6919K, capacity 7326K, committed 7424K, reserved 1048576K
Event: 19.004 GC heap after
Heap after GC invocations=13 (full 2):
 PSYoungGen      total 175616K, used 13299K [0x00000000e0000000, 0x00000000ee280000, 0x0000000100000000)
  eden space 162304K, 0% used [0x00000000e0000000,0x00000000e0000000,0x00000000e9e80000)
  from space 13312K, 99% used [0x00000000e9e80000,0x00000000eab7ce58,0x00000000eab80000)
  to   space 17920K, 0% used [0x00000000ed100000,0x00000000ed100000,0x00000000ee280000)
 ParOldGen       total 56320K, used 25899K [0x00000000a0000000, 0x00000000a3700000, 0x00000000e0000000)
  object space 56320K, 45% used [0x00000000a0000000,0x00000000a194adf8,0x00000000a3700000)
 Metaspace       used 50931K, capacity 52438K, committed 52736K, reserved 1095680K
  class space    used 6919K, capacity 7326K, committed 7424K, reserved 1048576K
}

