# JRE version: OpenJDK Runtime Environment (8.0_212-b04) (build 1.8.0_212-release-1586-b04)
# Java VM: OpenJDK 64-Bit Server VM (25.212-b04 mixed mode windows-amd64 compressed oops)
Heap:
 PSYoungGen      total 173568K, used 25303K [0x00000000e0000000, 0x00000000eba00000, 0x0000000100000000)
  eden space 161792K, 15% used [0x00000000e0000000,0x00000000e18b5d00,0x00000000e9e00000)
  from space 11776K, 0% used [0x00000000eab80000,0x00000000eab80000,0x00000000eb700000)
  to   space 13824K, 0% used [0x00000000e9e00000,0x00000000e9e00000,0x00000000eab80000)
 ParOldGen       total 55808K, used 19264K [0x00000000a0000000, 0x00000000a3680000, 0x00000000e0000000)
  object space 55808K, 34% used [0x00000000a0000000,0x00000000a12d00a8,0x00000000a3680000)
 Metaspace       used 35824K, capacity 36677K, committed 36992K, reserved 1081344K
  class space    used 4899K, capacity 5134K, committed 5248K, reserved 1048576K
GC Heap History (10 events):
Event: 7.229 GC heap before
{Heap before GC invocations=8 (full 0):
 PSYoungGen      total 67072K, used 20693K [0x00000000e0000000, 0x00000000e8800000, 0x0000000100000000)
  eden space 59904K, 22% used [0x00000000e0000000,0x00000000e0d39ec0,0x00000000e3a80000)
  from space 7168K, 99% used [0x00000000e3a80000,0x00000000e417b6f8,0x00000000e4180000)
  to   space 9728K, 0% used [0x00000000e7e80000,0x00000000e7e80000,0x00000000e8800000)
 ParOldGen       total 40960K, used 7794K [0x00000000a0000000, 0x00000000a2800000, 0x00000000e0000000)
  object space 40960K, 19% used [0x00000000a0000000,0x00000000a079c848,0x00000000a2800000)
 Metaspace       used 20712K, capacity 21192K, committed 21296K, reserved 1067008K
  class space    used 2988K, capacity 3135K, committed 3200K, reserved 1048576K
Event: 7.246 GC heap after
Heap after GC invocations=8 (full 0):
 PSYoungGen      total 129536K, used 5926K [0x00000000e0000000, 0x00000000e8800000, 0x0000000100000000)
  eden space 119808K, 0% used [0x00000000e0000000,0x00000000e0000000,0x00000000e7500000)
  from space 9728K, 60% used [0x00000000e7e80000,0x00000000e84498c8,0x00000000e8800000)
  to   space 9728K, 0% used [0x00000000e7500000,0x00000000e7500000,0x00000000e7e80000)
 ParOldGen       total 40960K, used 8418K [0x00000000a0000000, 0x00000000a2800000, 0x00000000e0000000)
  object space 40960K, 20% used [0x00000000a0000000,0x00000000a0838848,0x00000000a2800000)
 Metaspace       used 20712K, capacity 21192K, committed 21296K, reserved 1067008K
  class space    used 2988K, capacity 3135K, committed 3200K, reserved 1048576K
}
Event: 7.247 GC heap before
{Heap before GC invocations=9 (full 1):
 PSYoungGen      total 129536K, used 5926K [0x00000000e0000000, 0x00000000e8800000, 0x0000000100000000)
  eden space 119808K, 0% used [0x00000000e0000000,0x00000000e0000000,0x00000000e7500000)
  from space 9728K, 60% used [0x00000000e7e80000,0x00000000e84498c8,0x00000000e8800000)
  to   space 9728K, 0% used [0x00000000e7500000,0x00000000e7500000,0x00000000e7e80000)
 ParOldGen       total 40960K, used 8418K [0x00000000a0000000, 0x00000000a2800000, 0x00000000e0000000)
  object space 40960K, 20% used [0x00000000a0000000,0x00000000a0838848,0x00000000a2800000)
 Metaspace       used 20712K, capacity 21192K, committed 21296K, reserved 1067008K
  class space    used 2988K, capacity 3135K, committed 3200K, reserved 1048576K
Event: 7.347 GC heap after
Heap after GC invocations=9 (full 1):
 PSYoungGen      total 129536K, used 0K [0x00000000e0000000, 0x00000000e8800000, 0x0000000100000000)
  eden space 119808K, 0% used [0x00000000e0000000,0x00000000e0000000,0x00000000e7500000)
  from space 9728K, 0% used [0x00000000e7e80000,0x00000000e7e80000,0x00000000e8800000)
  to   space 9728K, 0% used [0x00000000e7500000,0x00000000e7500000,0x00000000e7e80000)
 ParOldGen       total 33792K, used 8868K [0x00000000a0000000, 0x00000000a2100000, 0x00000000e0000000)
  object space 33792K, 26% used [0x00000000a0000000,0x00000000a08a9060,0x00000000a2100000)
 Metaspace       used 20712K, capacity 21192K, committed 21296K, reserved 1067008K
  class space    used 2988K, capacity 3135K, committed 3200K, reserved 1048576K
}
Event: 10.299 GC heap before
{Heap before GC invocations=10 (full 1):
 PSYoungGen      total 129536K, used 119808K [0x00000000e0000000, 0x00000000e8800000, 0x0000000100000000)
  eden space 119808K, 100% used [0x00000000e0000000,0x00000000e7500000,0x00000000e7500000)
  from space 9728K, 0% used [0x00000000e7e80000,0x00000000e7e80000,0x00000000e8800000)
  to   space 9728K, 0% used [0x00000000e7500000,0x00000000e7500000,0x00000000e7e80000)
 ParOldGen       total 33792K, used 8868K [0x00000000a0000000, 0x00000000a2100000, 0x00000000e0000000)
  object space 33792K, 26% used [0x00000000a0000000,0x00000000a08a9060,0x00000000a2100000)
 Metaspace       used 30654K, capacity 31396K, committed 31616K, reserved 1077248K
  class space    used 4218K, capacity 4475K, committed 4480K, reserved 1048576K
Event: 10.344 GC heap after
Heap after GC invocations=10 (full 1):
 PSYoungGen      total 129536K, used 9708K [0x00000000e0000000, 0x00000000eb700000, 0x0000000100000000)
  eden space 119808K, 0% used [0x00000000e0000000,0x00000000e0000000,0x00000000e7500000)
  from space 9728K, 99% used [0x00000000e7500000,0x00000000e7e7b0e8,0x00000000e7e80000)
  to   space 11776K, 0% used [0x00000000eab80000,0x00000000eab80000,0x00000000eb700000)
 ParOldGen       total 33792K, used 10749K [0x00000000a0000000, 0x00000000a2100000, 0x00000000e0000000)
  object space 33792K, 31% used [0x00000000a0000000,0x00000000a0a7f4d8,0x00000000a2100000)
 Metaspace       used 30654K, capacity 31396K, committed 31616K, reserved 1077248K
  class space    used 4218K, capacity 4475K, committed 4480K, reserved 1048576K
}
Event: 12.203 GC heap before
{Heap before GC invocations=11 (full 1):
 PSYoungGen      total 129536K, used 86400K [0x00000000e0000000, 0x00000000eb700000, 0x0000000100000000)
  eden space 119808K, 64% used [0x00000000e0000000,0x00000000e4ae5058,0x00000000e7500000)
  from space 9728K, 99% used [0x00000000e7500000,0x00000000e7e7b0e8,0x00000000e7e80000)
  to   space 11776K, 0% used [0x00000000eab80000,0x00000000eab80000,0x00000000eb700000)
 ParOldGen       total 33792K, used 10749K [0x00000000a0000000, 0x00000000a2100000, 0x00000000e0000000)
  object space 33792K, 31% used [0x00000000a0000000,0x00000000a0a7f4d8,0x00000000a2100000)
 Metaspace       used 34740K, capacity 35467K, committed 35496K, reserved 1079296K
  class space    used 4764K, capacity 4992K, committed 4992K, reserved 1048576K
Event: 12.237 GC heap after
Heap after GC invocations=11 (full 1):
 PSYoungGen      total 173568K, used 11753K [0x00000000e0000000, 0x00000000eba00000, 0x0000000100000000)
  eden space 161792K, 0% used [0x00000000e0000000,0x00000000e0000000,0x00000000e9e00000)
  from space 11776K, 99% used [0x00000000eab80000,0x00000000eb6fa550,0x00000000eb700000)
  to   space 13824K, 0% used [0x00000000e9e00000,0x00000000e9e00000,0x00000000eab80000)
 ParOldGen       total 33792K, used 11048K [0x00000000a0000000, 0x00000000a2100000, 0x00000000e0000000)
  object space 33792K, 32% used [0x00000000a0000000,0x00000000a0aca098,0x00000000a2100000)
 Metaspace       used 34740K, capacity 35467K, committed 35496K, reserved 1079296K
  class space    used 4764K, capacity 4992K, committed 4992K, reserved 1048576K
}
Event: 12.237 GC heap before
{Heap before GC invocations=12 (full 2):
 PSYoungGen      total 173568K, used 11753K [0x00000000e0000000, 0x00000000eba00000, 0x0000000100000000)
  eden space 161792K, 0% used [0x00000000e0000000,0x00000000e0000000,0x00000000e9e00000)
  from space 11776K, 99% used [0x00000000eab80000,0x00000000eb6fa550,0x00000000eb700000)
  to   space 13824K, 0% used [0x00000000e9e00000,0x00000000e9e00000,0x00000000eab80000)
 ParOldGen       total 33792K, used 11048K [0x00000000a0000000, 0x00000000a2100000, 0x00000000e0000000)
  object space 33792K, 32% used [0x00000000a0000000,0x00000000a0aca098,0x00000000a2100000)
 Metaspace       used 34740K, capacity 35467K, committed 35496K, reserved 1079296K
  class space    used 4764K, capacity 4992K, committed 4992K, reserved 1048576K
Event: 12.408 GC heap after
Heap after GC invocations=12 (full 2):
 PSYoungGen      total 173568K, used 0K [0x00000000e0000000, 0x00000000eba00000, 0x0000000100000000)
  eden space 161792K, 0% used [0x00000000e0000000,0x00000000e0000000,0x00000000e9e00000)
  from space 11776K, 0% used [0x00000000eab80000,0x00000000eab80000,0x00000000eb700000)
  to   space 13824K, 0% used [0x00000000e9e00000,0x00000000e9e00000,0x00000000eab80000)
 ParOldGen       total 55808K, used 19264K [0x00000000a0000000, 0x00000000a3680000, 0x00000000e0000000)
  object space 55808K, 34% used [0x00000000a0000000,0x00000000a12d00a8,0x00000000a3680000)
 Metaspace       used 34740K, capacity 35467K, committed 35496K, reserved 1079296K
  class space    used 4764K, capacity 4992K, committed 4992K, reserved 1048576K
}

