# JRE version: OpenJDK Runtime Environment (8.0_212-b04) (build 1.8.0_212-release-1586-b04)
# Java VM: OpenJDK 64-Bit Server VM (25.212-b04 mixed mode windows-amd64 compressed oops)
Heap:
 PSYoungGen      total 415232K, used 100559K [0x00000000e0000000, 0x00000000ffe80000, 0x0000000100000000)
  eden space 316416K, 31% used [0x00000000e0000000,0x00000000e6233e98,0x00000000f3500000)
  from space 98816K, 0% used [0x00000000f9680000,0x00000000f9680000,0x00000000ff700000)
  to   space 99840K, 0% used [0x00000000f3500000,0x00000000f3500000,0x00000000f9680000)
 ParOldGen       total 221696K, used 98102K [0x00000000a0000000, 0x00000000ad880000, 0x00000000e0000000)
  object space 221696K, 44% used [0x00000000a0000000,0x00000000a5fcd830,0x00000000ad880000)
 Metaspace       used 102843K, capacity 106635K, committed 108800K, reserved 1144832K
  class space    used 13055K, capacity 13902K, committed 14336K, reserved 1048576K
GC Heap History (10 events):
Event: 1633.956 GC heap before
{Heap before GC invocations=23 (full 4):
 PSYoungGen      total 284672K, used 275966K [0x00000000e0000000, 0x00000000f5580000, 0x0000000100000000)
  eden space 238080K, 100% used [0x00000000e0000000,0x00000000ee880000,0x00000000ee880000)
  from space 46592K, 81% used [0x00000000f1a80000,0x00000000f3f7f8b0,0x00000000f4800000)
  to   space 51200K, 0% used [0x00000000ee880000,0x00000000ee880000,0x00000000f1a80000)
 ParOldGen       total 160768K, used 69100K [0x00000000a0000000, 0x00000000a9d00000, 0x00000000e0000000)
  object space 160768K, 42% used [0x00000000a0000000,0x00000000a437b230,0x00000000a9d00000)
 Metaspace       used 95111K, capacity 98543K, committed 98944K, reserved 1134592K
  class space    used 12087K, capacity 12865K, committed 12928K, reserved 1048576K
Event: 1634.069 GC heap after
Heap after GC invocations=23 (full 4):
 PSYoungGen      total 289280K, used 51187K [0x00000000e0000000, 0x00000000f8c00000, 0x0000000100000000)
  eden space 238080K, 0% used [0x00000000e0000000,0x00000000e0000000,0x00000000ee880000)
  from space 51200K, 99% used [0x00000000ee880000,0x00000000f1a7cd50,0x00000000f1a80000)
  to   space 65536K, 0% used [0x00000000f4c00000,0x00000000f4c00000,0x00000000f8c00000)
 ParOldGen       total 160768K, used 84839K [0x00000000a0000000, 0x00000000a9d00000, 0x00000000e0000000)
  object space 160768K, 52% used [0x00000000a0000000,0x00000000a52d9e90,0x00000000a9d00000)
 Metaspace       used 95111K, capacity 98543K, committed 98944K, reserved 1134592K
  class space    used 12087K, capacity 12865K, committed 12928K, reserved 1048576K
}
Event: 1640.016 GC heap before
{Heap before GC invocations=24 (full 4):
 PSYoungGen      total 289280K, used 289267K [0x00000000e0000000, 0x00000000f8c00000, 0x0000000100000000)
  eden space 238080K, 100% used [0x00000000e0000000,0x00000000ee880000,0x00000000ee880000)
  from space 51200K, 99% used [0x00000000ee880000,0x00000000f1a7cd50,0x00000000f1a80000)
  to   space 65536K, 0% used [0x00000000f4c00000,0x00000000f4c00000,0x00000000f8c00000)
 ParOldGen       total 160768K, used 84839K [0x00000000a0000000, 0x00000000a9d00000, 0x00000000e0000000)
  object space 160768K, 52% used [0x00000000a0000000,0x00000000a52d9e90,0x00000000a9d00000)
 Metaspace       used 101805K, capacity 105897K, committed 106112K, reserved 1140736K
  class space    used 12899K, capacity 13822K, committed 13952K, reserved 1048576K
Event: 1640.211 GC heap after
Heap after GC invocations=24 (full 4):
 PSYoungGen      total 332800K, used 54738K [0x00000000e0000000, 0x00000000f9c00000, 0x0000000100000000)
  eden space 267264K, 0% used [0x00000000e0000000,0x00000000e0000000,0x00000000f0500000)
  from space 65536K, 83% used [0x00000000f4c00000,0x00000000f8174a78,0x00000000f8c00000)
  to   space 72704K, 0% used [0x00000000f0500000,0x00000000f0500000,0x00000000f4c00000)
 ParOldGen       total 160768K, used 84847K [0x00000000a0000000, 0x00000000a9d00000, 0x00000000e0000000)
  object space 160768K, 52% used [0x00000000a0000000,0x00000000a52dbe90,0x00000000a9d00000)
 Metaspace       used 101805K, capacity 105897K, committed 106112K, reserved 1140736K
  class space    used 12899K, capacity 13822K, committed 13952K, reserved 1048576K
}
Event: 1645.873 GC heap before
{Heap before GC invocations=25 (full 4):
 PSYoungGen      total 332800K, used 322002K [0x00000000e0000000, 0x00000000f9c00000, 0x0000000100000000)
  eden space 267264K, 100% used [0x00000000e0000000,0x00000000f0500000,0x00000000f0500000)
  from space 65536K, 83% used [0x00000000f4c00000,0x00000000f8174a78,0x00000000f8c00000)
  to   space 72704K, 0% used [0x00000000f0500000,0x00000000f0500000,0x00000000f4c00000)
 ParOldGen       total 160768K, used 84847K [0x00000000a0000000, 0x00000000a9d00000, 0x00000000e0000000)
  object space 160768K, 52% used [0x00000000a0000000,0x00000000a52dbe90,0x00000000a9d00000)
 Metaspace       used 103930K, capacity 108195K, committed 108544K, reserved 1142784K
  class space    used 13226K, capacity 14153K, committed 14336K, reserved 1048576K
Event: 1646.225 GC heap after
Heap after GC invocations=25 (full 4):
 PSYoungGen      total 339968K, used 72694K [0x00000000e0000000, 0x00000000ff700000, 0x0000000100000000)
  eden space 267264K, 0% used [0x00000000e0000000,0x00000000e0000000,0x00000000f0500000)
  from space 72704K, 99% used [0x00000000f0500000,0x00000000f4bfdb80,0x00000000f4c00000)
  to   space 98816K, 0% used [0x00000000f9680000,0x00000000f9680000,0x00000000ff700000)
 ParOldGen       total 160768K, used 121905K [0x00000000a0000000, 0x00000000a9d00000, 0x00000000e0000000)
  object space 160768K, 75% used [0x00000000a0000000,0x00000000a770c620,0x00000000a9d00000)
 Metaspace       used 103930K, capacity 108195K, committed 108544K, reserved 1142784K
  class space    used 13226K, capacity 14153K, committed 14336K, reserved 1048576K
}
Event: 1649.910 GC heap before
{Heap before GC invocations=26 (full 4):
 PSYoungGen      total 339968K, used 339370K [0x00000000e0000000, 0x00000000ff700000, 0x0000000100000000)
  eden space 267264K, 99% used [0x00000000e0000000,0x00000000f046ce88,0x00000000f0500000)
  from space 72704K, 99% used [0x00000000f0500000,0x00000000f4bfdb80,0x00000000f4c00000)
  to   space 98816K, 0% used [0x00000000f9680000,0x00000000f9680000,0x00000000ff700000)
 ParOldGen       total 160768K, used 121905K [0x00000000a0000000, 0x00000000a9d00000, 0x00000000e0000000)
  object space 160768K, 75% used [0x00000000a0000000,0x00000000a770c620,0x00000000a9d00000)
 Metaspace       used 104205K, capacity 108521K, committed 108800K, reserved 1144832K
  class space    used 13236K, capacity 14190K, committed 14336K, reserved 1048576K
Event: 1650.165 GC heap after
Heap after GC invocations=26 (full 4):
 PSYoungGen      total 415232K, used 55262K [0x00000000e0000000, 0x00000000ffe80000, 0x0000000100000000)
  eden space 316416K, 0% used [0x00000000e0000000,0x00000000e0000000,0x00000000f3500000)
  from space 98816K, 55% used [0x00000000f9680000,0x00000000fcc77900,0x00000000ff700000)
  to   space 99840K, 0% used [0x00000000f3500000,0x00000000f3500000,0x00000000f9680000)
 ParOldGen       total 160768K, used 151415K [0x00000000a0000000, 0x00000000a9d00000, 0x00000000e0000000)
  object space 160768K, 94% used [0x00000000a0000000,0x00000000a93ddf80,0x00000000a9d00000)
 Metaspace       used 104205K, capacity 108521K, committed 108800K, reserved 1144832K
  class space    used 13236K, capacity 14190K, committed 14336K, reserved 1048576K
}
Event: 1650.165 GC heap before
{Heap before GC invocations=27 (full 5):
 PSYoungGen      total 415232K, used 55262K [0x00000000e0000000, 0x00000000ffe80000, 0x0000000100000000)
  eden space 316416K, 0% used [0x00000000e0000000,0x00000000e0000000,0x00000000f3500000)
  from space 98816K, 55% used [0x00000000f9680000,0x00000000fcc77900,0x00000000ff700000)
  to   space 99840K, 0% used [0x00000000f3500000,0x00000000f3500000,0x00000000f9680000)
 ParOldGen       total 160768K, used 151415K [0x00000000a0000000, 0x00000000a9d00000, 0x00000000e0000000)
  object space 160768K, 94% used [0x00000000a0000000,0x00000000a93ddf80,0x00000000a9d00000)
 Metaspace       used 104205K, capacity 108521K, committed 108800K, reserved 1144832K
  class space    used 13236K, capacity 14190K, committed 14336K, reserved 1048576K
Event: 1650.746 GC heap after
Heap after GC invocations=27 (full 5):
 PSYoungGen      total 415232K, used 0K [0x00000000e0000000, 0x00000000ffe80000, 0x0000000100000000)
  eden space 316416K, 0% used [0x00000000e0000000,0x00000000e0000000,0x00000000f3500000)
  from space 98816K, 0% used [0x00000000f9680000,0x00000000f9680000,0x00000000ff700000)
  to   space 99840K, 0% used [0x00000000f3500000,0x00000000f3500000,0x00000000f9680000)
 ParOldGen       total 221696K, used 98102K [0x00000000a0000000, 0x00000000ad880000, 0x00000000e0000000)
  object space 221696K, 44% used [0x00000000a0000000,0x00000000a5fcd830,0x00000000ad880000)
 Metaspace       used 102842K, capacity 106635K, committed 108800K, reserved 1144832K
  class space    used 13054K, capacity 13902K, committed 14336K, reserved 1048576K
}

