# JRE version: OpenJDK Runtime Environment (8.0_212-b04) (build 1.8.0_212-release-1586-b04)
# Java VM: OpenJDK 64-Bit Server VM (25.212-b04 mixed mode windows-amd64 compressed oops)
Heap:
 PSYoungGen      total 274944K, used 204028K [0x00000000e0000000, 0x00000000f4280000, 0x0000000100000000)
  eden space 236032K, 86% used [0x00000000e0000000,0x00000000ec73f1c0,0x00000000ee680000)
  from space 38912K, 0% used [0x00000000ee680000,0x00000000ee680000,0x00000000f0c80000)
  to   space 27648K, 0% used [0x00000000f0c80000,0x00000000f0c80000,0x00000000f2780000)
 ParOldGen       total 95744K, used 57987K [0x00000000a0000000, 0x00000000a5d80000, 0x00000000e0000000)
  object space 95744K, 60% used [0x00000000a0000000,0x00000000a38a0c88,0x00000000a5d80000)
 Metaspace       used 81101K, capacity 83803K, committed 86272K, reserved 1124352K
  class space    used 10367K, capacity 10963K, committed 11520K, reserved 1048576K
GC Heap History (10 events):
Event: 610.541 GC heap before
{Heap before GC invocations=17 (full 3):
 PSYoungGen      total 207872K, used 204669K [0x00000000e0000000, 0x00000000f0580000, 0x0000000100000000)
  eden space 188928K, 100% used [0x00000000e0000000,0x00000000eb880000,0x00000000eb880000)
  from space 18944K, 83% used [0x00000000eb880000,0x00000000ec7df5b8,0x00000000ecb00000)
  to   space 20992K, 0% used [0x00000000ef100000,0x00000000ef100000,0x00000000f0580000)
 ParOldGen       total 95744K, used 38595K [0x00000000a0000000, 0x00000000a5d80000, 0x00000000e0000000)
  object space 95744K, 40% used [0x00000000a0000000,0x00000000a25b0ef0,0x00000000a5d80000)
 Metaspace       used 73631K, capacity 76721K, committed 76928K, reserved 1116160K
  class space    used 9618K, capacity 10354K, committed 10368K, reserved 1048576K
Event: 610.657 GC heap after
Heap after GC invocations=17 (full 3):
 PSYoungGen      total 240128K, used 20981K [0x00000000e0000000, 0x00000000f0900000, 0x0000000100000000)
  eden space 219136K, 0% used [0x00000000e0000000,0x00000000e0000000,0x00000000ed600000)
  from space 20992K, 99% used [0x00000000ef100000,0x00000000f057d5b0,0x00000000f0580000)
  to   space 26112K, 0% used [0x00000000ed600000,0x00000000ed600000,0x00000000eef80000)
 ParOldGen       total 95744K, used 44808K [0x00000000a0000000, 0x00000000a5d80000, 0x00000000e0000000)
  object space 95744K, 46% used [0x00000000a0000000,0x00000000a2bc21d0,0x00000000a5d80000)
 Metaspace       used 73631K, capacity 76721K, committed 76928K, reserved 1116160K
  class space    used 9618K, capacity 10354K, committed 10368K, reserved 1048576K
}
Event: 2308.677 GC heap before
{Heap before GC invocations=18 (full 3):
 PSYoungGen      total 240128K, used 240117K [0x00000000e0000000, 0x00000000f0900000, 0x0000000100000000)
  eden space 219136K, 100% used [0x00000000e0000000,0x00000000ed600000,0x00000000ed600000)
  from space 20992K, 99% used [0x00000000ef100000,0x00000000f057d5b0,0x00000000f0580000)
  to   space 26112K, 0% used [0x00000000ed600000,0x00000000ed600000,0x00000000eef80000)
 ParOldGen       total 95744K, used 44808K [0x00000000a0000000, 0x00000000a5d80000, 0x00000000e0000000)
  object space 95744K, 46% used [0x00000000a0000000,0x00000000a2bc21d0,0x00000000a5d80000)
 Metaspace       used 76557K, capacity 79867K, committed 80128K, reserved 1118208K
  class space    used 9935K, capacity 10687K, committed 10752K, reserved 1048576K
Event: 2308.832 GC heap after
Heap after GC invocations=18 (full 3):
 PSYoungGen      total 245248K, used 18475K [0x00000000e0000000, 0x00000000f2780000, 0x0000000100000000)
  eden space 219136K, 0% used [0x00000000e0000000,0x00000000e0000000,0x00000000ed600000)
  from space 26112K, 70% used [0x00000000ed600000,0x00000000ee80adf8,0x00000000eef80000)
  to   space 27648K, 0% used [0x00000000f0c80000,0x00000000f0c80000,0x00000000f2780000)
 ParOldGen       total 95744K, used 54992K [0x00000000a0000000, 0x00000000a5d80000, 0x00000000e0000000)
  object space 95744K, 57% used [0x00000000a0000000,0x00000000a35b4260,0x00000000a5d80000)
 Metaspace       used 76557K, capacity 79867K, committed 80128K, reserved 1118208K
  class space    used 9935K, capacity 10687K, committed 10752K, reserved 1048576K
}
Event: 2317.078 GC heap before
{Heap before GC invocations=19 (full 3):
 PSYoungGen      total 245248K, used 237611K [0x00000000e0000000, 0x00000000f2780000, 0x0000000100000000)
  eden space 219136K, 100% used [0x00000000e0000000,0x00000000ed600000,0x00000000ed600000)
  from space 26112K, 70% used [0x00000000ed600000,0x00000000ee80adf8,0x00000000eef80000)
  to   space 27648K, 0% used [0x00000000f0c80000,0x00000000f0c80000,0x00000000f2780000)
 ParOldGen       total 95744K, used 54992K [0x00000000a0000000, 0x00000000a5d80000, 0x00000000e0000000)
  object space 95744K, 57% used [0x00000000a0000000,0x00000000a35b4260,0x00000000a5d80000)
 Metaspace       used 78263K, capacity 81571K, committed 81792K, reserved 1120256K
  class space    used 10088K, capacity 10863K, committed 10880K, reserved 1048576K
Event: 2317.268 GC heap after
Heap after GC invocations=19 (full 3):
 PSYoungGen      total 263680K, used 27619K [0x00000000e0000000, 0x00000000f4280000, 0x0000000100000000)
  eden space 236032K, 0% used [0x00000000e0000000,0x00000000e0000000,0x00000000ee680000)
  from space 27648K, 99% used [0x00000000f0c80000,0x00000000f2778ea0,0x00000000f2780000)
  to   space 38912K, 0% used [0x00000000ee680000,0x00000000ee680000,0x00000000f0c80000)
 ParOldGen       total 95744K, used 73610K [0x00000000a0000000, 0x00000000a5d80000, 0x00000000e0000000)
  object space 95744K, 76% used [0x00000000a0000000,0x00000000a47e2b58,0x00000000a5d80000)
 Metaspace       used 78263K, capacity 81571K, committed 81792K, reserved 1120256K
  class space    used 10088K, capacity 10863K, committed 10880K, reserved 1048576K
}
Event: 2370.967 GC heap before
{Heap before GC invocations=20 (full 3):
 PSYoungGen      total 263680K, used 263651K [0x00000000e0000000, 0x00000000f4280000, 0x0000000100000000)
  eden space 236032K, 100% used [0x00000000e0000000,0x00000000ee680000,0x00000000ee680000)
  from space 27648K, 99% used [0x00000000f0c80000,0x00000000f2778ea0,0x00000000f2780000)
  to   space 38912K, 0% used [0x00000000ee680000,0x00000000ee680000,0x00000000f0c80000)
 ParOldGen       total 95744K, used 73610K [0x00000000a0000000, 0x00000000a5d80000, 0x00000000e0000000)
  object space 95744K, 76% used [0x00000000a0000000,0x00000000a47e2b58,0x00000000a5d80000)
 Metaspace       used 82438K, capacity 86091K, committed 86272K, reserved 1124352K
  class space    used 10591K, capacity 11427K, committed 11520K, reserved 1048576K
Event: 2371.085 GC heap after
Heap after GC invocations=20 (full 3):
 PSYoungGen      total 274944K, used 38909K [0x00000000e0000000, 0x00000000f4280000, 0x0000000100000000)
  eden space 236032K, 0% used [0x00000000e0000000,0x00000000e0000000,0x00000000ee680000)
  from space 38912K, 99% used [0x00000000ee680000,0x00000000f0c7f598,0x00000000f0c80000)
  to   space 27648K, 0% used [0x00000000f0c80000,0x00000000f0c80000,0x00000000f2780000)
 ParOldGen       total 95744K, used 81897K [0x00000000a0000000, 0x00000000a5d80000, 0x00000000e0000000)
  object space 95744K, 85% used [0x00000000a0000000,0x00000000a4ffa700,0x00000000a5d80000)
 Metaspace       used 82438K, capacity 86091K, committed 86272K, reserved 1124352K
  class space    used 10591K, capacity 11427K, committed 11520K, reserved 1048576K
}
Event: 2371.085 GC heap before
{Heap before GC invocations=21 (full 4):
 PSYoungGen      total 274944K, used 38909K [0x00000000e0000000, 0x00000000f4280000, 0x0000000100000000)
  eden space 236032K, 0% used [0x00000000e0000000,0x00000000e0000000,0x00000000ee680000)
  from space 38912K, 99% used [0x00000000ee680000,0x00000000f0c7f598,0x00000000f0c80000)
  to   space 27648K, 0% used [0x00000000f0c80000,0x00000000f0c80000,0x00000000f2780000)
 ParOldGen       total 95744K, used 81897K [0x00000000a0000000, 0x00000000a5d80000, 0x00000000e0000000)
  object space 95744K, 85% used [0x00000000a0000000,0x00000000a4ffa700,0x00000000a5d80000)
 Metaspace       used 82438K, capacity 86091K, committed 86272K, reserved 1124352K
  class space    used 10591K, capacity 11427K, committed 11520K, reserved 1048576K
Event: 2371.653 GC heap after
Heap after GC invocations=21 (full 4):
 PSYoungGen      total 274944K, used 0K [0x00000000e0000000, 0x00000000f4280000, 0x0000000100000000)
  eden space 236032K, 0% used [0x00000000e0000000,0x00000000e0000000,0x00000000ee680000)
  from space 38912K, 0% used [0x00000000ee680000,0x00000000ee680000,0x00000000f0c80000)
  to   space 27648K, 0% used [0x00000000f0c80000,0x00000000f0c80000,0x00000000f2780000)
 ParOldGen       total 95744K, used 57987K [0x00000000a0000000, 0x00000000a5d80000, 0x00000000e0000000)
  object space 95744K, 60% used [0x00000000a0000000,0x00000000a38a0c88,0x00000000a5d80000)
 Metaspace       used 80330K, capacity 83035K, committed 86272K, reserved 1124352K
  class space    used 10270K, capacity 10889K, committed 11520K, reserved 1048576K
}

