# JRE version: OpenJDK Runtime Environment (8.0_212-b04) (build 1.8.0_212-release-1586-b04)
# Java VM: OpenJDK 64-Bit Server VM (25.212-b04 mixed mode windows-amd64 compressed oops)
Heap:
 PSYoungGen      total 260608K, used 78764K [0x00000000e0000000, 0x00000000f1e00000, 0x0000000100000000)
  eden space 239616K, 32% used [0x00000000e0000000,0x00000000e4ceb3a0,0x00000000eea00000)
  from space 20992K, 0% used [0x00000000f0580000,0x00000000f0580000,0x00000000f1a00000)
  to   space 26624K, 0% used [0x00000000eea00000,0x00000000eea00000,0x00000000f0400000)
 ParOldGen       total 87040K, used 64147K [0x00000000a0000000, 0x00000000a5500000, 0x00000000e0000000)
  object space 87040K, 73% used [0x00000000a0000000,0x00000000a3ea4de8,0x00000000a5500000)
 Metaspace       used 80633K, capacity 83915K, committed 83968K, reserved 1122304K
  class space    used 10443K, capacity 11222K, committed 11264K, reserved 1048576K
GC Heap History (10 events):
Event: 30.839 GC heap before
{Heap before GC invocations=16 (full 3):
 PSYoungGen      total 222720K, used 204288K [0x00000000e0000000, 0x00000000eed00000, 0x0000000100000000)
  eden space 204288K, 100% used [0x00000000e0000000,0x00000000ec780000,0x00000000ec780000)
  from space 18432K, 0% used [0x00000000ed980000,0x00000000ed980000,0x00000000eeb80000)
  to   space 18432K, 0% used [0x00000000ec780000,0x00000000ec780000,0x00000000ed980000)
 ParOldGen       total 87040K, used 34573K [0x00000000a0000000, 0x00000000a5500000, 0x00000000e0000000)
  object space 87040K, 39% used [0x00000000a0000000,0x00000000a21c3540,0x00000000a5500000)
 Metaspace       used 65744K, capacity 68057K, committed 68224K, reserved 1107968K
  class space    used 8987K, capacity 9476K, committed 9600K, reserved 1048576K
Event: 30.885 GC heap after
Heap after GC invocations=16 (full 3):
 PSYoungGen      total 222720K, used 17452K [0x00000000e0000000, 0x00000000f1a00000, 0x0000000100000000)
  eden space 204288K, 0% used [0x00000000e0000000,0x00000000e0000000,0x00000000ec780000)
  from space 18432K, 94% used [0x00000000ec780000,0x00000000ed88b148,0x00000000ed980000)
  to   space 20992K, 0% used [0x00000000f0580000,0x00000000f0580000,0x00000000f1a00000)
 ParOldGen       total 87040K, used 34581K [0x00000000a0000000, 0x00000000a5500000, 0x00000000e0000000)
  object space 87040K, 39% used [0x00000000a0000000,0x00000000a21c5540,0x00000000a5500000)
 Metaspace       used 65744K, capacity 68057K, committed 68224K, reserved 1107968K
  class space    used 8987K, capacity 9476K, committed 9600K, reserved 1048576K
}
Event: 877.945 GC heap before
{Heap before GC invocations=17 (full 3):
 PSYoungGen      total 222720K, used 221740K [0x00000000e0000000, 0x00000000f1a00000, 0x0000000100000000)
  eden space 204288K, 100% used [0x00000000e0000000,0x00000000ec780000,0x00000000ec780000)
  from space 18432K, 94% used [0x00000000ec780000,0x00000000ed88b148,0x00000000ed980000)
  to   space 20992K, 0% used [0x00000000f0580000,0x00000000f0580000,0x00000000f1a00000)
 ParOldGen       total 87040K, used 34581K [0x00000000a0000000, 0x00000000a5500000, 0x00000000e0000000)
  object space 87040K, 39% used [0x00000000a0000000,0x00000000a21c5540,0x00000000a5500000)
 Metaspace       used 73052K, capacity 75963K, committed 76160K, reserved 1116160K
  class space    used 9606K, capacity 10304K, committed 10368K, reserved 1048576K
Event: 878.024 GC heap after
Heap after GC invocations=17 (full 3):
 PSYoungGen      total 260608K, used 20985K [0x00000000e0000000, 0x00000000f1e00000, 0x0000000100000000)
  eden space 239616K, 0% used [0x00000000e0000000,0x00000000e0000000,0x00000000eea00000)
  from space 20992K, 99% used [0x00000000f0580000,0x00000000f19fe4e0,0x00000000f1a00000)
  to   space 26624K, 0% used [0x00000000eea00000,0x00000000eea00000,0x00000000f0400000)
 ParOldGen       total 87040K, used 41439K [0x00000000a0000000, 0x00000000a5500000, 0x00000000e0000000)
  object space 87040K, 47% used [0x00000000a0000000,0x00000000a2877ee0,0x00000000a5500000)
 Metaspace       used 73052K, capacity 75963K, committed 76160K, reserved 1116160K
  class space    used 9606K, capacity 10304K, committed 10368K, reserved 1048576K
}
Event: 885.201 GC heap before
{Heap before GC invocations=18 (full 3):
 PSYoungGen      total 260608K, used 260601K [0x00000000e0000000, 0x00000000f1e00000, 0x0000000100000000)
  eden space 239616K, 100% used [0x00000000e0000000,0x00000000eea00000,0x00000000eea00000)
  from space 20992K, 99% used [0x00000000f0580000,0x00000000f19fe4e0,0x00000000f1a00000)
  to   space 26624K, 0% used [0x00000000eea00000,0x00000000eea00000,0x00000000f0400000)
 ParOldGen       total 87040K, used 41439K [0x00000000a0000000, 0x00000000a5500000, 0x00000000e0000000)
  object space 87040K, 47% used [0x00000000a0000000,0x00000000a2877ee0,0x00000000a5500000)
 Metaspace       used 75554K, capacity 78671K, committed 78976K, reserved 1118208K
  class space    used 9883K, capacity 10608K, committed 10624K, reserved 1048576K
Event: 885.334 GC heap after
Heap after GC invocations=18 (full 3):
 PSYoungGen      total 266240K, used 26598K [0x00000000e0000000, 0x00000000f1e00000, 0x0000000100000000)
  eden space 239616K, 0% used [0x00000000e0000000,0x00000000e0000000,0x00000000eea00000)
  from space 26624K, 99% used [0x00000000eea00000,0x00000000f03f9bc0,0x00000000f0400000)
  to   space 20992K, 0% used [0x00000000f0580000,0x00000000f0580000,0x00000000f1a00000)
 ParOldGen       total 87040K, used 62961K [0x00000000a0000000, 0x00000000a5500000, 0x00000000e0000000)
  object space 87040K, 72% used [0x00000000a0000000,0x00000000a3d7c430,0x00000000a5500000)
 Metaspace       used 75554K, capacity 78671K, committed 78976K, reserved 1118208K
  class space    used 9883K, capacity 10608K, committed 10624K, reserved 1048576K
}
Event: 921.396 GC heap before
{Heap before GC invocations=19 (full 3):
 PSYoungGen      total 266240K, used 266214K [0x00000000e0000000, 0x00000000f1e00000, 0x0000000100000000)
  eden space 239616K, 100% used [0x00000000e0000000,0x00000000eea00000,0x00000000eea00000)
  from space 26624K, 99% used [0x00000000eea00000,0x00000000f03f9bc0,0x00000000f0400000)
  to   space 20992K, 0% used [0x00000000f0580000,0x00000000f0580000,0x00000000f1a00000)
 ParOldGen       total 87040K, used 62961K [0x00000000a0000000, 0x00000000a5500000, 0x00000000e0000000)
  object space 87040K, 72% used [0x00000000a0000000,0x00000000a3d7c430,0x00000000a5500000)
 Metaspace       used 79832K, capacity 83063K, committed 83200K, reserved 1122304K
  class space    used 10380K, capacity 11156K, committed 11264K, reserved 1048576K
Event: 921.569 GC heap after
Heap after GC invocations=19 (full 3):
 PSYoungGen      total 260608K, used 16757K [0x00000000e0000000, 0x00000000f1e00000, 0x0000000100000000)
  eden space 239616K, 0% used [0x00000000e0000000,0x00000000e0000000,0x00000000eea00000)
  from space 20992K, 79% used [0x00000000f0580000,0x00000000f15dd6c0,0x00000000f1a00000)
  to   space 26624K, 0% used [0x00000000eea00000,0x00000000eea00000,0x00000000f0400000)
 ParOldGen       total 87040K, used 86932K [0x00000000a0000000, 0x00000000a5500000, 0x00000000e0000000)
  object space 87040K, 99% used [0x00000000a0000000,0x00000000a54e5358,0x00000000a5500000)
 Metaspace       used 79832K, capacity 83063K, committed 83200K, reserved 1122304K
  class space    used 10380K, capacity 11156K, committed 11264K, reserved 1048576K
}
Event: 921.569 GC heap before
{Heap before GC invocations=20 (full 4):
 PSYoungGen      total 260608K, used 16757K [0x00000000e0000000, 0x00000000f1e00000, 0x0000000100000000)
  eden space 239616K, 0% used [0x00000000e0000000,0x00000000e0000000,0x00000000eea00000)
  from space 20992K, 79% used [0x00000000f0580000,0x00000000f15dd6c0,0x00000000f1a00000)
  to   space 26624K, 0% used [0x00000000eea00000,0x00000000eea00000,0x00000000f0400000)
 ParOldGen       total 87040K, used 86932K [0x00000000a0000000, 0x00000000a5500000, 0x00000000e0000000)
  object space 87040K, 99% used [0x00000000a0000000,0x00000000a54e5358,0x00000000a5500000)
 Metaspace       used 79832K, capacity 83063K, committed 83200K, reserved 1122304K
  class space    used 10380K, capacity 11156K, committed 11264K, reserved 1048576K
Event: 922.383 GC heap after
Heap after GC invocations=20 (full 4):
 PSYoungGen      total 260608K, used 0K [0x00000000e0000000, 0x00000000f1e00000, 0x0000000100000000)
  eden space 239616K, 0% used [0x00000000e0000000,0x00000000e0000000,0x00000000eea00000)
  from space 20992K, 0% used [0x00000000f0580000,0x00000000f0580000,0x00000000f1a00000)
  to   space 26624K, 0% used [0x00000000eea00000,0x00000000eea00000,0x00000000f0400000)
 ParOldGen       total 87040K, used 64147K [0x00000000a0000000, 0x00000000a5500000, 0x00000000e0000000)
  object space 87040K, 73% used [0x00000000a0000000,0x00000000a3ea4de8,0x00000000a5500000)
 Metaspace       used 79825K, capacity 83047K, committed 83200K, reserved 1122304K
  class space    used 10377K, capacity 11152K, committed 11264K, reserved 1048576K
}

