# JRE version: OpenJDK Runtime Environment (8.0_212-b04) (build 1.8.0_212-release-1586-b04)
# Java VM: OpenJDK 64-Bit Server VM (25.212-b04 mixed mode windows-amd64 compressed oops)
Heap:
 PSYoungGen      total 129024K, used 34573K [0x00000000e0000000, 0x00000000eb600000, 0x0000000100000000)
  eden space 119808K, 21% used [0x00000000e0000000,0x00000000e18c44b8,0x00000000e7500000)
  from space 9216K, 99% used [0x00000000e7500000,0x00000000e7dff258,0x00000000e7e00000)
  to   space 11776K, 0% used [0x00000000eaa80000,0x00000000eaa80000,0x00000000eb600000)
 ParOldGen       total 34816K, used 12714K [0x00000000a0000000, 0x00000000a2200000, 0x00000000e0000000)
  object space 34816K, 36% used [0x00000000a0000000,0x00000000a0c6a8d0,0x00000000a2200000)
 Metaspace       used 32433K, capacity 33036K, committed 33408K, reserved 1077248K
  class space    used 4444K, capacity 4651K, committed 4736K, reserved 1048576K
GC Heap History (10 events):
Event: 5.470 GC heap before
{Heap before GC invocations=6 (full 0):
 PSYoungGen      total 33280K, used 33264K [0x00000000e0000000, 0x00000000e4700000, 0x0000000100000000)
  eden space 30720K, 100% used [0x00000000e0000000,0x00000000e1e00000,0x00000000e1e00000)
  from space 2560K, 99% used [0x00000000e1e00000,0x00000000e207c010,0x00000000e2080000)
  to   space 5632K, 0% used [0x00000000e4180000,0x00000000e4180000,0x00000000e4700000)
 ParOldGen       total 40960K, used 4601K [0x00000000a0000000, 0x00000000a2800000, 0x00000000e0000000)
  object space 40960K, 11% used [0x00000000a0000000,0x00000000a047e508,0x00000000a2800000)
 Metaspace       used 14419K, capacity 14810K, committed 14976K, reserved 1062912K
  class space    used 1990K, capacity 2127K, committed 2176K, reserved 1048576K
Event: 5.486 GC heap after
Heap after GC invocations=6 (full 0):
 PSYoungGen      total 65536K, used 5618K [0x00000000e0000000, 0x00000000e4a00000, 0x0000000100000000)
  eden space 59904K, 0% used [0x00000000e0000000,0x00000000e0000000,0x00000000e3a80000)
  from space 5632K, 99% used [0x00000000e4180000,0x00000000e46fcb10,0x00000000e4700000)
  to   space 7168K, 0% used [0x00000000e3a80000,0x00000000e3a80000,0x00000000e4180000)
 ParOldGen       total 40960K, used 4984K [0x00000000a0000000, 0x00000000a2800000, 0x00000000e0000000)
  object space 40960K, 12% used [0x00000000a0000000,0x00000000a04de0e8,0x00000000a2800000)
 Metaspace       used 14419K, capacity 14810K, committed 14976K, reserved 1062912K
  class space    used 1990K, capacity 2127K, committed 2176K, reserved 1048576K
}
Event: 7.046 GC heap before
{Heap before GC invocations=7 (full 0):
 PSYoungGen      total 65536K, used 65522K [0x00000000e0000000, 0x00000000e4a00000, 0x0000000100000000)
  eden space 59904K, 100% used [0x00000000e0000000,0x00000000e3a80000,0x00000000e3a80000)
  from space 5632K, 99% used [0x00000000e4180000,0x00000000e46fcb10,0x00000000e4700000)
  to   space 7168K, 0% used [0x00000000e3a80000,0x00000000e3a80000,0x00000000e4180000)
 ParOldGen       total 40960K, used 4984K [0x00000000a0000000, 0x00000000a2800000, 0x00000000e0000000)
  object space 40960K, 12% used [0x00000000a0000000,0x00000000a04de0e8,0x00000000a2800000)
 Metaspace       used 19364K, capacity 19836K, committed 20224K, reserved 1067008K
  class space    used 2785K, capacity 2966K, committed 3072K, reserved 1048576K
Event: 7.070 GC heap after
Heap after GC invocations=7 (full 0):
 PSYoungGen      total 67072K, used 7159K [0x00000000e0000000, 0x00000000e8800000, 0x0000000100000000)
  eden space 59904K, 0% used [0x00000000e0000000,0x00000000e0000000,0x00000000e3a80000)
  from space 7168K, 99% used [0x00000000e3a80000,0x00000000e417dcf8,0x00000000e4180000)
  to   space 9728K, 0% used [0x00000000e7e80000,0x00000000e7e80000,0x00000000e8800000)
 ParOldGen       total 40960K, used 7700K [0x00000000a0000000, 0x00000000a2800000, 0x00000000e0000000)
  object space 40960K, 18% used [0x00000000a0000000,0x00000000a0785140,0x00000000a2800000)
 Metaspace       used 19364K, capacity 19836K, committed 20224K, reserved 1067008K
  class space    used 2785K, capacity 2966K, committed 3072K, reserved 1048576K
}
Event: 7.386 GC heap before
{Heap before GC invocations=8 (full 0):
 PSYoungGen      total 67072K, used 18387K [0x00000000e0000000, 0x00000000e8800000, 0x0000000100000000)
  eden space 59904K, 18% used [0x00000000e0000000,0x00000000e0af71a8,0x00000000e3a80000)
  from space 7168K, 99% used [0x00000000e3a80000,0x00000000e417dcf8,0x00000000e4180000)
  to   space 9728K, 0% used [0x00000000e7e80000,0x00000000e7e80000,0x00000000e8800000)
 ParOldGen       total 40960K, used 7700K [0x00000000a0000000, 0x00000000a2800000, 0x00000000e0000000)
  object space 40960K, 18% used [0x00000000a0000000,0x00000000a0785140,0x00000000a2800000)
 Metaspace       used 20645K, capacity 21162K, committed 21296K, reserved 1067008K
  class space    used 2968K, capacity 3129K, committed 3200K, reserved 1048576K
Event: 7.405 GC heap after
Heap after GC invocations=8 (full 0):
 PSYoungGen      total 128512K, used 5387K [0x00000000e0000000, 0x00000000e8700000, 0x0000000100000000)
  eden space 119808K, 0% used [0x00000000e0000000,0x00000000e0000000,0x00000000e7500000)
  from space 8704K, 61% used [0x00000000e7e80000,0x00000000e83c2df0,0x00000000e8700000)
  to   space 9216K, 0% used [0x00000000e7500000,0x00000000e7500000,0x00000000e7e00000)
 ParOldGen       total 40960K, used 8340K [0x00000000a0000000, 0x00000000a2800000, 0x00000000e0000000)
  object space 40960K, 20% used [0x00000000a0000000,0x00000000a0825140,0x00000000a2800000)
 Metaspace       used 20645K, capacity 21162K, committed 21296K, reserved 1067008K
  class space    used 2968K, capacity 3129K, committed 3200K, reserved 1048576K
}
Event: 7.405 GC heap before
{Heap before GC invocations=9 (full 1):
 PSYoungGen      total 128512K, used 5387K [0x00000000e0000000, 0x00000000e8700000, 0x0000000100000000)
  eden space 119808K, 0% used [0x00000000e0000000,0x00000000e0000000,0x00000000e7500000)
  from space 8704K, 61% used [0x00000000e7e80000,0x00000000e83c2df0,0x00000000e8700000)
  to   space 9216K, 0% used [0x00000000e7500000,0x00000000e7500000,0x00000000e7e00000)
 ParOldGen       total 40960K, used 8340K [0x00000000a0000000, 0x00000000a2800000, 0x00000000e0000000)
  object space 40960K, 20% used [0x00000000a0000000,0x00000000a0825140,0x00000000a2800000)
 Metaspace       used 20645K, capacity 21162K, committed 21296K, reserved 1067008K
  class space    used 2968K, capacity 3129K, committed 3200K, reserved 1048576K
Event: 7.513 GC heap after
Heap after GC invocations=9 (full 1):
 PSYoungGen      total 128512K, used 0K [0x00000000e0000000, 0x00000000e8700000, 0x0000000100000000)
  eden space 119808K, 0% used [0x00000000e0000000,0x00000000e0000000,0x00000000e7500000)
  from space 8704K, 0% used [0x00000000e7e80000,0x00000000e7e80000,0x00000000e8700000)
  to   space 9216K, 0% used [0x00000000e7500000,0x00000000e7500000,0x00000000e7e00000)
 ParOldGen       total 34816K, used 10010K [0x00000000a0000000, 0x00000000a2200000, 0x00000000e0000000)
  object space 34816K, 28% used [0x00000000a0000000,0x00000000a09c6a08,0x00000000a2200000)
 Metaspace       used 20645K, capacity 21162K, committed 21296K, reserved 1067008K
  class space    used 2968K, capacity 3129K, committed 3200K, reserved 1048576K
}
Event: 10.423 GC heap before
{Heap before GC invocations=10 (full 1):
 PSYoungGen      total 128512K, used 119808K [0x00000000e0000000, 0x00000000e8700000, 0x0000000100000000)
  eden space 119808K, 100% used [0x00000000e0000000,0x00000000e7500000,0x00000000e7500000)
  from space 8704K, 0% used [0x00000000e7e80000,0x00000000e7e80000,0x00000000e8700000)
  to   space 9216K, 0% used [0x00000000e7500000,0x00000000e7500000,0x00000000e7e00000)
 ParOldGen       total 34816K, used 10010K [0x00000000a0000000, 0x00000000a2200000, 0x00000000e0000000)
  object space 34816K, 28% used [0x00000000a0000000,0x00000000a09c6a08,0x00000000a2200000)
 Metaspace       used 31388K, capacity 31916K, committed 32256K, reserved 1077248K
  class space    used 4283K, capacity 4491K, committed 4608K, reserved 1048576K
Event: 10.448 GC heap after
Heap after GC invocations=10 (full 1):
 PSYoungGen      total 129024K, used 9212K [0x00000000e0000000, 0x00000000eb600000, 0x0000000100000000)
  eden space 119808K, 0% used [0x00000000e0000000,0x00000000e0000000,0x00000000e7500000)
  from space 9216K, 99% used [0x00000000e7500000,0x00000000e7dff258,0x00000000e7e00000)
  to   space 11776K, 0% used [0x00000000eaa80000,0x00000000eaa80000,0x00000000eb600000)
 ParOldGen       total 34816K, used 12714K [0x00000000a0000000, 0x00000000a2200000, 0x00000000e0000000)
  object space 34816K, 36% used [0x00000000a0000000,0x00000000a0c6a8d0,0x00000000a2200000)
 Metaspace       used 31388K, capacity 31916K, committed 32256K, reserved 1077248K
  class space    used 4283K, capacity 4491K, committed 4608K, reserved 1048576K
}

