# JRE version: OpenJDK Runtime Environment (8.0_212-b04) (build 1.8.0_212-release-1586-b04)
# Java VM: OpenJDK 64-Bit Server VM (25.212-b04 mixed mode windows-amd64 compressed oops)
Heap:
 PSYoungGen      total 302592K, used 144518K [0x00000000e0000000, 0x00000000f5a00000, 0x0000000100000000)
  eden space 269312K, 43% used [0x00000000e0000000,0x00000000e72af090,0x00000000f0700000)
  from space 33280K, 81% used [0x00000000f0700000,0x00000000f2172b18,0x00000000f2780000)
  to   space 37888K, 0% used [0x00000000f3500000,0x00000000f3500000,0x00000000f5a00000)
 ParOldGen       total 94720K, used 53140K [0x00000000a0000000, 0x00000000a5c80000, 0x00000000e0000000)
  object space 94720K, 56% used [0x00000000a0000000,0x00000000a33e53c0,0x00000000a5c80000)
 Metaspace       used 89518K, capacity 93048K, committed 93144K, reserved 1130496K
  class space    used 11396K, capacity 12153K, committed 12248K, reserved 1048576K
GC Heap History (10 events):
Event: 127.641 GC heap before
{Heap before GC invocations=35 (full 12):
 PSYoungGen      total 304128K, used 799K [0x00000000e0000000, 0x00000000f4d00000, 0x0000000100000000)
  eden space 269312K, 0% used [0x00000000e0000000,0x00000000e00c7e00,0x00000000f0700000)
  from space 34816K, 0% used [0x00000000f2b00000,0x00000000f2b00000,0x00000000f4d00000)
  to   space 35840K, 0% used [0x00000000f0700000,0x00000000f0700000,0x00000000f2a00000)
 ParOldGen       total 94720K, used 53133K [0x00000000a0000000, 0x00000000a5c80000, 0x00000000e0000000)
  object space 94720K, 56% used [0x00000000a0000000,0x00000000a33e35d0,0x00000000a5c80000)
 Metaspace       used 87985K, capacity 91360K, committed 91480K, reserved 1128448K
  class space    used 11279K, capacity 12013K, committed 12120K, reserved 1048576K
Event: 127.645 GC heap after
Heap after GC invocations=35 (full 12):
 PSYoungGen      total 269824K, used 64K [0x00000000e0000000, 0x00000000f4a00000, 0x0000000100000000)
  eden space 269312K, 0% used [0x00000000e0000000,0x00000000e0000000,0x00000000f0700000)
  from space 512K, 12% used [0x00000000f0700000,0x00000000f0710000,0x00000000f0780000)
  to   space 34304K, 0% used [0x00000000f2880000,0x00000000f2880000,0x00000000f4a00000)
 ParOldGen       total 94720K, used 53133K [0x00000000a0000000, 0x00000000a5c80000, 0x00000000e0000000)
  object space 94720K, 56% used [0x00000000a0000000,0x00000000a33e35d0,0x00000000a5c80000)
 Metaspace       used 87985K, capacity 91360K, committed 91480K, reserved 1128448K
  class space    used 11279K, capacity 12013K, committed 12120K, reserved 1048576K
}
Event: 127.645 GC heap before
{Heap before GC invocations=36 (full 13):
 PSYoungGen      total 269824K, used 64K [0x00000000e0000000, 0x00000000f4a00000, 0x0000000100000000)
  eden space 269312K, 0% used [0x00000000e0000000,0x00000000e0000000,0x00000000f0700000)
  from space 512K, 12% used [0x00000000f0700000,0x00000000f0710000,0x00000000f0780000)
  to   space 34304K, 0% used [0x00000000f2880000,0x00000000f2880000,0x00000000f4a00000)
 ParOldGen       total 94720K, used 53133K [0x00000000a0000000, 0x00000000a5c80000, 0x00000000e0000000)
  object space 94720K, 56% used [0x00000000a0000000,0x00000000a33e35d0,0x00000000a5c80000)
 Metaspace       used 87985K, capacity 91360K, committed 91480K, reserved 1128448K
  class space    used 11279K, capacity 12013K, committed 12120K, reserved 1048576K
Event: 127.888 GC heap after
Heap after GC invocations=36 (full 13):
 PSYoungGen      total 269824K, used 0K [0x00000000e0000000, 0x00000000f4a00000, 0x0000000100000000)
  eden space 269312K, 0% used [0x00000000e0000000,0x00000000e0000000,0x00000000f0700000)
  from space 512K, 0% used [0x00000000f0700000,0x00000000f0700000,0x00000000f0780000)
  to   space 34304K, 0% used [0x00000000f2880000,0x00000000f2880000,0x00000000f4a00000)
 ParOldGen       total 94720K, used 53133K [0x00000000a0000000, 0x00000000a5c80000, 0x00000000e0000000)
  object space 94720K, 56% used [0x00000000a0000000,0x00000000a33e3490,0x00000000a5c80000)
 Metaspace       used 87985K, capacity 91360K, committed 91480K, reserved 1128448K
  class space    used 11279K, capacity 12013K, committed 12120K, reserved 1048576K
}
Event: 127.890 GC heap before
{Heap before GC invocations=37 (full 13):
 PSYoungGen      total 269824K, used 777K [0x00000000e0000000, 0x00000000f4a00000, 0x0000000100000000)
  eden space 269312K, 0% used [0x00000000e0000000,0x00000000e00c2510,0x00000000f0700000)
  from space 512K, 0% used [0x00000000f0700000,0x00000000f0700000,0x00000000f0780000)
  to   space 34304K, 0% used [0x00000000f2880000,0x00000000f2880000,0x00000000f4a00000)
 ParOldGen       total 94720K, used 53133K [0x00000000a0000000, 0x00000000a5c80000, 0x00000000e0000000)
  object space 94720K, 56% used [0x00000000a0000000,0x00000000a33e3490,0x00000000a5c80000)
 Metaspace       used 87985K, capacity 91360K, committed 91480K, reserved 1128448K
  class space    used 11279K, capacity 12013K, committed 12120K, reserved 1048576K
Event: 127.893 GC heap after
Heap after GC invocations=37 (full 13):
 PSYoungGen      total 301568K, used 64K [0x00000000e0000000, 0x00000000f4800000, 0x0000000100000000)
  eden space 269312K, 0% used [0x00000000e0000000,0x00000000e0000000,0x00000000f0700000)
  from space 32256K, 0% used [0x00000000f2880000,0x00000000f2890000,0x00000000f4800000)
  to   space 33280K, 0% used [0x00000000f0700000,0x00000000f0700000,0x00000000f2780000)
 ParOldGen       total 94720K, used 53133K [0x00000000a0000000, 0x00000000a5c80000, 0x00000000e0000000)
  object space 94720K, 56% used [0x00000000a0000000,0x00000000a33e3490,0x00000000a5c80000)
 Metaspace       used 87985K, capacity 91360K, committed 91480K, reserved 1128448K
  class space    used 11279K, capacity 12013K, committed 12120K, reserved 1048576K
}
Event: 127.893 GC heap before
{Heap before GC invocations=38 (full 14):
 PSYoungGen      total 301568K, used 64K [0x00000000e0000000, 0x00000000f4800000, 0x0000000100000000)
  eden space 269312K, 0% used [0x00000000e0000000,0x00000000e0000000,0x00000000f0700000)
  from space 32256K, 0% used [0x00000000f2880000,0x00000000f2890000,0x00000000f4800000)
  to   space 33280K, 0% used [0x00000000f0700000,0x00000000f0700000,0x00000000f2780000)
 ParOldGen       total 94720K, used 53133K [0x00000000a0000000, 0x00000000a5c80000, 0x00000000e0000000)
  object space 94720K, 56% used [0x00000000a0000000,0x00000000a33e3490,0x00000000a5c80000)
 Metaspace       used 87985K, capacity 91360K, committed 91480K, reserved 1128448K
  class space    used 11279K, capacity 12013K, committed 12120K, reserved 1048576K
Event: 128.141 GC heap after
Heap after GC invocations=38 (full 14):
 PSYoungGen      total 301568K, used 0K [0x00000000e0000000, 0x00000000f4800000, 0x0000000100000000)
  eden space 269312K, 0% used [0x00000000e0000000,0x00000000e0000000,0x00000000f0700000)
  from space 32256K, 0% used [0x00000000f2880000,0x00000000f2880000,0x00000000f4800000)
  to   space 33280K, 0% used [0x00000000f0700000,0x00000000f0700000,0x00000000f2780000)
 ParOldGen       total 94720K, used 53132K [0x00000000a0000000, 0x00000000a5c80000, 0x00000000e0000000)
  object space 94720K, 56% used [0x00000000a0000000,0x00000000a33e33c0,0x00000000a5c80000)
 Metaspace       used 87985K, capacity 91360K, committed 91480K, reserved 1128448K
  class space    used 11279K, capacity 12013K, committed 12120K, reserved 1048576K
}
Event: 153.477 GC heap before
{Heap before GC invocations=39 (full 14):
 PSYoungGen      total 301568K, used 269197K [0x00000000e0000000, 0x00000000f4800000, 0x0000000100000000)
  eden space 269312K, 99% used [0x00000000e0000000,0x00000000f06e34e0,0x00000000f0700000)
  from space 32256K, 0% used [0x00000000f2880000,0x00000000f2880000,0x00000000f4800000)
  to   space 33280K, 0% used [0x00000000f0700000,0x00000000f0700000,0x00000000f2780000)
 ParOldGen       total 94720K, used 53132K [0x00000000a0000000, 0x00000000a5c80000, 0x00000000e0000000)
  object space 94720K, 56% used [0x00000000a0000000,0x00000000a33e33c0,0x00000000a5c80000)
 Metaspace       used 88631K, capacity 92142K, committed 92248K, reserved 1130496K
  class space    used 11303K, capacity 12038K, committed 12120K, reserved 1048576K
Event: 153.613 GC heap after
Heap after GC invocations=39 (full 14):
 PSYoungGen      total 302592K, used 27082K [0x00000000e0000000, 0x00000000f5a00000, 0x0000000100000000)
  eden space 269312K, 0% used [0x00000000e0000000,0x00000000e0000000,0x00000000f0700000)
  from space 33280K, 81% used [0x00000000f0700000,0x00000000f2172b18,0x00000000f2780000)
  to   space 37888K, 0% used [0x00000000f3500000,0x00000000f3500000,0x00000000f5a00000)
 ParOldGen       total 94720K, used 53140K [0x00000000a0000000, 0x00000000a5c80000, 0x00000000e0000000)
  object space 94720K, 56% used [0x00000000a0000000,0x00000000a33e53c0,0x00000000a5c80000)
 Metaspace       used 88631K, capacity 92142K, committed 92248K, reserved 1130496K
  class space    used 11303K, capacity 12038K, committed 12120K, reserved 1048576K
}

