# JRE version: OpenJDK Runtime Environment (8.0_212-b04) (build 1.8.0_212-release-1586-b04)
# Java VM: OpenJDK 64-Bit Server VM (25.212-b04 mixed mode windows-amd64 compressed oops)
Heap:
 PSYoungGen      total 247808K, used 131613K [0x00000000e0000000, 0x00000000f0800000, 0x0000000100000000)
  eden space 229376K, 51% used [0x00000000e0000000,0x00000000e726d390,0x00000000ee000000)
  from space 18432K, 78% used [0x00000000ef600000,0x00000000f041a088,0x00000000f0800000)
  to   space 20480K, 0% used [0x00000000ee000000,0x00000000ee000000,0x00000000ef400000)
 ParOldGen       total 92672K, used 35581K [0x00000000a0000000, 0x00000000a5a80000, 0x00000000e0000000)
  object space 92672K, 38% used [0x00000000a0000000,0x00000000a22bf688,0x00000000a5a80000)
 Metaspace       used 70121K, capacity 72554K, committed 72792K, reserved 1112064K
  class space    used 9125K, capacity 9712K, committed 9816K, reserved 1048576K
GC Heap History (10 events):
Event: 18.349 GC heap before
{Heap before GC invocations=13 (full 2):
 PSYoungGen      total 175616K, used 163840K [0x00000000e0000000, 0x00000000ebc80000, 0x0000000100000000)
  eden space 163840K, 100% used [0x00000000e0000000,0x00000000ea000000,0x00000000ea000000)
  from space 11776K, 0% used [0x00000000ead00000,0x00000000ead00000,0x00000000eb880000)
  to   space 13312K, 0% used [0x00000000ea000000,0x00000000ea000000,0x00000000ead00000)
 ParOldGen       total 56320K, used 18121K [0x00000000a0000000, 0x00000000a3700000, 0x00000000e0000000)
  object space 56320K, 32% used [0x00000000a0000000,0x00000000a11b24f0,0x00000000a3700000)
 Metaspace       used 51008K, capacity 52646K, committed 52992K, reserved 1095680K
  class space    used 6926K, capacity 7328K, committed 7424K, reserved 1048576K
Event: 18.403 GC heap after
Heap after GC invocations=13 (full 2):
 PSYoungGen      total 177152K, used 13300K [0x00000000e0000000, 0x00000000ee580000, 0x0000000100000000)
  eden space 163840K, 0% used [0x00000000e0000000,0x00000000e0000000,0x00000000ea000000)
  from space 13312K, 99% used [0x00000000ea000000,0x00000000eacfd080,0x00000000ead00000)
  to   space 18432K, 0% used [0x00000000ed380000,0x00000000ed380000,0x00000000ee580000)
 ParOldGen       total 56320K, used 25927K [0x00000000a0000000, 0x00000000a3700000, 0x00000000e0000000)
  object space 56320K, 46% used [0x00000000a0000000,0x00000000a1951d88,0x00000000a3700000)
 Metaspace       used 51008K, capacity 52646K, committed 52992K, reserved 1095680K
  class space    used 6926K, capacity 7328K, committed 7424K, reserved 1048576K
}
Event: 21.523 GC heap before
{Heap before GC invocations=14 (full 2):
 PSYoungGen      total 177152K, used 116547K [0x00000000e0000000, 0x00000000ee580000, 0x0000000100000000)
  eden space 163840K, 63% used [0x00000000e0000000,0x00000000e64d3f00,0x00000000ea000000)
  from space 13312K, 99% used [0x00000000ea000000,0x00000000eacfd080,0x00000000ead00000)
  to   space 18432K, 0% used [0x00000000ed380000,0x00000000ed380000,0x00000000ee580000)
 ParOldGen       total 56320K, used 25927K [0x00000000a0000000, 0x00000000a3700000, 0x00000000e0000000)
  object space 56320K, 46% used [0x00000000a0000000,0x00000000a1951d88,0x00000000a3700000)
 Metaspace       used 57189K, capacity 59058K, committed 59096K, reserved 1099776K
  class space    used 7880K, capacity 8370K, committed 8408K, reserved 1048576K
Event: 21.628 GC heap after
Heap after GC invocations=14 (full 2):
 PSYoungGen      total 216576K, used 10864K [0x00000000e0000000, 0x00000000ee880000, 0x0000000100000000)
  eden space 198144K, 0% used [0x00000000e0000000,0x00000000e0000000,0x00000000ec180000)
  from space 18432K, 58% used [0x00000000ed380000,0x00000000ede1c358,0x00000000ee580000)
  to   space 18432K, 0% used [0x00000000ec180000,0x00000000ec180000,0x00000000ed380000)
 ParOldGen       total 56320K, used 36127K [0x00000000a0000000, 0x00000000a3700000, 0x00000000e0000000)
  object space 56320K, 64% used [0x00000000a0000000,0x00000000a2347e60,0x00000000a3700000)
 Metaspace       used 57189K, capacity 59058K, committed 59096K, reserved 1099776K
  class space    used 7880K, capacity 8370K, committed 8408K, reserved 1048576K
}
Event: 21.628 GC heap before
{Heap before GC invocations=15 (full 3):
 PSYoungGen      total 216576K, used 10864K [0x00000000e0000000, 0x00000000ee880000, 0x0000000100000000)
  eden space 198144K, 0% used [0x00000000e0000000,0x00000000e0000000,0x00000000ec180000)
  from space 18432K, 58% used [0x00000000ed380000,0x00000000ede1c358,0x00000000ee580000)
  to   space 18432K, 0% used [0x00000000ec180000,0x00000000ec180000,0x00000000ed380000)
 ParOldGen       total 56320K, used 36127K [0x00000000a0000000, 0x00000000a3700000, 0x00000000e0000000)
  object space 56320K, 64% used [0x00000000a0000000,0x00000000a2347e60,0x00000000a3700000)
 Metaspace       used 57189K, capacity 59058K, committed 59096K, reserved 1099776K
  class space    used 7880K, capacity 8370K, committed 8408K, reserved 1048576K
Event: 22.120 GC heap after
Heap after GC invocations=15 (full 3):
 PSYoungGen      total 216576K, used 0K [0x00000000e0000000, 0x00000000ee880000, 0x0000000100000000)
  eden space 198144K, 0% used [0x00000000e0000000,0x00000000e0000000,0x00000000ec180000)
  from space 18432K, 0% used [0x00000000ed380000,0x00000000ed380000,0x00000000ee580000)
  to   space 18432K, 0% used [0x00000000ec180000,0x00000000ec180000,0x00000000ed380000)
 ParOldGen       total 92672K, used 35565K [0x00000000a0000000, 0x00000000a5a80000, 0x00000000e0000000)
  object space 92672K, 38% used [0x00000000a0000000,0x00000000a22bb688,0x00000000a5a80000)
 Metaspace       used 57189K, capacity 59058K, committed 59096K, reserved 1099776K
  class space    used 7880K, capacity 8370K, committed 8408K, reserved 1048576K
}
Event: 59.574 GC heap before
{Heap before GC invocations=16 (full 3):
 PSYoungGen      total 216576K, used 198144K [0x00000000e0000000, 0x00000000ee880000, 0x0000000100000000)
  eden space 198144K, 100% used [0x00000000e0000000,0x00000000ec180000,0x00000000ec180000)
  from space 18432K, 0% used [0x00000000ed380000,0x00000000ed380000,0x00000000ee580000)
  to   space 18432K, 0% used [0x00000000ec180000,0x00000000ec180000,0x00000000ed380000)
 ParOldGen       total 92672K, used 35565K [0x00000000a0000000, 0x00000000a5a80000, 0x00000000e0000000)
  object space 92672K, 38% used [0x00000000a0000000,0x00000000a22bb688,0x00000000a5a80000)
 Metaspace       used 65200K, capacity 67408K, committed 67672K, reserved 1107968K
  class space    used 8645K, capacity 9197K, committed 9304K, reserved 1048576K
Event: 59.623 GC heap after
Heap after GC invocations=16 (full 3):
 PSYoungGen      total 216576K, used 12559K [0x00000000e0000000, 0x00000000f0880000, 0x0000000100000000)
  eden space 198144K, 0% used [0x00000000e0000000,0x00000000e0000000,0x00000000ec180000)
  from space 18432K, 68% used [0x00000000ec180000,0x00000000ecdc3d50,0x00000000ed380000)
  to   space 18944K, 0% used [0x00000000ef600000,0x00000000ef600000,0x00000000f0880000)
 ParOldGen       total 92672K, used 35573K [0x00000000a0000000, 0x00000000a5a80000, 0x00000000e0000000)
  object space 92672K, 38% used [0x00000000a0000000,0x00000000a22bd688,0x00000000a5a80000)
 Metaspace       used 65200K, capacity 67408K, committed 67672K, reserved 1107968K
  class space    used 8645K, capacity 9197K, committed 9304K, reserved 1048576K
}
Event: 67.052 GC heap before
{Heap before GC invocations=17 (full 3):
 PSYoungGen      total 216576K, used 210703K [0x00000000e0000000, 0x00000000f0880000, 0x0000000100000000)
  eden space 198144K, 100% used [0x00000000e0000000,0x00000000ec180000,0x00000000ec180000)
  from space 18432K, 68% used [0x00000000ec180000,0x00000000ecdc3d50,0x00000000ed380000)
  to   space 18944K, 0% used [0x00000000ef600000,0x00000000ef600000,0x00000000f0880000)
 ParOldGen       total 92672K, used 35573K [0x00000000a0000000, 0x00000000a5a80000, 0x00000000e0000000)
  object space 92672K, 38% used [0x00000000a0000000,0x00000000a22bd688,0x00000000a5a80000)
 Metaspace       used 66706K, capacity 68990K, committed 69208K, reserved 1110016K
  class space    used 8722K, capacity 9298K, committed 9304K, reserved 1048576K
Event: 67.105 GC heap after
Heap after GC invocations=17 (full 3):
 PSYoungGen      total 247808K, used 14440K [0x00000000e0000000, 0x00000000f0800000, 0x0000000100000000)
  eden space 229376K, 0% used [0x00000000e0000000,0x00000000e0000000,0x00000000ee000000)
  from space 18432K, 78% used [0x00000000ef600000,0x00000000f041a088,0x00000000f0800000)
  to   space 20480K, 0% used [0x00000000ee000000,0x00000000ee000000,0x00000000ef400000)
 ParOldGen       total 92672K, used 35581K [0x00000000a0000000, 0x00000000a5a80000, 0x00000000e0000000)
  object space 92672K, 38% used [0x00000000a0000000,0x00000000a22bf688,0x00000000a5a80000)
 Metaspace       used 66706K, capacity 68990K, committed 69208K, reserved 1110016K
  class space    used 8722K, capacity 9298K, committed 9304K, reserved 1048576K
}

