# JRE version: OpenJDK Runtime Environment (8.0_212-b04) (build 1.8.0_212-release-1586-b04)
# Java VM: OpenJDK 64-Bit Server VM (25.212-b04 mixed mode windows-amd64 compressed oops)
Heap:
 PSYoungGen      total 249344K, used 112253K [0x00000000e0000000, 0x00000000f3900000, 0x0000000100000000)
  eden space 223232K, 39% used [0x00000000e0000000,0x00000000e566cd30,0x00000000eda00000)
  from space 26112K, 90% used [0x00000000eda00000,0x00000000ef1329d8,0x00000000ef380000)
  to   space 29184K, 0% used [0x00000000f1c80000,0x00000000f1c80000,0x00000000f3900000)
 ParOldGen       total 94720K, used 52811K [0x00000000a0000000, 0x00000000a5c80000, 0x00000000e0000000)
  object space 94720K, 55% used [0x00000000a0000000,0x00000000a3392ce0,0x00000000a5c80000)
 Metaspace       used 79140K, capacity 82686K, committed 82712K, reserved 1120256K
  class space    used 10424K, capacity 11296K, committed 11304K, reserved 1048576K
GC Heap History (10 events):
Event: 24.408 GC heap before
{Heap before GC invocations=14 (full 2):
 PSYoungGen      total 174080K, used 142640K [0x00000000e0000000, 0x00000000ee180000, 0x0000000100000000)
  eden space 160256K, 80% used [0x00000000e0000000,0x00000000e7dcdeb0,0x00000000e9c80000)
  from space 13824K, 99% used [0x00000000e9c80000,0x00000000ea9fe510,0x00000000eaa00000)
  to   space 17920K, 0% used [0x00000000ed000000,0x00000000ed000000,0x00000000ee180000)
 ParOldGen       total 57856K, used 25060K [0x00000000a0000000, 0x00000000a3880000, 0x00000000e0000000)
  object space 57856K, 43% used [0x00000000a0000000,0x00000000a1879018,0x00000000a3880000)
 Metaspace       used 56869K, capacity 58974K, committed 59160K, reserved 1099776K
  class space    used 7875K, capacity 8364K, committed 8488K, reserved 1048576K
Event: 24.517 GC heap after
Heap after GC invocations=14 (full 2):
 PSYoungGen      total 212480K, used 11890K [0x00000000e0000000, 0x00000000ee480000, 0x0000000100000000)
  eden space 194560K, 0% used [0x00000000e0000000,0x00000000e0000000,0x00000000ebe00000)
  from space 17920K, 66% used [0x00000000ed000000,0x00000000edb9ca68,0x00000000ee180000)
  to   space 18432K, 0% used [0x00000000ebe00000,0x00000000ebe00000,0x00000000ed000000)
 ParOldGen       total 57856K, used 35395K [0x00000000a0000000, 0x00000000a3880000, 0x00000000e0000000)
  object space 57856K, 61% used [0x00000000a0000000,0x00000000a2290e20,0x00000000a3880000)
 Metaspace       used 56869K, capacity 58974K, committed 59160K, reserved 1099776K
  class space    used 7875K, capacity 8364K, committed 8488K, reserved 1048576K
}
Event: 24.517 GC heap before
{Heap before GC invocations=15 (full 3):
 PSYoungGen      total 212480K, used 11890K [0x00000000e0000000, 0x00000000ee480000, 0x0000000100000000)
  eden space 194560K, 0% used [0x00000000e0000000,0x00000000e0000000,0x00000000ebe00000)
  from space 17920K, 66% used [0x00000000ed000000,0x00000000edb9ca68,0x00000000ee180000)
  to   space 18432K, 0% used [0x00000000ebe00000,0x00000000ebe00000,0x00000000ed000000)
 ParOldGen       total 57856K, used 35395K [0x00000000a0000000, 0x00000000a3880000, 0x00000000e0000000)
  object space 57856K, 61% used [0x00000000a0000000,0x00000000a2290e20,0x00000000a3880000)
 Metaspace       used 56869K, capacity 58974K, committed 59160K, reserved 1099776K
  class space    used 7875K, capacity 8364K, committed 8488K, reserved 1048576K
Event: 25.060 GC heap after
Heap after GC invocations=15 (full 3):
 PSYoungGen      total 212480K, used 0K [0x00000000e0000000, 0x00000000ee480000, 0x0000000100000000)
  eden space 194560K, 0% used [0x00000000e0000000,0x00000000e0000000,0x00000000ebe00000)
  from space 17920K, 0% used [0x00000000ed000000,0x00000000ed000000,0x00000000ee180000)
  to   space 18432K, 0% used [0x00000000ebe00000,0x00000000ebe00000,0x00000000ed000000)
 ParOldGen       total 94720K, used 37490K [0x00000000a0000000, 0x00000000a5c80000, 0x00000000e0000000)
  object space 94720K, 39% used [0x00000000a0000000,0x00000000a249c950,0x00000000a5c80000)
 Metaspace       used 56869K, capacity 58974K, committed 59160K, reserved 1099776K
  class space    used 7875K, capacity 8364K, committed 8488K, reserved 1048576K
}
Event: 30.912 GC heap before
{Heap before GC invocations=16 (full 3):
 PSYoungGen      total 212480K, used 194560K [0x00000000e0000000, 0x00000000ee480000, 0x0000000100000000)
  eden space 194560K, 100% used [0x00000000e0000000,0x00000000ebe00000,0x00000000ebe00000)
  from space 17920K, 0% used [0x00000000ed000000,0x00000000ed000000,0x00000000ee180000)
  to   space 18432K, 0% used [0x00000000ebe00000,0x00000000ebe00000,0x00000000ed000000)
 ParOldGen       total 94720K, used 37490K [0x00000000a0000000, 0x00000000a5c80000, 0x00000000e0000000)
  object space 94720K, 39% used [0x00000000a0000000,0x00000000a249c950,0x00000000a5c80000)
 Metaspace       used 65056K, capacity 67588K, committed 67736K, reserved 1107968K
  class space    used 9001K, capacity 9571K, committed 9640K, reserved 1048576K
Event: 30.962 GC heap after
Heap after GC invocations=16 (full 3):
 PSYoungGen      total 212992K, used 17879K [0x00000000e0000000, 0x00000000f0980000, 0x0000000100000000)
  eden space 194560K, 0% used [0x00000000e0000000,0x00000000e0000000,0x00000000ebe00000)
  from space 18432K, 97% used [0x00000000ebe00000,0x00000000ecf75f40,0x00000000ed000000)
  to   space 20992K, 0% used [0x00000000ef500000,0x00000000ef500000,0x00000000f0980000)
 ParOldGen       total 94720K, used 37498K [0x00000000a0000000, 0x00000000a5c80000, 0x00000000e0000000)
  object space 94720K, 39% used [0x00000000a0000000,0x00000000a249e950,0x00000000a5c80000)
 Metaspace       used 65056K, capacity 67588K, committed 67736K, reserved 1107968K
  class space    used 9001K, capacity 9571K, committed 9640K, reserved 1048576K
}
Event: 3192.255 GC heap before
{Heap before GC invocations=17 (full 3):
 PSYoungGen      total 212992K, used 212439K [0x00000000e0000000, 0x00000000f0980000, 0x0000000100000000)
  eden space 194560K, 100% used [0x00000000e0000000,0x00000000ebe00000,0x00000000ebe00000)
  from space 18432K, 97% used [0x00000000ebe00000,0x00000000ecf75f40,0x00000000ed000000)
  to   space 20992K, 0% used [0x00000000ef500000,0x00000000ef500000,0x00000000f0980000)
 ParOldGen       total 94720K, used 37498K [0x00000000a0000000, 0x00000000a5c80000, 0x00000000e0000000)
  object space 94720K, 39% used [0x00000000a0000000,0x00000000a249e950,0x00000000a5c80000)
 Metaspace       used 71876K, capacity 75168K, committed 75416K, reserved 1114112K
  class space    used 9570K, capacity 10405K, committed 10408K, reserved 1048576K
Event: 3192.386 GC heap after
Heap after GC invocations=17 (full 3):
 PSYoungGen      total 244224K, used 20965K [0x00000000e0000000, 0x00000000f0d00000, 0x0000000100000000)
  eden space 223232K, 0% used [0x00000000e0000000,0x00000000e0000000,0x00000000eda00000)
  from space 20992K, 99% used [0x00000000ef500000,0x00000000f0979520,0x00000000f0980000)
  to   space 26112K, 0% used [0x00000000eda00000,0x00000000eda00000,0x00000000ef380000)
 ParOldGen       total 94720K, used 41454K [0x00000000a0000000, 0x00000000a5c80000, 0x00000000e0000000)
  object space 94720K, 43% used [0x00000000a0000000,0x00000000a287b910,0x00000000a5c80000)
 Metaspace       used 71876K, capacity 75168K, committed 75416K, reserved 1114112K
  class space    used 9570K, capacity 10405K, committed 10408K, reserved 1048576K
}
Event: 3200.307 GC heap before
{Heap before GC invocations=18 (full 3):
 PSYoungGen      total 244224K, used 244197K [0x00000000e0000000, 0x00000000f0d00000, 0x0000000100000000)
  eden space 223232K, 100% used [0x00000000e0000000,0x00000000eda00000,0x00000000eda00000)
  from space 20992K, 99% used [0x00000000ef500000,0x00000000f0979520,0x00000000f0980000)
  to   space 26112K, 0% used [0x00000000eda00000,0x00000000eda00000,0x00000000ef380000)
 ParOldGen       total 94720K, used 41454K [0x00000000a0000000, 0x00000000a5c80000, 0x00000000e0000000)
  object space 94720K, 43% used [0x00000000a0000000,0x00000000a287b910,0x00000000a5c80000)
 Metaspace       used 76079K, capacity 79544K, committed 79896K, reserved 1118208K
  class space    used 10091K, capacity 10953K, committed 11048K, reserved 1048576K
Event: 3200.514 GC heap after
Heap after GC invocations=18 (full 3):
 PSYoungGen      total 249344K, used 23754K [0x00000000e0000000, 0x00000000f3900000, 0x0000000100000000)
  eden space 223232K, 0% used [0x00000000e0000000,0x00000000e0000000,0x00000000eda00000)
  from space 26112K, 90% used [0x00000000eda00000,0x00000000ef1329d8,0x00000000ef380000)
  to   space 29184K, 0% used [0x00000000f1c80000,0x00000000f1c80000,0x00000000f3900000)
 ParOldGen       total 94720K, used 52811K [0x00000000a0000000, 0x00000000a5c80000, 0x00000000e0000000)
  object space 94720K, 55% used [0x00000000a0000000,0x00000000a3392ce0,0x00000000a5c80000)
 Metaspace       used 76079K, capacity 79544K, committed 79896K, reserved 1118208K
  class space    used 10091K, capacity 10953K, committed 11048K, reserved 1048576K
}

