# JRE version: OpenJDK Runtime Environment (8.0_212-b04) (build 1.8.0_212-release-1586-b04)
# Java VM: OpenJDK 64-Bit Server VM (25.212-b04 mixed mode windows-amd64 compressed oops)
Heap:
 PSYoungGen      total 165376K, used 51414K [0x00000000e0000000, 0x00000000eb580000, 0x0000000100000000)
  eden space 152064K, 25% used [0x00000000e0000000,0x00000000e25ab7f8,0x00000000e9480000)
  from space 13312K, 96% used [0x00000000ea880000,0x00000000eb50a118,0x00000000eb580000)
  to   space 16896K, 0% used [0x00000000e9480000,0x00000000e9480000,0x00000000ea500000)
 ParOldGen       total 89600K, used 32721K [0x00000000a0000000, 0x00000000a5780000, 0x00000000e0000000)
  object space 89600K, 36% used [0x00000000a0000000,0x00000000a1ff4770,0x00000000a5780000)
 Metaspace       used 60787K, capacity 62832K, committed 62996K, reserved 1103872K
  class space    used 8259K, capacity 8761K, committed 8764K, reserved 1048576K
GC Heap History (10 events):
Event: 18.155 GC heap before
{Heap before GC invocations=15 (full 2):
 PSYoungGen      total 118784K, used 110080K [0x00000000e0000000, 0x00000000e9000000, 0x0000000100000000)
  eden space 110080K, 100% used [0x00000000e0000000,0x00000000e6b80000,0x00000000e6b80000)
  from space 8704K, 0% used [0x00000000e7400000,0x00000000e7400000,0x00000000e7c80000)
  to   space 8704K, 0% used [0x00000000e6b80000,0x00000000e6b80000,0x00000000e7400000)
 ParOldGen       total 56320K, used 17579K [0x00000000a0000000, 0x00000000a3700000, 0x00000000e0000000)
  object space 56320K, 31% used [0x00000000a0000000,0x00000000a112ade8,0x00000000a3700000)
 Metaspace       used 45223K, capacity 46248K, committed 46552K, reserved 1089536K
  class space    used 6054K, capacity 6356K, committed 6400K, reserved 1048576K
Event: 18.183 GC heap after
Heap after GC invocations=15 (full 2):
 PSYoungGen      total 118784K, used 8703K [0x00000000e0000000, 0x00000000e9780000, 0x0000000100000000)
  eden space 110080K, 0% used [0x00000000e0000000,0x00000000e0000000,0x00000000e6b80000)
  from space 8704K, 99% used [0x00000000e6b80000,0x00000000e73ffe60,0x00000000e7400000)
  to   space 11776K, 0% used [0x00000000e8c00000,0x00000000e8c00000,0x00000000e9780000)
 ParOldGen       total 56320K, used 22765K [0x00000000a0000000, 0x00000000a3700000, 0x00000000e0000000)
  object space 56320K, 40% used [0x00000000a0000000,0x00000000a163b780,0x00000000a3700000)
 Metaspace       used 45223K, capacity 46248K, committed 46552K, reserved 1089536K
  class space    used 6054K, capacity 6356K, committed 6400K, reserved 1048576K
}
Event: 21.834 GC heap before
{Heap before GC invocations=16 (full 2):
 PSYoungGen      total 118784K, used 118783K [0x00000000e0000000, 0x00000000e9780000, 0x0000000100000000)
  eden space 110080K, 100% used [0x00000000e0000000,0x00000000e6b80000,0x00000000e6b80000)
  from space 8704K, 99% used [0x00000000e6b80000,0x00000000e73ffe60,0x00000000e7400000)
  to   space 11776K, 0% used [0x00000000e8c00000,0x00000000e8c00000,0x00000000e9780000)
 ParOldGen       total 56320K, used 22765K [0x00000000a0000000, 0x00000000a3700000, 0x00000000e0000000)
  object space 56320K, 40% used [0x00000000a0000000,0x00000000a163b780,0x00000000a3700000)
 Metaspace       used 54883K, capacity 56494K, committed 56664K, reserved 1097728K
  class space    used 7541K, capacity 7956K, committed 8064K, reserved 1048576K
Event: 21.892 GC heap after
Heap after GC invocations=16 (full 2):
 PSYoungGen      total 139264K, used 11748K [0x00000000e0000000, 0x00000000e9f80000, 0x0000000100000000)
  eden space 127488K, 0% used [0x00000000e0000000,0x00000000e0000000,0x00000000e7c80000)
  from space 11776K, 99% used [0x00000000e8c00000,0x00000000e9779008,0x00000000e9780000)
  to   space 15872K, 0% used [0x00000000e7c80000,0x00000000e7c80000,0x00000000e8c00000)
 ParOldGen       total 56320K, used 29987K [0x00000000a0000000, 0x00000000a3700000, 0x00000000e0000000)
  object space 56320K, 53% used [0x00000000a0000000,0x00000000a1d48eb8,0x00000000a3700000)
 Metaspace       used 54883K, capacity 56494K, committed 56664K, reserved 1097728K
  class space    used 7541K, capacity 7956K, committed 8064K, reserved 1048576K
}
Event: 23.518 GC heap before
{Heap before GC invocations=17 (full 2):
 PSYoungGen      total 139264K, used 53451K [0x00000000e0000000, 0x00000000e9f80000, 0x0000000100000000)
  eden space 127488K, 32% used [0x00000000e0000000,0x00000000e28b9dc8,0x00000000e7c80000)
  from space 11776K, 99% used [0x00000000e8c00000,0x00000000e9779008,0x00000000e9780000)
  to   space 15872K, 0% used [0x00000000e7c80000,0x00000000e7c80000,0x00000000e8c00000)
 ParOldGen       total 56320K, used 29987K [0x00000000a0000000, 0x00000000a3700000, 0x00000000e0000000)
  object space 56320K, 53% used [0x00000000a0000000,0x00000000a1d48eb8,0x00000000a3700000)
 Metaspace       used 57178K, capacity 58948K, committed 59028K, reserved 1099776K
  class space    used 7883K, capacity 8335K, committed 8380K, reserved 1048576K
Event: 23.581 GC heap after
Heap after GC invocations=17 (full 2):
 PSYoungGen      total 143360K, used 5717K [0x00000000e0000000, 0x00000000eb780000, 0x0000000100000000)
  eden space 127488K, 0% used [0x00000000e0000000,0x00000000e0000000,0x00000000e7c80000)
  from space 15872K, 36% used [0x00000000e7c80000,0x00000000e8215618,0x00000000e8c00000)
  to   space 15360K, 0% used [0x00000000ea880000,0x00000000ea880000,0x00000000eb780000)
 ParOldGen       total 56320K, used 35889K [0x00000000a0000000, 0x00000000a3700000, 0x00000000e0000000)
  object space 56320K, 63% used [0x00000000a0000000,0x00000000a230c678,0x00000000a3700000)
 Metaspace       used 57178K, capacity 58948K, committed 59028K, reserved 1099776K
  class space    used 7883K, capacity 8335K, committed 8380K, reserved 1048576K
}
Event: 23.581 GC heap before
{Heap before GC invocations=18 (full 3):
 PSYoungGen      total 143360K, used 5717K [0x00000000e0000000, 0x00000000eb780000, 0x0000000100000000)
  eden space 127488K, 0% used [0x00000000e0000000,0x00000000e0000000,0x00000000e7c80000)
  from space 15872K, 36% used [0x00000000e7c80000,0x00000000e8215618,0x00000000e8c00000)
  to   space 15360K, 0% used [0x00000000ea880000,0x00000000ea880000,0x00000000eb780000)
 ParOldGen       total 56320K, used 35889K [0x00000000a0000000, 0x00000000a3700000, 0x00000000e0000000)
  object space 56320K, 63% used [0x00000000a0000000,0x00000000a230c678,0x00000000a3700000)
 Metaspace       used 57178K, capacity 58948K, committed 59028K, reserved 1099776K
  class space    used 7883K, capacity 8335K, committed 8380K, reserved 1048576K
Event: 24.076 GC heap after
Heap after GC invocations=18 (full 3):
 PSYoungGen      total 143360K, used 0K [0x00000000e0000000, 0x00000000eb780000, 0x0000000100000000)
  eden space 127488K, 0% used [0x00000000e0000000,0x00000000e0000000,0x00000000e7c80000)
  from space 15872K, 0% used [0x00000000e7c80000,0x00000000e7c80000,0x00000000e8c00000)
  to   space 15360K, 0% used [0x00000000ea880000,0x00000000ea880000,0x00000000eb780000)
 ParOldGen       total 89600K, used 32713K [0x00000000a0000000, 0x00000000a5780000, 0x00000000e0000000)
  object space 89600K, 36% used [0x00000000a0000000,0x00000000a1ff2770,0x00000000a5780000)
 Metaspace       used 57178K, capacity 58948K, committed 59028K, reserved 1099776K
  class space    used 7883K, capacity 8335K, committed 8380K, reserved 1048576K
}
Event: 30.337 GC heap before
{Heap before GC invocations=19 (full 3):
 PSYoungGen      total 143360K, used 127488K [0x00000000e0000000, 0x00000000eb780000, 0x0000000100000000)
  eden space 127488K, 100% used [0x00000000e0000000,0x00000000e7c80000,0x00000000e7c80000)
  from space 15872K, 0% used [0x00000000e7c80000,0x00000000e7c80000,0x00000000e8c00000)
  to   space 15360K, 0% used [0x00000000ea880000,0x00000000ea880000,0x00000000eb780000)
 ParOldGen       total 89600K, used 32713K [0x00000000a0000000, 0x00000000a5780000, 0x00000000e0000000)
  object space 89600K, 36% used [0x00000000a0000000,0x00000000a1ff2770,0x00000000a5780000)
 Metaspace       used 60032K, capacity 62076K, committed 62228K, reserved 1103872K
  class space    used 8200K, capacity 8731K, committed 8764K, reserved 1048576K
Event: 30.393 GC heap after
Heap after GC invocations=19 (full 3):
 PSYoungGen      total 165376K, used 12840K [0x00000000e0000000, 0x00000000eb580000, 0x0000000100000000)
  eden space 152064K, 0% used [0x00000000e0000000,0x00000000e0000000,0x00000000e9480000)
  from space 13312K, 96% used [0x00000000ea880000,0x00000000eb50a118,0x00000000eb580000)
  to   space 16896K, 0% used [0x00000000e9480000,0x00000000e9480000,0x00000000ea500000)
 ParOldGen       total 89600K, used 32721K [0x00000000a0000000, 0x00000000a5780000, 0x00000000e0000000)
  object space 89600K, 36% used [0x00000000a0000000,0x00000000a1ff4770,0x00000000a5780000)
 Metaspace       used 60032K, capacity 62076K, committed 62228K, reserved 1103872K
  class space    used 8200K, capacity 8731K, committed 8764K, reserved 1048576K
}

