# JRE version: OpenJDK Runtime Environment (8.0_212-b04) (build 1.8.0_212-release-1586-b04)
# Java VM: OpenJDK 64-Bit Server VM (25.212-b04 mixed mode windows-amd64 compressed oops)
Heap:
 PSYoungGen      total 428544K, used 324791K [0x00000000e0000000, 0x0000000100000000, 0x0000000100000000)
  eden space 332288K, 82% used [0x00000000e0000000,0x00000000f0b71070,0x00000000f4480000)
  from space 96256K, 52% used [0x00000000fa200000,0x00000000fd3bcc30,0x0000000100000000)
  to   space 95744K, 0% used [0x00000000f4480000,0x00000000f4480000,0x00000000fa200000)
 ParOldGen       total 228352K, used 111224K [0x00000000a0000000, 0x00000000adf00000, 0x00000000e0000000)
  object space 228352K, 48% used [0x00000000a0000000,0x00000000a6c9e0c0,0x00000000adf00000)
 Metaspace       used 91544K, capacity 95260K, committed 95488K, reserved 1132544K
  class space    used 11700K, capacity 12485K, committed 12544K, reserved 1048576K
GC Heap History (10 events):
Event: 65.836 GC heap before
{Heap before GC invocations=23 (full 4):
 PSYoungGen      total 288768K, used 288739K [0x00000000e0000000, 0x00000000f8780000, 0x0000000100000000)
  eden space 251904K, 100% used [0x00000000e0000000,0x00000000ef600000,0x00000000ef600000)
  from space 36864K, 99% used [0x00000000f2f00000,0x00000000f52f8d40,0x00000000f5300000)
  to   space 58368K, 0% used [0x00000000ef600000,0x00000000ef600000,0x00000000f2f00000)
 ParOldGen       total 161792K, used 118207K [0x00000000a0000000, 0x00000000a9e00000, 0x00000000e0000000)
  object space 161792K, 73% used [0x00000000a0000000,0x00000000a736fc68,0x00000000a9e00000)
 Metaspace       used 86522K, capacity 90018K, committed 90112K, reserved 1126400K
  class space    used 11419K, capacity 12200K, committed 12288K, reserved 1048576K
Event: 66.090 GC heap after
Heap after GC invocations=23 (full 4):
 PSYoungGen      total 310272K, used 36585K [0x00000000e0000000, 0x00000000f9780000, 0x0000000100000000)
  eden space 251904K, 0% used [0x00000000e0000000,0x00000000e0000000,0x00000000ef600000)
  from space 58368K, 62% used [0x00000000ef600000,0x00000000f19ba780,0x00000000f2f00000)
  to   space 60416K, 0% used [0x00000000f5c80000,0x00000000f5c80000,0x00000000f9780000)
 ParOldGen       total 161792K, used 118215K [0x00000000a0000000, 0x00000000a9e00000, 0x00000000e0000000)
  object space 161792K, 73% used [0x00000000a0000000,0x00000000a7371c68,0x00000000a9e00000)
 Metaspace       used 86522K, capacity 90018K, committed 90112K, reserved 1126400K
  class space    used 11419K, capacity 12200K, committed 12288K, reserved 1048576K
}
Event: 523.366 GC heap before
{Heap before GC invocations=24 (full 4):
 PSYoungGen      total 310272K, used 288489K [0x00000000e0000000, 0x00000000f9780000, 0x0000000100000000)
  eden space 251904K, 100% used [0x00000000e0000000,0x00000000ef600000,0x00000000ef600000)
  from space 58368K, 62% used [0x00000000ef600000,0x00000000f19ba780,0x00000000f2f00000)
  to   space 60416K, 0% used [0x00000000f5c80000,0x00000000f5c80000,0x00000000f9780000)
 ParOldGen       total 161792K, used 118215K [0x00000000a0000000, 0x00000000a9e00000, 0x00000000e0000000)
  object space 161792K, 73% used [0x00000000a0000000,0x00000000a7371c68,0x00000000a9e00000)
 Metaspace       used 90657K, capacity 94224K, committed 94464K, reserved 1130496K
  class space    used 11676K, capacity 12453K, committed 12544K, reserved 1048576K
Event: 523.616 GC heap after
Heap after GC invocations=24 (full 4):
 PSYoungGen      total 345088K, used 60409K [0x00000000e0000000, 0x00000000fa800000, 0x0000000100000000)
  eden space 284672K, 0% used [0x00000000e0000000,0x00000000e0000000,0x00000000f1600000)
  from space 60416K, 99% used [0x00000000f5c80000,0x00000000f977e7b0,0x00000000f9780000)
  to   space 72192K, 0% used [0x00000000f1600000,0x00000000f1600000,0x00000000f5c80000)
 ParOldGen       total 161792K, used 122791K [0x00000000a0000000, 0x00000000a9e00000, 0x00000000e0000000)
  object space 161792K, 75% used [0x00000000a0000000,0x00000000a77e9cc8,0x00000000a9e00000)
 Metaspace       used 90657K, capacity 94224K, committed 94464K, reserved 1130496K
  class space    used 11676K, capacity 12453K, committed 12544K, reserved 1048576K
}
Event: 528.250 GC heap before
{Heap before GC invocations=25 (full 4):
 PSYoungGen      total 345088K, used 345081K [0x00000000e0000000, 0x00000000fa800000, 0x0000000100000000)
  eden space 284672K, 100% used [0x00000000e0000000,0x00000000f1600000,0x00000000f1600000)
  from space 60416K, 99% used [0x00000000f5c80000,0x00000000f977e7b0,0x00000000f9780000)
  to   space 72192K, 0% used [0x00000000f1600000,0x00000000f1600000,0x00000000f5c80000)
 ParOldGen       total 161792K, used 122791K [0x00000000a0000000, 0x00000000a9e00000, 0x00000000e0000000)
  object space 161792K, 75% used [0x00000000a0000000,0x00000000a77e9cc8,0x00000000a9e00000)
 Metaspace       used 91004K, capacity 94616K, committed 94720K, reserved 1132544K
  class space    used 11684K, capacity 12463K, committed 12544K, reserved 1048576K
Event: 528.564 GC heap after
Heap after GC invocations=25 (full 4):
 PSYoungGen      total 356864K, used 72170K [0x00000000e0000000, 0x0000000100000000, 0x0000000100000000)
  eden space 284672K, 0% used [0x00000000e0000000,0x00000000e0000000,0x00000000f1600000)
  from space 72192K, 99% used [0x00000000f1600000,0x00000000f5c7aa08,0x00000000f5c80000)
  to   space 96256K, 0% used [0x00000000fa200000,0x00000000fa200000,0x0000000100000000)
 ParOldGen       total 161792K, used 153933K [0x00000000a0000000, 0x00000000a9e00000, 0x00000000e0000000)
  object space 161792K, 95% used [0x00000000a0000000,0x00000000a96537a8,0x00000000a9e00000)
 Metaspace       used 91004K, capacity 94616K, committed 94720K, reserved 1132544K
  class space    used 11684K, capacity 12463K, committed 12544K, reserved 1048576K
}
Event: 528.564 GC heap before
{Heap before GC invocations=26 (full 5):
 PSYoungGen      total 356864K, used 72170K [0x00000000e0000000, 0x0000000100000000, 0x0000000100000000)
  eden space 284672K, 0% used [0x00000000e0000000,0x00000000e0000000,0x00000000f1600000)
  from space 72192K, 99% used [0x00000000f1600000,0x00000000f5c7aa08,0x00000000f5c80000)
  to   space 96256K, 0% used [0x00000000fa200000,0x00000000fa200000,0x0000000100000000)
 ParOldGen       total 161792K, used 153933K [0x00000000a0000000, 0x00000000a9e00000, 0x00000000e0000000)
  object space 161792K, 95% used [0x00000000a0000000,0x00000000a96537a8,0x00000000a9e00000)
 Metaspace       used 91004K, capacity 94616K, committed 94720K, reserved 1132544K
  class space    used 11684K, capacity 12463K, committed 12544K, reserved 1048576K
Event: 529.556 GC heap after
Heap after GC invocations=26 (full 5):
 PSYoungGen      total 356864K, used 0K [0x00000000e0000000, 0x0000000100000000, 0x0000000100000000)
  eden space 284672K, 0% used [0x00000000e0000000,0x00000000e0000000,0x00000000f1600000)
  from space 72192K, 0% used [0x00000000f1600000,0x00000000f1600000,0x00000000f5c80000)
  to   space 96256K, 0% used [0x00000000fa200000,0x00000000fa200000,0x0000000100000000)
 ParOldGen       total 228352K, used 111216K [0x00000000a0000000, 0x00000000adf00000, 0x00000000e0000000)
  object space 228352K, 48% used [0x00000000a0000000,0x00000000a6c9c0c0,0x00000000adf00000)
 Metaspace       used 90386K, capacity 93964K, committed 94720K, reserved 1132544K
  class space    used 11620K, capacity 12391K, committed 12544K, reserved 1048576K
}
Event: 532.806 GC heap before
{Heap before GC invocations=27 (full 5):
 PSYoungGen      total 356864K, used 284672K [0x00000000e0000000, 0x0000000100000000, 0x0000000100000000)
  eden space 284672K, 100% used [0x00000000e0000000,0x00000000f1600000,0x00000000f1600000)
  from space 72192K, 0% used [0x00000000f1600000,0x00000000f1600000,0x00000000f5c80000)
  to   space 96256K, 0% used [0x00000000fa200000,0x00000000fa200000,0x0000000100000000)
 ParOldGen       total 228352K, used 111216K [0x00000000a0000000, 0x00000000adf00000, 0x00000000e0000000)
  object space 228352K, 48% used [0x00000000a0000000,0x00000000a6c9c0c0,0x00000000adf00000)
 Metaspace       used 90433K, capacity 94034K, committed 94720K, reserved 1132544K
  class space    used 11620K, capacity 12392K, committed 12544K, reserved 1048576K
Event: 532.970 GC heap after
Heap after GC invocations=27 (full 5):
 PSYoungGen      total 428544K, used 50931K [0x00000000e0000000, 0x0000000100000000, 0x0000000100000000)
  eden space 332288K, 0% used [0x00000000e0000000,0x00000000e0000000,0x00000000f4480000)
  from space 96256K, 52% used [0x00000000fa200000,0x00000000fd3bcc30,0x0000000100000000)
  to   space 95744K, 0% used [0x00000000f4480000,0x00000000f4480000,0x00000000fa200000)
 ParOldGen       total 228352K, used 111224K [0x00000000a0000000, 0x00000000adf00000, 0x00000000e0000000)
  object space 228352K, 48% used [0x00000000a0000000,0x00000000a6c9e0c0,0x00000000adf00000)
 Metaspace       used 90433K, capacity 94034K, committed 94720K, reserved 1132544K
  class space    used 11620K, capacity 12392K, committed 12544K, reserved 1048576K
}

