# JRE version: OpenJDK Runtime Environment (8.0_212-b04) (build 1.8.0_212-release-1586-b04)
# Java VM: OpenJDK 64-Bit Server VM (25.212-b04 mixed mode windows-amd64 compressed oops)
Heap:
 PSYoungGen      total 242176K, used 61912K [0x00000000e0000000, 0x00000000f6600000, 0x0000000100000000)
  eden space 221696K, 21% used [0x00000000e0000000,0x00000000e2d98118,0x00000000ed880000)
  from space 20480K, 74% used [0x00000000f0800000,0x00000000f16de118,0x00000000f1c00000)
  to   space 48640K, 0% used [0x00000000ed880000,0x00000000ed880000,0x00000000f0800000)
 ParOldGen       total 104960K, used 104488K [0x00000000a0000000, 0x00000000a6680000, 0x00000000e0000000)
  object space 104960K, 99% used [0x00000000a0000000,0x00000000a660a258,0x00000000a6680000)
 Metaspace       used 64815K, capacity 67114K, committed 67328K, reserved 1107968K
  class space    used 8926K, capacity 9418K, committed 9472K, reserved 1048576K
GC Heap History (10 events):
Event: 22.389 GC heap before
{Heap before GC invocations=14 (full 2):
 PSYoungGen      total 180224K, used 120356K [0x00000000e0000000, 0x00000000ef100000, 0x0000000100000000)
  eden space 166912K, 64% used [0x00000000e0000000,0x00000000e688d450,0x00000000ea300000)
  from space 13312K, 99% used [0x00000000ea300000,0x00000000eaffbd18,0x00000000eb000000)
  to   space 18432K, 0% used [0x00000000edf00000,0x00000000edf00000,0x00000000ef100000)
 ParOldGen       total 53760K, used 26349K [0x00000000a0000000, 0x00000000a3480000, 0x00000000e0000000)
  object space 53760K, 49% used [0x00000000a0000000,0x00000000a19bb6b0,0x00000000a3480000)
 Metaspace       used 57189K, capacity 59004K, committed 59096K, reserved 1099776K
  class space    used 7844K, capacity 8289K, committed 8320K, reserved 1048576K
Event: 22.493 GC heap after
Heap after GC invocations=14 (full 2):
 PSYoungGen      total 227840K, used 11835K [0x00000000e0000000, 0x00000000ef500000, 0x0000000100000000)
  eden space 209408K, 0% used [0x00000000e0000000,0x00000000e0000000,0x00000000ecc80000)
  from space 18432K, 64% used [0x00000000edf00000,0x00000000eea8eca8,0x00000000ef100000)
  to   space 18944K, 0% used [0x00000000ecc80000,0x00000000ecc80000,0x00000000edf00000)
 ParOldGen       total 53760K, used 36740K [0x00000000a0000000, 0x00000000a3480000, 0x00000000e0000000)
  object space 53760K, 68% used [0x00000000a0000000,0x00000000a23e1370,0x00000000a3480000)
 Metaspace       used 57189K, capacity 59004K, committed 59096K, reserved 1099776K
  class space    used 7844K, capacity 8289K, committed 8320K, reserved 1048576K
}
Event: 22.493 GC heap before
{Heap before GC invocations=15 (full 3):
 PSYoungGen      total 227840K, used 11835K [0x00000000e0000000, 0x00000000ef500000, 0x0000000100000000)
  eden space 209408K, 0% used [0x00000000e0000000,0x00000000e0000000,0x00000000ecc80000)
  from space 18432K, 64% used [0x00000000edf00000,0x00000000eea8eca8,0x00000000ef100000)
  to   space 18944K, 0% used [0x00000000ecc80000,0x00000000ecc80000,0x00000000edf00000)
 ParOldGen       total 53760K, used 36740K [0x00000000a0000000, 0x00000000a3480000, 0x00000000e0000000)
  object space 53760K, 68% used [0x00000000a0000000,0x00000000a23e1370,0x00000000a3480000)
 Metaspace       used 57189K, capacity 59004K, committed 59096K, reserved 1099776K
  class space    used 7844K, capacity 8289K, committed 8320K, reserved 1048576K
Event: 23.160 GC heap after
Heap after GC invocations=15 (full 3):
 PSYoungGen      total 227840K, used 0K [0x00000000e0000000, 0x00000000ef500000, 0x0000000100000000)
  eden space 209408K, 0% used [0x00000000e0000000,0x00000000e0000000,0x00000000ecc80000)
  from space 18432K, 0% used [0x00000000edf00000,0x00000000edf00000,0x00000000ef100000)
  to   space 18944K, 0% used [0x00000000ecc80000,0x00000000ecc80000,0x00000000edf00000)
 ParOldGen       total 90624K, used 36967K [0x00000000a0000000, 0x00000000a5880000, 0x00000000e0000000)
  object space 90624K, 40% used [0x00000000a0000000,0x00000000a2419d08,0x00000000a5880000)
 Metaspace       used 57189K, capacity 59004K, committed 59096K, reserved 1099776K
  class space    used 7844K, capacity 8289K, committed 8320K, reserved 1048576K
}
Event: 30.808 GC heap before
{Heap before GC invocations=16 (full 3):
 PSYoungGen      total 227840K, used 209408K [0x00000000e0000000, 0x00000000ef500000, 0x0000000100000000)
  eden space 209408K, 100% used [0x00000000e0000000,0x00000000ecc80000,0x00000000ecc80000)
  from space 18432K, 0% used [0x00000000edf00000,0x00000000edf00000,0x00000000ef100000)
  to   space 18944K, 0% used [0x00000000ecc80000,0x00000000ecc80000,0x00000000edf00000)
 ParOldGen       total 90624K, used 36967K [0x00000000a0000000, 0x00000000a5880000, 0x00000000e0000000)
  object space 90624K, 40% used [0x00000000a0000000,0x00000000a2419d08,0x00000000a5880000)
 Metaspace       used 59320K, capacity 61310K, committed 61312K, reserved 1101824K
  class space    used 8088K, capacity 8576K, committed 8576K, reserved 1048576K
Event: 30.854 GC heap after
Heap after GC invocations=16 (full 3):
 PSYoungGen      total 228352K, used 15214K [0x00000000e0000000, 0x00000000f1c00000, 0x0000000100000000)
  eden space 209408K, 0% used [0x00000000e0000000,0x00000000e0000000,0x00000000ecc80000)
  from space 18944K, 80% used [0x00000000ecc80000,0x00000000edb5b8b0,0x00000000edf00000)
  to   space 20480K, 0% used [0x00000000f0800000,0x00000000f0800000,0x00000000f1c00000)
 ParOldGen       total 90624K, used 36975K [0x00000000a0000000, 0x00000000a5880000, 0x00000000e0000000)
  object space 90624K, 40% used [0x00000000a0000000,0x00000000a241bd08,0x00000000a5880000)
 Metaspace       used 59320K, capacity 61310K, committed 61312K, reserved 1101824K
  class space    used 8088K, capacity 8576K, committed 8576K, reserved 1048576K
}
Event: 35.142 GC heap before
{Heap before GC invocations=17 (full 3):
 PSYoungGen      total 228352K, used 224622K [0x00000000e0000000, 0x00000000f1c00000, 0x0000000100000000)
  eden space 209408K, 100% used [0x00000000e0000000,0x00000000ecc80000,0x00000000ecc80000)
  from space 18944K, 80% used [0x00000000ecc80000,0x00000000edb5b8b0,0x00000000edf00000)
  to   space 20480K, 0% used [0x00000000f0800000,0x00000000f0800000,0x00000000f1c00000)
 ParOldGen       total 90624K, used 36975K [0x00000000a0000000, 0x00000000a5880000, 0x00000000e0000000)
  object space 90624K, 40% used [0x00000000a0000000,0x00000000a241bd08,0x00000000a5880000)
 Metaspace       used 64554K, capacity 66796K, committed 67072K, reserved 1107968K
  class space    used 8902K, capacity 9409K, committed 9472K, reserved 1048576K
Event: 35.569 GC heap after
Heap after GC invocations=17 (full 3):
 PSYoungGen      total 242176K, used 20471K [0x00000000e0000000, 0x00000000f6600000, 0x0000000100000000)
  eden space 221696K, 0% used [0x00000000e0000000,0x00000000e0000000,0x00000000ed880000)
  from space 20480K, 99% used [0x00000000f0800000,0x00000000f1bfdf38,0x00000000f1c00000)
  to   space 48640K, 0% used [0x00000000ed880000,0x00000000ed880000,0x00000000f0800000)
 ParOldGen       total 104960K, used 104670K [0x00000000a0000000, 0x00000000a6680000, 0x00000000e0000000)
  object space 104960K, 99% used [0x00000000a0000000,0x00000000a6637a48,0x00000000a6680000)
 Metaspace       used 64554K, capacity 66796K, committed 67072K, reserved 1107968K
  class space    used 8902K, capacity 9409K, committed 9472K, reserved 1048576K
}
Event: 35.569 GC heap before
{Heap before GC invocations=18 (full 4):
 PSYoungGen      total 242176K, used 20471K [0x00000000e0000000, 0x00000000f6600000, 0x0000000100000000)
  eden space 221696K, 0% used [0x00000000e0000000,0x00000000e0000000,0x00000000ed880000)
  from space 20480K, 99% used [0x00000000f0800000,0x00000000f1bfdf38,0x00000000f1c00000)
  to   space 48640K, 0% used [0x00000000ed880000,0x00000000ed880000,0x00000000f0800000)
 ParOldGen       total 104960K, used 104670K [0x00000000a0000000, 0x00000000a6680000, 0x00000000e0000000)
  object space 104960K, 99% used [0x00000000a0000000,0x00000000a6637a48,0x00000000a6680000)
 Metaspace       used 64554K, capacity 66796K, committed 67072K, reserved 1107968K
  class space    used 8902K, capacity 9409K, committed 9472K, reserved 1048576K
Event: 37.269 GC heap after
Heap after GC invocations=18 (full 4):
 PSYoungGen      total 242176K, used 15224K [0x00000000e0000000, 0x00000000f6600000, 0x0000000100000000)
  eden space 221696K, 0% used [0x00000000e0000000,0x00000000e0000000,0x00000000ed880000)
  from space 20480K, 74% used [0x00000000f0800000,0x00000000f16de118,0x00000000f1c00000)
  to   space 48640K, 0% used [0x00000000ed880000,0x00000000ed880000,0x00000000f0800000)
 ParOldGen       total 104960K, used 104488K [0x00000000a0000000, 0x00000000a6680000, 0x00000000e0000000)
  object space 104960K, 99% used [0x00000000a0000000,0x00000000a660a258,0x00000000a6680000)
 Metaspace       used 64550K, capacity 66786K, committed 67072K, reserved 1107968K
  class space    used 8900K, capacity 9406K, committed 9472K, reserved 1048576K
}

