# JRE version: OpenJDK Runtime Environment (8.0_212-b04) (build 1.8.0_212-release-1586-b04)
# Java VM: OpenJDK 64-Bit Server VM (25.212-b04 mixed mode windows-amd64 compressed oops)
Heap:
 PSYoungGen      total 291840K, used 109861K [0x00000000e0000000, 0x00000000f5680000, 0x0000000100000000)
  eden space 265216K, 36% used [0x00000000e0000000,0x00000000e5da68e8,0x00000000f0300000)
  from space 26624K, 52% used [0x00000000f1c00000,0x00000000f29a2cf0,0x00000000f3600000)
  to   space 25600K, 0% used [0x00000000f0300000,0x00000000f0300000,0x00000000f1c00000)
 ParOldGen       total 89088K, used 62630K [0x00000000a0000000, 0x00000000a5700000, 0x00000000e0000000)
  object space 89088K, 70% used [0x00000000a0000000,0x00000000a3d29810,0x00000000a5700000)
 Metaspace       used 85439K, capacity 88696K, committed 88792K, reserved 1126400K
  class space    used 11064K, capacity 11755K, committed 11776K, reserved 1048576K
GC Heap History (10 events):
Event: 43.177 GC heap before
{Heap before GC invocations=17 (full 3):
 PSYoungGen      total 211456K, used 211433K [0x00000000e0000000, 0x00000000f0980000, 0x0000000100000000)
  eden space 194048K, 100% used [0x00000000e0000000,0x00000000ebd80000,0x00000000ebd80000)
  from space 17408K, 99% used [0x00000000ebd80000,0x00000000ece7a7c0,0x00000000ece80000)
  to   space 20992K, 0% used [0x00000000ef500000,0x00000000ef500000,0x00000000f0980000)
 ParOldGen       total 89088K, used 34468K [0x00000000a0000000, 0x00000000a5700000, 0x00000000e0000000)
  object space 89088K, 38% used [0x00000000a0000000,0x00000000a21a93e8,0x00000000a5700000)
 Metaspace       used 68801K, capacity 70922K, committed 71256K, reserved 1112064K
  class space    used 9004K, capacity 9492K, committed 9600K, reserved 1048576K
Event: 43.232 GC heap after
Heap after GC invocations=17 (full 3):
 PSYoungGen      total 244736K, used 11369K [0x00000000e0000000, 0x00000000f0680000, 0x0000000100000000)
  eden space 226816K, 0% used [0x00000000e0000000,0x00000000e0000000,0x00000000edd80000)
  from space 17920K, 63% used [0x00000000ef500000,0x00000000f001a430,0x00000000f0680000)
  to   space 20992K, 0% used [0x00000000edd80000,0x00000000edd80000,0x00000000ef200000)
 ParOldGen       total 89088K, used 45899K [0x00000000a0000000, 0x00000000a5700000, 0x00000000e0000000)
  object space 89088K, 51% used [0x00000000a0000000,0x00000000a2cd2e40,0x00000000a5700000)
 Metaspace       used 68801K, capacity 70922K, committed 71256K, reserved 1112064K
  class space    used 9004K, capacity 9492K, committed 9600K, reserved 1048576K
}
Event: 50.799 GC heap before
{Heap before GC invocations=18 (full 3):
 PSYoungGen      total 244736K, used 238185K [0x00000000e0000000, 0x00000000f0680000, 0x0000000100000000)
  eden space 226816K, 100% used [0x00000000e0000000,0x00000000edd80000,0x00000000edd80000)
  from space 17920K, 63% used [0x00000000ef500000,0x00000000f001a430,0x00000000f0680000)
  to   space 20992K, 0% used [0x00000000edd80000,0x00000000edd80000,0x00000000ef200000)
 ParOldGen       total 89088K, used 45899K [0x00000000a0000000, 0x00000000a5700000, 0x00000000e0000000)
  object space 89088K, 51% used [0x00000000a0000000,0x00000000a2cd2e40,0x00000000a5700000)
 Metaspace       used 81896K, capacity 84680K, committed 84696K, reserved 1122304K
  class space    used 10625K, capacity 11257K, committed 11264K, reserved 1048576K
Event: 50.874 GC heap after
Heap after GC invocations=18 (full 3):
 PSYoungGen      total 247808K, used 20991K [0x00000000e0000000, 0x00000000f3600000, 0x0000000100000000)
  eden space 226816K, 0% used [0x00000000e0000000,0x00000000e0000000,0x00000000edd80000)
  from space 20992K, 99% used [0x00000000edd80000,0x00000000ef1ffc88,0x00000000ef200000)
  to   space 26624K, 0% used [0x00000000f1c00000,0x00000000f1c00000,0x00000000f3600000)
 ParOldGen       total 89088K, used 53250K [0x00000000a0000000, 0x00000000a5700000, 0x00000000e0000000)
  object space 89088K, 59% used [0x00000000a0000000,0x00000000a3400b00,0x00000000a5700000)
 Metaspace       used 81896K, capacity 84680K, committed 84696K, reserved 1122304K
  class space    used 10625K, capacity 11257K, committed 11264K, reserved 1048576K
}
Event: 57.335 GC heap before
{Heap before GC invocations=19 (full 3):
 PSYoungGen      total 247808K, used 247807K [0x00000000e0000000, 0x00000000f3600000, 0x0000000100000000)
  eden space 226816K, 100% used [0x00000000e0000000,0x00000000edd80000,0x00000000edd80000)
  from space 20992K, 99% used [0x00000000edd80000,0x00000000ef1ffc88,0x00000000ef200000)
  to   space 26624K, 0% used [0x00000000f1c00000,0x00000000f1c00000,0x00000000f3600000)
 ParOldGen       total 89088K, used 53250K [0x00000000a0000000, 0x00000000a5700000, 0x00000000e0000000)
  object space 89088K, 59% used [0x00000000a0000000,0x00000000a3400b00,0x00000000a5700000)
 Metaspace       used 85112K, capacity 88346K, committed 88536K, reserved 1126400K
  class space    used 11045K, capacity 11718K, committed 11776K, reserved 1048576K
Event: 57.419 GC heap after
Heap after GC invocations=19 (full 3):
 PSYoungGen      total 290816K, used 15529K [0x00000000e0000000, 0x00000000f3680000, 0x0000000100000000)
  eden space 264192K, 0% used [0x00000000e0000000,0x00000000e0000000,0x00000000f0200000)
  from space 26624K, 58% used [0x00000000f1c00000,0x00000000f2b2a740,0x00000000f3600000)
  to   space 26624K, 0% used [0x00000000f0200000,0x00000000f0200000,0x00000000f1c00000)
 ParOldGen       total 89088K, used 62622K [0x00000000a0000000, 0x00000000a5700000, 0x00000000e0000000)
  object space 89088K, 70% used [0x00000000a0000000,0x00000000a3d27810,0x00000000a5700000)
 Metaspace       used 85112K, capacity 88346K, committed 88536K, reserved 1126400K
  class space    used 11045K, capacity 11718K, committed 11776K, reserved 1048576K
}
Event: 62.092 GC heap before
{Heap before GC invocations=20 (full 3):
 PSYoungGen      total 290816K, used 279721K [0x00000000e0000000, 0x00000000f3680000, 0x0000000100000000)
  eden space 264192K, 100% used [0x00000000e0000000,0x00000000f0200000,0x00000000f0200000)
  from space 26624K, 58% used [0x00000000f1c00000,0x00000000f2b2a740,0x00000000f3600000)
  to   space 26624K, 0% used [0x00000000f0200000,0x00000000f0200000,0x00000000f1c00000)
 ParOldGen       total 89088K, used 62622K [0x00000000a0000000, 0x00000000a5700000, 0x00000000e0000000)
  object space 89088K, 70% used [0x00000000a0000000,0x00000000a3d27810,0x00000000a5700000)
 Metaspace       used 85310K, capacity 88542K, committed 88792K, reserved 1126400K
  class space    used 11059K, capacity 11752K, committed 11776K, reserved 1048576K
Event: 62.231 GC heap after
Heap after GC invocations=20 (full 3):
 PSYoungGen      total 290816K, used 13936K [0x00000000e0000000, 0x00000000f3680000, 0x0000000100000000)
  eden space 264192K, 0% used [0x00000000e0000000,0x00000000e0000000,0x00000000f0200000)
  from space 26624K, 52% used [0x00000000f0200000,0x00000000f0f9c180,0x00000000f1c00000)
  to   space 26624K, 0% used [0x00000000f1c00000,0x00000000f1c00000,0x00000000f3600000)
 ParOldGen       total 89088K, used 62630K [0x00000000a0000000, 0x00000000a5700000, 0x00000000e0000000)
  object space 89088K, 70% used [0x00000000a0000000,0x00000000a3d29810,0x00000000a5700000)
 Metaspace       used 85310K, capacity 88542K, committed 88792K, reserved 1126400K
  class space    used 11059K, capacity 11752K, committed 11776K, reserved 1048576K
}
Event: 66.554 GC heap before
{Heap before GC invocations=21 (full 3):
 PSYoungGen      total 290816K, used 278128K [0x00000000e0000000, 0x00000000f3680000, 0x0000000100000000)
  eden space 264192K, 100% used [0x00000000e0000000,0x00000000f0200000,0x00000000f0200000)
  from space 26624K, 52% used [0x00000000f0200000,0x00000000f0f9c180,0x00000000f1c00000)
  to   space 26624K, 0% used [0x00000000f1c00000,0x00000000f1c00000,0x00000000f3600000)
 ParOldGen       total 89088K, used 62630K [0x00000000a0000000, 0x00000000a5700000, 0x00000000e0000000)
  object space 89088K, 70% used [0x00000000a0000000,0x00000000a3d29810,0x00000000a5700000)
 Metaspace       used 85419K, capacity 88628K, committed 88792K, reserved 1126400K
  class space    used 11064K, capacity 11755K, committed 11776K, reserved 1048576K
Event: 66.604 GC heap after
Heap after GC invocations=21 (full 3):
 PSYoungGen      total 291840K, used 13963K [0x00000000e0000000, 0x00000000f5680000, 0x0000000100000000)
  eden space 265216K, 0% used [0x00000000e0000000,0x00000000e0000000,0x00000000f0300000)
  from space 26624K, 52% used [0x00000000f1c00000,0x00000000f29a2cf0,0x00000000f3600000)
  to   space 25600K, 0% used [0x00000000f0300000,0x00000000f0300000,0x00000000f1c00000)
 ParOldGen       total 89088K, used 62630K [0x00000000a0000000, 0x00000000a5700000, 0x00000000e0000000)
  object space 89088K, 70% used [0x00000000a0000000,0x00000000a3d29810,0x00000000a5700000)
 Metaspace       used 85419K, capacity 88628K, committed 88792K, reserved 1126400K
  class space    used 11064K, capacity 11755K, committed 11776K, reserved 1048576K
}

