# JRE version: OpenJDK Runtime Environment (8.0_212-b04) (build 1.8.0_212-release-1586-b04)
# Java VM: OpenJDK 64-Bit Server VM (25.212-b04 mixed mode windows-amd64 compressed oops)
Heap:
 PSYoungGen      total 226816K, used 96635K [0x00000000e0000000, 0x00000000f1b00000, 0x0000000100000000)
  eden space 206336K, 46% used [0x00000000e0000000,0x00000000e5e5ee60,0x00000000ec980000)
  from space 20480K, 0% used [0x00000000f0700000,0x00000000f0700000,0x00000000f1b00000)
  to   space 18944K, 0% used [0x00000000ec980000,0x00000000ec980000,0x00000000edc00000)
 ParOldGen       total 158720K, used 48519K [0x00000000a0000000, 0x00000000a9b00000, 0x00000000e0000000)
  object space 158720K, 30% used [0x00000000a0000000,0x00000000a2f61ce0,0x00000000a9b00000)
 Metaspace       used 69894K, capacity 72578K, committed 72704K, reserved 1112064K
  class space    used 9624K, capacity 10194K, committed 10240K, reserved 1048576K
GC Heap History (10 events):
Event: 21.199 GC heap before
{Heap before GC invocations=15 (full 3):
 PSYoungGen      total 224768K, used 12241K [0x00000000e0000000, 0x00000000ef280000, 0x0000000100000000)
  eden space 206336K, 0% used [0x00000000e0000000,0x00000000e0000000,0x00000000ec980000)
  from space 18432K, 66% used [0x00000000edc00000,0x00000000ee7f4568,0x00000000eee00000)
  to   space 18944K, 0% used [0x00000000ec980000,0x00000000ec980000,0x00000000edc00000)
 ParOldGen       total 54784K, used 36435K [0x00000000a0000000, 0x00000000a3580000, 0x00000000e0000000)
  object space 54784K, 66% used [0x00000000a0000000,0x00000000a2394e50,0x00000000a3580000)
 Metaspace       used 57188K, capacity 59004K, committed 59096K, reserved 1099776K
  class space    used 7843K, capacity 8289K, committed 8320K, reserved 1048576K
Event: 21.759 GC heap after
Heap after GC invocations=15 (full 3):
 PSYoungGen      total 224768K, used 0K [0x00000000e0000000, 0x00000000ef280000, 0x0000000100000000)
  eden space 206336K, 0% used [0x00000000e0000000,0x00000000e0000000,0x00000000ec980000)
  from space 18432K, 0% used [0x00000000edc00000,0x00000000edc00000,0x00000000eee00000)
  to   space 18944K, 0% used [0x00000000ec980000,0x00000000ec980000,0x00000000edc00000)
 ParOldGen       total 91648K, used 37177K [0x00000000a0000000, 0x00000000a5980000, 0x00000000e0000000)
  object space 91648K, 40% used [0x00000000a0000000,0x00000000a244e4a0,0x00000000a5980000)
 Metaspace       used 57188K, capacity 59004K, committed 59096K, reserved 1099776K
  class space    used 7843K, capacity 8289K, committed 8320K, reserved 1048576K
}
Event: 28.548 GC heap before
{Heap before GC invocations=16 (full 3):
 PSYoungGen      total 224768K, used 206336K [0x00000000e0000000, 0x00000000ef280000, 0x0000000100000000)
  eden space 206336K, 100% used [0x00000000e0000000,0x00000000ec980000,0x00000000ec980000)
  from space 18432K, 0% used [0x00000000edc00000,0x00000000edc00000,0x00000000eee00000)
  to   space 18944K, 0% used [0x00000000ec980000,0x00000000ec980000,0x00000000edc00000)
 ParOldGen       total 91648K, used 37177K [0x00000000a0000000, 0x00000000a5980000, 0x00000000e0000000)
  object space 91648K, 40% used [0x00000000a0000000,0x00000000a244e4a0,0x00000000a5980000)
 Metaspace       used 59329K, capacity 61308K, committed 61312K, reserved 1101824K
  class space    used 8087K, capacity 8575K, committed 8576K, reserved 1048576K
Event: 28.611 GC heap after
Heap after GC invocations=16 (full 3):
 PSYoungGen      total 225280K, used 15059K [0x00000000e0000000, 0x00000000f1b00000, 0x0000000100000000)
  eden space 206336K, 0% used [0x00000000e0000000,0x00000000e0000000,0x00000000ec980000)
  from space 18944K, 79% used [0x00000000ec980000,0x00000000ed834c30,0x00000000edc00000)
  to   space 20480K, 0% used [0x00000000f0700000,0x00000000f0700000,0x00000000f1b00000)
 ParOldGen       total 91648K, used 37185K [0x00000000a0000000, 0x00000000a5980000, 0x00000000e0000000)
  object space 91648K, 40% used [0x00000000a0000000,0x00000000a24504a0,0x00000000a5980000)
 Metaspace       used 59329K, capacity 61308K, committed 61312K, reserved 1101824K
  class space    used 8087K, capacity 8575K, committed 8576K, reserved 1048576K
}
Event: 32.868 GC heap before
{Heap before GC invocations=17 (full 3):
 PSYoungGen      total 225280K, used 221395K [0x00000000e0000000, 0x00000000f1b00000, 0x0000000100000000)
  eden space 206336K, 100% used [0x00000000e0000000,0x00000000ec980000,0x00000000ec980000)
  from space 18944K, 79% used [0x00000000ec980000,0x00000000ed834c30,0x00000000edc00000)
  to   space 20480K, 0% used [0x00000000f0700000,0x00000000f0700000,0x00000000f1b00000)
 ParOldGen       total 91648K, used 37185K [0x00000000a0000000, 0x00000000a5980000, 0x00000000e0000000)
  object space 91648K, 40% used [0x00000000a0000000,0x00000000a24504a0,0x00000000a5980000)
 Metaspace       used 64443K, capacity 66718K, committed 66816K, reserved 1105920K
  class space    used 8886K, capacity 9394K, committed 9472K, reserved 1048576K
Event: 33.376 GC heap after
Heap after GC invocations=17 (full 3):
 PSYoungGen      total 226816K, used 20463K [0x00000000e0000000, 0x00000000f1b00000, 0x0000000100000000)
  eden space 206336K, 0% used [0x00000000e0000000,0x00000000e0000000,0x00000000ec980000)
  from space 20480K, 99% used [0x00000000f0700000,0x00000000f1afbc18,0x00000000f1b00000)
  to   space 18944K, 0% used [0x00000000ec980000,0x00000000ec980000,0x00000000edc00000)
 ParOldGen       total 102912K, used 102900K [0x00000000a0000000, 0x00000000a6480000, 0x00000000e0000000)
  object space 102912K, 99% used [0x00000000a0000000,0x00000000a647d258,0x00000000a6480000)
 Metaspace       used 64443K, capacity 66718K, committed 66816K, reserved 1105920K
  class space    used 8886K, capacity 9394K, committed 9472K, reserved 1048576K
}
Event: 33.376 GC heap before
{Heap before GC invocations=18 (full 4):
 PSYoungGen      total 226816K, used 20463K [0x00000000e0000000, 0x00000000f1b00000, 0x0000000100000000)
  eden space 206336K, 0% used [0x00000000e0000000,0x00000000e0000000,0x00000000ec980000)
  from space 20480K, 99% used [0x00000000f0700000,0x00000000f1afbc18,0x00000000f1b00000)
  to   space 18944K, 0% used [0x00000000ec980000,0x00000000ec980000,0x00000000edc00000)
 ParOldGen       total 102912K, used 102900K [0x00000000a0000000, 0x00000000a6480000, 0x00000000e0000000)
  object space 102912K, 99% used [0x00000000a0000000,0x00000000a647d258,0x00000000a6480000)
 Metaspace       used 64443K, capacity 66718K, committed 66816K, reserved 1105920K
  class space    used 8886K, capacity 9394K, committed 9472K, reserved 1048576K
Event: 35.621 GC heap after
Heap after GC invocations=18 (full 4):
 PSYoungGen      total 226816K, used 15281K [0x00000000e0000000, 0x00000000f1b00000, 0x0000000100000000)
  eden space 206336K, 0% used [0x00000000e0000000,0x00000000e0000000,0x00000000ec980000)
  from space 20480K, 74% used [0x00000000f0700000,0x00000000f15ec458,0x00000000f1b00000)
  to   space 18944K, 0% used [0x00000000ec980000,0x00000000ec980000,0x00000000edc00000)
 ParOldGen       total 102912K, used 102430K [0x00000000a0000000, 0x00000000a6480000, 0x00000000e0000000)
  object space 102912K, 99% used [0x00000000a0000000,0x00000000a6407880,0x00000000a6480000)
 Metaspace       used 64443K, capacity 66718K, committed 66816K, reserved 1105920K
  class space    used 8886K, capacity 9394K, committed 9472K, reserved 1048576K
}
Event: 40.111 GC heap before
{Heap before GC invocations=19 (full 5):
 PSYoungGen      total 226816K, used 221617K [0x00000000e0000000, 0x00000000f1b00000, 0x0000000100000000)
  eden space 206336K, 100% used [0x00000000e0000000,0x00000000ec980000,0x00000000ec980000)
  from space 20480K, 74% used [0x00000000f0700000,0x00000000f15ec458,0x00000000f1b00000)
  to   space 18944K, 0% used [0x00000000ec980000,0x00000000ec980000,0x00000000edc00000)
 ParOldGen       total 102912K, used 102430K [0x00000000a0000000, 0x00000000a6480000, 0x00000000e0000000)
  object space 102912K, 99% used [0x00000000a0000000,0x00000000a6407880,0x00000000a6480000)
 Metaspace       used 65543K, capacity 68100K, committed 68224K, reserved 1107968K
  class space    used 9008K, capacity 9571K, committed 9600K, reserved 1048576K
Event: 40.397 GC heap after
Heap after GC invocations=19 (full 5):
 PSYoungGen      total 226816K, used 0K [0x00000000e0000000, 0x00000000f1b00000, 0x0000000100000000)
  eden space 206336K, 0% used [0x00000000e0000000,0x00000000e0000000,0x00000000ec980000)
  from space 20480K, 0% used [0x00000000f0700000,0x00000000f0700000,0x00000000f1b00000)
  to   space 18944K, 0% used [0x00000000ec980000,0x00000000ec980000,0x00000000edc00000)
 ParOldGen       total 158720K, used 48519K [0x00000000a0000000, 0x00000000a9b00000, 0x00000000e0000000)
  object space 158720K, 30% used [0x00000000a0000000,0x00000000a2f61ce0,0x00000000a9b00000)
 Metaspace       used 65543K, capacity 68100K, committed 68224K, reserved 1107968K
  class space    used 9008K, capacity 9571K, committed 9600K, reserved 1048576K
}

