# JRE version: OpenJDK Runtime Environment (8.0_212-b04) (build 1.8.0_212-release-1586-b04)
# Java VM: OpenJDK 64-Bit Server VM (25.212-b04 mixed mode windows-amd64 compressed oops)
Heap:
 PSYoungGen      total 261632K, used 134455K [0x00000000e0000000, 0x00000000f6300000, 0x0000000100000000)
  eden space 226304K, 59% used [0x00000000e0000000,0x00000000e834de30,0x00000000edd00000)
  from space 35328K, 0% used [0x00000000edd00000,0x00000000edd00000,0x00000000eff80000)
  to   space 47104K, 0% used [0x00000000f3500000,0x00000000f3500000,0x00000000f6300000)
 ParOldGen       total 91136K, used 78096K [0x00000000a0000000, 0x00000000a5900000, 0x00000000e0000000)
  object space 91136K, 85% used [0x00000000a0000000,0x00000000a4c44360,0x00000000a5900000)
 Metaspace       used 82593K, capacity 85410K, committed 85632K, reserved 1124352K
  class space    used 10628K, capacity 11308K, committed 11392K, reserved 1048576K
GC Heap History (10 events):
Event: 29.978 GC heap before
{Heap before GC invocations=16 (full 3):
 PSYoungGen      total 218624K, used 200704K [0x00000000e0000000, 0x00000000eec80000, 0x0000000100000000)
  eden space 200704K, 100% used [0x00000000e0000000,0x00000000ec400000,0x00000000ec400000)
  from space 17920K, 0% used [0x00000000ed680000,0x00000000ed680000,0x00000000ee800000)
  to   space 18944K, 0% used [0x00000000ec400000,0x00000000ec400000,0x00000000ed680000)
 ParOldGen       total 91136K, used 37173K [0x00000000a0000000, 0x00000000a5900000, 0x00000000e0000000)
  object space 91136K, 40% used [0x00000000a0000000,0x00000000a244d4b8,0x00000000a5900000)
 Metaspace       used 62445K, capacity 64563K, committed 64896K, reserved 1105920K
  class space    used 8482K, capacity 8983K, committed 9088K, reserved 1048576K
Event: 30.025 GC heap after
Heap after GC invocations=16 (full 3):
 PSYoungGen      total 219648K, used 17414K [0x00000000e0000000, 0x00000000f1400000, 0x0000000100000000)
  eden space 200704K, 0% used [0x00000000e0000000,0x00000000e0000000,0x00000000ec400000)
  from space 18944K, 91% used [0x00000000ec400000,0x00000000ed501998,0x00000000ed680000)
  to   space 20992K, 0% used [0x00000000eff80000,0x00000000eff80000,0x00000000f1400000)
 ParOldGen       total 91136K, used 37181K [0x00000000a0000000, 0x00000000a5900000, 0x00000000e0000000)
  object space 91136K, 40% used [0x00000000a0000000,0x00000000a244f4b8,0x00000000a5900000)
 Metaspace       used 62445K, capacity 64563K, committed 64896K, reserved 1105920K
  class space    used 8482K, capacity 8983K, committed 9088K, reserved 1048576K
}
Event: 35.490 GC heap before
{Heap before GC invocations=17 (full 3):
 PSYoungGen      total 219648K, used 218118K [0x00000000e0000000, 0x00000000f1400000, 0x0000000100000000)
  eden space 200704K, 100% used [0x00000000e0000000,0x00000000ec400000,0x00000000ec400000)
  from space 18944K, 91% used [0x00000000ec400000,0x00000000ed501998,0x00000000ed680000)
  to   space 20992K, 0% used [0x00000000eff80000,0x00000000eff80000,0x00000000f1400000)
 ParOldGen       total 91136K, used 37181K [0x00000000a0000000, 0x00000000a5900000, 0x00000000e0000000)
  object space 91136K, 40% used [0x00000000a0000000,0x00000000a244f4b8,0x00000000a5900000)
 Metaspace       used 70238K, capacity 72371K, committed 72704K, reserved 1112064K
  class space    used 9340K, capacity 9881K, committed 9984K, reserved 1048576K
Event: 35.619 GC heap after
Heap after GC invocations=17 (full 3):
 PSYoungGen      total 247296K, used 20962K [0x00000000e0000000, 0x00000000f3200000, 0x0000000100000000)
  eden space 226304K, 0% used [0x00000000e0000000,0x00000000e0000000,0x00000000edd00000)
  from space 20992K, 99% used [0x00000000eff80000,0x00000000f13f89e0,0x00000000f1400000)
  to   space 35328K, 0% used [0x00000000edd00000,0x00000000edd00000,0x00000000eff80000)
 ParOldGen       total 91136K, used 65890K [0x00000000a0000000, 0x00000000a5900000, 0x00000000e0000000)
  object space 91136K, 72% used [0x00000000a0000000,0x00000000a4058af0,0x00000000a5900000)
 Metaspace       used 70238K, capacity 72371K, committed 72704K, reserved 1112064K
  class space    used 9340K, capacity 9881K, committed 9984K, reserved 1048576K
}
Event: 68.087 GC heap before
{Heap before GC invocations=18 (full 3):
 PSYoungGen      total 247296K, used 247266K [0x00000000e0000000, 0x00000000f3200000, 0x0000000100000000)
  eden space 226304K, 100% used [0x00000000e0000000,0x00000000edd00000,0x00000000edd00000)
  from space 20992K, 99% used [0x00000000eff80000,0x00000000f13f89e0,0x00000000f1400000)
  to   space 35328K, 0% used [0x00000000edd00000,0x00000000edd00000,0x00000000eff80000)
 ParOldGen       total 91136K, used 65890K [0x00000000a0000000, 0x00000000a5900000, 0x00000000e0000000)
  object space 91136K, 72% used [0x00000000a0000000,0x00000000a4058af0,0x00000000a5900000)
 Metaspace       used 75176K, capacity 77555K, committed 77696K, reserved 1116160K
  class space    used 9684K, capacity 10283K, committed 10368K, reserved 1048576K
Event: 68.388 GC heap after
Heap after GC invocations=18 (full 3):
 PSYoungGen      total 261632K, used 35306K [0x00000000e0000000, 0x00000000f6300000, 0x0000000100000000)
  eden space 226304K, 0% used [0x00000000e0000000,0x00000000e0000000,0x00000000edd00000)
  from space 35328K, 99% used [0x00000000edd00000,0x00000000eff7aa68,0x00000000eff80000)
  to   space 47104K, 0% used [0x00000000f3500000,0x00000000f3500000,0x00000000f6300000)
 ParOldGen       total 91136K, used 82619K [0x00000000a0000000, 0x00000000a5900000, 0x00000000e0000000)
  object space 91136K, 90% used [0x00000000a0000000,0x00000000a50aed30,0x00000000a5900000)
 Metaspace       used 75176K, capacity 77555K, committed 77696K, reserved 1116160K
  class space    used 9684K, capacity 10283K, committed 10368K, reserved 1048576K
}
Event: 68.388 GC heap before
{Heap before GC invocations=19 (full 4):
 PSYoungGen      total 261632K, used 35306K [0x00000000e0000000, 0x00000000f6300000, 0x0000000100000000)
  eden space 226304K, 0% used [0x00000000e0000000,0x00000000e0000000,0x00000000edd00000)
  from space 35328K, 99% used [0x00000000edd00000,0x00000000eff7aa68,0x00000000eff80000)
  to   space 47104K, 0% used [0x00000000f3500000,0x00000000f3500000,0x00000000f6300000)
 ParOldGen       total 91136K, used 82619K [0x00000000a0000000, 0x00000000a5900000, 0x00000000e0000000)
  object space 91136K, 90% used [0x00000000a0000000,0x00000000a50aed30,0x00000000a5900000)
 Metaspace       used 75176K, capacity 77555K, committed 77696K, reserved 1116160K
  class space    used 9684K, capacity 10283K, committed 10368K, reserved 1048576K
Event: 69.050 GC heap after
Heap after GC invocations=19 (full 4):
 PSYoungGen      total 261632K, used 0K [0x00000000e0000000, 0x00000000f6300000, 0x0000000100000000)
  eden space 226304K, 0% used [0x00000000e0000000,0x00000000e0000000,0x00000000edd00000)
  from space 35328K, 0% used [0x00000000edd00000,0x00000000edd00000,0x00000000eff80000)
  to   space 47104K, 0% used [0x00000000f3500000,0x00000000f3500000,0x00000000f6300000)
 ParOldGen       total 91136K, used 75553K [0x00000000a0000000, 0x00000000a5900000, 0x00000000e0000000)
  object space 91136K, 82% used [0x00000000a0000000,0x00000000a49c8700,0x00000000a5900000)
 Metaspace       used 74556K, capacity 76896K, committed 77696K, reserved 1116160K
  class space    used 9619K, capacity 10209K, committed 10368K, reserved 1048576K
}
Event: 75.415 GC heap before
{Heap before GC invocations=20 (full 5):
 PSYoungGen      total 261632K, used 226304K [0x00000000e0000000, 0x00000000f6300000, 0x0000000100000000)
  eden space 226304K, 100% used [0x00000000e0000000,0x00000000edd00000,0x00000000edd00000)
  from space 35328K, 0% used [0x00000000edd00000,0x00000000edd00000,0x00000000eff80000)
  to   space 47104K, 0% used [0x00000000f3500000,0x00000000f3500000,0x00000000f6300000)
 ParOldGen       total 91136K, used 75553K [0x00000000a0000000, 0x00000000a5900000, 0x00000000e0000000)
  object space 91136K, 82% used [0x00000000a0000000,0x00000000a49c8700,0x00000000a5900000)
 Metaspace       used 81629K, capacity 84366K, committed 84480K, reserved 1122304K
  class space    used 10584K, capacity 11248K, committed 11264K, reserved 1048576K
Event: 75.985 GC heap after
Heap after GC invocations=20 (full 5):
 PSYoungGen      total 261632K, used 0K [0x00000000e0000000, 0x00000000f6300000, 0x0000000100000000)
  eden space 226304K, 0% used [0x00000000e0000000,0x00000000e0000000,0x00000000edd00000)
  from space 35328K, 0% used [0x00000000edd00000,0x00000000edd00000,0x00000000eff80000)
  to   space 47104K, 0% used [0x00000000f3500000,0x00000000f3500000,0x00000000f6300000)
 ParOldGen       total 91136K, used 78096K [0x00000000a0000000, 0x00000000a5900000, 0x00000000e0000000)
  object space 91136K, 85% used [0x00000000a0000000,0x00000000a4c44360,0x00000000a5900000)
 Metaspace       used 81007K, capacity 83708K, committed 84480K, reserved 1122304K
  class space    used 10519K, capacity 11175K, committed 11264K, reserved 1048576K
}

