# JRE version: OpenJDK Runtime Environment (8.0_212-b04) (build 1.8.0_212-release-1586-b04)
# Java VM: OpenJDK 64-Bit Server VM (25.212-b04 mixed mode windows-amd64 compressed oops)
Heap:
 PSYoungGen      total 202752K, used 46234K [0x00000000e0000000, 0x00000000edc80000, 0x0000000100000000)
  eden space 183808K, 15% used [0x00000000e0000000,0x00000000e1bc0900,0x00000000eb380000)
  from space 18944K, 94% used [0x00000000eb380000,0x00000000ec4e6190,0x00000000ec600000)
  to   space 17408K, 0% used [0x00000000ec600000,0x00000000ec600000,0x00000000ed700000)
 ParOldGen       total 98816K, used 38006K [0x00000000a0000000, 0x00000000a6080000, 0x00000000e0000000)
  object space 98816K, 38% used [0x00000000a0000000,0x00000000a251d940,0x00000000a6080000)
 Metaspace       used 64416K, capacity 66586K, committed 66648K, reserved 1105920K
  class space    used 8726K, capacity 9298K, committed 9304K, reserved 1048576K
GC Heap History (10 events):
Event: 13.321 GC heap before
{Heap before GC invocations=12 (full 2):
 PSYoungGen      total 165376K, used 11494K [0x00000000e0000000, 0x00000000eb280000, 0x0000000100000000)
  eden space 153600K, 0% used [0x00000000e0000000,0x00000000e0000000,0x00000000e9600000)
  from space 11776K, 97% used [0x00000000ea300000,0x00000000eae39900,0x00000000eae80000)
  to   space 13312K, 0% used [0x00000000e9600000,0x00000000e9600000,0x00000000ea300000)
 ParOldGen       total 34816K, used 10818K [0x00000000a0000000, 0x00000000a2200000, 0x00000000e0000000)
  object space 34816K, 31% used [0x00000000a0000000,0x00000000a0a908d8,0x00000000a2200000)
 Metaspace       used 34710K, capacity 35432K, committed 35456K, reserved 1079296K
  class space    used 4745K, capacity 4987K, committed 4992K, reserved 1048576K
Event: 13.596 GC heap after
Heap after GC invocations=12 (full 2):
 PSYoungGen      total 165376K, used 0K [0x00000000e0000000, 0x00000000eb280000, 0x0000000100000000)
  eden space 153600K, 0% used [0x00000000e0000000,0x00000000e0000000,0x00000000e9600000)
  from space 11776K, 0% used [0x00000000ea300000,0x00000000ea300000,0x00000000eae80000)
  to   space 13312K, 0% used [0x00000000e9600000,0x00000000e9600000,0x00000000ea300000)
 ParOldGen       total 59392K, used 18346K [0x00000000a0000000, 0x00000000a3a00000, 0x00000000e0000000)
  object space 59392K, 30% used [0x00000000a0000000,0x00000000a11ea9b0,0x00000000a3a00000)
 Metaspace       used 34710K, capacity 35432K, committed 35456K, reserved 1079296K
  class space    used 4745K, capacity 4987K, committed 4992K, reserved 1048576K
}
Event: 18.314 GC heap before
{Heap before GC invocations=13 (full 2):
 PSYoungGen      total 165376K, used 153600K [0x00000000e0000000, 0x00000000eb280000, 0x0000000100000000)
  eden space 153600K, 100% used [0x00000000e0000000,0x00000000e9600000,0x00000000e9600000)
  from space 11776K, 0% used [0x00000000ea300000,0x00000000ea300000,0x00000000eae80000)
  to   space 13312K, 0% used [0x00000000e9600000,0x00000000e9600000,0x00000000ea300000)
 ParOldGen       total 59392K, used 18346K [0x00000000a0000000, 0x00000000a3a00000, 0x00000000e0000000)
  object space 59392K, 30% used [0x00000000a0000000,0x00000000a11ea9b0,0x00000000a3a00000)
 Metaspace       used 49625K, capacity 51154K, committed 51456K, reserved 1093632K
  class space    used 6662K, capacity 7102K, committed 7168K, reserved 1048576K
Event: 18.359 GC heap after
Heap after GC invocations=13 (full 2):
 PSYoungGen      total 166912K, used 13290K [0x00000000e0000000, 0x00000000ed700000, 0x0000000100000000)
  eden space 153600K, 0% used [0x00000000e0000000,0x00000000e0000000,0x00000000e9600000)
  from space 13312K, 99% used [0x00000000e9600000,0x00000000ea2fab28,0x00000000ea300000)
  to   space 17408K, 0% used [0x00000000ec600000,0x00000000ec600000,0x00000000ed700000)
 ParOldGen       total 59392K, used 24554K [0x00000000a0000000, 0x00000000a3a00000, 0x00000000e0000000)
  object space 59392K, 41% used [0x00000000a0000000,0x00000000a17fabd0,0x00000000a3a00000)
 Metaspace       used 49625K, capacity 51154K, committed 51456K, reserved 1093632K
  class space    used 6662K, capacity 7102K, committed 7168K, reserved 1048576K
}
Event: 22.442 GC heap before
{Heap before GC invocations=14 (full 2):
 PSYoungGen      total 166912K, used 132899K [0x00000000e0000000, 0x00000000ed700000, 0x0000000100000000)
  eden space 153600K, 77% used [0x00000000e0000000,0x00000000e74ce258,0x00000000e9600000)
  from space 13312K, 99% used [0x00000000e9600000,0x00000000ea2fab28,0x00000000ea300000)
  to   space 17408K, 0% used [0x00000000ec600000,0x00000000ec600000,0x00000000ed700000)
 ParOldGen       total 59392K, used 24554K [0x00000000a0000000, 0x00000000a3a00000, 0x00000000e0000000)
  object space 59392K, 41% used [0x00000000a0000000,0x00000000a17fabd0,0x00000000a3a00000)
 Metaspace       used 57233K, capacity 58988K, committed 59096K, reserved 1099776K
  class space    used 7862K, capacity 8327K, committed 8408K, reserved 1048576K
Event: 22.556 GC heap after
Heap after GC invocations=14 (full 2):
 PSYoungGen      total 201216K, used 13642K [0x00000000e0000000, 0x00000000edc80000, 0x0000000100000000)
  eden space 183808K, 0% used [0x00000000e0000000,0x00000000e0000000,0x00000000eb380000)
  from space 17408K, 78% used [0x00000000ec600000,0x00000000ed352860,0x00000000ed700000)
  to   space 18944K, 0% used [0x00000000eb380000,0x00000000eb380000,0x00000000ec600000)
 ParOldGen       total 59392K, used 34276K [0x00000000a0000000, 0x00000000a3a00000, 0x00000000e0000000)
  object space 59392K, 57% used [0x00000000a0000000,0x00000000a21793f0,0x00000000a3a00000)
 Metaspace       used 57233K, capacity 58988K, committed 59096K, reserved 1099776K
  class space    used 7862K, capacity 8327K, committed 8408K, reserved 1048576K
}
Event: 22.556 GC heap before
{Heap before GC invocations=15 (full 3):
 PSYoungGen      total 201216K, used 13642K [0x00000000e0000000, 0x00000000edc80000, 0x0000000100000000)
  eden space 183808K, 0% used [0x00000000e0000000,0x00000000e0000000,0x00000000eb380000)
  from space 17408K, 78% used [0x00000000ec600000,0x00000000ed352860,0x00000000ed700000)
  to   space 18944K, 0% used [0x00000000eb380000,0x00000000eb380000,0x00000000ec600000)
 ParOldGen       total 59392K, used 34276K [0x00000000a0000000, 0x00000000a3a00000, 0x00000000e0000000)
  object space 59392K, 57% used [0x00000000a0000000,0x00000000a21793f0,0x00000000a3a00000)
 Metaspace       used 57233K, capacity 58988K, committed 59096K, reserved 1099776K
  class space    used 7862K, capacity 8327K, committed 8408K, reserved 1048576K
Event: 23.063 GC heap after
Heap after GC invocations=15 (full 3):
 PSYoungGen      total 201216K, used 0K [0x00000000e0000000, 0x00000000edc80000, 0x0000000100000000)
  eden space 183808K, 0% used [0x00000000e0000000,0x00000000e0000000,0x00000000eb380000)
  from space 17408K, 0% used [0x00000000ec600000,0x00000000ec600000,0x00000000ed700000)
  to   space 18944K, 0% used [0x00000000eb380000,0x00000000eb380000,0x00000000ec600000)
 ParOldGen       total 98816K, used 37998K [0x00000000a0000000, 0x00000000a6080000, 0x00000000e0000000)
  object space 98816K, 38% used [0x00000000a0000000,0x00000000a251b940,0x00000000a6080000)
 Metaspace       used 57233K, capacity 58988K, committed 59096K, reserved 1099776K
  class space    used 7862K, capacity 8327K, committed 8408K, reserved 1048576K
}
Event: 29.673 GC heap before
{Heap before GC invocations=16 (full 3):
 PSYoungGen      total 201216K, used 183808K [0x00000000e0000000, 0x00000000edc80000, 0x0000000100000000)
  eden space 183808K, 100% used [0x00000000e0000000,0x00000000eb380000,0x00000000eb380000)
  from space 17408K, 0% used [0x00000000ec600000,0x00000000ec600000,0x00000000ed700000)
  to   space 18944K, 0% used [0x00000000eb380000,0x00000000eb380000,0x00000000ec600000)
 ParOldGen       total 98816K, used 37998K [0x00000000a0000000, 0x00000000a6080000, 0x00000000e0000000)
  object space 98816K, 38% used [0x00000000a0000000,0x00000000a251b940,0x00000000a6080000)
 Metaspace       used 63759K, capacity 65850K, committed 66136K, reserved 1105920K
  class space    used 8695K, capacity 9266K, committed 9304K, reserved 1048576K
Event: 29.730 GC heap after
Heap after GC invocations=16 (full 3):
 PSYoungGen      total 202752K, used 17816K [0x00000000e0000000, 0x00000000edc80000, 0x0000000100000000)
  eden space 183808K, 0% used [0x00000000e0000000,0x00000000e0000000,0x00000000eb380000)
  from space 18944K, 94% used [0x00000000eb380000,0x00000000ec4e6190,0x00000000ec600000)
  to   space 17408K, 0% used [0x00000000ec600000,0x00000000ec600000,0x00000000ed700000)
 ParOldGen       total 98816K, used 38006K [0x00000000a0000000, 0x00000000a6080000, 0x00000000e0000000)
  object space 98816K, 38% used [0x00000000a0000000,0x00000000a251d940,0x00000000a6080000)
 Metaspace       used 63759K, capacity 65850K, committed 66136K, reserved 1105920K
  class space    used 8695K, capacity 9266K, committed 9304K, reserved 1048576K
}

