# JRE version: OpenJDK Runtime Environment (8.0_212-b04) (build 1.8.0_212-release-1586-b04)
# Java VM: OpenJDK 64-Bit Server VM (25.212-b04 mixed mode windows-amd64 compressed oops)
Heap:
 PSYoungGen      total 174592K, used 156675K [0x00000000e0000000, 0x00000000ebb80000, 0x0000000100000000)
  eden space 162816K, 96% used [0x00000000e0000000,0x00000000e9900df0,0x00000000e9f00000)
  from space 11776K, 0% used [0x00000000eac00000,0x00000000eac00000,0x00000000eb780000)
  to   space 13312K, 0% used [0x00000000e9f00000,0x00000000e9f00000,0x00000000eac00000)
 ParOldGen       total 54272K, used 35641K [0x00000000a0000000, 0x00000000a3500000, 0x00000000e0000000)
  object space 54272K, 65% used [0x00000000a0000000,0x00000000a22ce638,0x00000000a3500000)
 Metaspace       used 61210K, capacity 63264K, committed 63448K, reserved 1103872K
  class space    used 8395K, capacity 8887K, committed 8920K, reserved 1048576K
GC Heap History (10 events):
Event: 13.811 GC heap before
{Heap before GC invocations=11 (full 1):
 PSYoungGen      total 129024K, used 92517K [0x00000000e0000000, 0x00000000eb780000, 0x0000000100000000)
  eden space 119808K, 69% used [0x00000000e0000000,0x00000000e515d280,0x00000000e7500000)
  from space 9216K, 99% used [0x00000000e7500000,0x00000000e7dfc2b8,0x00000000e7e00000)
  to   space 11776K, 0% used [0x00000000eac00000,0x00000000eac00000,0x00000000eb780000)
 ParOldGen       total 34304K, used 12606K [0x00000000a0000000, 0x00000000a2180000, 0x00000000e0000000)
  object space 34304K, 36% used [0x00000000a0000000,0x00000000a0c4f940,0x00000000a2180000)
 Metaspace       used 34711K, capacity 35430K, committed 35456K, reserved 1079296K
  class space    used 4746K, capacity 4986K, committed 4992K, reserved 1048576K
Event: 13.870 GC heap after
Heap after GC invocations=11 (full 1):
 PSYoungGen      total 174592K, used 11468K [0x00000000e0000000, 0x00000000ebb80000, 0x0000000100000000)
  eden space 162816K, 0% used [0x00000000e0000000,0x00000000e0000000,0x00000000e9f00000)
  from space 11776K, 97% used [0x00000000eac00000,0x00000000eb733018,0x00000000eb780000)
  to   space 13312K, 0% used [0x00000000e9f00000,0x00000000e9f00000,0x00000000eac00000)
 ParOldGen       total 34304K, used 12614K [0x00000000a0000000, 0x00000000a2180000, 0x00000000e0000000)
  object space 34304K, 36% used [0x00000000a0000000,0x00000000a0c51940,0x00000000a2180000)
 Metaspace       used 34711K, capacity 35430K, committed 35456K, reserved 1079296K
  class space    used 4746K, capacity 4986K, committed 4992K, reserved 1048576K
}
Event: 13.870 GC heap before
{Heap before GC invocations=12 (full 2):
 PSYoungGen      total 174592K, used 11468K [0x00000000e0000000, 0x00000000ebb80000, 0x0000000100000000)
  eden space 162816K, 0% used [0x00000000e0000000,0x00000000e0000000,0x00000000e9f00000)
  from space 11776K, 97% used [0x00000000eac00000,0x00000000eb733018,0x00000000eb780000)
  to   space 13312K, 0% used [0x00000000e9f00000,0x00000000e9f00000,0x00000000eac00000)
 ParOldGen       total 34304K, used 12614K [0x00000000a0000000, 0x00000000a2180000, 0x00000000e0000000)
  object space 34304K, 36% used [0x00000000a0000000,0x00000000a0c51940,0x00000000a2180000)
 Metaspace       used 34711K, capacity 35430K, committed 35456K, reserved 1079296K
  class space    used 4746K, capacity 4986K, committed 4992K, reserved 1048576K
Event: 14.124 GC heap after
Heap after GC invocations=12 (full 2):
 PSYoungGen      total 174592K, used 0K [0x00000000e0000000, 0x00000000ebb80000, 0x0000000100000000)
  eden space 162816K, 0% used [0x00000000e0000000,0x00000000e0000000,0x00000000e9f00000)
  from space 11776K, 0% used [0x00000000eac00000,0x00000000eac00000,0x00000000eb780000)
  to   space 13312K, 0% used [0x00000000e9f00000,0x00000000e9f00000,0x00000000eac00000)
 ParOldGen       total 54272K, used 18312K [0x00000000a0000000, 0x00000000a3500000, 0x00000000e0000000)
  object space 54272K, 33% used [0x00000000a0000000,0x00000000a11e23d0,0x00000000a3500000)
 Metaspace       used 34711K, capacity 35430K, committed 35456K, reserved 1079296K
  class space    used 4746K, capacity 4986K, committed 4992K, reserved 1048576K
}
Event: 19.702 GC heap before
{Heap before GC invocations=13 (full 2):
 PSYoungGen      total 174592K, used 162816K [0x00000000e0000000, 0x00000000ebb80000, 0x0000000100000000)
  eden space 162816K, 100% used [0x00000000e0000000,0x00000000e9f00000,0x00000000e9f00000)
  from space 11776K, 0% used [0x00000000eac00000,0x00000000eac00000,0x00000000eb780000)
  to   space 13312K, 0% used [0x00000000e9f00000,0x00000000e9f00000,0x00000000eac00000)
 ParOldGen       total 54272K, used 18312K [0x00000000a0000000, 0x00000000a3500000, 0x00000000e0000000)
  object space 54272K, 33% used [0x00000000a0000000,0x00000000a11e23d0,0x00000000a3500000)
 Metaspace       used 50905K, capacity 52442K, committed 52736K, reserved 1095680K
  class space    used 6913K, capacity 7326K, committed 7424K, reserved 1048576K
Event: 19.749 GC heap after
Heap after GC invocations=13 (full 2):
 PSYoungGen      total 176128K, used 13280K [0x00000000e0000000, 0x00000000ebb80000, 0x0000000100000000)
  eden space 162816K, 0% used [0x00000000e0000000,0x00000000e0000000,0x00000000e9f00000)
  from space 13312K, 99% used [0x00000000e9f00000,0x00000000eabf8248,0x00000000eac00000)
  to   space 11776K, 0% used [0x00000000eac00000,0x00000000eac00000,0x00000000eb780000)
 ParOldGen       total 54272K, used 26007K [0x00000000a0000000, 0x00000000a3500000, 0x00000000e0000000)
  object space 54272K, 47% used [0x00000000a0000000,0x00000000a1965cb0,0x00000000a3500000)
 Metaspace       used 50905K, capacity 52442K, committed 52736K, reserved 1095680K
  class space    used 6913K, capacity 7326K, committed 7424K, reserved 1048576K
}
Event: 22.937 GC heap before
{Heap before GC invocations=14 (full 2):
 PSYoungGen      total 176128K, used 116010K [0x00000000e0000000, 0x00000000ebb80000, 0x0000000100000000)
  eden space 162816K, 63% used [0x00000000e0000000,0x00000000e6452758,0x00000000e9f00000)
  from space 13312K, 99% used [0x00000000e9f00000,0x00000000eabf8248,0x00000000eac00000)
  to   space 11776K, 0% used [0x00000000eac00000,0x00000000eac00000,0x00000000eb780000)
 ParOldGen       total 54272K, used 26007K [0x00000000a0000000, 0x00000000a3500000, 0x00000000e0000000)
  object space 54272K, 47% used [0x00000000a0000000,0x00000000a1965cb0,0x00000000a3500000)
 Metaspace       used 57170K, capacity 59056K, committed 59096K, reserved 1099776K
  class space    used 7881K, capacity 8369K, committed 8408K, reserved 1048576K
Event: 23.010 GC heap after
Heap after GC invocations=14 (full 2):
 PSYoungGen      total 174592K, used 10854K [0x00000000e0000000, 0x00000000ebb80000, 0x0000000100000000)
  eden space 162816K, 0% used [0x00000000e0000000,0x00000000e0000000,0x00000000e9f00000)
  from space 11776K, 92% used [0x00000000eac00000,0x00000000eb699a58,0x00000000eb780000)
  to   space 13312K, 0% used [0x00000000e9f00000,0x00000000e9f00000,0x00000000eac00000)
 ParOldGen       total 54272K, used 36100K [0x00000000a0000000, 0x00000000a3500000, 0x00000000e0000000)
  object space 54272K, 66% used [0x00000000a0000000,0x00000000a23412e8,0x00000000a3500000)
 Metaspace       used 57170K, capacity 59056K, committed 59096K, reserved 1099776K
  class space    used 7881K, capacity 8369K, committed 8408K, reserved 1048576K
}
Event: 23.010 GC heap before
{Heap before GC invocations=15 (full 3):
 PSYoungGen      total 174592K, used 10854K [0x00000000e0000000, 0x00000000ebb80000, 0x0000000100000000)
  eden space 162816K, 0% used [0x00000000e0000000,0x00000000e0000000,0x00000000e9f00000)
  from space 11776K, 92% used [0x00000000eac00000,0x00000000eb699a58,0x00000000eb780000)
  to   space 13312K, 0% used [0x00000000e9f00000,0x00000000e9f00000,0x00000000eac00000)
 ParOldGen       total 54272K, used 36100K [0x00000000a0000000, 0x00000000a3500000, 0x00000000e0000000)
  object space 54272K, 66% used [0x00000000a0000000,0x00000000a23412e8,0x00000000a3500000)
 Metaspace       used 57170K, capacity 59056K, committed 59096K, reserved 1099776K
  class space    used 7881K, capacity 8369K, committed 8408K, reserved 1048576K
Event: 23.447 GC heap after
Heap after GC invocations=15 (full 3):
 PSYoungGen      total 174592K, used 0K [0x00000000e0000000, 0x00000000ebb80000, 0x0000000100000000)
  eden space 162816K, 0% used [0x00000000e0000000,0x00000000e0000000,0x00000000e9f00000)
  from space 11776K, 0% used [0x00000000eac00000,0x00000000eac00000,0x00000000eb780000)
  to   space 13312K, 0% used [0x00000000e9f00000,0x00000000e9f00000,0x00000000eac00000)
 ParOldGen       total 54272K, used 35641K [0x00000000a0000000, 0x00000000a3500000, 0x00000000e0000000)
  object space 54272K, 65% used [0x00000000a0000000,0x00000000a22ce638,0x00000000a3500000)
 Metaspace       used 57170K, capacity 59056K, committed 59096K, reserved 1099776K
  class space    used 7881K, capacity 8369K, committed 8408K, reserved 1048576K
}

