# JRE version: OpenJDK Runtime Environment (8.0_212-b04) (build 1.8.0_212-release-1586-b04)
# Java VM: OpenJDK 64-Bit Server VM (25.212-b04 mixed mode windows-amd64 compressed oops)
Heap:
 PSYoungGen      total 237568K, used 75358K [0x00000000e0000000, 0x00000000f2000000, 0x0000000100000000)
  eden space 190464K, 33% used [0x00000000e0000000,0x00000000e3e96048,0x00000000eba00000)
  from space 47104K, 23% used [0x00000000eba00000,0x00000000ec501918,0x00000000ee800000)
  to   space 45056K, 12% used [0x00000000ef400000,0x00000000ef964040,0x00000000f2000000)
 ParOldGen       total 101888K, used 62514K [0x00000000a0000000, 0x00000000a6380000, 0x00000000e0000000)
  object space 101888K, 61% used [0x00000000a0000000,0x00000000a3d0c988,0x00000000a6380000)
 Metaspace       used 74526K, capacity 77358K, committed 77440K, reserved 1122304K
  class space    used 9971K, capacity 10556K, committed 10624K, reserved 1048576K
GC Heap History (10 events):
Event: 32.268 GC heap after
Heap after GC invocations=17 (full 3):
 PSYoungGen      total 210432K, used 19944K [0x00000000e0000000, 0x00000000f3a80000, 0x0000000100000000)
  eden space 190464K, 0% used [0x00000000e0000000,0x00000000e0000000,0x00000000eba00000)
  from space 19968K, 99% used [0x00000000ee800000,0x00000000efb7a138,0x00000000efb80000)
  to   space 47104K, 0% used [0x00000000eba00000,0x00000000eba00000,0x00000000ee800000)
 ParOldGen       total 101888K, used 101779K [0x00000000a0000000, 0x00000000a6380000, 0x00000000e0000000)
  object space 101888K, 99% used [0x00000000a0000000,0x00000000a6364e00,0x00000000a6380000)
 Metaspace       used 63485K, capacity 65680K, committed 65920K, reserved 1105920K
  class space    used 8751K, capacity 9261K, committed 9344K, reserved 1048576K
}
Event: 32.268 GC heap before
{Heap before GC invocations=18 (full 4):
 PSYoungGen      total 210432K, used 19944K [0x00000000e0000000, 0x00000000f3a80000, 0x0000000100000000)
  eden space 190464K, 0% used [0x00000000e0000000,0x00000000e0000000,0x00000000eba00000)
  from space 19968K, 99% used [0x00000000ee800000,0x00000000efb7a138,0x00000000efb80000)
  to   space 47104K, 0% used [0x00000000eba00000,0x00000000eba00000,0x00000000ee800000)
 ParOldGen       total 101888K, used 101779K [0x00000000a0000000, 0x00000000a6380000, 0x00000000e0000000)
  object space 101888K, 99% used [0x00000000a0000000,0x00000000a6364e00,0x00000000a6380000)
 Metaspace       used 63485K, capacity 65680K, committed 65920K, reserved 1105920K
  class space    used 8751K, capacity 9261K, committed 9344K, reserved 1048576K
Event: 33.769 GC heap after
Heap after GC invocations=18 (full 4):
 PSYoungGen      total 210432K, used 14229K [0x00000000e0000000, 0x00000000f3a80000, 0x0000000100000000)
  eden space 190464K, 0% used [0x00000000e0000000,0x00000000e0000000,0x00000000eba00000)
  from space 19968K, 71% used [0x00000000ee800000,0x00000000ef5e5418,0x00000000efb80000)
  to   space 47104K, 0% used [0x00000000eba00000,0x00000000eba00000,0x00000000ee800000)
 ParOldGen       total 101888K, used 101773K [0x00000000a0000000, 0x00000000a6380000, 0x00000000e0000000)
  object space 101888K, 99% used [0x00000000a0000000,0x00000000a63636b0,0x00000000a6380000)
 Metaspace       used 63482K, capacity 65672K, committed 65920K, reserved 1105920K
  class space    used 8750K, capacity 9259K, committed 9344K, reserved 1048576K
}
Event: 37.739 GC heap before
{Heap before GC invocations=19 (full 5):
 PSYoungGen      total 210432K, used 204693K [0x00000000e0000000, 0x00000000f3a80000, 0x0000000100000000)
  eden space 190464K, 100% used [0x00000000e0000000,0x00000000eba00000,0x00000000eba00000)
  from space 19968K, 71% used [0x00000000ee800000,0x00000000ef5e5418,0x00000000efb80000)
  to   space 47104K, 0% used [0x00000000eba00000,0x00000000eba00000,0x00000000ee800000)
 ParOldGen       total 101888K, used 101773K [0x00000000a0000000, 0x00000000a6380000, 0x00000000e0000000)
  object space 101888K, 99% used [0x00000000a0000000,0x00000000a63636b0,0x00000000a6380000)
 Metaspace       used 65266K, capacity 67654K, committed 67968K, reserved 1107968K
  class space    used 8971K, capacity 9496K, committed 9600K, reserved 1048576K
Event: 40.392 GC heap after
Heap after GC invocations=19 (full 5):
 PSYoungGen      total 210432K, used 44392K [0x00000000e0000000, 0x00000000f3a80000, 0x0000000100000000)
  eden space 190464K, 23% used [0x00000000e0000000,0x00000000e2b5a178,0x00000000eba00000)
  from space 19968K, 0% used [0x00000000ee800000,0x00000000ee800000,0x00000000efb80000)
  to   space 47104K, 0% used [0x00000000eba00000,0x00000000eba00000,0x00000000ee800000)
 ParOldGen       total 101888K, used 101745K [0x00000000a0000000, 0x00000000a6380000, 0x00000000e0000000)
  object space 101888K, 99% used [0x00000000a0000000,0x00000000a635c490,0x00000000a6380000)
 Metaspace       used 65266K, capacity 67654K, committed 67968K, reserved 1107968K
  class space    used 8971K, capacity 9496K, committed 9600K, reserved 1048576K
}
Event: 44.195 GC heap before
{Heap before GC invocations=20 (full 6):
 PSYoungGen      total 210432K, used 174601K [0x00000000e0000000, 0x00000000f3a80000, 0x0000000100000000)
  eden space 190464K, 91% used [0x00000000e0000000,0x00000000eaa82610,0x00000000eba00000)
  from space 19968K, 0% used [0x00000000ee800000,0x00000000ee800000,0x00000000efb80000)
  to   space 47104K, 0% used [0x00000000eba00000,0x00000000eba00000,0x00000000ee800000)
 ParOldGen       total 101888K, used 101745K [0x00000000a0000000, 0x00000000a6380000, 0x00000000e0000000)
  object space 101888K, 99% used [0x00000000a0000000,0x00000000a635c490,0x00000000a6380000)
 Metaspace       used 69687K, capacity 72318K, committed 72448K, reserved 1116160K
  class space    used 9555K, capacity 10124K, committed 10240K, reserved 1048576K
Event: 44.539 GC heap after
Heap after GC invocations=20 (full 6):
 PSYoungGen      total 210432K, used 0K [0x00000000e0000000, 0x00000000f3a80000, 0x0000000100000000)
  eden space 190464K, 0% used [0x00000000e0000000,0x00000000e0000000,0x00000000eba00000)
  from space 19968K, 0% used [0x00000000ee800000,0x00000000ee800000,0x00000000efb80000)
  to   space 47104K, 0% used [0x00000000eba00000,0x00000000eba00000,0x00000000ee800000)
 ParOldGen       total 101888K, used 62506K [0x00000000a0000000, 0x00000000a6380000, 0x00000000e0000000)
  object space 101888K, 61% used [0x00000000a0000000,0x00000000a3d0a988,0x00000000a6380000)
 Metaspace       used 69687K, capacity 72318K, committed 72448K, reserved 1114112K
  class space    used 9555K, capacity 10124K, committed 10240K, reserved 1048576K
}
Event: 58.139 GC heap before
{Heap before GC invocations=21 (full 6):
 PSYoungGen      total 210432K, used 190464K [0x00000000e0000000, 0x00000000f3a80000, 0x0000000100000000)
  eden space 190464K, 100% used [0x00000000e0000000,0x00000000eba00000,0x00000000eba00000)
  from space 19968K, 0% used [0x00000000ee800000,0x00000000ee800000,0x00000000efb80000)
  to   space 47104K, 0% used [0x00000000eba00000,0x00000000eba00000,0x00000000ee800000)
 ParOldGen       total 101888K, used 62506K [0x00000000a0000000, 0x00000000a6380000, 0x00000000e0000000)
  object space 101888K, 61% used [0x00000000a0000000,0x00000000a3d0a988,0x00000000a6380000)
 Metaspace       used 73168K, capacity 75960K, committed 76160K, reserved 1116160K
  class space    used 9762K, capacity 10357K, committed 10368K, reserved 1048576K
Event: 58.189 GC heap after
Heap after GC invocations=21 (full 6):
 PSYoungGen      total 237568K, used 11270K [0x00000000e0000000, 0x00000000f2000000, 0x0000000100000000)
  eden space 190464K, 0% used [0x00000000e0000000,0x00000000e0000000,0x00000000eba00000)
  from space 47104K, 23% used [0x00000000eba00000,0x00000000ec501918,0x00000000ee800000)
  to   space 45056K, 0% used [0x00000000ef400000,0x00000000ef400000,0x00000000f2000000)
 ParOldGen       total 101888K, used 62514K [0x00000000a0000000, 0x00000000a6380000, 0x00000000e0000000)
  object space 101888K, 61% used [0x00000000a0000000,0x00000000a3d0c988,0x00000000a6380000)
 Metaspace       used 73168K, capacity 75960K, committed 76160K, reserved 1116160K
  class space    used 9762K, capacity 10357K, committed 10368K, reserved 1048576K
}
Event: 60.210 GC heap before
{Heap before GC invocations=22 (full 6):
 PSYoungGen      total 237568K, used 75358K [0x00000000e0000000, 0x00000000f2000000, 0x0000000100000000)
  eden space 190464K, 33% used [0x00000000e0000000,0x00000000e3e96048,0x00000000eba00000)
  from space 47104K, 23% used [0x00000000eba00000,0x00000000ec501918,0x00000000ee800000)
  to   space 45056K, 0% used [0x00000000ef400000,0x00000000ef400000,0x00000000f2000000)
 ParOldGen       total 101888K, used 62514K [0x00000000a0000000, 0x00000000a6380000, 0x00000000e0000000)
  object space 101888K, 61% used [0x00000000a0000000,0x00000000a3d0c988,0x00000000a6380000)
 Metaspace       used 74526K, capacity 77358K, committed 77440K, reserved 1122304K
  class space    used 9971K, capacity 10556K, committed 10624K, reserved 1048576K

