# JRE version: OpenJDK Runtime Environment (8.0_212-b04) (build 1.8.0_212-release-1586-b04)
# Java VM: OpenJDK 64-Bit Server VM (25.212-b04 mixed mode windows-amd64 compressed oops)
Heap:
 PSYoungGen      total 256512K, used 122303K [0x00000000e0000000, 0x00000000f3700000, 0x0000000100000000)
  eden space 228864K, 44% used [0x00000000e0000000,0x00000000e6435e60,0x00000000edf80000)
  from space 27648K, 71% used [0x00000000edf80000,0x00000000ef2b9fa0,0x00000000efa80000)
  to   space 29184K, 0% used [0x00000000f1a80000,0x00000000f1a80000,0x00000000f3700000)
 ParOldGen       total 92672K, used 56305K [0x00000000a0000000, 0x00000000a5a80000, 0x00000000e0000000)
  object space 92672K, 60% used [0x00000000a0000000,0x00000000a36fc570,0x00000000a5a80000)
 Metaspace       used 72255K, capacity 74960K, committed 75264K, reserved 1114112K
  class space    used 9537K, capacity 10155K, committed 10240K, reserved 1048576K
GC Heap History (10 events):
Event: 19.930 GC heap before
{Heap before GC invocations=14 (full 2):
 PSYoungGen      total 175616K, used 126888K [0x00000000e0000000, 0x00000000ee600000, 0x0000000100000000)
  eden space 162304K, 69% used [0x00000000e0000000,0x00000000e6eeb8a8,0x00000000e9e80000)
  from space 13312K, 99% used [0x00000000e9e80000,0x00000000eab7e800,0x00000000eab80000)
  to   space 17920K, 0% used [0x00000000ed480000,0x00000000ed480000,0x00000000ee600000)
 ParOldGen       total 55296K, used 25482K [0x00000000a0000000, 0x00000000a3600000, 0x00000000e0000000)
  object space 55296K, 46% used [0x00000000a0000000,0x00000000a18e28c0,0x00000000a3600000)
 Metaspace       used 57181K, capacity 59034K, committed 59096K, reserved 1099776K
  class space    used 7850K, capacity 8296K, committed 8320K, reserved 1048576K
Event: 20.033 GC heap after
Heap after GC invocations=14 (full 2):
 PSYoungGen      total 216576K, used 12867K [0x00000000e0000000, 0x00000000eec00000, 0x0000000100000000)
  eden space 198656K, 0% used [0x00000000e0000000,0x00000000e0000000,0x00000000ec200000)
  from space 17920K, 71% used [0x00000000ed480000,0x00000000ee110ea8,0x00000000ee600000)
  to   space 18944K, 0% used [0x00000000ec200000,0x00000000ec200000,0x00000000ed480000)
 ParOldGen       total 55296K, used 35543K [0x00000000a0000000, 0x00000000a3600000, 0x00000000e0000000)
  object space 55296K, 64% used [0x00000000a0000000,0x00000000a22b5da0,0x00000000a3600000)
 Metaspace       used 57181K, capacity 59034K, committed 59096K, reserved 1099776K
  class space    used 7850K, capacity 8296K, committed 8320K, reserved 1048576K
}
Event: 20.033 GC heap before
{Heap before GC invocations=15 (full 3):
 PSYoungGen      total 216576K, used 12867K [0x00000000e0000000, 0x00000000eec00000, 0x0000000100000000)
  eden space 198656K, 0% used [0x00000000e0000000,0x00000000e0000000,0x00000000ec200000)
  from space 17920K, 71% used [0x00000000ed480000,0x00000000ee110ea8,0x00000000ee600000)
  to   space 18944K, 0% used [0x00000000ec200000,0x00000000ec200000,0x00000000ed480000)
 ParOldGen       total 55296K, used 35543K [0x00000000a0000000, 0x00000000a3600000, 0x00000000e0000000)
  object space 55296K, 64% used [0x00000000a0000000,0x00000000a22b5da0,0x00000000a3600000)
 Metaspace       used 57181K, capacity 59034K, committed 59096K, reserved 1099776K
  class space    used 7850K, capacity 8296K, committed 8320K, reserved 1048576K
Event: 20.571 GC heap after
Heap after GC invocations=15 (full 3):
 PSYoungGen      total 216576K, used 0K [0x00000000e0000000, 0x00000000eec00000, 0x0000000100000000)
  eden space 198656K, 0% used [0x00000000e0000000,0x00000000e0000000,0x00000000ec200000)
  from space 17920K, 0% used [0x00000000ed480000,0x00000000ed480000,0x00000000ee600000)
  to   space 18944K, 0% used [0x00000000ec200000,0x00000000ec200000,0x00000000ed480000)
 ParOldGen       total 92672K, used 37569K [0x00000000a0000000, 0x00000000a5a80000, 0x00000000e0000000)
  object space 92672K, 40% used [0x00000000a0000000,0x00000000a24b05f0,0x00000000a5a80000)
 Metaspace       used 57181K, capacity 59034K, committed 59096K, reserved 1099776K
  class space    used 7850K, capacity 8296K, committed 8320K, reserved 1048576K
}
Event: 26.833 GC heap before
{Heap before GC invocations=16 (full 3):
 PSYoungGen      total 216576K, used 198656K [0x00000000e0000000, 0x00000000eec00000, 0x0000000100000000)
  eden space 198656K, 100% used [0x00000000e0000000,0x00000000ec200000,0x00000000ec200000)
  from space 17920K, 0% used [0x00000000ed480000,0x00000000ed480000,0x00000000ee600000)
  to   space 18944K, 0% used [0x00000000ec200000,0x00000000ec200000,0x00000000ed480000)
 ParOldGen       total 92672K, used 37569K [0x00000000a0000000, 0x00000000a5a80000, 0x00000000e0000000)
  object space 92672K, 40% used [0x00000000a0000000,0x00000000a24b05f0,0x00000000a5a80000)
 Metaspace       used 61934K, capacity 63960K, committed 64256K, reserved 1103872K
  class space    used 8428K, capacity 8911K, committed 8960K, reserved 1048576K
Event: 26.877 GC heap after
Heap after GC invocations=16 (full 3):
 PSYoungGen      total 217600K, used 17218K [0x00000000e0000000, 0x00000000f0f80000, 0x0000000100000000)
  eden space 198656K, 0% used [0x00000000e0000000,0x00000000e0000000,0x00000000ec200000)
  from space 18944K, 90% used [0x00000000ec200000,0x00000000ed2d0830,0x00000000ed480000)
  to   space 21504K, 0% used [0x00000000efa80000,0x00000000efa80000,0x00000000f0f80000)
 ParOldGen       total 92672K, used 37577K [0x00000000a0000000, 0x00000000a5a80000, 0x00000000e0000000)
  object space 92672K, 40% used [0x00000000a0000000,0x00000000a24b25f0,0x00000000a5a80000)
 Metaspace       used 61934K, capacity 63960K, committed 64256K, reserved 1103872K
  class space    used 8428K, capacity 8911K, committed 8960K, reserved 1048576K
}
Event: 33.578 GC heap before
{Heap before GC invocations=17 (full 3):
 PSYoungGen      total 217600K, used 215874K [0x00000000e0000000, 0x00000000f0f80000, 0x0000000100000000)
  eden space 198656K, 100% used [0x00000000e0000000,0x00000000ec200000,0x00000000ec200000)
  from space 18944K, 90% used [0x00000000ec200000,0x00000000ed2d0830,0x00000000ed480000)
  to   space 21504K, 0% used [0x00000000efa80000,0x00000000efa80000,0x00000000f0f80000)
 ParOldGen       total 92672K, used 37577K [0x00000000a0000000, 0x00000000a5a80000, 0x00000000e0000000)
  object space 92672K, 40% used [0x00000000a0000000,0x00000000a24b25f0,0x00000000a5a80000)
 Metaspace       used 65554K, capacity 67918K, committed 68096K, reserved 1107968K
  class space    used 8901K, capacity 9470K, committed 9472K, reserved 1048576K
Event: 33.641 GC heap after
Heap after GC invocations=17 (full 3):
 PSYoungGen      total 250368K, used 21484K [0x00000000e0000000, 0x00000000f1880000, 0x0000000100000000)
  eden space 228864K, 0% used [0x00000000e0000000,0x00000000e0000000,0x00000000edf80000)
  from space 21504K, 99% used [0x00000000efa80000,0x00000000f0f7b0f0,0x00000000f0f80000)
  to   space 27648K, 0% used [0x00000000edf80000,0x00000000edf80000,0x00000000efa80000)
 ParOldGen       total 92672K, used 45268K [0x00000000a0000000, 0x00000000a5a80000, 0x00000000e0000000)
  object space 92672K, 48% used [0x00000000a0000000,0x00000000a2c352f8,0x00000000a5a80000)
 Metaspace       used 65554K, capacity 67918K, committed 68096K, reserved 1107968K
  class space    used 8901K, capacity 9470K, committed 9472K, reserved 1048576K
}
Event: 580.803 GC heap before
{Heap before GC invocations=18 (full 3):
 PSYoungGen      total 250368K, used 250348K [0x00000000e0000000, 0x00000000f1880000, 0x0000000100000000)
  eden space 228864K, 100% used [0x00000000e0000000,0x00000000edf80000,0x00000000edf80000)
  from space 21504K, 99% used [0x00000000efa80000,0x00000000f0f7b0f0,0x00000000f0f80000)
  to   space 27648K, 0% used [0x00000000edf80000,0x00000000edf80000,0x00000000efa80000)
 ParOldGen       total 92672K, used 45268K [0x00000000a0000000, 0x00000000a5a80000, 0x00000000e0000000)
  object space 92672K, 48% used [0x00000000a0000000,0x00000000a2c352f8,0x00000000a5a80000)
 Metaspace       used 71875K, capacity 74452K, committed 74624K, reserved 1114112K
  class space    used 9502K, capacity 10087K, committed 10112K, reserved 1048576K
Event: 580.897 GC heap after
Heap after GC invocations=18 (full 3):
 PSYoungGen      total 256512K, used 19687K [0x00000000e0000000, 0x00000000f3700000, 0x0000000100000000)
  eden space 228864K, 0% used [0x00000000e0000000,0x00000000e0000000,0x00000000edf80000)
  from space 27648K, 71% used [0x00000000edf80000,0x00000000ef2b9fa0,0x00000000efa80000)
  to   space 29184K, 0% used [0x00000000f1a80000,0x00000000f1a80000,0x00000000f3700000)
 ParOldGen       total 92672K, used 56305K [0x00000000a0000000, 0x00000000a5a80000, 0x00000000e0000000)
  object space 92672K, 60% used [0x00000000a0000000,0x00000000a36fc570,0x00000000a5a80000)
 Metaspace       used 71875K, capacity 74452K, committed 74624K, reserved 1114112K
  class space    used 9502K, capacity 10087K, committed 10112K, reserved 1048576K
}

