# JRE version: OpenJDK Runtime Environment (8.0_212-b04) (build 1.8.0_212-release-1586-b04)
# Java VM: OpenJDK 64-Bit Server VM (25.212-b04 mixed mode windows-amd64 compressed oops)
Heap:
 PSYoungGen      total 287232K, used 43797K [0x00000000e0000000, 0x00000000f4c00000, 0x0000000100000000)
  eden space 241664K, 18% used [0x00000000e0000000,0x00000000e2ac5400,0x00000000eec00000)
  from space 45568K, 0% used [0x00000000f1b00000,0x00000000f1b00000,0x00000000f4780000)
  to   space 48128K, 0% used [0x00000000eec00000,0x00000000eec00000,0x00000000f1b00000)
 ParOldGen       total 98304K, used 73424K [0x00000000a0000000, 0x00000000a6000000, 0x00000000e0000000)
  object space 98304K, 74% used [0x00000000a0000000,0x00000000a47b41f8,0x00000000a6000000)
 Metaspace       used 83289K, capacity 86598K, committed 86912K, reserved 1124352K
  class space    used 11075K, capacity 11838K, committed 11904K, reserved 1048576K
GC Heap History (10 events):
Event: 43.178 GC heap before
{Heap before GC invocations=19 (full 4):
 PSYoungGen      total 219136K, used 18936K [0x00000000e0000000, 0x00000000f4780000, 0x0000000100000000)
  eden space 200192K, 0% used [0x00000000e0000000,0x00000000e0000000,0x00000000ec380000)
  from space 18944K, 99% used [0x00000000ec380000,0x00000000ed5fe290,0x00000000ed600000)
  to   space 45568K, 0% used [0x00000000f1b00000,0x00000000f1b00000,0x00000000f4780000)
 ParOldGen       total 93184K, used 92962K [0x00000000a0000000, 0x00000000a5b00000, 0x00000000e0000000)
  object space 93184K, 99% used [0x00000000a0000000,0x00000000a5ac88c8,0x00000000a5b00000)
 Metaspace       used 71995K, capacity 74365K, committed 74624K, reserved 1114112K
  class space    used 9506K, capacity 10072K, committed 10112K, reserved 1048576K
Event: 43.821 GC heap after
Heap after GC invocations=19 (full 4):
 PSYoungGen      total 219136K, used 0K [0x00000000e0000000, 0x00000000f4780000, 0x0000000100000000)
  eden space 200192K, 0% used [0x00000000e0000000,0x00000000e0000000,0x00000000ec380000)
  from space 18944K, 0% used [0x00000000ec380000,0x00000000ec380000,0x00000000ed600000)
  to   space 45568K, 0% used [0x00000000f1b00000,0x00000000f1b00000,0x00000000f4780000)
 ParOldGen       total 93184K, used 68193K [0x00000000a0000000, 0x00000000a5b00000, 0x00000000e0000000)
  object space 93184K, 73% used [0x00000000a0000000,0x00000000a4298578,0x00000000a5b00000)
 Metaspace       used 71375K, capacity 73710K, committed 74624K, reserved 1114112K
  class space    used 9441K, capacity 9998K, committed 10112K, reserved 1048576K
}
Event: 47.567 GC heap before
{Heap before GC invocations=20 (full 4):
 PSYoungGen      total 219136K, used 200192K [0x00000000e0000000, 0x00000000f4780000, 0x0000000100000000)
  eden space 200192K, 100% used [0x00000000e0000000,0x00000000ec380000,0x00000000ec380000)
  from space 18944K, 0% used [0x00000000ec380000,0x00000000ec380000,0x00000000ed600000)
  to   space 45568K, 0% used [0x00000000f1b00000,0x00000000f1b00000,0x00000000f4780000)
 ParOldGen       total 93184K, used 68193K [0x00000000a0000000, 0x00000000a5b00000, 0x00000000e0000000)
  object space 93184K, 73% used [0x00000000a0000000,0x00000000a4298578,0x00000000a5b00000)
 Metaspace       used 77654K, capacity 80392K, committed 80768K, reserved 1118208K
  class space    used 10361K, capacity 11005K, committed 11136K, reserved 1048576K
Event: 47.638 GC heap after
Heap after GC invocations=20 (full 4):
 PSYoungGen      total 287232K, used 31133K [0x00000000e0000000, 0x00000000f4c00000, 0x0000000100000000)
  eden space 241664K, 0% used [0x00000000e0000000,0x00000000e0000000,0x00000000eec00000)
  from space 45568K, 68% used [0x00000000f1b00000,0x00000000f39674e0,0x00000000f4780000)
  to   space 48128K, 0% used [0x00000000eec00000,0x00000000eec00000,0x00000000f1b00000)
 ParOldGen       total 93184K, used 68201K [0x00000000a0000000, 0x00000000a5b00000, 0x00000000e0000000)
  object space 93184K, 73% used [0x00000000a0000000,0x00000000a429a578,0x00000000a5b00000)
 Metaspace       used 77654K, capacity 80392K, committed 80768K, reserved 1118208K
  class space    used 10361K, capacity 11005K, committed 11136K, reserved 1048576K
}
Event: 53.512 GC heap before
{Heap before GC invocations=21 (full 4):
 PSYoungGen      total 287232K, used 272797K [0x00000000e0000000, 0x00000000f4c00000, 0x0000000100000000)
  eden space 241664K, 100% used [0x00000000e0000000,0x00000000eec00000,0x00000000eec00000)
  from space 45568K, 68% used [0x00000000f1b00000,0x00000000f39674e0,0x00000000f4780000)
  to   space 48128K, 0% used [0x00000000eec00000,0x00000000eec00000,0x00000000f1b00000)
 ParOldGen       total 93184K, used 68201K [0x00000000a0000000, 0x00000000a5b00000, 0x00000000e0000000)
  object space 93184K, 73% used [0x00000000a0000000,0x00000000a429a578,0x00000000a5b00000)
 Metaspace       used 80776K, capacity 83808K, committed 83968K, reserved 1122304K
  class space    used 10715K, capacity 11441K, committed 11520K, reserved 1048576K
Event: 53.876 GC heap after
Heap after GC invocations=21 (full 4):
 PSYoungGen      total 287232K, used 272797K [0x00000000e0000000, 0x00000000f4c00000, 0x0000000100000000)
  eden space 241664K, 100% used [0x00000000e0000000,0x00000000eec00000,0x00000000eec00000)
  from space 45568K, 68% used [0x00000000f1b00000,0x00000000f39674e0,0x00000000f4780000)
  to   space 48128K, 99% used [0x00000000eec00000,0x00000000f1af8e70,0x00000000f1b00000)
 ParOldGen       total 98304K, used 98156K [0x00000000a0000000, 0x00000000a6000000, 0x00000000e0000000)
  object space 98304K, 99% used [0x00000000a0000000,0x00000000a5fdb2e8,0x00000000a6000000)
 Metaspace       used 80776K, capacity 83808K, committed 83968K, reserved 1122304K
  class space    used 10715K, capacity 11441K, committed 11520K, reserved 1048576K
}
Event: 53.876 GC heap before
{Heap before GC invocations=22 (full 5):
 PSYoungGen      total 287232K, used 272797K [0x00000000e0000000, 0x00000000f4c00000, 0x0000000100000000)
  eden space 241664K, 100% used [0x00000000e0000000,0x00000000eec00000,0x00000000eec00000)
  from space 45568K, 68% used [0x00000000f1b00000,0x00000000f39674e0,0x00000000f4780000)
  to   space 48128K, 99% used [0x00000000eec00000,0x00000000f1af8e70,0x00000000f1b00000)
 ParOldGen       total 98304K, used 98156K [0x00000000a0000000, 0x00000000a6000000, 0x00000000e0000000)
  object space 98304K, 99% used [0x00000000a0000000,0x00000000a5fdb2e8,0x00000000a6000000)
 Metaspace       used 80776K, capacity 83808K, committed 83968K, reserved 1122304K
  class space    used 10715K, capacity 11441K, committed 11520K, reserved 1048576K
Event: 55.770 GC heap after
Heap after GC invocations=22 (full 5):
 PSYoungGen      total 287232K, used 0K [0x00000000e0000000, 0x00000000f4c00000, 0x0000000100000000)
  eden space 241664K, 0% used [0x00000000e0000000,0x00000000e0000000,0x00000000eec00000)
  from space 45568K, 0% used [0x00000000f1b00000,0x00000000f1b00000,0x00000000f4780000)
  to   space 48128K, 86% used [0x00000000eec00000,0x00000000f14ba860,0x00000000f1b00000)
 ParOldGen       total 98304K, used 98193K [0x00000000a0000000, 0x00000000a6000000, 0x00000000e0000000)
  object space 98304K, 99% used [0x00000000a0000000,0x00000000a5fe45b0,0x00000000a6000000)
 Metaspace       used 80776K, capacity 83808K, committed 83968K, reserved 1122304K
  class space    used 10715K, capacity 11441K, committed 11520K, reserved 1048576K
}
Event: 61.232 GC heap before
{Heap before GC invocations=23 (full 6):
 PSYoungGen      total 287232K, used 240127K [0x00000000e0000000, 0x00000000f4c00000, 0x0000000100000000)
  eden space 241664K, 99% used [0x00000000e0000000,0x00000000eea7fd80,0x00000000eec00000)
  from space 45568K, 0% used [0x00000000f1b00000,0x00000000f1b00000,0x00000000f4780000)
  to   space 48128K, 86% used [0x00000000eec00000,0x00000000f14ba860,0x00000000f1b00000)
 ParOldGen       total 98304K, used 98193K [0x00000000a0000000, 0x00000000a6000000, 0x00000000e0000000)
  object space 98304K, 99% used [0x00000000a0000000,0x00000000a5fe45b0,0x00000000a6000000)
 Metaspace       used 81926K, capacity 85078K, committed 85376K, reserved 1122304K
  class space    used 10835K, capacity 11556K, committed 11648K, reserved 1048576K
Event: 61.564 GC heap after
Heap after GC invocations=23 (full 6):
 PSYoungGen      total 287232K, used 0K [0x00000000e0000000, 0x00000000f4c00000, 0x0000000100000000)
  eden space 241664K, 0% used [0x00000000e0000000,0x00000000e0000000,0x00000000eec00000)
  from space 45568K, 0% used [0x00000000f1b00000,0x00000000f1b00000,0x00000000f4780000)
  to   space 48128K, 0% used [0x00000000eec00000,0x00000000eec00000,0x00000000f1b00000)
 ParOldGen       total 98304K, used 73424K [0x00000000a0000000, 0x00000000a6000000, 0x00000000e0000000)
  object space 98304K, 74% used [0x00000000a0000000,0x00000000a47b41f8,0x00000000a6000000)
 Metaspace       used 81926K, capacity 85078K, committed 85376K, reserved 1122304K
  class space    used 10835K, capacity 11556K, committed 11648K, reserved 1048576K
}

