# JRE version: OpenJDK Runtime Environment (8.0_212-b04) (build 1.8.0_212-release-1586-b04)
# Java VM: OpenJDK 64-Bit Server VM (25.212-b04 mixed mode windows-amd64 compressed oops)
Heap:
 PSYoungGen      total 35328K, used 19969K [0x00000000e0000000, 0x00000000e2800000, 0x0000000100000000)
  eden space 30208K, 49% used [0x00000000e0000000,0x00000000e0e80ae8,0x00000000e1d80000)
  from space 5120K, 99% used [0x00000000e1d80000,0x00000000e227f9d0,0x00000000e2280000)
  to   space 4608K, 0% used [0x00000000e2280000,0x00000000e2280000,0x00000000e2700000)
 ParOldGen       total 40960K, used 4275K [0x00000000a0000000, 0x00000000a2800000, 0x00000000e0000000)
  object space 40960K, 10% used [0x00000000a0000000,0x00000000a042cfb0,0x00000000a2800000)
 Metaspace       used 15041K, capacity 15432K, committed 15616K, reserved 1062912K
  class space    used 2106K, capacity 2231K, committed 2304K, reserved 1048576K
GC Heap History (10 events):
Event: 2.395 GC heap before
{Heap before GC invocations=3 (full 0):
 PSYoungGen      total 17920K, used 17898K [0x00000000e0000000, 0x00000000e1400000, 0x0000000100000000)
  eden space 15360K, 100% used [0x00000000e0000000,0x00000000e0f00000,0x00000000e0f00000)
  from space 2560K, 99% used [0x00000000e1180000,0x00000000e13fa880,0x00000000e1400000)
  to   space 2560K, 0% used [0x00000000e0f00000,0x00000000e0f00000,0x00000000e1180000)
 ParOldGen       total 40960K, used 758K [0x00000000a0000000, 0x00000000a2800000, 0x00000000e0000000)
  object space 40960K, 1% used [0x00000000a0000000,0x00000000a00bd8d8,0x00000000a2800000)
 Metaspace       used 7056K, capacity 7272K, committed 7424K, reserved 1056768K
  class space    used 855K, capacity 940K, committed 1024K, reserved 1048576K
Event: 2.401 GC heap after
Heap after GC invocations=3 (full 0):
 PSYoungGen      total 17920K, used 2128K [0x00000000e0000000, 0x00000000e1400000, 0x0000000100000000)
  eden space 15360K, 0% used [0x00000000e0000000,0x00000000e0000000,0x00000000e0f00000)
  from space 2560K, 83% used [0x00000000e0f00000,0x00000000e1114030,0x00000000e1180000)
  to   space 2560K, 0% used [0x00000000e1180000,0x00000000e1180000,0x00000000e1400000)
 ParOldGen       total 40960K, used 758K [0x00000000a0000000, 0x00000000a2800000, 0x00000000e0000000)
  object space 40960K, 1% used [0x00000000a0000000,0x00000000a00bd8d8,0x00000000a2800000)
 Metaspace       used 7056K, capacity 7272K, committed 7424K, reserved 1056768K
  class space    used 855K, capacity 940K, committed 1024K, reserved 1048576K
}
Event: 3.158 GC heap before
{Heap before GC invocations=4 (full 0):
 PSYoungGen      total 17920K, used 17488K [0x00000000e0000000, 0x00000000e1400000, 0x0000000100000000)
  eden space 15360K, 100% used [0x00000000e0000000,0x00000000e0f00000,0x00000000e0f00000)
  from space 2560K, 83% used [0x00000000e0f00000,0x00000000e1114030,0x00000000e1180000)
  to   space 2560K, 0% used [0x00000000e1180000,0x00000000e1180000,0x00000000e1400000)
 ParOldGen       total 40960K, used 758K [0x00000000a0000000, 0x00000000a2800000, 0x00000000e0000000)
  object space 40960K, 1% used [0x00000000a0000000,0x00000000a00bd8d8,0x00000000a2800000)
 Metaspace       used 7243K, capacity 7584K, committed 7680K, reserved 1056768K
  class space    used 879K, capacity 980K, committed 1024K, reserved 1048576K
Event: 3.169 GC heap after
Heap after GC invocations=4 (full 0):
 PSYoungGen      total 17920K, used 2560K [0x00000000e0000000, 0x00000000e2300000, 0x0000000100000000)
  eden space 15360K, 0% used [0x00000000e0000000,0x00000000e0000000,0x00000000e0f00000)
  from space 2560K, 100% used [0x00000000e1180000,0x00000000e1400000,0x00000000e1400000)
  to   space 2560K, 0% used [0x00000000e0f00000,0x00000000e0f00000,0x00000000e1180000)
 ParOldGen       total 40960K, used 1243K [0x00000000a0000000, 0x00000000a2800000, 0x00000000e0000000)
  object space 40960K, 3% used [0x00000000a0000000,0x00000000a0136df0,0x00000000a2800000)
 Metaspace       used 7243K, capacity 7584K, committed 7680K, reserved 1056768K
  class space    used 879K, capacity 980K, committed 1024K, reserved 1048576K
}
Event: 3.584 GC heap before
{Heap before GC invocations=5 (full 0):
 PSYoungGen      total 17920K, used 17920K [0x00000000e0000000, 0x00000000e2300000, 0x0000000100000000)
  eden space 15360K, 100% used [0x00000000e0000000,0x00000000e0f00000,0x00000000e0f00000)
  from space 2560K, 100% used [0x00000000e1180000,0x00000000e1400000,0x00000000e1400000)
  to   space 2560K, 0% used [0x00000000e0f00000,0x00000000e0f00000,0x00000000e1180000)
 ParOldGen       total 40960K, used 1243K [0x00000000a0000000, 0x00000000a2800000, 0x00000000e0000000)
  object space 40960K, 3% used [0x00000000a0000000,0x00000000a0136df0,0x00000000a2800000)
 Metaspace       used 8354K, capacity 8546K, committed 8832K, reserved 1056768K
  class space    used 1054K, capacity 1109K, committed 1152K, reserved 1048576K
Event: 3.598 GC heap after
Heap after GC invocations=5 (full 0):
 PSYoungGen      total 17920K, used 2560K [0x00000000e0000000, 0x00000000e2700000, 0x0000000100000000)
  eden space 15360K, 0% used [0x00000000e0000000,0x00000000e0000000,0x00000000e0f00000)
  from space 2560K, 100% used [0x00000000e0f00000,0x00000000e1180000,0x00000000e1180000)
  to   space 4608K, 0% used [0x00000000e2280000,0x00000000e2280000,0x00000000e2700000)
 ParOldGen       total 40960K, used 2548K [0x00000000a0000000, 0x00000000a2800000, 0x00000000e0000000)
  object space 40960K, 6% used [0x00000000a0000000,0x00000000a027d028,0x00000000a2800000)
 Metaspace       used 8354K, capacity 8546K, committed 8832K, reserved 1056768K
  class space    used 1054K, capacity 1109K, committed 1152K, reserved 1048576K
}
Event: 6.869 GC heap before
{Heap before GC invocations=6 (full 0):
 PSYoungGen      total 17920K, used 17920K [0x00000000e0000000, 0x00000000e2700000, 0x0000000100000000)
  eden space 15360K, 100% used [0x00000000e0000000,0x00000000e0f00000,0x00000000e0f00000)
  from space 2560K, 100% used [0x00000000e0f00000,0x00000000e1180000,0x00000000e1180000)
  to   space 4608K, 0% used [0x00000000e2280000,0x00000000e2280000,0x00000000e2700000)
 ParOldGen       total 40960K, used 2548K [0x00000000a0000000, 0x00000000a2800000, 0x00000000e0000000)
  object space 40960K, 6% used [0x00000000a0000000,0x00000000a027d028,0x00000000a2800000)
 Metaspace       used 11943K, capacity 12282K, committed 12544K, reserved 1060864K
  class space    used 1569K, capacity 1687K, committed 1792K, reserved 1048576K
Event: 6.891 GC heap after
Heap after GC invocations=6 (full 0):
 PSYoungGen      total 34816K, used 4580K [0x00000000e0000000, 0x00000000e2800000, 0x0000000100000000)
  eden space 30208K, 0% used [0x00000000e0000000,0x00000000e0000000,0x00000000e1d80000)
  from space 4608K, 99% used [0x00000000e2280000,0x00000000e26f90a0,0x00000000e2700000)
  to   space 5120K, 0% used [0x00000000e1d80000,0x00000000e1d80000,0x00000000e2280000)
 ParOldGen       total 40960K, used 2636K [0x00000000a0000000, 0x00000000a2800000, 0x00000000e0000000)
  object space 40960K, 6% used [0x00000000a0000000,0x00000000a0293308,0x00000000a2800000)
 Metaspace       used 11943K, capacity 12282K, committed 12544K, reserved 1060864K
  class space    used 1569K, capacity 1687K, committed 1792K, reserved 1048576K
}
Event: 7.665 GC heap before
{Heap before GC invocations=7 (full 0):
 PSYoungGen      total 34816K, used 34788K [0x00000000e0000000, 0x00000000e2800000, 0x0000000100000000)
  eden space 30208K, 100% used [0x00000000e0000000,0x00000000e1d80000,0x00000000e1d80000)
  from space 4608K, 99% used [0x00000000e2280000,0x00000000e26f90a0,0x00000000e2700000)
  to   space 5120K, 0% used [0x00000000e1d80000,0x00000000e1d80000,0x00000000e2280000)
 ParOldGen       total 40960K, used 2636K [0x00000000a0000000, 0x00000000a2800000, 0x00000000e0000000)
  object space 40960K, 6% used [0x00000000a0000000,0x00000000a0293308,0x00000000a2800000)
 Metaspace       used 14415K, capacity 14746K, committed 14976K, reserved 1062912K
  class space    used 1989K, capacity 2127K, committed 2176K, reserved 1048576K
Event: 7.687 GC heap after
Heap after GC invocations=7 (full 0):
 PSYoungGen      total 35328K, used 5118K [0x00000000e0000000, 0x00000000e2800000, 0x0000000100000000)
  eden space 30208K, 0% used [0x00000000e0000000,0x00000000e0000000,0x00000000e1d80000)
  from space 5120K, 99% used [0x00000000e1d80000,0x00000000e227f9d0,0x00000000e2280000)
  to   space 4608K, 0% used [0x00000000e2280000,0x00000000e2280000,0x00000000e2700000)
 ParOldGen       total 40960K, used 4275K [0x00000000a0000000, 0x00000000a2800000, 0x00000000e0000000)
  object space 40960K, 10% used [0x00000000a0000000,0x00000000a042cfb0,0x00000000a2800000)
 Metaspace       used 14415K, capacity 14746K, committed 14976K, reserved 1062912K
  class space    used 1989K, capacity 2127K, committed 2176K, reserved 1048576K
}

