# JRE version: OpenJDK Runtime Environment (8.0_212-b04) (build 1.8.0_212-release-1586-b04)
# Java VM: OpenJDK 64-Bit Server VM (25.212-b04 mixed mode windows-amd64 compressed oops)
Heap:
 PSYoungGen      total 313856K, used 69946K [0x00000000e0000000, 0x00000000fca80000, 0x0000000100000000)
  eden space 236032K, 29% used [0x00000000e0000000,0x00000000e444eb40,0x00000000ee680000)
  from space 77824K, 0% used [0x00000000f4980000,0x00000000f4980000,0x00000000f9580000)
  to   space 101376K, 0% used [0x00000000ee680000,0x00000000ee680000,0x00000000f4980000)
 ParOldGen       total 162816K, used 161937K [0x00000000a0000000, 0x00000000a9f00000, 0x00000000e0000000)
  object space 162816K, 99% used [0x00000000a0000000,0x00000000a9e244b0,0x00000000a9f00000)
 Metaspace       used 88426K, capacity 92040K, committed 92288K, reserved 1128448K
  class space    used 11504K, capacity 12353K, committed 12416K, reserved 1048576K
GC Heap History (10 events):
Event: 450.101 GC heap before
{Heap before GC invocations=22 (full 5):
 PSYoungGen      total 224768K, used 221568K [0x00000000e0000000, 0x00000000f6b80000, 0x0000000100000000)
  eden space 204288K, 100% used [0x00000000e0000000,0x00000000ec780000,0x00000000ec780000)
  from space 20480K, 84% used [0x00000000ef880000,0x00000000f09602a8,0x00000000f0c80000)
  to   space 50176K, 0% used [0x00000000ec780000,0x00000000ec780000,0x00000000ef880000)
 ParOldGen       total 162816K, used 60312K [0x00000000a0000000, 0x00000000a9f00000, 0x00000000e0000000)
  object space 162816K, 37% used [0x00000000a0000000,0x00000000a3ae6090,0x00000000a9f00000)
 Metaspace       used 87728K, capacity 91172K, committed 91392K, reserved 1128448K
  class space    used 11433K, capacity 12243K, committed 12288K, reserved 1048576K
Event: 450.163 GC heap after
Heap after GC invocations=22 (full 5):
 PSYoungGen      total 254464K, used 23928K [0x00000000e0000000, 0x00000000f3d80000, 0x0000000100000000)
  eden space 204288K, 0% used [0x00000000e0000000,0x00000000e0000000,0x00000000ec780000)
  from space 50176K, 47% used [0x00000000ec780000,0x00000000edede060,0x00000000ef880000)
  to   space 49152K, 0% used [0x00000000f0d80000,0x00000000f0d80000,0x00000000f3d80000)
 ParOldGen       total 162816K, used 60320K [0x00000000a0000000, 0x00000000a9f00000, 0x00000000e0000000)
  object space 162816K, 37% used [0x00000000a0000000,0x00000000a3ae8090,0x00000000a9f00000)
 Metaspace       used 87728K, capacity 91172K, committed 91392K, reserved 1128448K
  class space    used 11433K, capacity 12243K, committed 12288K, reserved 1048576K
}
Event: 452.709 GC heap before
{Heap before GC invocations=23 (full 5):
 PSYoungGen      total 254464K, used 228216K [0x00000000e0000000, 0x00000000f3d80000, 0x0000000100000000)
  eden space 204288K, 100% used [0x00000000e0000000,0x00000000ec780000,0x00000000ec780000)
  from space 50176K, 47% used [0x00000000ec780000,0x00000000edede060,0x00000000ef880000)
  to   space 49152K, 0% used [0x00000000f0d80000,0x00000000f0d80000,0x00000000f3d80000)
 ParOldGen       total 162816K, used 60336K [0x00000000a0000000, 0x00000000a9f00000, 0x00000000e0000000)
  object space 162816K, 37% used [0x00000000a0000000,0x00000000a3aec0a0,0x00000000a9f00000)
 Metaspace       used 88071K, capacity 91676K, committed 91904K, reserved 1128448K
  class space    used 11456K, capacity 12279K, committed 12288K, reserved 1048576K
Event: 452.873 GC heap after
Heap after GC invocations=23 (full 5):
 PSYoungGen      total 270336K, used 42079K [0x00000000e0000000, 0x00000000f4f80000, 0x0000000100000000)
  eden space 221184K, 0% used [0x00000000e0000000,0x00000000e0000000,0x00000000ed800000)
  from space 49152K, 85% used [0x00000000f0d80000,0x00000000f3697f38,0x00000000f3d80000)
  to   space 54784K, 0% used [0x00000000ed800000,0x00000000ed800000,0x00000000f0d80000)
 ParOldGen       total 162816K, used 60344K [0x00000000a0000000, 0x00000000a9f00000, 0x00000000e0000000)
  object space 162816K, 37% used [0x00000000a0000000,0x00000000a3aee0a0,0x00000000a9f00000)
 Metaspace       used 88071K, capacity 91676K, committed 91904K, reserved 1128448K
  class space    used 11456K, capacity 12279K, committed 12288K, reserved 1048576K
}
Event: 455.495 GC heap before
{Heap before GC invocations=24 (full 5):
 PSYoungGen      total 270336K, used 263263K [0x00000000e0000000, 0x00000000f4f80000, 0x0000000100000000)
  eden space 221184K, 100% used [0x00000000e0000000,0x00000000ed800000,0x00000000ed800000)
  from space 49152K, 85% used [0x00000000f0d80000,0x00000000f3697f38,0x00000000f3d80000)
  to   space 54784K, 0% used [0x00000000ed800000,0x00000000ed800000,0x00000000f0d80000)
 ParOldGen       total 162816K, used 60346K [0x00000000a0000000, 0x00000000a9f00000, 0x00000000e0000000)
  object space 162816K, 37% used [0x00000000a0000000,0x00000000a3aee8d8,0x00000000a9f00000)
 Metaspace       used 88183K, capacity 91742K, committed 91904K, reserved 1128448K
  class space    used 11464K, capacity 12288K, committed 12288K, reserved 1048576K
Event: 455.705 GC heap after
Heap after GC invocations=24 (full 5):
 PSYoungGen      total 275968K, used 54769K [0x00000000e0000000, 0x00000000f9580000, 0x0000000100000000)
  eden space 221184K, 0% used [0x00000000e0000000,0x00000000e0000000,0x00000000ed800000)
  from space 54784K, 99% used [0x00000000ed800000,0x00000000f0d7c740,0x00000000f0d80000)
  to   space 77824K, 0% used [0x00000000f4980000,0x00000000f4980000,0x00000000f9580000)
 ParOldGen       total 162816K, used 99022K [0x00000000a0000000, 0x00000000a9f00000, 0x00000000e0000000)
  object space 162816K, 60% used [0x00000000a0000000,0x00000000a60b3980,0x00000000a9f00000)
 Metaspace       used 88183K, capacity 91742K, committed 91904K, reserved 1128448K
  class space    used 11464K, capacity 12288K, committed 12288K, reserved 1048576K
}
Event: 458.337 GC heap before
{Heap before GC invocations=25 (full 5):
 PSYoungGen      total 275968K, used 275953K [0x00000000e0000000, 0x00000000f9580000, 0x0000000100000000)
  eden space 221184K, 100% used [0x00000000e0000000,0x00000000ed800000,0x00000000ed800000)
  from space 54784K, 99% used [0x00000000ed800000,0x00000000f0d7c740,0x00000000f0d80000)
  to   space 77824K, 0% used [0x00000000f4980000,0x00000000f4980000,0x00000000f9580000)
 ParOldGen       total 162816K, used 99022K [0x00000000a0000000, 0x00000000a9f00000, 0x00000000e0000000)
  object space 162816K, 60% used [0x00000000a0000000,0x00000000a60b3980,0x00000000a9f00000)
 Metaspace       used 88207K, capacity 91806K, committed 91904K, reserved 1128448K
  class space    used 11464K, capacity 12288K, committed 12288K, reserved 1048576K
Event: 458.646 GC heap after
Heap after GC invocations=25 (full 5):
 PSYoungGen      total 313856K, used 77819K [0x00000000e0000000, 0x00000000fca80000, 0x0000000100000000)
  eden space 236032K, 0% used [0x00000000e0000000,0x00000000e0000000,0x00000000ee680000)
  from space 77824K, 99% used [0x00000000f4980000,0x00000000f957edf0,0x00000000f9580000)
  to   space 101376K, 0% used [0x00000000ee680000,0x00000000ee680000,0x00000000f4980000)
 ParOldGen       total 162816K, used 125996K [0x00000000a0000000, 0x00000000a9f00000, 0x00000000e0000000)
  object space 162816K, 77% used [0x00000000a0000000,0x00000000a7b0b290,0x00000000a9f00000)
 Metaspace       used 88207K, capacity 91806K, committed 91904K, reserved 1128448K
  class space    used 11464K, capacity 12288K, committed 12288K, reserved 1048576K
}
Event: 458.646 GC heap before
{Heap before GC invocations=26 (full 6):
 PSYoungGen      total 313856K, used 77819K [0x00000000e0000000, 0x00000000fca80000, 0x0000000100000000)
  eden space 236032K, 0% used [0x00000000e0000000,0x00000000e0000000,0x00000000ee680000)
  from space 77824K, 99% used [0x00000000f4980000,0x00000000f957edf0,0x00000000f9580000)
  to   space 101376K, 0% used [0x00000000ee680000,0x00000000ee680000,0x00000000f4980000)
 ParOldGen       total 162816K, used 125996K [0x00000000a0000000, 0x00000000a9f00000, 0x00000000e0000000)
  object space 162816K, 77% used [0x00000000a0000000,0x00000000a7b0b290,0x00000000a9f00000)
 Metaspace       used 88207K, capacity 91806K, committed 91904K, reserved 1128448K
  class space    used 11464K, capacity 12288K, committed 12288K, reserved 1048576K
Event: 460.964 GC heap after
Heap after GC invocations=26 (full 6):
 PSYoungGen      total 313856K, used 0K [0x00000000e0000000, 0x00000000fca80000, 0x0000000100000000)
  eden space 236032K, 0% used [0x00000000e0000000,0x00000000e0000000,0x00000000ee680000)
  from space 77824K, 0% used [0x00000000f4980000,0x00000000f4980000,0x00000000f9580000)
  to   space 101376K, 0% used [0x00000000ee680000,0x00000000ee680000,0x00000000f4980000)
 ParOldGen       total 162816K, used 161937K [0x00000000a0000000, 0x00000000a9f00000, 0x00000000e0000000)
  object space 162816K, 99% used [0x00000000a0000000,0x00000000a9e244b0,0x00000000a9f00000)
 Metaspace       used 87588K, capacity 91154K, committed 91904K, reserved 1128448K
  class space    used 11400K, capacity 12216K, committed 12288K, reserved 1048576K
}

