# JRE version: OpenJDK Runtime Environment (8.0_212-b04) (build 1.8.0_212-release-1586-b04)
# Java VM: OpenJDK 64-Bit Server VM (25.212-b04 mixed mode windows-amd64 compressed oops)
Heap:
 PSYoungGen      total 297984K, used 19121K [0x00000000e0000000, 0x00000000f6b80000, 0x0000000100000000)
  eden space 258048K, 7% used [0x00000000e0000000,0x00000000e12ac528,0x00000000efc00000)
  from space 39936K, 0% used [0x00000000efc00000,0x00000000efc00000,0x00000000f2300000)
  to   space 29184K, 0% used [0x00000000f2300000,0x00000000f2300000,0x00000000f3f80000)
 ParOldGen       total 175104K, used 65394K [0x00000000a0000000, 0x00000000aab00000, 0x00000000e0000000)
  object space 175104K, 37% used [0x00000000a0000000,0x00000000a3fdc8e0,0x00000000aab00000)
 Metaspace       used 83229K, capacity 86420K, committed 86656K, reserved 1124352K
  class space    used 10928K, capacity 11633K, committed 11648K, reserved 1048576K
GC Heap History (10 events):
Event: 44.503 GC heap before
{Heap before GC invocations=18 (full 3):
 PSYoungGen      total 249344K, used 249316K [0x00000000e0000000, 0x00000000f1a00000, 0x0000000100000000)
  eden space 229376K, 100% used [0x00000000e0000000,0x00000000ee000000,0x00000000ee000000)
  from space 19968K, 99% used [0x00000000efa80000,0x00000000f0df9170,0x00000000f0e00000)
  to   space 27136K, 0% used [0x00000000ee000000,0x00000000ee000000,0x00000000efa80000)
 ParOldGen       total 93184K, used 48395K [0x00000000a0000000, 0x00000000a5b00000, 0x00000000e0000000)
  object space 93184K, 51% used [0x00000000a0000000,0x00000000a2f42d90,0x00000000a5b00000)
 Metaspace       used 73181K, capacity 75632K, committed 75776K, reserved 1114112K
  class space    used 9622K, capacity 10173K, committed 10240K, reserved 1048576K
Event: 44.593 GC heap after
Heap after GC invocations=18 (full 3):
 PSYoungGen      total 256512K, used 21079K [0x00000000e0000000, 0x00000000f3f80000, 0x0000000100000000)
  eden space 229376K, 0% used [0x00000000e0000000,0x00000000e0000000,0x00000000ee000000)
  from space 27136K, 77% used [0x00000000ee000000,0x00000000ef495c90,0x00000000efa80000)
  to   space 29184K, 0% used [0x00000000f2300000,0x00000000f2300000,0x00000000f3f80000)
 ParOldGen       total 93184K, used 58801K [0x00000000a0000000, 0x00000000a5b00000, 0x00000000e0000000)
  object space 93184K, 63% used [0x00000000a0000000,0x00000000a396c448,0x00000000a5b00000)
 Metaspace       used 73181K, capacity 75632K, committed 75776K, reserved 1114112K
  class space    used 9622K, capacity 10173K, committed 10240K, reserved 1048576K
}
Event: 46.453 GC heap before
{Heap before GC invocations=19 (full 3):
 PSYoungGen      total 256512K, used 250444K [0x00000000e0000000, 0x00000000f3f80000, 0x0000000100000000)
  eden space 229376K, 99% used [0x00000000e0000000,0x00000000edffd748,0x00000000ee000000)
  from space 27136K, 77% used [0x00000000ee000000,0x00000000ef495c90,0x00000000efa80000)
  to   space 29184K, 0% used [0x00000000f2300000,0x00000000f2300000,0x00000000f3f80000)
 ParOldGen       total 93184K, used 58801K [0x00000000a0000000, 0x00000000a5b00000, 0x00000000e0000000)
  object space 93184K, 63% used [0x00000000a0000000,0x00000000a396c448,0x00000000a5b00000)
 Metaspace       used 74054K, capacity 76520K, committed 76672K, reserved 1116160K
  class space    used 9744K, capacity 10285K, committed 10368K, reserved 1048576K
Event: 46.616 GC heap after
Heap after GC invocations=19 (full 3):
 PSYoungGen      total 287232K, used 29181K [0x00000000e0000000, 0x00000000f6b80000, 0x0000000100000000)
  eden space 258048K, 0% used [0x00000000e0000000,0x00000000e0000000,0x00000000efc00000)
  from space 29184K, 99% used [0x00000000f2300000,0x00000000f3f7f560,0x00000000f3f80000)
  to   space 39936K, 0% used [0x00000000efc00000,0x00000000efc00000,0x00000000f2300000)
 ParOldGen       total 93184K, used 74594K [0x00000000a0000000, 0x00000000a5b00000, 0x00000000e0000000)
  object space 93184K, 80% used [0x00000000a0000000,0x00000000a48d89b8,0x00000000a5b00000)
 Metaspace       used 74054K, capacity 76520K, committed 76672K, reserved 1116160K
  class space    used 9744K, capacity 10285K, committed 10368K, reserved 1048576K
}
Event: 54.984 GC heap before
{Heap before GC invocations=20 (full 3):
 PSYoungGen      total 287232K, used 287229K [0x00000000e0000000, 0x00000000f6b80000, 0x0000000100000000)
  eden space 258048K, 100% used [0x00000000e0000000,0x00000000efc00000,0x00000000efc00000)
  from space 29184K, 99% used [0x00000000f2300000,0x00000000f3f7f560,0x00000000f3f80000)
  to   space 39936K, 0% used [0x00000000efc00000,0x00000000efc00000,0x00000000f2300000)
 ParOldGen       total 93184K, used 74594K [0x00000000a0000000, 0x00000000a5b00000, 0x00000000e0000000)
  object space 93184K, 80% used [0x00000000a0000000,0x00000000a48d89b8,0x00000000a5b00000)
 Metaspace       used 82379K, capacity 85508K, committed 85760K, reserved 1124352K
  class space    used 10824K, capacity 11489K, committed 11520K, reserved 1048576K
Event: 55.271 GC heap after
Heap after GC invocations=20 (full 3):
 PSYoungGen      total 297984K, used 39916K [0x00000000e0000000, 0x00000000f6b80000, 0x0000000100000000)
  eden space 258048K, 0% used [0x00000000e0000000,0x00000000e0000000,0x00000000efc00000)
  from space 39936K, 99% used [0x00000000efc00000,0x00000000f22fb2b8,0x00000000f2300000)
  to   space 29184K, 0% used [0x00000000f2300000,0x00000000f2300000,0x00000000f3f80000)
 ParOldGen       total 120832K, used 120670K [0x00000000a0000000, 0x00000000a7600000, 0x00000000e0000000)
  object space 120832K, 99% used [0x00000000a0000000,0x00000000a75d7880,0x00000000a7600000)
 Metaspace       used 82379K, capacity 85508K, committed 85760K, reserved 1124352K
  class space    used 10824K, capacity 11489K, committed 11520K, reserved 1048576K
}
Event: 55.272 GC heap before
{Heap before GC invocations=21 (full 4):
 PSYoungGen      total 297984K, used 39916K [0x00000000e0000000, 0x00000000f6b80000, 0x0000000100000000)
  eden space 258048K, 0% used [0x00000000e0000000,0x00000000e0000000,0x00000000efc00000)
  from space 39936K, 99% used [0x00000000efc00000,0x00000000f22fb2b8,0x00000000f2300000)
  to   space 29184K, 0% used [0x00000000f2300000,0x00000000f2300000,0x00000000f3f80000)
 ParOldGen       total 120832K, used 120670K [0x00000000a0000000, 0x00000000a7600000, 0x00000000e0000000)
  object space 120832K, 99% used [0x00000000a0000000,0x00000000a75d7880,0x00000000a7600000)
 Metaspace       used 82379K, capacity 85508K, committed 85760K, reserved 1124352K
  class space    used 10824K, capacity 11489K, committed 11520K, reserved 1048576K
Event: 56.820 GC heap after
Heap after GC invocations=21 (full 4):
 PSYoungGen      total 297984K, used 6629K [0x00000000e0000000, 0x00000000f6b80000, 0x0000000100000000)
  eden space 258048K, 0% used [0x00000000e0000000,0x00000000e0000000,0x00000000efc00000)
  from space 39936K, 16% used [0x00000000efc00000,0x00000000f0279580,0x00000000f2300000)
  to   space 29184K, 0% used [0x00000000f2300000,0x00000000f2300000,0x00000000f3f80000)
 ParOldGen       total 120832K, used 120587K [0x00000000a0000000, 0x00000000a7600000, 0x00000000e0000000)
  object space 120832K, 99% used [0x00000000a0000000,0x00000000a75c2f28,0x00000000a7600000)
 Metaspace       used 82079K, capacity 85144K, committed 85760K, reserved 1124352K
  class space    used 10788K, capacity 11449K, committed 11520K, reserved 1048576K
}
Event: 61.496 GC heap before
{Heap before GC invocations=22 (full 5):
 PSYoungGen      total 297984K, used 264373K [0x00000000e0000000, 0x00000000f6b80000, 0x0000000100000000)
  eden space 258048K, 99% used [0x00000000e0000000,0x00000000efbb4208,0x00000000efc00000)
  from space 39936K, 16% used [0x00000000efc00000,0x00000000f0279580,0x00000000f2300000)
  to   space 29184K, 0% used [0x00000000f2300000,0x00000000f2300000,0x00000000f3f80000)
 ParOldGen       total 120832K, used 120587K [0x00000000a0000000, 0x00000000a7600000, 0x00000000e0000000)
  object space 120832K, 99% used [0x00000000a0000000,0x00000000a75c2f28,0x00000000a7600000)
 Metaspace       used 83169K, capacity 86334K, committed 86400K, reserved 1124352K
  class space    used 10915K, capacity 11628K, committed 11648K, reserved 1048576K
Event: 61.822 GC heap after
Heap after GC invocations=22 (full 5):
 PSYoungGen      total 297984K, used 0K [0x00000000e0000000, 0x00000000f6b80000, 0x0000000100000000)
  eden space 258048K, 0% used [0x00000000e0000000,0x00000000e0000000,0x00000000efc00000)
  from space 39936K, 0% used [0x00000000efc00000,0x00000000efc00000,0x00000000f2300000)
  to   space 29184K, 0% used [0x00000000f2300000,0x00000000f2300000,0x00000000f3f80000)
 ParOldGen       total 175104K, used 65394K [0x00000000a0000000, 0x00000000aab00000, 0x00000000e0000000)
  object space 175104K, 37% used [0x00000000a0000000,0x00000000a3fdc8e0,0x00000000aab00000)
 Metaspace       used 83169K, capacity 86334K, committed 86400K, reserved 1124352K
  class space    used 10915K, capacity 11628K, committed 11648K, reserved 1048576K
}

