# JRE version: OpenJDK Runtime Environment (8.0_212-b04) (build 1.8.0_212-release-1586-b04)
# Java VM: OpenJDK 64-Bit Server VM (25.212-b04 mixed mode windows-amd64 compressed oops)
Heap:
 PSYoungGen      total 252928K, used 17251K [0x00000000e0000000, 0x00000000f7100000, 0x0000000100000000)
  eden space 232448K, 0% used [0x00000000e0000000,0x00000000e01fcf50,0x00000000ee300000)
  from space 20480K, 74% used [0x00000000f1500000,0x00000000f23dbee8,0x00000000f2900000)
  to   space 51200K, 0% used [0x00000000ee300000,0x00000000ee300000,0x00000000f1500000)
 ParOldGen       total 111104K, used 110719K [0x00000000a0000000, 0x00000000a6c80000, 0x00000000e0000000)
  object space 111104K, 99% used [0x00000000a0000000,0x00000000a6c1ffa0,0x00000000a6c80000)
 Metaspace       used 64664K, capacity 66932K, committed 67072K, reserved 1107968K
  class space    used 8910K, capacity 9409K, committed 9472K, reserved 1048576K
GC Heap History (10 events):
Event: 23.084 GC heap before
{Heap before GC invocations=14 (full 2):
 PSYoungGen      total 183808K, used 116989K [0x00000000e0000000, 0x00000000ef780000, 0x0000000100000000)
  eden space 170496K, 60% used [0x00000000e0000000,0x00000000e6543ce8,0x00000000ea680000)
  from space 13312K, 99% used [0x00000000ea680000,0x00000000eb37b8f0,0x00000000eb380000)
  to   space 18432K, 0% used [0x00000000ee580000,0x00000000ee580000,0x00000000ef780000)
 ParOldGen       total 51712K, used 26510K [0x00000000a0000000, 0x00000000a3280000, 0x00000000e0000000)
  object space 51712K, 51% used [0x00000000a0000000,0x00000000a19e3a18,0x00000000a3280000)
 Metaspace       used 57185K, capacity 59004K, committed 59096K, reserved 1099776K
  class space    used 7844K, capacity 8289K, committed 8320K, reserved 1048576K
Event: 23.193 GC heap after
Heap after GC invocations=14 (full 2):
 PSYoungGen      total 234496K, used 11590K [0x00000000e0000000, 0x00000000efb00000, 0x0000000100000000)
  eden space 216064K, 0% used [0x00000000e0000000,0x00000000e0000000,0x00000000ed300000)
  from space 18432K, 62% used [0x00000000ee580000,0x00000000ef0d1a80,0x00000000ef780000)
  to   space 18944K, 0% used [0x00000000ed300000,0x00000000ed300000,0x00000000ee580000)
 ParOldGen       total 51712K, used 37065K [0x00000000a0000000, 0x00000000a3280000, 0x00000000e0000000)
  object space 51712K, 71% used [0x00000000a0000000,0x00000000a2432698,0x00000000a3280000)
 Metaspace       used 57185K, capacity 59004K, committed 59096K, reserved 1099776K
  class space    used 7844K, capacity 8289K, committed 8320K, reserved 1048576K
}
Event: 23.193 GC heap before
{Heap before GC invocations=15 (full 3):
 PSYoungGen      total 234496K, used 11590K [0x00000000e0000000, 0x00000000efb00000, 0x0000000100000000)
  eden space 216064K, 0% used [0x00000000e0000000,0x00000000e0000000,0x00000000ed300000)
  from space 18432K, 62% used [0x00000000ee580000,0x00000000ef0d1a80,0x00000000ef780000)
  to   space 18944K, 0% used [0x00000000ed300000,0x00000000ed300000,0x00000000ee580000)
 ParOldGen       total 51712K, used 37065K [0x00000000a0000000, 0x00000000a3280000, 0x00000000e0000000)
  object space 51712K, 71% used [0x00000000a0000000,0x00000000a2432698,0x00000000a3280000)
 Metaspace       used 57185K, capacity 59004K, committed 59096K, reserved 1099776K
  class space    used 7844K, capacity 8289K, committed 8320K, reserved 1048576K
Event: 23.749 GC heap after
Heap after GC invocations=15 (full 3):
 PSYoungGen      total 234496K, used 0K [0x00000000e0000000, 0x00000000efb00000, 0x0000000100000000)
  eden space 216064K, 0% used [0x00000000e0000000,0x00000000e0000000,0x00000000ed300000)
  from space 18432K, 0% used [0x00000000ee580000,0x00000000ee580000,0x00000000ef780000)
  to   space 18944K, 0% used [0x00000000ed300000,0x00000000ed300000,0x00000000ee580000)
 ParOldGen       total 87040K, used 36909K [0x00000000a0000000, 0x00000000a5500000, 0x00000000e0000000)
  object space 87040K, 42% used [0x00000000a0000000,0x00000000a240b578,0x00000000a5500000)
 Metaspace       used 57185K, capacity 59004K, committed 59096K, reserved 1099776K
  class space    used 7844K, capacity 8289K, committed 8320K, reserved 1048576K
}
Event: 30.895 GC heap before
{Heap before GC invocations=16 (full 3):
 PSYoungGen      total 234496K, used 216064K [0x00000000e0000000, 0x00000000efb00000, 0x0000000100000000)
  eden space 216064K, 100% used [0x00000000e0000000,0x00000000ed300000,0x00000000ed300000)
  from space 18432K, 0% used [0x00000000ee580000,0x00000000ee580000,0x00000000ef780000)
  to   space 18944K, 0% used [0x00000000ed300000,0x00000000ed300000,0x00000000ee580000)
 ParOldGen       total 87040K, used 36909K [0x00000000a0000000, 0x00000000a5500000, 0x00000000e0000000)
  object space 87040K, 42% used [0x00000000a0000000,0x00000000a240b578,0x00000000a5500000)
 Metaspace       used 59310K, capacity 61314K, committed 61568K, reserved 1101824K
  class space    used 8087K, capacity 8576K, committed 8576K, reserved 1048576K
Event: 30.986 GC heap after
Heap after GC invocations=16 (full 3):
 PSYoungGen      total 235008K, used 15571K [0x00000000e0000000, 0x00000000f2900000, 0x0000000100000000)
  eden space 216064K, 0% used [0x00000000e0000000,0x00000000e0000000,0x00000000ed300000)
  from space 18944K, 82% used [0x00000000ed300000,0x00000000ee234c20,0x00000000ee580000)
  to   space 20480K, 0% used [0x00000000f1500000,0x00000000f1500000,0x00000000f2900000)
 ParOldGen       total 87040K, used 36917K [0x00000000a0000000, 0x00000000a5500000, 0x00000000e0000000)
  object space 87040K, 42% used [0x00000000a0000000,0x00000000a240d578,0x00000000a5500000)
 Metaspace       used 59310K, capacity 61314K, committed 61568K, reserved 1101824K
  class space    used 8087K, capacity 8576K, committed 8576K, reserved 1048576K
}
Event: 35.391 GC heap before
{Heap before GC invocations=17 (full 3):
 PSYoungGen      total 235008K, used 231635K [0x00000000e0000000, 0x00000000f2900000, 0x0000000100000000)
  eden space 216064K, 100% used [0x00000000e0000000,0x00000000ed300000,0x00000000ed300000)
  from space 18944K, 82% used [0x00000000ed300000,0x00000000ee234c20,0x00000000ee580000)
  to   space 20480K, 0% used [0x00000000f1500000,0x00000000f1500000,0x00000000f2900000)
 ParOldGen       total 87040K, used 36917K [0x00000000a0000000, 0x00000000a5500000, 0x00000000e0000000)
  object space 87040K, 42% used [0x00000000a0000000,0x00000000a240d578,0x00000000a5500000)
 Metaspace       used 64670K, capacity 66952K, committed 67072K, reserved 1107968K
  class space    used 8912K, capacity 9413K, committed 9472K, reserved 1048576K
Event: 35.689 GC heap after
Heap after GC invocations=17 (full 3):
 PSYoungGen      total 252928K, used 20448K [0x00000000e0000000, 0x00000000f7100000, 0x0000000100000000)
  eden space 232448K, 0% used [0x00000000e0000000,0x00000000e0000000,0x00000000ee300000)
  from space 20480K, 99% used [0x00000000f1500000,0x00000000f28f8308,0x00000000f2900000)
  to   space 51200K, 0% used [0x00000000ee300000,0x00000000ee300000,0x00000000f1500000)
 ParOldGen       total 111104K, used 110900K [0x00000000a0000000, 0x00000000a6c80000, 0x00000000e0000000)
  object space 111104K, 99% used [0x00000000a0000000,0x00000000a6c4d210,0x00000000a6c80000)
 Metaspace       used 64670K, capacity 66952K, committed 67072K, reserved 1107968K
  class space    used 8912K, capacity 9413K, committed 9472K, reserved 1048576K
}
Event: 35.689 GC heap before
{Heap before GC invocations=18 (full 4):
 PSYoungGen      total 252928K, used 20448K [0x00000000e0000000, 0x00000000f7100000, 0x0000000100000000)
  eden space 232448K, 0% used [0x00000000e0000000,0x00000000e0000000,0x00000000ee300000)
  from space 20480K, 99% used [0x00000000f1500000,0x00000000f28f8308,0x00000000f2900000)
  to   space 51200K, 0% used [0x00000000ee300000,0x00000000ee300000,0x00000000f1500000)
 ParOldGen       total 111104K, used 110900K [0x00000000a0000000, 0x00000000a6c80000, 0x00000000e0000000)
  object space 111104K, 99% used [0x00000000a0000000,0x00000000a6c4d210,0x00000000a6c80000)
 Metaspace       used 64670K, capacity 66952K, committed 67072K, reserved 1107968K
  class space    used 8912K, capacity 9413K, committed 9472K, reserved 1048576K
Event: 37.534 GC heap after
Heap after GC invocations=18 (full 4):
 PSYoungGen      total 252928K, used 15215K [0x00000000e0000000, 0x00000000f7100000, 0x0000000100000000)
  eden space 232448K, 0% used [0x00000000e0000000,0x00000000e0000000,0x00000000ee300000)
  from space 20480K, 74% used [0x00000000f1500000,0x00000000f23dbee8,0x00000000f2900000)
  to   space 51200K, 0% used [0x00000000ee300000,0x00000000ee300000,0x00000000f1500000)
 ParOldGen       total 111104K, used 110719K [0x00000000a0000000, 0x00000000a6c80000, 0x00000000e0000000)
  object space 111104K, 99% used [0x00000000a0000000,0x00000000a6c1ffa0,0x00000000a6c80000)
 Metaspace       used 64664K, capacity 66932K, committed 67072K, reserved 1107968K
  class space    used 8910K, capacity 9409K, committed 9472K, reserved 1048576K
}

