# JRE version: OpenJDK Runtime Environment (8.0_212-b04) (build 1.8.0_212-release-1586-b04)
# Java VM: OpenJDK 64-Bit Server VM (25.212-b04 mixed mode windows-amd64 compressed oops)
Heap:
 PSYoungGen      total 190976K, used 169639K [0x00000000e0000000, 0x00000000ef600000, 0x0000000100000000)
  eden space 171520K, 90% used [0x00000000e0000000,0x00000000e974b9a8,0x00000000ea780000)
  from space 19456K, 75% used [0x00000000ea780000,0x00000000eb5de450,0x00000000eba80000)
  to   space 20992K, 0% used [0x00000000ee180000,0x00000000ee180000,0x00000000ef600000)
 ParOldGen       total 80384K, used 36861K [0x00000000a0000000, 0x00000000a4e80000, 0x00000000e0000000)
  object space 80384K, 45% used [0x00000000a0000000,0x00000000a23ff5a0,0x00000000a4e80000)
 Metaspace       used 72361K, capacity 75250K, committed 75480K, reserved 1114112K
  class space    used 9519K, capacity 10209K, committed 10240K, reserved 1048576K
GC Heap History (10 events):
Event: 25.552 GC heap before
{Heap before GC invocations=14 (full 2):
 PSYoungGen      total 142336K, used 3694K [0x00000000e0000000, 0x00000000e9b00000, 0x0000000100000000)
  eden space 132096K, 0% used [0x00000000e0000000,0x00000000e0000000,0x00000000e8100000)
  from space 10240K, 36% used [0x00000000e8a80000,0x00000000e8e1ba40,0x00000000e9480000)
  to   space 9728K, 0% used [0x00000000e8100000,0x00000000e8100000,0x00000000e8a80000)
 ParOldGen       total 30720K, used 17527K [0x00000000a0000000, 0x00000000a1e00000, 0x00000000e0000000)
  object space 30720K, 57% used [0x00000000a0000000,0x00000000a111dc80,0x00000000a1e00000)
 Metaspace       used 34732K, capacity 35454K, committed 35456K, reserved 1079296K
  class space    used 4764K, capacity 4990K, committed 4992K, reserved 1048576K
Event: 25.725 GC heap after
Heap after GC invocations=14 (full 2):
 PSYoungGen      total 142336K, used 0K [0x00000000e0000000, 0x00000000e9b00000, 0x0000000100000000)
  eden space 132096K, 0% used [0x00000000e0000000,0x00000000e0000000,0x00000000e8100000)
  from space 10240K, 0% used [0x00000000e8a80000,0x00000000e8a80000,0x00000000e9480000)
  to   space 9728K, 0% used [0x00000000e8100000,0x00000000e8100000,0x00000000e8a80000)
 ParOldGen       total 47104K, used 17696K [0x00000000a0000000, 0x00000000a2e00000, 0x00000000e0000000)
  object space 47104K, 37% used [0x00000000a0000000,0x00000000a1148300,0x00000000a2e00000)
 Metaspace       used 34732K, capacity 35454K, committed 35456K, reserved 1079296K
  class space    used 4764K, capacity 4990K, committed 4992K, reserved 1048576K
}
Event: 30.511 GC heap before
{Heap before GC invocations=15 (full 2):
 PSYoungGen      total 142336K, used 132096K [0x00000000e0000000, 0x00000000e9b00000, 0x0000000100000000)
  eden space 132096K, 100% used [0x00000000e0000000,0x00000000e8100000,0x00000000e8100000)
  from space 10240K, 0% used [0x00000000e8a80000,0x00000000e8a80000,0x00000000e9480000)
  to   space 9728K, 0% used [0x00000000e8100000,0x00000000e8100000,0x00000000e8a80000)
 ParOldGen       total 47104K, used 17696K [0x00000000a0000000, 0x00000000a2e00000, 0x00000000e0000000)
  object space 47104K, 37% used [0x00000000a0000000,0x00000000a1148300,0x00000000a2e00000)
 Metaspace       used 47155K, capacity 48452K, committed 48896K, reserved 1091584K
  class space    used 6219K, capacity 6533K, committed 6656K, reserved 1048576K
Event: 30.573 GC heap after
Heap after GC invocations=15 (full 2):
 PSYoungGen      total 141824K, used 9702K [0x00000000e0000000, 0x00000000ec880000, 0x0000000100000000)
  eden space 132096K, 0% used [0x00000000e0000000,0x00000000e0000000,0x00000000e8100000)
  from space 9728K, 99% used [0x00000000e8100000,0x00000000e8a798a0,0x00000000e8a80000)
  to   space 14336K, 0% used [0x00000000eba80000,0x00000000eba80000,0x00000000ec880000)
 ParOldGen       total 47104K, used 26409K [0x00000000a0000000, 0x00000000a2e00000, 0x00000000e0000000)
  object space 47104K, 56% used [0x00000000a0000000,0x00000000a19ca648,0x00000000a2e00000)
 Metaspace       used 47155K, capacity 48452K, committed 48896K, reserved 1091584K
  class space    used 6219K, capacity 6533K, committed 6656K, reserved 1048576K
}
Event: 34.321 GC heap before
{Heap before GC invocations=16 (full 2):
 PSYoungGen      total 141824K, used 137160K [0x00000000e0000000, 0x00000000ec880000, 0x0000000100000000)
  eden space 132096K, 96% used [0x00000000e0000000,0x00000000e7c78ac0,0x00000000e8100000)
  from space 9728K, 99% used [0x00000000e8100000,0x00000000e8a798a0,0x00000000e8a80000)
  to   space 14336K, 0% used [0x00000000eba80000,0x00000000eba80000,0x00000000ec880000)
 ParOldGen       total 47104K, used 26409K [0x00000000a0000000, 0x00000000a2e00000, 0x00000000e0000000)
  object space 47104K, 56% used [0x00000000a0000000,0x00000000a19ca648,0x00000000a2e00000)
 Metaspace       used 57128K, capacity 59004K, committed 59096K, reserved 1099776K
  class space    used 7681K, capacity 8163K, committed 8192K, reserved 1048576K
Event: 34.397 GC heap after
Heap after GC invocations=16 (full 2):
 PSYoungGen      total 185856K, used 14320K [0x00000000e0000000, 0x00000000ed280000, 0x0000000100000000)
  eden space 171520K, 0% used [0x00000000e0000000,0x00000000e0000000,0x00000000ea780000)
  from space 14336K, 99% used [0x00000000eba80000,0x00000000ec87c1a8,0x00000000ec880000)
  to   space 19456K, 0% used [0x00000000ea780000,0x00000000ea780000,0x00000000eba80000)
 ParOldGen       total 47104K, used 33937K [0x00000000a0000000, 0x00000000a2e00000, 0x00000000e0000000)
  object space 47104K, 72% used [0x00000000a0000000,0x00000000a2124590,0x00000000a2e00000)
 Metaspace       used 57128K, capacity 59004K, committed 59096K, reserved 1099776K
  class space    used 7681K, capacity 8163K, committed 8192K, reserved 1048576K
}
Event: 34.397 GC heap before
{Heap before GC invocations=17 (full 3):
 PSYoungGen      total 185856K, used 14320K [0x00000000e0000000, 0x00000000ed280000, 0x0000000100000000)
  eden space 171520K, 0% used [0x00000000e0000000,0x00000000e0000000,0x00000000ea780000)
  from space 14336K, 99% used [0x00000000eba80000,0x00000000ec87c1a8,0x00000000ec880000)
  to   space 19456K, 0% used [0x00000000ea780000,0x00000000ea780000,0x00000000eba80000)
 ParOldGen       total 47104K, used 33937K [0x00000000a0000000, 0x00000000a2e00000, 0x00000000e0000000)
  object space 47104K, 72% used [0x00000000a0000000,0x00000000a2124590,0x00000000a2e00000)
 Metaspace       used 57128K, capacity 59004K, committed 59096K, reserved 1099776K
  class space    used 7681K, capacity 8163K, committed 8192K, reserved 1048576K
Event: 34.967 GC heap after
Heap after GC invocations=17 (full 3):
 PSYoungGen      total 185856K, used 0K [0x00000000e0000000, 0x00000000ed280000, 0x0000000100000000)
  eden space 171520K, 0% used [0x00000000e0000000,0x00000000e0000000,0x00000000ea780000)
  from space 14336K, 0% used [0x00000000eba80000,0x00000000eba80000,0x00000000ec880000)
  to   space 19456K, 0% used [0x00000000ea780000,0x00000000ea780000,0x00000000eba80000)
 ParOldGen       total 80384K, used 36853K [0x00000000a0000000, 0x00000000a4e80000, 0x00000000e0000000)
  object space 80384K, 45% used [0x00000000a0000000,0x00000000a23fd5a0,0x00000000a4e80000)
 Metaspace       used 57101K, capacity 58916K, committed 59096K, reserved 1099776K
  class space    used 7674K, capacity 8155K, committed 8192K, reserved 1048576K
}
Event: 40.125 GC heap before
{Heap before GC invocations=18 (full 3):
 PSYoungGen      total 185856K, used 171520K [0x00000000e0000000, 0x00000000ed280000, 0x0000000100000000)
  eden space 171520K, 100% used [0x00000000e0000000,0x00000000ea780000,0x00000000ea780000)
  from space 14336K, 0% used [0x00000000eba80000,0x00000000eba80000,0x00000000ec880000)
  to   space 19456K, 0% used [0x00000000ea780000,0x00000000ea780000,0x00000000eba80000)
 ParOldGen       total 80384K, used 36853K [0x00000000a0000000, 0x00000000a4e80000, 0x00000000e0000000)
  object space 80384K, 45% used [0x00000000a0000000,0x00000000a23fd5a0,0x00000000a4e80000)
 Metaspace       used 65181K, capacity 67366K, committed 67544K, reserved 1107968K
  class space    used 8903K, capacity 9410K, committed 9472K, reserved 1048576K
Event: 40.199 GC heap after
Heap after GC invocations=18 (full 3):
 PSYoungGen      total 190976K, used 14713K [0x00000000e0000000, 0x00000000ef600000, 0x0000000100000000)
  eden space 171520K, 0% used [0x00000000e0000000,0x00000000e0000000,0x00000000ea780000)
  from space 19456K, 75% used [0x00000000ea780000,0x00000000eb5de450,0x00000000eba80000)
  to   space 20992K, 0% used [0x00000000ee180000,0x00000000ee180000,0x00000000ef600000)
 ParOldGen       total 80384K, used 36861K [0x00000000a0000000, 0x00000000a4e80000, 0x00000000e0000000)
  object space 80384K, 45% used [0x00000000a0000000,0x00000000a23ff5a0,0x00000000a4e80000)
 Metaspace       used 65181K, capacity 67366K, committed 67544K, reserved 1107968K
  class space    used 8903K, capacity 9410K, committed 9472K, reserved 1048576K
}

