# JRE version: OpenJDK Runtime Environment (8.0_212-b04) (build 1.8.0_212-release-1586-b04)
# Java VM: OpenJDK 64-Bit Server VM (25.212-b04 mixed mode windows-amd64 compressed oops)
Heap:
 PSYoungGen      total 243712K, used 124574K [0x00000000e0000000, 0x00000000f0e00000, 0x0000000100000000)
  eden space 215040K, 53% used [0x00000000e0000000,0x00000000e6fd4d88,0x00000000ed200000)
  from space 28672K, 35% used [0x00000000ef200000,0x00000000efbd2bf8,0x00000000f0e00000)
  to   space 30720K, 0% used [0x00000000ed200000,0x00000000ed200000,0x00000000ef000000)
 ParOldGen       total 99328K, used 65315K [0x00000000a0000000, 0x00000000a6100000, 0x00000000e0000000)
  object space 99328K, 65% used [0x00000000a0000000,0x00000000a3fc8e60,0x00000000a6100000)
 Metaspace       used 86662K, capacity 90033K, committed 90240K, reserved 1128448K
  class space    used 11114K, capacity 11904K, committed 11904K, reserved 1048576K
GC Heap History (10 events):
Event: 23.653 GC heap before
{Heap before GC invocations=15 (full 3):
 PSYoungGen      total 198656K, used 10677K [0x00000000e0000000, 0x00000000ed400000, 0x0000000100000000)
  eden space 180224K, 0% used [0x00000000e0000000,0x00000000e0000000,0x00000000eb000000)
  from space 18432K, 57% used [0x00000000ec200000,0x00000000ecc6d720,0x00000000ed400000)
  to   space 18432K, 0% used [0x00000000eb000000,0x00000000eb000000,0x00000000ec200000)
 ParOldGen       total 60928K, used 35511K [0x00000000a0000000, 0x00000000a3b80000, 0x00000000e0000000)
  object space 60928K, 58% used [0x00000000a0000000,0x00000000a22adf90,0x00000000a3b80000)
 Metaspace       used 56892K, capacity 58869K, committed 59136K, reserved 1099776K
  class space    used 7672K, capacity 8162K, committed 8192K, reserved 1048576K
Event: 24.103 GC heap after
Heap after GC invocations=15 (full 3):
 PSYoungGen      total 198656K, used 0K [0x00000000e0000000, 0x00000000ed400000, 0x0000000100000000)
  eden space 180224K, 0% used [0x00000000e0000000,0x00000000e0000000,0x00000000eb000000)
  from space 18432K, 0% used [0x00000000ec200000,0x00000000ec200000,0x00000000ed400000)
  to   space 18432K, 0% used [0x00000000eb000000,0x00000000eb000000,0x00000000ec200000)
 ParOldGen       total 99328K, used 34733K [0x00000000a0000000, 0x00000000a6100000, 0x00000000e0000000)
  object space 99328K, 34% used [0x00000000a0000000,0x00000000a21eb5c8,0x00000000a6100000)
 Metaspace       used 56860K, capacity 58763K, committed 59136K, reserved 1099776K
  class space    used 7663K, capacity 8151K, committed 8192K, reserved 1048576K
}
Event: 28.885 GC heap before
{Heap before GC invocations=16 (full 3):
 PSYoungGen      total 198656K, used 180224K [0x00000000e0000000, 0x00000000ed400000, 0x0000000100000000)
  eden space 180224K, 100% used [0x00000000e0000000,0x00000000eb000000,0x00000000eb000000)
  from space 18432K, 0% used [0x00000000ec200000,0x00000000ec200000,0x00000000ed400000)
  to   space 18432K, 0% used [0x00000000eb000000,0x00000000eb000000,0x00000000ec200000)
 ParOldGen       total 99328K, used 34733K [0x00000000a0000000, 0x00000000a6100000, 0x00000000e0000000)
  object space 99328K, 34% used [0x00000000a0000000,0x00000000a21eb5c8,0x00000000a6100000)
 Metaspace       used 65337K, capacity 67533K, committed 67584K, reserved 1107968K
  class space    used 8951K, capacity 9460K, committed 9472K, reserved 1048576K
Event: 28.969 GC heap after
Heap after GC invocations=16 (full 3):
 PSYoungGen      total 198656K, used 15256K [0x00000000e0000000, 0x00000000eee00000, 0x0000000100000000)
  eden space 180224K, 0% used [0x00000000e0000000,0x00000000e0000000,0x00000000eb000000)
  from space 18432K, 82% used [0x00000000eb000000,0x00000000ebee6108,0x00000000ec200000)
  to   space 19968K, 0% used [0x00000000eda80000,0x00000000eda80000,0x00000000eee00000)
 ParOldGen       total 99328K, used 34741K [0x00000000a0000000, 0x00000000a6100000, 0x00000000e0000000)
  object space 99328K, 34% used [0x00000000a0000000,0x00000000a21ed5c8,0x00000000a6100000)
 Metaspace       used 65337K, capacity 67533K, committed 67584K, reserved 1107968K
  class space    used 8951K, capacity 9460K, committed 9472K, reserved 1048576K
}
Event: 129.441 GC heap before
{Heap before GC invocations=17 (full 3):
 PSYoungGen      total 198656K, used 195478K [0x00000000e0000000, 0x00000000eee00000, 0x0000000100000000)
  eden space 180224K, 99% used [0x00000000e0000000,0x00000000eafff9d0,0x00000000eb000000)
  from space 18432K, 82% used [0x00000000eb000000,0x00000000ebee6108,0x00000000ec200000)
  to   space 19968K, 0% used [0x00000000eda80000,0x00000000eda80000,0x00000000eee00000)
 ParOldGen       total 99328K, used 34741K [0x00000000a0000000, 0x00000000a6100000, 0x00000000e0000000)
  object space 99328K, 34% used [0x00000000a0000000,0x00000000a21ed5c8,0x00000000a6100000)
 Metaspace       used 72371K, capacity 75387K, committed 75520K, reserved 1114112K
  class space    used 9508K, capacity 10227K, committed 10240K, reserved 1048576K
Event: 129.530 GC heap after
Heap after GC invocations=17 (full 3):
 PSYoungGen      total 219136K, used 19965K [0x00000000e0000000, 0x00000000ef280000, 0x0000000100000000)
  eden space 199168K, 0% used [0x00000000e0000000,0x00000000e0000000,0x00000000ec280000)
  from space 19968K, 99% used [0x00000000eda80000,0x00000000eedff4e0,0x00000000eee00000)
  to   space 24576K, 0% used [0x00000000ec280000,0x00000000ec280000,0x00000000eda80000)
 ParOldGen       total 99328K, used 38656K [0x00000000a0000000, 0x00000000a6100000, 0x00000000e0000000)
  object space 99328K, 38% used [0x00000000a0000000,0x00000000a25c0080,0x00000000a6100000)
 Metaspace       used 72371K, capacity 75387K, committed 75520K, reserved 1114112K
  class space    used 9508K, capacity 10227K, committed 10240K, reserved 1048576K
}
Event: 691.843 GC heap before
{Heap before GC invocations=18 (full 3):
 PSYoungGen      total 219136K, used 219133K [0x00000000e0000000, 0x00000000ef280000, 0x0000000100000000)
  eden space 199168K, 100% used [0x00000000e0000000,0x00000000ec280000,0x00000000ec280000)
  from space 19968K, 99% used [0x00000000eda80000,0x00000000eedff4e0,0x00000000eee00000)
  to   space 24576K, 0% used [0x00000000ec280000,0x00000000ec280000,0x00000000eda80000)
 ParOldGen       total 99328K, used 38656K [0x00000000a0000000, 0x00000000a6100000, 0x00000000e0000000)
  object space 99328K, 38% used [0x00000000a0000000,0x00000000a25c0080,0x00000000a6100000)
 Metaspace       used 75567K, capacity 78833K, committed 78976K, reserved 1118208K
  class space    used 9875K, capacity 10610K, committed 10624K, reserved 1048576K
Event: 692.012 GC heap after
Heap after GC invocations=18 (full 3):
 PSYoungGen      total 223744K, used 24555K [0x00000000e0000000, 0x00000000f1180000, 0x0000000100000000)
  eden space 199168K, 0% used [0x00000000e0000000,0x00000000e0000000,0x00000000ec280000)
  from space 24576K, 99% used [0x00000000ec280000,0x00000000eda7aee8,0x00000000eda80000)
  to   space 32256K, 0% used [0x00000000ef200000,0x00000000ef200000,0x00000000f1180000)
 ParOldGen       total 99328K, used 48903K [0x00000000a0000000, 0x00000000a6100000, 0x00000000e0000000)
  object space 99328K, 49% used [0x00000000a0000000,0x00000000a2fc1f28,0x00000000a6100000)
 Metaspace       used 75567K, capacity 78833K, committed 78976K, reserved 1118208K
  class space    used 9875K, capacity 10610K, committed 10624K, reserved 1048576K
}
Event: 701.125 GC heap before
{Heap before GC invocations=19 (full 3):
 PSYoungGen      total 223744K, used 223723K [0x00000000e0000000, 0x00000000f1180000, 0x0000000100000000)
  eden space 199168K, 100% used [0x00000000e0000000,0x00000000ec280000,0x00000000ec280000)
  from space 24576K, 99% used [0x00000000ec280000,0x00000000eda7aee8,0x00000000eda80000)
  to   space 32256K, 0% used [0x00000000ef200000,0x00000000ef200000,0x00000000f1180000)
 ParOldGen       total 99328K, used 48903K [0x00000000a0000000, 0x00000000a6100000, 0x00000000e0000000)
  object space 99328K, 49% used [0x00000000a0000000,0x00000000a2fc1f28,0x00000000a6100000)
 Metaspace       used 80093K, capacity 83541K, committed 83712K, reserved 1122304K
  class space    used 10380K, capacity 11190K, committed 11264K, reserved 1048576K
Event: 701.191 GC heap after
Heap after GC invocations=19 (full 3):
 PSYoungGen      total 243712K, used 10058K [0x00000000e0000000, 0x00000000f0e00000, 0x0000000100000000)
  eden space 215040K, 0% used [0x00000000e0000000,0x00000000e0000000,0x00000000ed200000)
  from space 28672K, 35% used [0x00000000ef200000,0x00000000efbd2bf8,0x00000000f0e00000)
  to   space 30720K, 0% used [0x00000000ed200000,0x00000000ed200000,0x00000000ef000000)
 ParOldGen       total 99328K, used 65315K [0x00000000a0000000, 0x00000000a6100000, 0x00000000e0000000)
  object space 99328K, 65% used [0x00000000a0000000,0x00000000a3fc8e60,0x00000000a6100000)
 Metaspace       used 80093K, capacity 83541K, committed 83712K, reserved 1122304K
  class space    used 10380K, capacity 11190K, committed 11264K, reserved 1048576K
}

