# JRE version: OpenJDK Runtime Environment (8.0_212-b04) (build 1.8.0_212-release-1586-b04)
# Java VM: OpenJDK 64-Bit Server VM (25.212-b04 mixed mode windows-amd64 compressed oops)
Heap:
 PSYoungGen      total 258560K, used 176785K [0x00000000e0000000, 0x00000000f2180000, 0x0000000100000000)
  eden space 223232K, 64% used [0x00000000e0000000,0x00000000e8c941b8,0x00000000eda00000)
  from space 35328K, 92% used [0x00000000eda00000,0x00000000efa10480,0x00000000efc80000)
  to   space 36864K, 0% used [0x00000000efc80000,0x00000000efc80000,0x00000000f2080000)
 ParOldGen       total 101376K, used 67426K [0x00000000a0000000, 0x00000000a6300000, 0x00000000e0000000)
  object space 101376K, 66% used [0x00000000a0000000,0x00000000a41d8938,0x00000000a6300000)
 Metaspace       used 86068K, capacity 89469K, committed 89728K, reserved 1126400K
  class space    used 11281K, capacity 12056K, committed 12160K, reserved 1048576K
GC Heap History (10 events):
Event: 36.486 GC heap before
{Heap before GC invocations=17 (full 3):
 PSYoungGen      total 198656K, used 193330K [0x00000000e0000000, 0x00000000eef80000, 0x0000000100000000)
  eden space 179712K, 100% used [0x00000000e0000000,0x00000000eaf80000,0x00000000eaf80000)
  from space 18944K, 71% used [0x00000000eaf80000,0x00000000ebcccbd0,0x00000000ec200000)
  to   space 19968K, 0% used [0x00000000edc00000,0x00000000edc00000,0x00000000eef80000)
 ParOldGen       total 101376K, used 38008K [0x00000000a0000000, 0x00000000a6300000, 0x00000000e0000000)
  object space 101376K, 37% used [0x00000000a0000000,0x00000000a251e308,0x00000000a6300000)
 Metaspace       used 65581K, capacity 67991K, committed 68224K, reserved 1107968K
  class space    used 8995K, capacity 9533K, committed 9600K, reserved 1048576K
Event: 36.608 GC heap after
Heap after GC invocations=17 (full 3):
 PSYoungGen      total 217088K, used 19948K [0x00000000e0000000, 0x00000000f0180000, 0x0000000100000000)
  eden space 197120K, 0% used [0x00000000e0000000,0x00000000e0000000,0x00000000ec080000)
  from space 19968K, 99% used [0x00000000edc00000,0x00000000eef7b0f0,0x00000000eef80000)
  to   space 28160K, 0% used [0x00000000ec080000,0x00000000ec080000,0x00000000edc00000)
 ParOldGen       total 101376K, used 51906K [0x00000000a0000000, 0x00000000a6300000, 0x00000000e0000000)
  object space 101376K, 51% used [0x00000000a0000000,0x00000000a32b0ac0,0x00000000a6300000)
 Metaspace       used 65581K, capacity 67991K, committed 68224K, reserved 1107968K
  class space    used 8995K, capacity 9533K, committed 9600K, reserved 1048576K
}
Event: 189.249 GC heap before
{Heap before GC invocations=18 (full 3):
 PSYoungGen      total 217088K, used 217068K [0x00000000e0000000, 0x00000000f0180000, 0x0000000100000000)
  eden space 197120K, 100% used [0x00000000e0000000,0x00000000ec080000,0x00000000ec080000)
  from space 19968K, 99% used [0x00000000edc00000,0x00000000eef7b0f0,0x00000000eef80000)
  to   space 28160K, 0% used [0x00000000ec080000,0x00000000ec080000,0x00000000edc00000)
 ParOldGen       total 101376K, used 51906K [0x00000000a0000000, 0x00000000a6300000, 0x00000000e0000000)
  object space 101376K, 51% used [0x00000000a0000000,0x00000000a32b0ac0,0x00000000a6300000)
 Metaspace       used 74624K, capacity 77407K, committed 77696K, reserved 1116160K
  class space    used 9923K, capacity 10583K, committed 10624K, reserved 1048576K
Event: 189.345 GC heap after
Heap after GC invocations=18 (full 3):
 PSYoungGen      total 225280K, used 28155K [0x00000000e0000000, 0x00000000f2080000, 0x0000000100000000)
  eden space 197120K, 0% used [0x00000000e0000000,0x00000000e0000000,0x00000000ec080000)
  from space 28160K, 99% used [0x00000000ec080000,0x00000000edbfefd8,0x00000000edc00000)
  to   space 36864K, 0% used [0x00000000efc80000,0x00000000efc80000,0x00000000f2080000)
 ParOldGen       total 101376K, used 62875K [0x00000000a0000000, 0x00000000a6300000, 0x00000000e0000000)
  object space 101376K, 62% used [0x00000000a0000000,0x00000000a3d66fe0,0x00000000a6300000)
 Metaspace       used 74624K, capacity 77407K, committed 77696K, reserved 1116160K
  class space    used 9923K, capacity 10583K, committed 10624K, reserved 1048576K
}
Event: 195.229 GC heap before
{Heap before GC invocations=19 (full 3):
 PSYoungGen      total 225280K, used 225275K [0x00000000e0000000, 0x00000000f2080000, 0x0000000100000000)
  eden space 197120K, 100% used [0x00000000e0000000,0x00000000ec080000,0x00000000ec080000)
  from space 28160K, 99% used [0x00000000ec080000,0x00000000edbfefd8,0x00000000edc00000)
  to   space 36864K, 0% used [0x00000000efc80000,0x00000000efc80000,0x00000000f2080000)
 ParOldGen       total 101376K, used 62875K [0x00000000a0000000, 0x00000000a6300000, 0x00000000e0000000)
  object space 101376K, 62% used [0x00000000a0000000,0x00000000a3d66fe0,0x00000000a6300000)
 Metaspace       used 78042K, capacity 80849K, committed 81024K, reserved 1120256K
  class space    used 10190K, capacity 10848K, committed 10880K, reserved 1048576K
Event: 195.372 GC heap after
Heap after GC invocations=19 (full 3):
 PSYoungGen      total 260096K, used 9333K [0x00000000e0000000, 0x00000000f2180000, 0x0000000100000000)
  eden space 223232K, 0% used [0x00000000e0000000,0x00000000e0000000,0x00000000eda00000)
  from space 36864K, 25% used [0x00000000efc80000,0x00000000f059d4e8,0x00000000f2080000)
  to   space 35328K, 0% used [0x00000000eda00000,0x00000000eda00000,0x00000000efc80000)
 ParOldGen       total 101376K, used 84481K [0x00000000a0000000, 0x00000000a6300000, 0x00000000e0000000)
  object space 101376K, 83% used [0x00000000a0000000,0x00000000a5280408,0x00000000a6300000)
 Metaspace       used 78042K, capacity 80849K, committed 81024K, reserved 1120256K
  class space    used 10190K, capacity 10848K, committed 10880K, reserved 1048576K
}
Event: 195.372 GC heap before
{Heap before GC invocations=20 (full 4):
 PSYoungGen      total 260096K, used 9333K [0x00000000e0000000, 0x00000000f2180000, 0x0000000100000000)
  eden space 223232K, 0% used [0x00000000e0000000,0x00000000e0000000,0x00000000eda00000)
  from space 36864K, 25% used [0x00000000efc80000,0x00000000f059d4e8,0x00000000f2080000)
  to   space 35328K, 0% used [0x00000000eda00000,0x00000000eda00000,0x00000000efc80000)
 ParOldGen       total 101376K, used 84481K [0x00000000a0000000, 0x00000000a6300000, 0x00000000e0000000)
  object space 101376K, 83% used [0x00000000a0000000,0x00000000a5280408,0x00000000a6300000)
 Metaspace       used 78042K, capacity 80849K, committed 81024K, reserved 1120256K
  class space    used 10190K, capacity 10848K, committed 10880K, reserved 1048576K
Event: 196.035 GC heap after
Heap after GC invocations=20 (full 4):
 PSYoungGen      total 260096K, used 0K [0x00000000e0000000, 0x00000000f2180000, 0x0000000100000000)
  eden space 223232K, 0% used [0x00000000e0000000,0x00000000e0000000,0x00000000eda00000)
  from space 36864K, 0% used [0x00000000efc80000,0x00000000efc80000,0x00000000f2080000)
  to   space 35328K, 0% used [0x00000000eda00000,0x00000000eda00000,0x00000000efc80000)
 ParOldGen       total 101376K, used 67418K [0x00000000a0000000, 0x00000000a6300000, 0x00000000e0000000)
  object space 101376K, 66% used [0x00000000a0000000,0x00000000a41d6938,0x00000000a6300000)
 Metaspace       used 77390K, capacity 80101K, committed 81024K, reserved 1120256K
  class space    used 10114K, capacity 10756K, committed 10880K, reserved 1048576K
}
Event: 197.910 GC heap before
{Heap before GC invocations=21 (full 4):
 PSYoungGen      total 260096K, used 223232K [0x00000000e0000000, 0x00000000f2180000, 0x0000000100000000)
  eden space 223232K, 100% used [0x00000000e0000000,0x00000000eda00000,0x00000000eda00000)
  from space 36864K, 0% used [0x00000000efc80000,0x00000000efc80000,0x00000000f2080000)
  to   space 35328K, 0% used [0x00000000eda00000,0x00000000eda00000,0x00000000efc80000)
 ParOldGen       total 101376K, used 67418K [0x00000000a0000000, 0x00000000a6300000, 0x00000000e0000000)
  object space 101376K, 66% used [0x00000000a0000000,0x00000000a41d6938,0x00000000a6300000)
 Metaspace       used 79105K, capacity 81917K, committed 82048K, reserved 1120256K
  class space    used 10366K, capacity 11022K, committed 11136K, reserved 1048576K
Event: 198.002 GC heap after
Heap after GC invocations=21 (full 4):
 PSYoungGen      total 258560K, used 32833K [0x00000000e0000000, 0x00000000f2180000, 0x0000000100000000)
  eden space 223232K, 0% used [0x00000000e0000000,0x00000000e0000000,0x00000000eda00000)
  from space 35328K, 92% used [0x00000000eda00000,0x00000000efa10480,0x00000000efc80000)
  to   space 36864K, 0% used [0x00000000efc80000,0x00000000efc80000,0x00000000f2080000)
 ParOldGen       total 101376K, used 67426K [0x00000000a0000000, 0x00000000a6300000, 0x00000000e0000000)
  object space 101376K, 66% used [0x00000000a0000000,0x00000000a41d8938,0x00000000a6300000)
 Metaspace       used 79105K, capacity 81917K, committed 82048K, reserved 1120256K
  class space    used 10366K, capacity 11022K, committed 11136K, reserved 1048576K
}

