# JRE version: OpenJDK Runtime Environment (8.0_212-b04) (build 1.8.0_212-release-1586-b04)
# Java VM: OpenJDK 64-Bit Server VM (25.212-b04 mixed mode windows-amd64 compressed oops)
Heap:
 PSYoungGen      total 65536K, used 18461K [0x00000000e0000000, 0x00000000e5e00000, 0x0000000100000000)
  eden space 58880K, 24% used [0x00000000e0000000,0x00000000e0e31930,0x00000000e3980000)
  from space 6656K, 59% used [0x00000000e4180000,0x00000000e4555eb0,0x00000000e4800000)
  to   space 8192K, 0% used [0x00000000e3980000,0x00000000e3980000,0x00000000e4180000)
 ParOldGen       total 33792K, used 15639K [0x00000000a0000000, 0x00000000a2100000, 0x00000000e0000000)
  object space 33792K, 46% used [0x00000000a0000000,0x00000000a0f45d90,0x00000000a2100000)
 Metaspace       used 34470K, capacity 35122K, committed 35416K, reserved 1079296K
  class space    used 4709K, capacity 4908K, committed 4992K, reserved 1048576K
GC Heap History (10 events):
Event: 7.059 GC heap before
{Heap before GC invocations=9 (full 0):
 PSYoungGen      total 66560K, used 42760K [0x00000000e0000000, 0x00000000e4900000, 0x0000000100000000)
  eden space 59904K, 62% used [0x00000000e0000000,0x00000000e24a2930,0x00000000e3a80000)
  from space 6656K, 78% used [0x00000000e4180000,0x00000000e469f740,0x00000000e4800000)
  to   space 7168K, 0% used [0x00000000e3a80000,0x00000000e3a80000,0x00000000e4180000)
 ParOldGen       total 40960K, used 4849K [0x00000000a0000000, 0x00000000a2800000, 0x00000000e0000000)
  object space 40960K, 11% used [0x00000000a0000000,0x00000000a04bc4d8,0x00000000a2800000)
 Metaspace       used 20717K, capacity 21120K, committed 21248K, reserved 1067008K
  class space    used 2932K, capacity 3070K, committed 3072K, reserved 1048576K
Event: 7.089 GC heap after
Heap after GC invocations=9 (full 0):
 PSYoungGen      total 67072K, used 6535K [0x00000000e0000000, 0x00000000e4900000, 0x0000000100000000)
  eden space 59904K, 0% used [0x00000000e0000000,0x00000000e0000000,0x00000000e3a80000)
  from space 7168K, 91% used [0x00000000e3a80000,0x00000000e40e1e18,0x00000000e4180000)
  to   space 6656K, 0% used [0x00000000e4180000,0x00000000e4180000,0x00000000e4800000)
 ParOldGen       total 40960K, used 6090K [0x00000000a0000000, 0x00000000a2800000, 0x00000000e0000000)
  object space 40960K, 14% used [0x00000000a0000000,0x00000000a05f2898,0x00000000a2800000)
 Metaspace       used 20717K, capacity 21120K, committed 21248K, reserved 1067008K
  class space    used 2932K, capacity 3070K, committed 3072K, reserved 1048576K
}
Event: 7.089 GC heap before
{Heap before GC invocations=10 (full 1):
 PSYoungGen      total 67072K, used 6535K [0x00000000e0000000, 0x00000000e4900000, 0x0000000100000000)
  eden space 59904K, 0% used [0x00000000e0000000,0x00000000e0000000,0x00000000e3a80000)
  from space 7168K, 91% used [0x00000000e3a80000,0x00000000e40e1e18,0x00000000e4180000)
  to   space 6656K, 0% used [0x00000000e4180000,0x00000000e4180000,0x00000000e4800000)
 ParOldGen       total 40960K, used 6090K [0x00000000a0000000, 0x00000000a2800000, 0x00000000e0000000)
  object space 40960K, 14% used [0x00000000a0000000,0x00000000a05f2898,0x00000000a2800000)
 Metaspace       used 20717K, capacity 21120K, committed 21248K, reserved 1067008K
  class space    used 2932K, capacity 3070K, committed 3072K, reserved 1048576K
Event: 7.191 GC heap after
Heap after GC invocations=10 (full 1):
 PSYoungGen      total 67072K, used 0K [0x00000000e0000000, 0x00000000e4900000, 0x0000000100000000)
  eden space 59904K, 0% used [0x00000000e0000000,0x00000000e0000000,0x00000000e3a80000)
  from space 7168K, 0% used [0x00000000e3a80000,0x00000000e3a80000,0x00000000e4180000)
  to   space 6656K, 0% used [0x00000000e4180000,0x00000000e4180000,0x00000000e4800000)
 ParOldGen       total 33792K, used 10106K [0x00000000a0000000, 0x00000000a2100000, 0x00000000e0000000)
  object space 33792K, 29% used [0x00000000a0000000,0x00000000a09de910,0x00000000a2100000)
 Metaspace       used 20717K, capacity 21120K, committed 21248K, reserved 1067008K
  class space    used 2932K, capacity 3070K, committed 3072K, reserved 1048576K
}
Event: 8.814 GC heap before
{Heap before GC invocations=11 (full 1):
 PSYoungGen      total 67072K, used 59761K [0x00000000e0000000, 0x00000000e4900000, 0x0000000100000000)
  eden space 59904K, 99% used [0x00000000e0000000,0x00000000e3a5c580,0x00000000e3a80000)
  from space 7168K, 0% used [0x00000000e3a80000,0x00000000e3a80000,0x00000000e4180000)
  to   space 6656K, 0% used [0x00000000e4180000,0x00000000e4180000,0x00000000e4800000)
 ParOldGen       total 33792K, used 10106K [0x00000000a0000000, 0x00000000a2100000, 0x00000000e0000000)
  object space 33792K, 29% used [0x00000000a0000000,0x00000000a09de910,0x00000000a2100000)
 Metaspace       used 28001K, capacity 28446K, committed 28928K, reserved 1075200K
  class space    used 3819K, capacity 3972K, committed 4096K, reserved 1048576K
Event: 8.828 GC heap after
Heap after GC invocations=11 (full 1):
 PSYoungGen      total 66560K, used 6639K [0x00000000e0000000, 0x00000000e4900000, 0x0000000100000000)
  eden space 59904K, 0% used [0x00000000e0000000,0x00000000e0000000,0x00000000e3a80000)
  from space 6656K, 99% used [0x00000000e4180000,0x00000000e47fbe50,0x00000000e4800000)
  to   space 7168K, 0% used [0x00000000e3a80000,0x00000000e3a80000,0x00000000e4180000)
 ParOldGen       total 33792K, used 10937K [0x00000000a0000000, 0x00000000a2100000, 0x00000000e0000000)
  object space 33792K, 32% used [0x00000000a0000000,0x00000000a0aae600,0x00000000a2100000)
 Metaspace       used 28001K, capacity 28446K, committed 28928K, reserved 1075200K
  class space    used 3819K, capacity 3972K, committed 4096K, reserved 1048576K
}
Event: 9.900 GC heap before
{Heap before GC invocations=12 (full 1):
 PSYoungGen      total 66560K, used 66543K [0x00000000e0000000, 0x00000000e4900000, 0x0000000100000000)
  eden space 59904K, 100% used [0x00000000e0000000,0x00000000e3a80000,0x00000000e3a80000)
  from space 6656K, 99% used [0x00000000e4180000,0x00000000e47fbe50,0x00000000e4800000)
  to   space 7168K, 0% used [0x00000000e3a80000,0x00000000e3a80000,0x00000000e4180000)
 ParOldGen       total 33792K, used 10937K [0x00000000a0000000, 0x00000000a2100000, 0x00000000e0000000)
  object space 33792K, 32% used [0x00000000a0000000,0x00000000a0aae600,0x00000000a2100000)
 Metaspace       used 31093K, capacity 31586K, committed 31872K, reserved 1077248K
  class space    used 4245K, capacity 4400K, committed 4480K, reserved 1048576K
Event: 9.917 GC heap after
Heap after GC invocations=12 (full 1):
 PSYoungGen      total 67072K, used 4344K [0x00000000e0000000, 0x00000000e4900000, 0x0000000100000000)
  eden space 59904K, 0% used [0x00000000e0000000,0x00000000e0000000,0x00000000e3a80000)
  from space 7168K, 60% used [0x00000000e3a80000,0x00000000e3ebe038,0x00000000e4180000)
  to   space 6656K, 0% used [0x00000000e4180000,0x00000000e4180000,0x00000000e4800000)
 ParOldGen       total 33792K, used 13941K [0x00000000a0000000, 0x00000000a2100000, 0x00000000e0000000)
  object space 33792K, 41% used [0x00000000a0000000,0x00000000a0d9d630,0x00000000a2100000)
 Metaspace       used 31093K, capacity 31586K, committed 31872K, reserved 1077248K
  class space    used 4245K, capacity 4400K, committed 4480K, reserved 1048576K
}
Event: 11.214 GC heap before
{Heap before GC invocations=13 (full 1):
 PSYoungGen      total 67072K, used 64248K [0x00000000e0000000, 0x00000000e4900000, 0x0000000100000000)
  eden space 59904K, 100% used [0x00000000e0000000,0x00000000e3a80000,0x00000000e3a80000)
  from space 7168K, 60% used [0x00000000e3a80000,0x00000000e3ebe038,0x00000000e4180000)
  to   space 6656K, 0% used [0x00000000e4180000,0x00000000e4180000,0x00000000e4800000)
 ParOldGen       total 33792K, used 13941K [0x00000000a0000000, 0x00000000a2100000, 0x00000000e0000000)
  object space 33792K, 41% used [0x00000000a0000000,0x00000000a0d9d630,0x00000000a2100000)
 Metaspace       used 33972K, capacity 34656K, committed 34816K, reserved 1079296K
  class space    used 4647K, capacity 4855K, committed 4864K, reserved 1048576K
Event: 11.225 GC heap after
Heap after GC invocations=13 (full 1):
 PSYoungGen      total 65536K, used 3927K [0x00000000e0000000, 0x00000000e5e00000, 0x0000000100000000)
  eden space 58880K, 0% used [0x00000000e0000000,0x00000000e0000000,0x00000000e3980000)
  from space 6656K, 59% used [0x00000000e4180000,0x00000000e4555eb0,0x00000000e4800000)
  to   space 8192K, 0% used [0x00000000e3980000,0x00000000e3980000,0x00000000e4180000)
 ParOldGen       total 33792K, used 15639K [0x00000000a0000000, 0x00000000a2100000, 0x00000000e0000000)
  object space 33792K, 46% used [0x00000000a0000000,0x00000000a0f45d90,0x00000000a2100000)
 Metaspace       used 33972K, capacity 34656K, committed 34816K, reserved 1079296K
  class space    used 4647K, capacity 4855K, committed 4864K, reserved 1048576K
}

