# JRE version: OpenJDK Runtime Environment (8.0_212-b04) (build 1.8.0_212-release-1586-b04)
# Java VM: OpenJDK 64-Bit Server VM (25.212-b04 mixed mode windows-amd64 compressed oops)
Heap:
 PSYoungGen      total 67584K, used 50942K [0x00000000e0000000, 0x00000000e6300000, 0x0000000100000000)
  eden space 60416K, 72% used [0x00000000e0000000,0x00000000e2af61b0,0x00000000e3b00000)
  from space 7168K, 96% used [0x00000000e3b00000,0x00000000e41c9768,0x00000000e4200000)
  to   space 10240K, 0% used [0x00000000e5900000,0x00000000e5900000,0x00000000e6300000)
 ParOldGen       total 35840K, used 10597K [0x00000000a0000000, 0x00000000a2300000, 0x00000000e0000000)
  object space 35840K, 29% used [0x00000000a0000000,0x00000000a0a59460,0x00000000a2300000)
 Metaspace       used 30221K, capacity 30788K, committed 31104K, reserved 1075200K
  class space    used 4166K, capacity 4385K, committed 4480K, reserved 1048576K
GC Heap History (10 events):
Event: 5.492 GC heap before
{Heap before GC invocations=6 (full 0):
 PSYoungGen      total 33280K, used 33248K [0x00000000e0000000, 0x00000000e4800000, 0x0000000100000000)
  eden space 30720K, 100% used [0x00000000e0000000,0x00000000e1e00000,0x00000000e1e00000)
  from space 2560K, 98% used [0x00000000e1e00000,0x00000000e2078020,0x00000000e2080000)
  to   space 6144K, 0% used [0x00000000e4200000,0x00000000e4200000,0x00000000e4800000)
 ParOldGen       total 40960K, used 4610K [0x00000000a0000000, 0x00000000a2800000, 0x00000000e0000000)
  object space 40960K, 11% used [0x00000000a0000000,0x00000000a0480a90,0x00000000a2800000)
 Metaspace       used 14409K, capacity 14746K, committed 14976K, reserved 1062912K
  class space    used 1990K, capacity 2127K, committed 2176K, reserved 1048576K
Event: 5.533 GC heap after
Heap after GC invocations=6 (full 0):
 PSYoungGen      total 66560K, used 5969K [0x00000000e0000000, 0x00000000e4a00000, 0x0000000100000000)
  eden space 60416K, 0% used [0x00000000e0000000,0x00000000e0000000,0x00000000e3b00000)
  from space 6144K, 97% used [0x00000000e4200000,0x00000000e47d4658,0x00000000e4800000)
  to   space 7168K, 0% used [0x00000000e3b00000,0x00000000e3b00000,0x00000000e4200000)
 ParOldGen       total 40960K, used 4618K [0x00000000a0000000, 0x00000000a2800000, 0x00000000e0000000)
  object space 40960K, 11% used [0x00000000a0000000,0x00000000a0482a90,0x00000000a2800000)
 Metaspace       used 14409K, capacity 14746K, committed 14976K, reserved 1062912K
  class space    used 1990K, capacity 2127K, committed 2176K, reserved 1048576K
}
Event: 7.481 GC heap before
{Heap before GC invocations=7 (full 0):
 PSYoungGen      total 66560K, used 66385K [0x00000000e0000000, 0x00000000e4a00000, 0x0000000100000000)
  eden space 60416K, 100% used [0x00000000e0000000,0x00000000e3b00000,0x00000000e3b00000)
  from space 6144K, 97% used [0x00000000e4200000,0x00000000e47d4658,0x00000000e4800000)
  to   space 7168K, 0% used [0x00000000e3b00000,0x00000000e3b00000,0x00000000e4200000)
 ParOldGen       total 40960K, used 4618K [0x00000000a0000000, 0x00000000a2800000, 0x00000000e0000000)
  object space 40960K, 11% used [0x00000000a0000000,0x00000000a0482a90,0x00000000a2800000)
 Metaspace       used 19206K, capacity 19706K, committed 19840K, reserved 1067008K
  class space    used 2761K, capacity 2939K, committed 2944K, reserved 1048576K
Event: 7.513 GC heap after
Heap after GC invocations=7 (full 0):
 PSYoungGen      total 67584K, used 7140K [0x00000000e0000000, 0x00000000e4a00000, 0x0000000100000000)
  eden space 60416K, 0% used [0x00000000e0000000,0x00000000e0000000,0x00000000e3b00000)
  from space 7168K, 99% used [0x00000000e3b00000,0x00000000e41f9190,0x00000000e4200000)
  to   space 6144K, 0% used [0x00000000e4200000,0x00000000e4200000,0x00000000e4800000)
 ParOldGen       total 40960K, used 7450K [0x00000000a0000000, 0x00000000a2800000, 0x00000000e0000000)
  object space 40960K, 18% used [0x00000000a0000000,0x00000000a07469f8,0x00000000a2800000)
 Metaspace       used 19206K, capacity 19706K, committed 19840K, reserved 1067008K
  class space    used 2761K, capacity 2939K, committed 2944K, reserved 1048576K
}
Event: 8.306 GC heap before
{Heap before GC invocations=8 (full 0):
 PSYoungGen      total 67584K, used 20934K [0x00000000e0000000, 0x00000000e4a00000, 0x0000000100000000)
  eden space 60416K, 22% used [0x00000000e0000000,0x00000000e0d787a8,0x00000000e3b00000)
  from space 7168K, 99% used [0x00000000e3b00000,0x00000000e41f9190,0x00000000e4200000)
  to   space 6144K, 0% used [0x00000000e4200000,0x00000000e4200000,0x00000000e4800000)
 ParOldGen       total 40960K, used 7450K [0x00000000a0000000, 0x00000000a2800000, 0x00000000e0000000)
  object space 40960K, 18% used [0x00000000a0000000,0x00000000a07469f8,0x00000000a2800000)
 Metaspace       used 20709K, capacity 21192K, committed 21296K, reserved 1067008K
  class space    used 2986K, capacity 3135K, committed 3200K, reserved 1048576K
Event: 8.320 GC heap after
Heap after GC invocations=8 (full 0):
 PSYoungGen      total 66560K, used 5961K [0x00000000e0000000, 0x00000000e4a00000, 0x0000000100000000)
  eden space 60416K, 0% used [0x00000000e0000000,0x00000000e0000000,0x00000000e3b00000)
  from space 6144K, 97% used [0x00000000e4200000,0x00000000e47d2510,0x00000000e4800000)
  to   space 7168K, 0% used [0x00000000e3b00000,0x00000000e3b00000,0x00000000e4200000)
 ParOldGen       total 40960K, used 8066K [0x00000000a0000000, 0x00000000a2800000, 0x00000000e0000000)
  object space 40960K, 19% used [0x00000000a0000000,0x00000000a07e09f8,0x00000000a2800000)
 Metaspace       used 20709K, capacity 21192K, committed 21296K, reserved 1067008K
  class space    used 2986K, capacity 3135K, committed 3200K, reserved 1048576K
}
Event: 8.320 GC heap before
{Heap before GC invocations=9 (full 1):
 PSYoungGen      total 66560K, used 5961K [0x00000000e0000000, 0x00000000e4a00000, 0x0000000100000000)
  eden space 60416K, 0% used [0x00000000e0000000,0x00000000e0000000,0x00000000e3b00000)
  from space 6144K, 97% used [0x00000000e4200000,0x00000000e47d2510,0x00000000e4800000)
  to   space 7168K, 0% used [0x00000000e3b00000,0x00000000e3b00000,0x00000000e4200000)
 ParOldGen       total 40960K, used 8066K [0x00000000a0000000, 0x00000000a2800000, 0x00000000e0000000)
  object space 40960K, 19% used [0x00000000a0000000,0x00000000a07e09f8,0x00000000a2800000)
 Metaspace       used 20709K, capacity 21192K, committed 21296K, reserved 1067008K
  class space    used 2986K, capacity 3135K, committed 3200K, reserved 1048576K
Event: 8.429 GC heap after
Heap after GC invocations=9 (full 1):
 PSYoungGen      total 66560K, used 0K [0x00000000e0000000, 0x00000000e4a00000, 0x0000000100000000)
  eden space 60416K, 0% used [0x00000000e0000000,0x00000000e0000000,0x00000000e3b00000)
  from space 6144K, 0% used [0x00000000e4200000,0x00000000e4200000,0x00000000e4800000)
  to   space 7168K, 0% used [0x00000000e3b00000,0x00000000e3b00000,0x00000000e4200000)
 ParOldGen       total 35840K, used 10589K [0x00000000a0000000, 0x00000000a2300000, 0x00000000e0000000)
  object space 35840K, 29% used [0x00000000a0000000,0x00000000a0a57460,0x00000000a2300000)
 Metaspace       used 20709K, capacity 21192K, committed 21296K, reserved 1067008K
  class space    used 2986K, capacity 3135K, committed 3200K, reserved 1048576K
}
Event: 10.530 GC heap before
{Heap before GC invocations=10 (full 1):
 PSYoungGen      total 66560K, used 60416K [0x00000000e0000000, 0x00000000e4a00000, 0x0000000100000000)
  eden space 60416K, 100% used [0x00000000e0000000,0x00000000e3b00000,0x00000000e3b00000)
  from space 6144K, 0% used [0x00000000e4200000,0x00000000e4200000,0x00000000e4800000)
  to   space 7168K, 0% used [0x00000000e3b00000,0x00000000e3b00000,0x00000000e4200000)
 ParOldGen       total 35840K, used 10589K [0x00000000a0000000, 0x00000000a2300000, 0x00000000e0000000)
  object space 35840K, 29% used [0x00000000a0000000,0x00000000a0a57460,0x00000000a2300000)
 Metaspace       used 27906K, capacity 28394K, committed 28672K, reserved 1073152K
  class space    used 3785K, capacity 3976K, committed 4096K, reserved 1048576K
Event: 10.543 GC heap after
Heap after GC invocations=10 (full 1):
 PSYoungGen      total 67584K, used 6949K [0x00000000e0000000, 0x00000000e6300000, 0x0000000100000000)
  eden space 60416K, 0% used [0x00000000e0000000,0x00000000e0000000,0x00000000e3b00000)
  from space 7168K, 96% used [0x00000000e3b00000,0x00000000e41c9768,0x00000000e4200000)
  to   space 10240K, 0% used [0x00000000e5900000,0x00000000e5900000,0x00000000e6300000)
 ParOldGen       total 35840K, used 10597K [0x00000000a0000000, 0x00000000a2300000, 0x00000000e0000000)
  object space 35840K, 29% used [0x00000000a0000000,0x00000000a0a59460,0x00000000a2300000)
 Metaspace       used 27906K, capacity 28394K, committed 28672K, reserved 1073152K
  class space    used 3785K, capacity 3976K, committed 4096K, reserved 1048576K
}

