# JRE version: OpenJDK Runtime Environment (8.0_212-b04) (build 1.8.0_212-release-1586-b04)
# Java VM: OpenJDK 64-Bit Server VM (25.212-b04 mixed mode windows-amd64 compressed oops)
Heap:
 PSYoungGen      total 384512K, used 79854K [0x00000000e0000000, 0x0000000100000000, 0x0000000100000000)
  eden space 322560K, 24% used [0x00000000e0000000,0x00000000e4dfbb90,0x00000000f3b00000)
  from space 61952K, 0% used [0x00000000fbf80000,0x00000000fbf80000,0x00000000ffc00000)
  to   space 100864K, 0% used [0x00000000f3b00000,0x00000000f3b00000,0x00000000f9d80000)
 ParOldGen       total 268288K, used 144973K [0x00000000a0000000, 0x00000000b0600000, 0x00000000e0000000)
  object space 268288K, 54% used [0x00000000a0000000,0x00000000a8d93428,0x00000000b0600000)
 Metaspace       used 88801K, capacity 92301K, committed 92504K, reserved 1130496K
  class space    used 11325K, capacity 12078K, committed 12160K, reserved 1048576K
GC Heap History (10 events):
Event: 568.626 GC heap before
{Heap before GC invocations=21 (full 3):
 PSYoungGen      total 303104K, used 303098K [0x00000000e0000000, 0x00000000f7680000, 0x0000000100000000)
  eden space 278528K, 100% used [0x00000000e0000000,0x00000000f1000000,0x00000000f1000000)
  from space 24576K, 99% used [0x00000000f1000000,0x00000000f27feae0,0x00000000f2800000)
  to   space 31232K, 0% used [0x00000000f5800000,0x00000000f5800000,0x00000000f7680000)
 ParOldGen       total 86016K, used 68747K [0x00000000a0000000, 0x00000000a5400000, 0x00000000e0000000)
  object space 86016K, 79% used [0x00000000a0000000,0x00000000a4322ea8,0x00000000a5400000)
 Metaspace       used 88734K, capacity 92209K, committed 92504K, reserved 1130496K
  class space    used 11309K, capacity 12104K, committed 12160K, reserved 1048576K
Event: 568.786 GC heap after
Heap after GC invocations=21 (full 3):
 PSYoungGen      total 341504K, used 31230K [0x00000000e0000000, 0x00000000f9000000, 0x0000000100000000)
  eden space 310272K, 0% used [0x00000000e0000000,0x00000000e0000000,0x00000000f2f00000)
  from space 31232K, 99% used [0x00000000f5800000,0x00000000f767f9d8,0x00000000f7680000)
  to   space 41984K, 0% used [0x00000000f2f00000,0x00000000f2f00000,0x00000000f5800000)
 ParOldGen       total 86016K, used 83870K [0x00000000a0000000, 0x00000000a5400000, 0x00000000e0000000)
  object space 86016K, 97% used [0x00000000a0000000,0x00000000a51e7b90,0x00000000a5400000)
 Metaspace       used 88734K, capacity 92209K, committed 92504K, reserved 1130496K
  class space    used 11309K, capacity 12104K, committed 12160K, reserved 1048576K
}
Event: 568.786 GC heap before
{Heap before GC invocations=22 (full 4):
 PSYoungGen      total 341504K, used 31230K [0x00000000e0000000, 0x00000000f9000000, 0x0000000100000000)
  eden space 310272K, 0% used [0x00000000e0000000,0x00000000e0000000,0x00000000f2f00000)
  from space 31232K, 99% used [0x00000000f5800000,0x00000000f767f9d8,0x00000000f7680000)
  to   space 41984K, 0% used [0x00000000f2f00000,0x00000000f2f00000,0x00000000f5800000)
 ParOldGen       total 86016K, used 83870K [0x00000000a0000000, 0x00000000a5400000, 0x00000000e0000000)
  object space 86016K, 97% used [0x00000000a0000000,0x00000000a51e7b90,0x00000000a5400000)
 Metaspace       used 88734K, capacity 92209K, committed 92504K, reserved 1130496K
  class space    used 11309K, capacity 12104K, committed 12160K, reserved 1048576K
Event: 569.780 GC heap after
Heap after GC invocations=22 (full 4):
 PSYoungGen      total 341504K, used 1296K [0x00000000e0000000, 0x00000000f9000000, 0x0000000100000000)
  eden space 310272K, 0% used [0x00000000e0000000,0x00000000e0000000,0x00000000f2f00000)
  from space 31232K, 4% used [0x00000000f5800000,0x00000000f59442d8,0x00000000f7680000)
  to   space 41984K, 0% used [0x00000000f2f00000,0x00000000f2f00000,0x00000000f5800000)
 ParOldGen       total 163328K, used 85682K [0x00000000a0000000, 0x00000000a9f80000, 0x00000000e0000000)
  object space 163328K, 52% used [0x00000000a0000000,0x00000000a53acbc8,0x00000000a9f80000)
 Metaspace       used 87971K, capacity 91373K, committed 92504K, reserved 1130496K
  class space    used 11230K, capacity 11990K, committed 12160K, reserved 1048576K
}
Event: 575.491 GC heap before
{Heap before GC invocations=23 (full 4):
 PSYoungGen      total 341504K, used 304525K [0x00000000e0000000, 0x00000000f9000000, 0x0000000100000000)
  eden space 310272K, 97% used [0x00000000e0000000,0x00000000f281f360,0x00000000f2f00000)
  from space 31232K, 4% used [0x00000000f5800000,0x00000000f59442d8,0x00000000f7680000)
  to   space 41984K, 0% used [0x00000000f2f00000,0x00000000f2f00000,0x00000000f5800000)
 ParOldGen       total 163328K, used 85682K [0x00000000a0000000, 0x00000000a9f80000, 0x00000000e0000000)
  object space 163328K, 52% used [0x00000000a0000000,0x00000000a53acbc8,0x00000000a9f80000)
 Metaspace       used 88653K, capacity 92063K, committed 92504K, reserved 1130496K
  class space    used 11319K, capacity 12071K, committed 12160K, reserved 1048576K
Event: 576.167 GC heap after
Heap after GC invocations=23 (full 4):
 PSYoungGen      total 352256K, used 41964K [0x00000000e0000000, 0x00000000ffc00000, 0x0000000100000000)
  eden space 310272K, 0% used [0x00000000e0000000,0x00000000e0000000,0x00000000f2f00000)
  from space 41984K, 99% used [0x00000000f2f00000,0x00000000f57fb370,0x00000000f5800000)
  to   space 61952K, 0% used [0x00000000fbf80000,0x00000000fbf80000,0x00000000ffc00000)
 ParOldGen       total 163328K, used 119951K [0x00000000a0000000, 0x00000000a9f80000, 0x00000000e0000000)
  object space 163328K, 73% used [0x00000000a0000000,0x00000000a7523e78,0x00000000a9f80000)
 Metaspace       used 88653K, capacity 92063K, committed 92504K, reserved 1130496K
  class space    used 11319K, capacity 12071K, committed 12160K, reserved 1048576K
}
Event: 581.809 GC heap before
{Heap before GC invocations=24 (full 4):
 PSYoungGen      total 352256K, used 352236K [0x00000000e0000000, 0x00000000ffc00000, 0x0000000100000000)
  eden space 310272K, 100% used [0x00000000e0000000,0x00000000f2f00000,0x00000000f2f00000)
  from space 41984K, 99% used [0x00000000f2f00000,0x00000000f57fb370,0x00000000f5800000)
  to   space 61952K, 0% used [0x00000000fbf80000,0x00000000fbf80000,0x00000000ffc00000)
 ParOldGen       total 163328K, used 119951K [0x00000000a0000000, 0x00000000a9f80000, 0x00000000e0000000)
  object space 163328K, 73% used [0x00000000a0000000,0x00000000a7523e78,0x00000000a9f80000)
 Metaspace       used 88780K, capacity 92237K, committed 92504K, reserved 1130496K
  class space    used 11324K, capacity 12078K, committed 12160K, reserved 1048576K
Event: 582.342 GC heap after
Heap after GC invocations=24 (full 4):
 PSYoungGen      total 384512K, used 61942K [0x00000000e0000000, 0x0000000100000000, 0x0000000100000000)
  eden space 322560K, 0% used [0x00000000e0000000,0x00000000e0000000,0x00000000f3b00000)
  from space 61952K, 99% used [0x00000000fbf80000,0x00000000ffbfdb68,0x00000000ffc00000)
  to   space 100864K, 0% used [0x00000000f3b00000,0x00000000f3b00000,0x00000000f9d80000)
 ParOldGen       total 197120K, used 196774K [0x00000000a0000000, 0x00000000ac080000, 0x00000000e0000000)
  object space 197120K, 99% used [0x00000000a0000000,0x00000000ac029a98,0x00000000ac080000)
 Metaspace       used 88780K, capacity 92237K, committed 92504K, reserved 1130496K
  class space    used 11324K, capacity 12078K, committed 12160K, reserved 1048576K
}
Event: 582.342 GC heap before
{Heap before GC invocations=25 (full 5):
 PSYoungGen      total 384512K, used 61942K [0x00000000e0000000, 0x0000000100000000, 0x0000000100000000)
  eden space 322560K, 0% used [0x00000000e0000000,0x00000000e0000000,0x00000000f3b00000)
  from space 61952K, 99% used [0x00000000fbf80000,0x00000000ffbfdb68,0x00000000ffc00000)
  to   space 100864K, 0% used [0x00000000f3b00000,0x00000000f3b00000,0x00000000f9d80000)
 ParOldGen       total 197120K, used 196774K [0x00000000a0000000, 0x00000000ac080000, 0x00000000e0000000)
  object space 197120K, 99% used [0x00000000a0000000,0x00000000ac029a98,0x00000000ac080000)
 Metaspace       used 88780K, capacity 92237K, committed 92504K, reserved 1130496K
  class space    used 11324K, capacity 12078K, committed 12160K, reserved 1048576K
Event: 584.506 GC heap after
Heap after GC invocations=25 (full 5):
 PSYoungGen      total 384512K, used 0K [0x00000000e0000000, 0x0000000100000000, 0x0000000100000000)
  eden space 322560K, 0% used [0x00000000e0000000,0x00000000e0000000,0x00000000f3b00000)
  from space 61952K, 0% used [0x00000000fbf80000,0x00000000fbf80000,0x00000000ffc00000)
  to   space 100864K, 0% used [0x00000000f3b00000,0x00000000f3b00000,0x00000000f9d80000)
 ParOldGen       total 268288K, used 144973K [0x00000000a0000000, 0x00000000b0600000, 0x00000000e0000000)
  object space 268288K, 54% used [0x00000000a0000000,0x00000000a8d93428,0x00000000b0600000)
 Metaspace       used 88780K, capacity 92237K, committed 92504K, reserved 1130496K
  class space    used 11324K, capacity 12078K, committed 12160K, reserved 1048576K
}

