# JRE version: OpenJDK Runtime Environment (8.0_212-b04) (build 1.8.0_212-release-1586-b04)
# Java VM: OpenJDK 64-Bit Server VM (25.212-b04 mixed mode windows-amd64 compressed oops)
Heap:
 PSYoungGen      total 299520K, used 179221K [0x00000000e0000000, 0x00000000f6f80000, 0x0000000100000000)
  eden space 246272K, 51% used [0x00000000e0000000,0x00000000e7b0d1e8,0x00000000ef080000)
  from space 53248K, 99% used [0x00000000ef080000,0x00000000f2478488,0x00000000f2480000)
  to   space 37376K, 0% used [0x00000000f2480000,0x00000000f2480000,0x00000000f4900000)
 ParOldGen       total 187392K, used 126843K [0x00000000a0000000, 0x00000000ab700000, 0x00000000e0000000)
  object space 187392K, 67% used [0x00000000a0000000,0x00000000a7bded40,0x00000000ab700000)
 Metaspace       used 81776K, capacity 84992K, committed 85248K, reserved 1122304K
  class space    used 10904K, capacity 11661K, committed 11776K, reserved 1048576K
GC Heap History (10 events):
Event: 42.020 GC heap before
{Heap before GC invocations=17 (full 3):
 PSYoungGen      total 206848K, used 205889K [0x00000000e0000000, 0x00000000eff80000, 0x0000000100000000)
  eden space 187904K, 100% used [0x00000000e0000000,0x00000000eb780000,0x00000000eb780000)
  from space 18944K, 94% used [0x00000000eb780000,0x00000000ec910708,0x00000000eca00000)
  to   space 21504K, 0% used [0x00000000eea80000,0x00000000eea80000,0x00000000eff80000)
 ParOldGen       total 97280K, used 37454K [0x00000000a0000000, 0x00000000a5f00000, 0x00000000e0000000)
  object space 97280K, 38% used [0x00000000a0000000,0x00000000a2493810,0x00000000a5f00000)
 Metaspace       used 67232K, capacity 69400K, committed 69760K, reserved 1110016K
  class space    used 8957K, capacity 9505K, committed 9600K, reserved 1048576K
Event: 42.120 GC heap after
Heap after GC invocations=17 (full 3):
 PSYoungGen      total 236032K, used 21497K [0x00000000e0000000, 0x00000000f0580000, 0x0000000100000000)
  eden space 214528K, 0% used [0x00000000e0000000,0x00000000e0000000,0x00000000ed180000)
  from space 21504K, 99% used [0x00000000eea80000,0x00000000eff7e508,0x00000000eff80000)
  to   space 25600K, 0% used [0x00000000ed180000,0x00000000ed180000,0x00000000eea80000)
 ParOldGen       total 97280K, used 39605K [0x00000000a0000000, 0x00000000a5f00000, 0x00000000e0000000)
  object space 97280K, 40% used [0x00000000a0000000,0x00000000a26ad6a0,0x00000000a5f00000)
 Metaspace       used 67232K, capacity 69400K, committed 69760K, reserved 1110016K
  class space    used 8957K, capacity 9505K, committed 9600K, reserved 1048576K
}
Event: 44.816 GC heap before
{Heap before GC invocations=18 (full 3):
 PSYoungGen      total 236032K, used 236025K [0x00000000e0000000, 0x00000000f0580000, 0x0000000100000000)
  eden space 214528K, 100% used [0x00000000e0000000,0x00000000ed180000,0x00000000ed180000)
  from space 21504K, 99% used [0x00000000eea80000,0x00000000eff7e508,0x00000000eff80000)
  to   space 25600K, 0% used [0x00000000ed180000,0x00000000ed180000,0x00000000eea80000)
 ParOldGen       total 97280K, used 39605K [0x00000000a0000000, 0x00000000a5f00000, 0x00000000e0000000)
  object space 97280K, 40% used [0x00000000a0000000,0x00000000a26ad6a0,0x00000000a5f00000)
 Metaspace       used 67904K, capacity 70100K, committed 70272K, reserved 1110016K
  class space    used 9030K, capacity 9553K, committed 9600K, reserved 1048576K
Event: 44.997 GC heap after
Heap after GC invocations=18 (full 3):
 PSYoungGen      total 240128K, used 25588K [0x00000000e0000000, 0x00000000f4900000, 0x0000000100000000)
  eden space 214528K, 0% used [0x00000000e0000000,0x00000000e0000000,0x00000000ed180000)
  from space 25600K, 99% used [0x00000000ed180000,0x00000000eea7d348,0x00000000eea80000)
  to   space 37376K, 0% used [0x00000000f2480000,0x00000000f2480000,0x00000000f4900000)
 ParOldGen       total 97280K, used 59892K [0x00000000a0000000, 0x00000000a5f00000, 0x00000000e0000000)
  object space 97280K, 61% used [0x00000000a0000000,0x00000000a3a7d328,0x00000000a5f00000)
 Metaspace       used 67904K, capacity 70100K, committed 70272K, reserved 1110016K
  class space    used 9030K, capacity 9553K, committed 9600K, reserved 1048576K
}
Event: 51.043 GC heap before
{Heap before GC invocations=19 (full 3):
 PSYoungGen      total 240128K, used 240116K [0x00000000e0000000, 0x00000000f4900000, 0x0000000100000000)
  eden space 214528K, 100% used [0x00000000e0000000,0x00000000ed180000,0x00000000ed180000)
  from space 25600K, 99% used [0x00000000ed180000,0x00000000eea7d348,0x00000000eea80000)
  to   space 37376K, 0% used [0x00000000f2480000,0x00000000f2480000,0x00000000f4900000)
 ParOldGen       total 97280K, used 59892K [0x00000000a0000000, 0x00000000a5f00000, 0x00000000e0000000)
  object space 97280K, 61% used [0x00000000a0000000,0x00000000a3a7d328,0x00000000a5f00000)
 Metaspace       used 76578K, capacity 79626K, committed 79744K, reserved 1118208K
  class space    used 10343K, capacity 11062K, committed 11136K, reserved 1048576K
Event: 51.430 GC heap after
Heap after GC invocations=19 (full 3):
 PSYoungGen      total 283648K, used 37345K [0x00000000e0000000, 0x00000000f6f80000, 0x0000000100000000)
  eden space 246272K, 0% used [0x00000000e0000000,0x00000000e0000000,0x00000000ef080000)
  from space 37376K, 99% used [0x00000000f2480000,0x00000000f48f8578,0x00000000f4900000)
  to   space 53248K, 0% used [0x00000000ef080000,0x00000000ef080000,0x00000000f2480000)
 ParOldGen       total 97280K, used 86338K [0x00000000a0000000, 0x00000000a5f00000, 0x00000000e0000000)
  object space 97280K, 88% used [0x00000000a0000000,0x00000000a5450820,0x00000000a5f00000)
 Metaspace       used 76578K, capacity 79626K, committed 79744K, reserved 1118208K
  class space    used 10343K, capacity 11062K, committed 11136K, reserved 1048576K
}
Event: 51.430 GC heap before
{Heap before GC invocations=20 (full 4):
 PSYoungGen      total 283648K, used 37345K [0x00000000e0000000, 0x00000000f6f80000, 0x0000000100000000)
  eden space 246272K, 0% used [0x00000000e0000000,0x00000000e0000000,0x00000000ef080000)
  from space 37376K, 99% used [0x00000000f2480000,0x00000000f48f8578,0x00000000f4900000)
  to   space 53248K, 0% used [0x00000000ef080000,0x00000000ef080000,0x00000000f2480000)
 ParOldGen       total 97280K, used 86338K [0x00000000a0000000, 0x00000000a5f00000, 0x00000000e0000000)
  object space 97280K, 88% used [0x00000000a0000000,0x00000000a5450820,0x00000000a5f00000)
 Metaspace       used 76578K, capacity 79626K, committed 79744K, reserved 1118208K
  class space    used 10343K, capacity 11062K, committed 11136K, reserved 1048576K
Event: 52.805 GC heap after
Heap after GC invocations=20 (full 4):
 PSYoungGen      total 283648K, used 13247K [0x00000000e0000000, 0x00000000f6f80000, 0x0000000100000000)
  eden space 246272K, 0% used [0x00000000e0000000,0x00000000e0000000,0x00000000ef080000)
  from space 37376K, 35% used [0x00000000f2480000,0x00000000f316fca8,0x00000000f4900000)
  to   space 53248K, 0% used [0x00000000ef080000,0x00000000ef080000,0x00000000f2480000)
 ParOldGen       total 187392K, used 97006K [0x00000000a0000000, 0x00000000ab700000, 0x00000000e0000000)
  object space 187392K, 51% used [0x00000000a0000000,0x00000000a5ebbb70,0x00000000ab700000)
 Metaspace       used 75958K, capacity 78968K, committed 79744K, reserved 1118208K
  class space    used 10278K, capacity 10989K, committed 11136K, reserved 1048576K
}
Event: 58.683 GC heap before
{Heap before GC invocations=21 (full 4):
 PSYoungGen      total 283648K, used 259519K [0x00000000e0000000, 0x00000000f6f80000, 0x0000000100000000)
  eden space 246272K, 100% used [0x00000000e0000000,0x00000000ef080000,0x00000000ef080000)
  from space 37376K, 35% used [0x00000000f2480000,0x00000000f316fca8,0x00000000f4900000)
  to   space 53248K, 0% used [0x00000000ef080000,0x00000000ef080000,0x00000000f2480000)
 ParOldGen       total 187392K, used 97006K [0x00000000a0000000, 0x00000000ab700000, 0x00000000e0000000)
  object space 187392K, 51% used [0x00000000a0000000,0x00000000a5ebbb70,0x00000000ab700000)
 Metaspace       used 76255K, capacity 79210K, committed 79744K, reserved 1118208K
  class space    used 10279K, capacity 10990K, committed 11136K, reserved 1048576K
Event: 59.258 GC heap after
Heap after GC invocations=21 (full 4):
 PSYoungGen      total 299520K, used 53217K [0x00000000e0000000, 0x00000000f6f80000, 0x0000000100000000)
  eden space 246272K, 0% used [0x00000000e0000000,0x00000000e0000000,0x00000000ef080000)
  from space 53248K, 99% used [0x00000000ef080000,0x00000000f2478488,0x00000000f2480000)
  to   space 37376K, 0% used [0x00000000f2480000,0x00000000f2480000,0x00000000f4900000)
 ParOldGen       total 187392K, used 126843K [0x00000000a0000000, 0x00000000ab700000, 0x00000000e0000000)
  object space 187392K, 67% used [0x00000000a0000000,0x00000000a7bded40,0x00000000ab700000)
 Metaspace       used 76255K, capacity 79210K, committed 79744K, reserved 1118208K
  class space    used 10279K, capacity 10990K, committed 11136K, reserved 1048576K
}

