# JRE version: OpenJDK Runtime Environment (8.0_212-b04) (build 1.8.0_212-release-1586-b04)
# Java VM: OpenJDK 64-Bit Server VM (25.212-b04 mixed mode windows-amd64 compressed oops)
Heap:
 PSYoungGen      total 316416K, used 299500K [0x00000000e0000000, 0x00000000f5180000, 0x0000000100000000)
  eden space 287744K, 99% used [0x00000000e0000000,0x00000000f16534d8,0x00000000f1900000)
  from space 28672K, 50% used [0x00000000f1900000,0x00000000f2727dc8,0x00000000f3500000)
  to   space 25088K, 99% used [0x00000000f3500000,0x00000000f4d7fb28,0x00000000f4d80000)
 ParOldGen       total 104960K, used 104958K [0x00000000a0000000, 0x00000000a6680000, 0x00000000e0000000)
  object space 104960K, 99% used [0x00000000a0000000,0x00000000a667f938,0x00000000a6680000)
 Metaspace       used 78000K, capacity 81186K, committed 81496K, reserved 1120256K
  class space    used 10323K, capacity 10994K, committed 11096K, reserved 1048576K
GC Heap History (10 events):
Event: 64.418 GC heap after
Heap after GC invocations=24 (full 3):
 PSYoungGen      total 316416K, used 14077K [0x00000000e0000000, 0x00000000f5180000, 0x0000000100000000)
  eden space 287744K, 0% used [0x00000000e0000000,0x00000000e0000000,0x00000000f1900000)
  from space 28672K, 49% used [0x00000000f1900000,0x00000000f26bf5d0,0x00000000f3500000)
  to   space 25088K, 0% used [0x00000000f3500000,0x00000000f3500000,0x00000000f4d80000)
 ParOldGen       total 89600K, used 65690K [0x00000000a0000000, 0x00000000a5780000, 0x00000000e0000000)
  object space 89600K, 73% used [0x00000000a0000000,0x00000000a4026b90,0x00000000a5780000)
 Metaspace       used 77063K, capacity 80130K, committed 80344K, reserved 1118208K
  class space    used 10244K, capacity 10870K, committed 10968K, reserved 1048576K
}
Event: 67.815 GC heap before
{Heap before GC invocations=25 (full 3):
 PSYoungGen      total 316416K, used 301821K [0x00000000e0000000, 0x00000000f5180000, 0x0000000100000000)
  eden space 287744K, 100% used [0x00000000e0000000,0x00000000f1900000,0x00000000f1900000)
  from space 28672K, 49% used [0x00000000f1900000,0x00000000f26bf5d0,0x00000000f3500000)
  to   space 25088K, 0% used [0x00000000f3500000,0x00000000f3500000,0x00000000f4d80000)
 ParOldGen       total 89600K, used 65690K [0x00000000a0000000, 0x00000000a5780000, 0x00000000e0000000)
  object space 89600K, 73% used [0x00000000a0000000,0x00000000a4026b90,0x00000000a5780000)
 Metaspace       used 77076K, capacity 80194K, committed 80344K, reserved 1118208K
  class space    used 10244K, capacity 10870K, committed 10968K, reserved 1048576K
Event: 67.884 GC heap after
Heap after GC invocations=25 (full 3):
 PSYoungGen      total 312832K, used 14695K [0x00000000e0000000, 0x00000000f5180000, 0x0000000100000000)
  eden space 287744K, 0% used [0x00000000e0000000,0x00000000e0000000,0x00000000f1900000)
  from space 25088K, 58% used [0x00000000f3500000,0x00000000f4359d38,0x00000000f4d80000)
  to   space 28672K, 0% used [0x00000000f1900000,0x00000000f1900000,0x00000000f3500000)
 ParOldGen       total 89600K, used 65690K [0x00000000a0000000, 0x00000000a5780000, 0x00000000e0000000)
  object space 89600K, 73% used [0x00000000a0000000,0x00000000a4026b90,0x00000000a5780000)
 Metaspace       used 77076K, capacity 80194K, committed 80344K, reserved 1118208K
  class space    used 10244K, capacity 10870K, committed 10968K, reserved 1048576K
}
Event: 72.020 GC heap before
{Heap before GC invocations=26 (full 3):
 PSYoungGen      total 312832K, used 302439K [0x00000000e0000000, 0x00000000f5180000, 0x0000000100000000)
  eden space 287744K, 100% used [0x00000000e0000000,0x00000000f1900000,0x00000000f1900000)
  from space 25088K, 58% used [0x00000000f3500000,0x00000000f4359d38,0x00000000f4d80000)
  to   space 28672K, 0% used [0x00000000f1900000,0x00000000f1900000,0x00000000f3500000)
 ParOldGen       total 89600K, used 65690K [0x00000000a0000000, 0x00000000a5780000, 0x00000000e0000000)
  object space 89600K, 73% used [0x00000000a0000000,0x00000000a4026b90,0x00000000a5780000)
 Metaspace       used 77154K, capacity 80194K, committed 80344K, reserved 1118208K
  class space    used 10244K, capacity 10870K, committed 10968K, reserved 1048576K
Event: 72.090 GC heap after
Heap after GC invocations=26 (full 3):
 PSYoungGen      total 316416K, used 14811K [0x00000000e0000000, 0x00000000f5180000, 0x0000000100000000)
  eden space 287744K, 0% used [0x00000000e0000000,0x00000000e0000000,0x00000000f1900000)
  from space 28672K, 51% used [0x00000000f1900000,0x00000000f2776cf0,0x00000000f3500000)
  to   space 25088K, 0% used [0x00000000f3500000,0x00000000f3500000,0x00000000f4d80000)
 ParOldGen       total 89600K, used 65698K [0x00000000a0000000, 0x00000000a5780000, 0x00000000e0000000)
  object space 89600K, 73% used [0x00000000a0000000,0x00000000a4028b90,0x00000000a5780000)
 Metaspace       used 77154K, capacity 80194K, committed 80344K, reserved 1118208K
  class space    used 10244K, capacity 10870K, committed 10968K, reserved 1048576K
}
Event: 75.206 GC heap before
{Heap before GC invocations=27 (full 3):
 PSYoungGen      total 316416K, used 302555K [0x00000000e0000000, 0x00000000f5180000, 0x0000000100000000)
  eden space 287744K, 100% used [0x00000000e0000000,0x00000000f1900000,0x00000000f1900000)
  from space 28672K, 51% used [0x00000000f1900000,0x00000000f2776cf0,0x00000000f3500000)
  to   space 25088K, 0% used [0x00000000f3500000,0x00000000f3500000,0x00000000f4d80000)
 ParOldGen       total 89600K, used 65698K [0x00000000a0000000, 0x00000000a5780000, 0x00000000e0000000)
  object space 89600K, 73% used [0x00000000a0000000,0x00000000a4028b90,0x00000000a5780000)
 Metaspace       used 77175K, capacity 80274K, committed 80600K, reserved 1118208K
  class space    used 10244K, capacity 10870K, committed 10968K, reserved 1048576K
Event: 75.278 GC heap after
Heap after GC invocations=27 (full 3):
 PSYoungGen      total 312832K, used 16006K [0x00000000e0000000, 0x00000000f5180000, 0x0000000100000000)
  eden space 287744K, 0% used [0x00000000e0000000,0x00000000e0000000,0x00000000f1900000)
  from space 25088K, 63% used [0x00000000f3500000,0x00000000f44a1ba8,0x00000000f4d80000)
  to   space 28672K, 0% used [0x00000000f1900000,0x00000000f1900000,0x00000000f3500000)
 ParOldGen       total 89600K, used 65698K [0x00000000a0000000, 0x00000000a5780000, 0x00000000e0000000)
  object space 89600K, 73% used [0x00000000a0000000,0x00000000a4028b90,0x00000000a5780000)
 Metaspace       used 77175K, capacity 80274K, committed 80600K, reserved 1118208K
  class space    used 10244K, capacity 10870K, committed 10968K, reserved 1048576K
}
Event: 79.427 GC heap before
{Heap before GC invocations=28 (full 3):
 PSYoungGen      total 312832K, used 303750K [0x00000000e0000000, 0x00000000f5180000, 0x0000000100000000)
  eden space 287744K, 100% used [0x00000000e0000000,0x00000000f1900000,0x00000000f1900000)
  from space 25088K, 63% used [0x00000000f3500000,0x00000000f44a1ba8,0x00000000f4d80000)
  to   space 28672K, 0% used [0x00000000f1900000,0x00000000f1900000,0x00000000f3500000)
 ParOldGen       total 89600K, used 65698K [0x00000000a0000000, 0x00000000a5780000, 0x00000000e0000000)
  object space 89600K, 73% used [0x00000000a0000000,0x00000000a4028b90,0x00000000a5780000)
 Metaspace       used 77463K, capacity 80658K, committed 80856K, reserved 1120256K
  class space    used 10284K, capacity 10944K, committed 10968K, reserved 1048576K
Event: 79.456 GC heap after
Heap after GC invocations=28 (full 3):
 PSYoungGen      total 316416K, used 14495K [0x00000000e0000000, 0x00000000f5180000, 0x0000000100000000)
  eden space 287744K, 0% used [0x00000000e0000000,0x00000000e0000000,0x00000000f1900000)
  from space 28672K, 50% used [0x00000000f1900000,0x00000000f2727dc8,0x00000000f3500000)
  to   space 25088K, 0% used [0x00000000f3500000,0x00000000f3500000,0x00000000f4d80000)
 ParOldGen       total 89600K, used 65706K [0x00000000a0000000, 0x00000000a5780000, 0x00000000e0000000)
  object space 89600K, 73% used [0x00000000a0000000,0x00000000a402ab90,0x00000000a5780000)
 Metaspace       used 77463K, capacity 80658K, committed 80856K, reserved 1120256K
  class space    used 10284K, capacity 10944K, committed 10968K, reserved 1048576K
}
Event: 83.688 GC heap before
{Heap before GC invocations=29 (full 3):
 PSYoungGen      total 316416K, used 299500K [0x00000000e0000000, 0x00000000f5180000, 0x0000000100000000)
  eden space 287744K, 99% used [0x00000000e0000000,0x00000000f16534d8,0x00000000f1900000)
  from space 28672K, 50% used [0x00000000f1900000,0x00000000f2727dc8,0x00000000f3500000)
  to   space 25088K, 0% used [0x00000000f3500000,0x00000000f3500000,0x00000000f4d80000)
 ParOldGen       total 89600K, used 65706K [0x00000000a0000000, 0x00000000a5780000, 0x00000000e0000000)
  object space 89600K, 73% used [0x00000000a0000000,0x00000000a402ab90,0x00000000a5780000)
 Metaspace       used 78000K, capacity 81186K, committed 81496K, reserved 1120256K
  class space    used 10323K, capacity 10994K, committed 11096K, reserved 1048576K

