# JRE version: OpenJDK Runtime Environment (8.0_212-b04) (build 1.8.0_212-release-1586-b04)
# Java VM: OpenJDK 64-Bit Server VM (25.212-b04 mixed mode windows-amd64 compressed oops)
Heap:
 PSYoungGen      total 247296K, used 118783K [0x00000000e0000000, 0x00000000f0e00000, 0x0000000100000000)
  eden space 227328K, 43% used [0x00000000e0000000,0x00000000e6081a18,0x00000000ede00000)
  from space 19968K, 99% used [0x00000000ef800000,0x00000000f0b7e480,0x00000000f0b80000)
  to   space 24576K, 0% used [0x00000000ede00000,0x00000000ede00000,0x00000000ef600000)
 ParOldGen       total 94208K, used 43039K [0x00000000a0000000, 0x00000000a5c00000, 0x00000000e0000000)
  object space 94208K, 45% used [0x00000000a0000000,0x00000000a2a07e00,0x00000000a5c00000)
 Metaspace       used 68778K, capacity 71038K, committed 71256K, reserved 1112064K
  class space    used 8997K, capacity 9512K, committed 9560K, reserved 1048576K
GC Heap History (10 events):
Event: 18.139 GC heap before
{Heap before GC invocations=13 (full 2):
 PSYoungGen      total 171520K, used 159744K [0x00000000e0000000, 0x00000000eb600000, 0x0000000100000000)
  eden space 159744K, 100% used [0x00000000e0000000,0x00000000e9c00000,0x00000000e9c00000)
  from space 11776K, 0% used [0x00000000ea980000,0x00000000ea980000,0x00000000eb500000)
  to   space 13312K, 0% used [0x00000000e9c00000,0x00000000e9c00000,0x00000000ea900000)
 ParOldGen       total 56320K, used 18411K [0x00000000a0000000, 0x00000000a3700000, 0x00000000e0000000)
  object space 56320K, 32% used [0x00000000a0000000,0x00000000a11faec8,0x00000000a3700000)
 Metaspace       used 50289K, capacity 51728K, committed 51840K, reserved 1093632K
  class space    used 6798K, capacity 7207K, committed 7296K, reserved 1048576K
Event: 18.194 GC heap after
Heap after GC invocations=13 (full 2):
 PSYoungGen      total 173056K, used 13302K [0x00000000e0000000, 0x00000000ee280000, 0x0000000100000000)
  eden space 159744K, 0% used [0x00000000e0000000,0x00000000e0000000,0x00000000e9c00000)
  from space 13312K, 99% used [0x00000000e9c00000,0x00000000ea8fdb10,0x00000000ea900000)
  to   space 17920K, 0% used [0x00000000ed100000,0x00000000ed100000,0x00000000ee280000)
 ParOldGen       total 56320K, used 25310K [0x00000000a0000000, 0x00000000a3700000, 0x00000000e0000000)
  object space 56320K, 44% used [0x00000000a0000000,0x00000000a18b7bb8,0x00000000a3700000)
 Metaspace       used 50289K, capacity 51728K, committed 51840K, reserved 1093632K
  class space    used 6798K, capacity 7207K, committed 7296K, reserved 1048576K
}
Event: 21.626 GC heap before
{Heap before GC invocations=14 (full 2):
 PSYoungGen      total 173056K, used 128063K [0x00000000e0000000, 0x00000000ee280000, 0x0000000100000000)
  eden space 159744K, 71% used [0x00000000e0000000,0x00000000e70123e0,0x00000000e9c00000)
  from space 13312K, 99% used [0x00000000e9c00000,0x00000000ea8fdb10,0x00000000ea900000)
  to   space 17920K, 0% used [0x00000000ed100000,0x00000000ed100000,0x00000000ee280000)
 ParOldGen       total 56320K, used 25310K [0x00000000a0000000, 0x00000000a3700000, 0x00000000e0000000)
  object space 56320K, 44% used [0x00000000a0000000,0x00000000a18b7bb8,0x00000000a3700000)
 Metaspace       used 57235K, capacity 59002K, committed 59096K, reserved 1099776K
  class space    used 7863K, capacity 8328K, committed 8408K, reserved 1048576K
Event: 21.751 GC heap after
Heap after GC invocations=14 (full 2):
 PSYoungGen      total 212992K, used 13148K [0x00000000e0000000, 0x00000000eea80000, 0x0000000100000000)
  eden space 195072K, 0% used [0x00000000e0000000,0x00000000e0000000,0x00000000ebe80000)
  from space 17920K, 73% used [0x00000000ed100000,0x00000000eddd71a8,0x00000000ee280000)
  to   space 18944K, 0% used [0x00000000ebe80000,0x00000000ebe80000,0x00000000ed100000)
 ParOldGen       total 56320K, used 35126K [0x00000000a0000000, 0x00000000a3700000, 0x00000000e0000000)
  object space 56320K, 62% used [0x00000000a0000000,0x00000000a224d838,0x00000000a3700000)
 Metaspace       used 57235K, capacity 59002K, committed 59096K, reserved 1099776K
  class space    used 7863K, capacity 8328K, committed 8408K, reserved 1048576K
}
Event: 21.751 GC heap before
{Heap before GC invocations=15 (full 3):
 PSYoungGen      total 212992K, used 13148K [0x00000000e0000000, 0x00000000eea80000, 0x0000000100000000)
  eden space 195072K, 0% used [0x00000000e0000000,0x00000000e0000000,0x00000000ebe80000)
  from space 17920K, 73% used [0x00000000ed100000,0x00000000eddd71a8,0x00000000ee280000)
  to   space 18944K, 0% used [0x00000000ebe80000,0x00000000ebe80000,0x00000000ed100000)
 ParOldGen       total 56320K, used 35126K [0x00000000a0000000, 0x00000000a3700000, 0x00000000e0000000)
  object space 56320K, 62% used [0x00000000a0000000,0x00000000a224d838,0x00000000a3700000)
 Metaspace       used 57235K, capacity 59002K, committed 59096K, reserved 1099776K
  class space    used 7863K, capacity 8328K, committed 8408K, reserved 1048576K
Event: 22.280 GC heap after
Heap after GC invocations=15 (full 3):
 PSYoungGen      total 212992K, used 0K [0x00000000e0000000, 0x00000000eea80000, 0x0000000100000000)
  eden space 195072K, 0% used [0x00000000e0000000,0x00000000e0000000,0x00000000ebe80000)
  from space 17920K, 0% used [0x00000000ed100000,0x00000000ed100000,0x00000000ee280000)
  to   space 18944K, 0% used [0x00000000ebe80000,0x00000000ebe80000,0x00000000ed100000)
 ParOldGen       total 94208K, used 37756K [0x00000000a0000000, 0x00000000a5c00000, 0x00000000e0000000)
  object space 94208K, 40% used [0x00000000a0000000,0x00000000a24df168,0x00000000a5c00000)
 Metaspace       used 57235K, capacity 59002K, committed 59096K, reserved 1099776K
  class space    used 7863K, capacity 8328K, committed 8408K, reserved 1048576K
}
Event: 29.333 GC heap before
{Heap before GC invocations=16 (full 3):
 PSYoungGen      total 212992K, used 195072K [0x00000000e0000000, 0x00000000eea80000, 0x0000000100000000)
  eden space 195072K, 100% used [0x00000000e0000000,0x00000000ebe80000,0x00000000ebe80000)
  from space 17920K, 0% used [0x00000000ed100000,0x00000000ed100000,0x00000000ee280000)
  to   space 18944K, 0% used [0x00000000ebe80000,0x00000000ebe80000,0x00000000ed100000)
 ParOldGen       total 94208K, used 37756K [0x00000000a0000000, 0x00000000a5c00000, 0x00000000e0000000)
  object space 94208K, 40% used [0x00000000a0000000,0x00000000a24df168,0x00000000a5c00000)
 Metaspace       used 60772K, capacity 62826K, committed 63064K, reserved 1103872K
  class space    used 8287K, capacity 8780K, committed 8792K, reserved 1048576K
Event: 29.406 GC heap after
Heap after GC invocations=16 (full 3):
 PSYoungGen      total 214016K, used 12909K [0x00000000e0000000, 0x00000000f0b80000, 0x0000000100000000)
  eden space 195072K, 0% used [0x00000000e0000000,0x00000000e0000000,0x00000000ebe80000)
  from space 18944K, 68% used [0x00000000ebe80000,0x00000000ecb1b728,0x00000000ed100000)
  to   space 19968K, 0% used [0x00000000ef800000,0x00000000ef800000,0x00000000f0b80000)
 ParOldGen       total 94208K, used 37764K [0x00000000a0000000, 0x00000000a5c00000, 0x00000000e0000000)
  object space 94208K, 40% used [0x00000000a0000000,0x00000000a24e1168,0x00000000a5c00000)
 Metaspace       used 60772K, capacity 62826K, committed 63064K, reserved 1103872K
  class space    used 8287K, capacity 8780K, committed 8792K, reserved 1048576K
}
Event: 83.559 GC heap before
{Heap before GC invocations=17 (full 3):
 PSYoungGen      total 214016K, used 207981K [0x00000000e0000000, 0x00000000f0b80000, 0x0000000100000000)
  eden space 195072K, 100% used [0x00000000e0000000,0x00000000ebe80000,0x00000000ebe80000)
  from space 18944K, 68% used [0x00000000ebe80000,0x00000000ecb1b728,0x00000000ed100000)
  to   space 19968K, 0% used [0x00000000ef800000,0x00000000ef800000,0x00000000f0b80000)
 ParOldGen       total 94208K, used 37764K [0x00000000a0000000, 0x00000000a5c00000, 0x00000000e0000000)
  object space 94208K, 40% used [0x00000000a0000000,0x00000000a24e1168,0x00000000a5c00000)
 Metaspace       used 67638K, capacity 69888K, committed 70104K, reserved 1110016K
  class space    used 8900K, capacity 9411K, committed 9432K, reserved 1048576K
Event: 83.625 GC heap after
Heap after GC invocations=17 (full 3):
 PSYoungGen      total 247296K, used 19961K [0x00000000e0000000, 0x00000000f0e00000, 0x0000000100000000)
  eden space 227328K, 0% used [0x00000000e0000000,0x00000000e0000000,0x00000000ede00000)
  from space 19968K, 99% used [0x00000000ef800000,0x00000000f0b7e480,0x00000000f0b80000)
  to   space 24576K, 0% used [0x00000000ede00000,0x00000000ede00000,0x00000000ef600000)
 ParOldGen       total 94208K, used 43039K [0x00000000a0000000, 0x00000000a5c00000, 0x00000000e0000000)
  object space 94208K, 45% used [0x00000000a0000000,0x00000000a2a07e00,0x00000000a5c00000)
 Metaspace       used 67638K, capacity 69888K, committed 70104K, reserved 1110016K
  class space    used 8900K, capacity 9411K, committed 9432K, reserved 1048576K
}

