# JRE version: OpenJDK Runtime Environment (8.0_212-b04) (build 1.8.0_212-release-1586-b04)
# Java VM: OpenJDK 64-Bit Server VM (25.212-b04 mixed mode windows-amd64 compressed oops)
Heap:
 PSYoungGen      total 246272K, used 207795K [0x00000000e0000000, 0x00000000f3180000, 0x0000000100000000)
  eden space 225792K, 82% used [0x00000000e0000000,0x00000000eb6ed868,0x00000000edc80000)
  from space 20480K, 99% used [0x00000000efa80000,0x00000000f0e7f748,0x00000000f0e80000)
  to   space 30720K, 0% used [0x00000000edc80000,0x00000000edc80000,0x00000000efa80000)
 ParOldGen       total 110080K, used 79571K [0x00000000a0000000, 0x00000000a6b80000, 0x00000000e0000000)
  object space 110080K, 72% used [0x00000000a0000000,0x00000000a4db4e60,0x00000000a6b80000)
 Metaspace       used 86474K, capacity 89908K, committed 90112K, reserved 1126400K
  class space    used 11397K, capacity 12193K, committed 12288K, reserved 1048576K
GC Heap History (10 events):
Event: 43.034 GC heap before
{Heap before GC invocations=18 (full 3):
 PSYoungGen      total 246272K, used 246253K [0x00000000e0000000, 0x00000000f3180000, 0x0000000100000000)
  eden space 225792K, 100% used [0x00000000e0000000,0x00000000edc80000,0x00000000edc80000)
  from space 20480K, 99% used [0x00000000efa80000,0x00000000f0e7b468,0x00000000f0e80000)
  to   space 30720K, 0% used [0x00000000edc80000,0x00000000edc80000,0x00000000efa80000)
 ParOldGen       total 93184K, used 57129K [0x00000000a0000000, 0x00000000a5b00000, 0x00000000e0000000)
  object space 93184K, 61% used [0x00000000a0000000,0x00000000a37ca658,0x00000000a5b00000)
 Metaspace       used 68809K, capacity 71706K, committed 71936K, reserved 1112064K
  class space    used 9487K, capacity 10142K, committed 10240K, reserved 1048576K
Event: 43.294 GC heap after
Heap after GC invocations=18 (full 3):
 PSYoungGen      total 256512K, used 30700K [0x00000000e0000000, 0x00000000f3180000, 0x0000000100000000)
  eden space 225792K, 0% used [0x00000000e0000000,0x00000000e0000000,0x00000000edc80000)
  from space 30720K, 99% used [0x00000000edc80000,0x00000000efa7b370,0x00000000efa80000)
  to   space 20480K, 0% used [0x00000000efa80000,0x00000000efa80000,0x00000000f0e80000)
 ParOldGen       total 110080K, used 109871K [0x00000000a0000000, 0x00000000a6b80000, 0x00000000e0000000)
  object space 110080K, 99% used [0x00000000a0000000,0x00000000a6b4bf68,0x00000000a6b80000)
 Metaspace       used 68809K, capacity 71706K, committed 71936K, reserved 1112064K
  class space    used 9487K, capacity 10142K, committed 10240K, reserved 1048576K
}
Event: 43.294 GC heap before
{Heap before GC invocations=19 (full 4):
 PSYoungGen      total 256512K, used 30700K [0x00000000e0000000, 0x00000000f3180000, 0x0000000100000000)
  eden space 225792K, 0% used [0x00000000e0000000,0x00000000e0000000,0x00000000edc80000)
  from space 30720K, 99% used [0x00000000edc80000,0x00000000efa7b370,0x00000000efa80000)
  to   space 20480K, 0% used [0x00000000efa80000,0x00000000efa80000,0x00000000f0e80000)
 ParOldGen       total 110080K, used 109871K [0x00000000a0000000, 0x00000000a6b80000, 0x00000000e0000000)
  object space 110080K, 99% used [0x00000000a0000000,0x00000000a6b4bf68,0x00000000a6b80000)
 Metaspace       used 68809K, capacity 71706K, committed 71936K, reserved 1112064K
  class space    used 9487K, capacity 10142K, committed 10240K, reserved 1048576K
Event: 45.883 GC heap after
Heap after GC invocations=19 (full 4):
 PSYoungGen      total 256512K, used 3244K [0x00000000e0000000, 0x00000000f3180000, 0x0000000100000000)
  eden space 225792K, 0% used [0x00000000e0000000,0x00000000e0000000,0x00000000edc80000)
  from space 30720K, 10% used [0x00000000edc80000,0x00000000edfab3a0,0x00000000efa80000)
  to   space 20480K, 0% used [0x00000000efa80000,0x00000000efa80000,0x00000000f0e80000)
 ParOldGen       total 110080K, used 109636K [0x00000000a0000000, 0x00000000a6b80000, 0x00000000e0000000)
  object space 110080K, 99% used [0x00000000a0000000,0x00000000a6b11330,0x00000000a6b80000)
 Metaspace       used 68809K, capacity 71706K, committed 71936K, reserved 1112064K
  class space    used 9487K, capacity 10142K, committed 10240K, reserved 1048576K
}
Event: 51.045 GC heap before
{Heap before GC invocations=20 (full 5):
 PSYoungGen      total 256512K, used 221673K [0x00000000e0000000, 0x00000000f3180000, 0x0000000100000000)
  eden space 225792K, 96% used [0x00000000e0000000,0x00000000ed54f060,0x00000000edc80000)
  from space 30720K, 10% used [0x00000000edc80000,0x00000000edfab3a0,0x00000000efa80000)
  to   space 20480K, 0% used [0x00000000efa80000,0x00000000efa80000,0x00000000f0e80000)
 ParOldGen       total 110080K, used 109636K [0x00000000a0000000, 0x00000000a6b80000, 0x00000000e0000000)
  object space 110080K, 99% used [0x00000000a0000000,0x00000000a6b11330,0x00000000a6b80000)
 Metaspace       used 69110K, capacity 72004K, committed 72192K, reserved 1112064K
  class space    used 9488K, capacity 10143K, committed 10240K, reserved 1048576K
Event: 52.944 GC heap after
Heap after GC invocations=20 (full 5):
 PSYoungGen      total 256512K, used 33575K [0x00000000e0000000, 0x00000000f3180000, 0x0000000100000000)
  eden space 225792K, 14% used [0x00000000e0000000,0x00000000e20c9cc0,0x00000000edc80000)
  from space 30720K, 0% used [0x00000000edc80000,0x00000000edc80000,0x00000000efa80000)
  to   space 20480K, 0% used [0x00000000efa80000,0x00000000efa80000,0x00000000f0e80000)
 ParOldGen       total 110080K, used 109937K [0x00000000a0000000, 0x00000000a6b80000, 0x00000000e0000000)
  object space 110080K, 99% used [0x00000000a0000000,0x00000000a6b5c558,0x00000000a6b80000)
 Metaspace       used 69110K, capacity 72004K, committed 72192K, reserved 1112064K
  class space    used 9488K, capacity 10143K, committed 10240K, reserved 1048576K
}
Event: 299.688 GC heap before
{Heap before GC invocations=21 (full 6):
 PSYoungGen      total 256512K, used 225792K [0x00000000e0000000, 0x00000000f3180000, 0x0000000100000000)
  eden space 225792K, 100% used [0x00000000e0000000,0x00000000edc80000,0x00000000edc80000)
  from space 30720K, 0% used [0x00000000edc80000,0x00000000edc80000,0x00000000efa80000)
  to   space 20480K, 0% used [0x00000000efa80000,0x00000000efa80000,0x00000000f0e80000)
 ParOldGen       total 110080K, used 109937K [0x00000000a0000000, 0x00000000a6b80000, 0x00000000e0000000)
  object space 110080K, 99% used [0x00000000a0000000,0x00000000a6b5c558,0x00000000a6b80000)
 Metaspace       used 78086K, capacity 81260K, committed 81536K, reserved 1120256K
  class space    used 10547K, capacity 11265K, committed 11392K, reserved 1048576K
Event: 300.260 GC heap after
Heap after GC invocations=21 (full 6):
 PSYoungGen      total 256512K, used 0K [0x00000000e0000000, 0x00000000f3180000, 0x0000000100000000)
  eden space 225792K, 0% used [0x00000000e0000000,0x00000000e0000000,0x00000000edc80000)
  from space 30720K, 0% used [0x00000000edc80000,0x00000000edc80000,0x00000000efa80000)
  to   space 20480K, 0% used [0x00000000efa80000,0x00000000efa80000,0x00000000f0e80000)
 ParOldGen       total 110080K, used 68958K [0x00000000a0000000, 0x00000000a6b80000, 0x00000000e0000000)
  object space 110080K, 62% used [0x00000000a0000000,0x00000000a43579e0,0x00000000a6b80000)
 Metaspace       used 78086K, capacity 81260K, committed 81536K, reserved 1120256K
  class space    used 10547K, capacity 11265K, committed 11392K, reserved 1048576K
}
Event: 308.461 GC heap before
{Heap before GC invocations=22 (full 6):
 PSYoungGen      total 256512K, used 225792K [0x00000000e0000000, 0x00000000f3180000, 0x0000000100000000)
  eden space 225792K, 100% used [0x00000000e0000000,0x00000000edc80000,0x00000000edc80000)
  from space 30720K, 0% used [0x00000000edc80000,0x00000000edc80000,0x00000000efa80000)
  to   space 20480K, 0% used [0x00000000efa80000,0x00000000efa80000,0x00000000f0e80000)
 ParOldGen       total 110080K, used 68958K [0x00000000a0000000, 0x00000000a6b80000, 0x00000000e0000000)
  object space 110080K, 62% used [0x00000000a0000000,0x00000000a43579e0,0x00000000a6b80000)
 Metaspace       used 84870K, capacity 88212K, committed 88448K, reserved 1126400K
  class space    used 11278K, capacity 12061K, committed 12160K, reserved 1048576K
Event: 308.631 GC heap after
Heap after GC invocations=22 (full 6):
 PSYoungGen      total 246272K, used 20477K [0x00000000e0000000, 0x00000000f3180000, 0x0000000100000000)
  eden space 225792K, 0% used [0x00000000e0000000,0x00000000e0000000,0x00000000edc80000)
  from space 20480K, 99% used [0x00000000efa80000,0x00000000f0e7f748,0x00000000f0e80000)
  to   space 30720K, 0% used [0x00000000edc80000,0x00000000edc80000,0x00000000efa80000)
 ParOldGen       total 110080K, used 79571K [0x00000000a0000000, 0x00000000a6b80000, 0x00000000e0000000)
  object space 110080K, 72% used [0x00000000a0000000,0x00000000a4db4e60,0x00000000a6b80000)
 Metaspace       used 84870K, capacity 88212K, committed 88448K, reserved 1126400K
  class space    used 11278K, capacity 12061K, committed 12160K, reserved 1048576K
}

