# JRE version: OpenJDK Runtime Environment (8.0_212-b04) (build 1.8.0_212-release-1586-b04)
# Java VM: OpenJDK 64-Bit Server VM (25.212-b04 mixed mode windows-amd64 compressed oops)
Heap:
 PSYoungGen      total 293888K, used 226899K [0x00000000e0000000, 0x00000000f4880000, 0x0000000100000000)
  eden space 260608K, 75% used [0x00000000e0000000,0x00000000ebfbc9b8,0x00000000efe80000)
  from space 33280K, 91% used [0x00000000f2600000,0x00000000f43d84c0,0x00000000f4680000)
  to   space 37888K, 0% used [0x00000000efe80000,0x00000000efe80000,0x00000000f2380000)
 ParOldGen       total 92672K, used 62862K [0x00000000a0000000, 0x00000000a5a80000, 0x00000000e0000000)
  object space 92672K, 67% used [0x00000000a0000000,0x00000000a3d63b90,0x00000000a5a80000)
 Metaspace       used 88612K, capacity 92212K, committed 92288K, reserved 1128448K
  class space    used 11660K, capacity 12405K, committed 12416K, reserved 1048576K
GC Heap History (10 events):
Event: 21.382 GC heap before
{Heap before GC invocations=15 (full 3):
 PSYoungGen      total 214016K, used 10277K [0x00000000e0000000, 0x00000000ee300000, 0x0000000100000000)
  eden space 196608K, 0% used [0x00000000e0000000,0x00000000e0000000,0x00000000ec000000)
  from space 17408K, 59% used [0x00000000ed200000,0x00000000edc09750,0x00000000ee300000)
  to   space 17920K, 0% used [0x00000000ec000000,0x00000000ec000000,0x00000000ed180000)
 ParOldGen       total 56832K, used 36004K [0x00000000a0000000, 0x00000000a3780000, 0x00000000e0000000)
  object space 56832K, 63% used [0x00000000a0000000,0x00000000a23291e0,0x00000000a3780000)
 Metaspace       used 57219K, capacity 59016K, committed 59096K, reserved 1099776K
  class space    used 7893K, capacity 8317K, committed 8320K, reserved 1048576K
Event: 21.801 GC heap after
Heap after GC invocations=15 (full 3):
 PSYoungGen      total 214016K, used 0K [0x00000000e0000000, 0x00000000ee300000, 0x0000000100000000)
  eden space 196608K, 0% used [0x00000000e0000000,0x00000000e0000000,0x00000000ec000000)
  from space 17408K, 0% used [0x00000000ed200000,0x00000000ed200000,0x00000000ee300000)
  to   space 17920K, 0% used [0x00000000ec000000,0x00000000ec000000,0x00000000ed180000)
 ParOldGen       total 92672K, used 34795K [0x00000000a0000000, 0x00000000a5a80000, 0x00000000e0000000)
  object space 92672K, 37% used [0x00000000a0000000,0x00000000a21fae58,0x00000000a5a80000)
 Metaspace       used 57219K, capacity 59016K, committed 59096K, reserved 1099776K
  class space    used 7893K, capacity 8317K, committed 8320K, reserved 1048576K
}
Event: 31.199 GC heap before
{Heap before GC invocations=16 (full 3):
 PSYoungGen      total 214016K, used 196608K [0x00000000e0000000, 0x00000000ee300000, 0x0000000100000000)
  eden space 196608K, 100% used [0x00000000e0000000,0x00000000ec000000,0x00000000ec000000)
  from space 17408K, 0% used [0x00000000ed200000,0x00000000ed200000,0x00000000ee300000)
  to   space 17920K, 0% used [0x00000000ec000000,0x00000000ec000000,0x00000000ed180000)
 ParOldGen       total 92672K, used 34795K [0x00000000a0000000, 0x00000000a5a80000, 0x00000000e0000000)
  object space 92672K, 37% used [0x00000000a0000000,0x00000000a21fae58,0x00000000a5a80000)
 Metaspace       used 64840K, capacity 66992K, committed 67200K, reserved 1107968K
  class space    used 8792K, capacity 9257K, committed 9344K, reserved 1048576K
Event: 31.239 GC heap after
Heap after GC invocations=16 (full 3):
 PSYoungGen      total 214528K, used 17001K [0x00000000e0000000, 0x00000000f0880000, 0x0000000100000000)
  eden space 196608K, 0% used [0x00000000e0000000,0x00000000e0000000,0x00000000ec000000)
  from space 17920K, 94% used [0x00000000ec000000,0x00000000ed09a4f0,0x00000000ed180000)
  to   space 20480K, 0% used [0x00000000ef480000,0x00000000ef480000,0x00000000f0880000)
 ParOldGen       total 92672K, used 34803K [0x00000000a0000000, 0x00000000a5a80000, 0x00000000e0000000)
  object space 92672K, 37% used [0x00000000a0000000,0x00000000a21fce58,0x00000000a5a80000)
 Metaspace       used 64840K, capacity 66992K, committed 67200K, reserved 1107968K
  class space    used 8792K, capacity 9257K, committed 9344K, reserved 1048576K
}
Event: 35.619 GC heap before
{Heap before GC invocations=17 (full 3):
 PSYoungGen      total 214528K, used 213609K [0x00000000e0000000, 0x00000000f0880000, 0x0000000100000000)
  eden space 196608K, 100% used [0x00000000e0000000,0x00000000ec000000,0x00000000ec000000)
  from space 17920K, 94% used [0x00000000ec000000,0x00000000ed09a4f0,0x00000000ed180000)
  to   space 20480K, 0% used [0x00000000ef480000,0x00000000ef480000,0x00000000f0880000)
 ParOldGen       total 92672K, used 34803K [0x00000000a0000000, 0x00000000a5a80000, 0x00000000e0000000)
  object space 92672K, 37% used [0x00000000a0000000,0x00000000a21fce58,0x00000000a5a80000)
 Metaspace       used 70045K, capacity 72274K, committed 72448K, reserved 1112064K
  class space    used 9437K, capacity 9908K, committed 9984K, reserved 1048576K
Event: 35.660 GC heap after
Heap after GC invocations=17 (full 3):
 PSYoungGen      total 246272K, used 13949K [0x00000000e0000000, 0x00000000f0780000, 0x0000000100000000)
  eden space 226816K, 0% used [0x00000000e0000000,0x00000000e0000000,0x00000000edd80000)
  from space 19456K, 71% used [0x00000000ef480000,0x00000000f021f508,0x00000000f0780000)
  to   space 21504K, 0% used [0x00000000edd80000,0x00000000edd80000,0x00000000ef280000)
 ParOldGen       total 92672K, used 34811K [0x00000000a0000000, 0x00000000a5a80000, 0x00000000e0000000)
  object space 92672K, 37% used [0x00000000a0000000,0x00000000a21fee58,0x00000000a5a80000)
 Metaspace       used 70045K, capacity 72274K, committed 72448K, reserved 1112064K
  class space    used 9437K, capacity 9908K, committed 9984K, reserved 1048576K
}
Event: 43.021 GC heap before
{Heap before GC invocations=18 (full 3):
 PSYoungGen      total 246272K, used 240765K [0x00000000e0000000, 0x00000000f0780000, 0x0000000100000000)
  eden space 226816K, 100% used [0x00000000e0000000,0x00000000edd80000,0x00000000edd80000)
  from space 19456K, 71% used [0x00000000ef480000,0x00000000f021f508,0x00000000f0780000)
  to   space 21504K, 0% used [0x00000000edd80000,0x00000000edd80000,0x00000000ef280000)
 ParOldGen       total 92672K, used 34811K [0x00000000a0000000, 0x00000000a5a80000, 0x00000000e0000000)
  object space 92672K, 37% used [0x00000000a0000000,0x00000000a21fee58,0x00000000a5a80000)
 Metaspace       used 80723K, capacity 83816K, committed 83968K, reserved 1122304K
  class space    used 10860K, capacity 11475K, committed 11520K, reserved 1048576K
Event: 43.257 GC heap after
Heap after GC invocations=18 (full 3):
 PSYoungGen      total 248320K, used 21501K [0x00000000e0000000, 0x00000000f4680000, 0x0000000100000000)
  eden space 226816K, 0% used [0x00000000e0000000,0x00000000e0000000,0x00000000edd80000)
  from space 21504K, 99% used [0x00000000edd80000,0x00000000ef27f530,0x00000000ef280000)
  to   space 33280K, 0% used [0x00000000f2600000,0x00000000f2600000,0x00000000f4680000)
 ParOldGen       total 92672K, used 58610K [0x00000000a0000000, 0x00000000a5a80000, 0x00000000e0000000)
  object space 92672K, 63% used [0x00000000a0000000,0x00000000a393cbf8,0x00000000a5a80000)
 Metaspace       used 80723K, capacity 83816K, committed 83968K, reserved 1122304K
  class space    used 10860K, capacity 11475K, committed 11520K, reserved 1048576K
}
Event: 236.942 GC heap before
{Heap before GC invocations=19 (full 3):
 PSYoungGen      total 248320K, used 248317K [0x00000000e0000000, 0x00000000f4680000, 0x0000000100000000)
  eden space 226816K, 100% used [0x00000000e0000000,0x00000000edd80000,0x00000000edd80000)
  from space 21504K, 99% used [0x00000000edd80000,0x00000000ef27f530,0x00000000ef280000)
  to   space 33280K, 0% used [0x00000000f2600000,0x00000000f2600000,0x00000000f4680000)
 ParOldGen       total 92672K, used 58610K [0x00000000a0000000, 0x00000000a5a80000, 0x00000000e0000000)
  object space 92672K, 63% used [0x00000000a0000000,0x00000000a393cbf8,0x00000000a5a80000)
 Metaspace       used 87663K, capacity 91174K, committed 91520K, reserved 1128448K
  class space    used 11610K, capacity 12300K, committed 12416K, reserved 1048576K
Event: 237.064 GC heap after
Heap after GC invocations=19 (full 3):
 PSYoungGen      total 293888K, used 30561K [0x00000000e0000000, 0x00000000f4880000, 0x0000000100000000)
  eden space 260608K, 0% used [0x00000000e0000000,0x00000000e0000000,0x00000000efe80000)
  from space 33280K, 91% used [0x00000000f2600000,0x00000000f43d84c0,0x00000000f4680000)
  to   space 37888K, 0% used [0x00000000efe80000,0x00000000efe80000,0x00000000f2380000)
 ParOldGen       total 92672K, used 62862K [0x00000000a0000000, 0x00000000a5a80000, 0x00000000e0000000)
  object space 92672K, 67% used [0x00000000a0000000,0x00000000a3d63b90,0x00000000a5a80000)
 Metaspace       used 87663K, capacity 91174K, committed 91520K, reserved 1128448K
  class space    used 11610K, capacity 12300K, committed 12416K, reserved 1048576K
}

