# JRE version: OpenJDK Runtime Environment (8.0_212-b04) (build 1.8.0_212-release-1586-b04)
# Java VM: OpenJDK 64-Bit Server VM (25.212-b04 mixed mode windows-amd64 compressed oops)
Heap:
 PSYoungGen      total 321536K, used 31080K [0x00000000e0000000, 0x00000000fd000000, 0x0000000100000000)
  eden space 276480K, 11% used [0x00000000e0000000,0x00000000e1e5a3a0,0x00000000f0e00000)
  from space 45056K, 0% used [0x00000000f0e00000,0x00000000f0e00000,0x00000000f3a00000)
  to   space 72704K, 0% used [0x00000000f8900000,0x00000000f8900000,0x00000000fd000000)
 ParOldGen       total 273408K, used 155955K [0x00000000a0000000, 0x00000000b0b00000, 0x00000000e0000000)
  object space 273408K, 57% used [0x00000000a0000000,0x00000000a984ccd8,0x00000000b0b00000)
 Metaspace       used 83651K, capacity 86862K, committed 87808K, reserved 1124352K
  class space    used 11106K, capacity 11844K, committed 12032K, reserved 1048576K
GC Heap History (10 events):
Event: 493.114 GC heap before
{Heap before GC invocations=18 (full 3):
 PSYoungGen      total 253952K, used 253928K [0x00000000e0000000, 0x00000000f1900000, 0x0000000100000000)
  eden space 233472K, 100% used [0x00000000e0000000,0x00000000ee400000,0x00000000ee400000)
  from space 20480K, 99% used [0x00000000efe80000,0x00000000f127a090,0x00000000f1280000)
  to   space 27136K, 0% used [0x00000000ee400000,0x00000000ee400000,0x00000000efe80000)
 ParOldGen       total 92160K, used 47336K [0x00000000a0000000, 0x00000000a5a00000, 0x00000000e0000000)
  object space 92160K, 51% used [0x00000000a0000000,0x00000000a2e3a1c0,0x00000000a5a00000)
 Metaspace       used 75372K, capacity 77796K, committed 78080K, reserved 1116160K
  class space    used 9852K, capacity 10409K, committed 10496K, reserved 1048576K
Event: 493.389 GC heap after
Heap after GC invocations=18 (full 3):
 PSYoungGen      total 260608K, used 27120K [0x00000000e0000000, 0x00000000f6400000, 0x0000000100000000)
  eden space 233472K, 0% used [0x00000000e0000000,0x00000000e0000000,0x00000000ee400000)
  from space 27136K, 99% used [0x00000000ee400000,0x00000000efe7c308,0x00000000efe80000)
  to   space 43008K, 0% used [0x00000000f3a00000,0x00000000f3a00000,0x00000000f6400000)
 ParOldGen       total 92160K, used 78139K [0x00000000a0000000, 0x00000000a5a00000, 0x00000000e0000000)
  object space 92160K, 84% used [0x00000000a0000000,0x00000000a4c4ed90,0x00000000a5a00000)
 Metaspace       used 75372K, capacity 77796K, committed 78080K, reserved 1116160K
  class space    used 9852K, capacity 10409K, committed 10496K, reserved 1048576K
}
Event: 493.389 GC heap before
{Heap before GC invocations=19 (full 4):
 PSYoungGen      total 260608K, used 27120K [0x00000000e0000000, 0x00000000f6400000, 0x0000000100000000)
  eden space 233472K, 0% used [0x00000000e0000000,0x00000000e0000000,0x00000000ee400000)
  from space 27136K, 99% used [0x00000000ee400000,0x00000000efe7c308,0x00000000efe80000)
  to   space 43008K, 0% used [0x00000000f3a00000,0x00000000f3a00000,0x00000000f6400000)
 ParOldGen       total 92160K, used 78139K [0x00000000a0000000, 0x00000000a5a00000, 0x00000000e0000000)
  object space 92160K, 84% used [0x00000000a0000000,0x00000000a4c4ed90,0x00000000a5a00000)
 Metaspace       used 75372K, capacity 77796K, committed 78080K, reserved 1116160K
  class space    used 9852K, capacity 10409K, committed 10496K, reserved 1048576K
Event: 494.367 GC heap after
Heap after GC invocations=19 (full 4):
 PSYoungGen      total 260608K, used 0K [0x00000000e0000000, 0x00000000f6400000, 0x0000000100000000)
  eden space 233472K, 0% used [0x00000000e0000000,0x00000000e0000000,0x00000000ee400000)
  from space 27136K, 0% used [0x00000000ee400000,0x00000000ee400000,0x00000000efe80000)
  to   space 43008K, 0% used [0x00000000f3a00000,0x00000000f3a00000,0x00000000f6400000)
 ParOldGen       total 170496K, used 86873K [0x00000000a0000000, 0x00000000aa680000, 0x00000000e0000000)
  object space 170496K, 50% used [0x00000000a0000000,0x00000000a54d6748,0x00000000aa680000)
 Metaspace       used 75372K, capacity 77796K, committed 78080K, reserved 1116160K
  class space    used 9852K, capacity 10409K, committed 10496K, reserved 1048576K
}
Event: 498.645 GC heap before
{Heap before GC invocations=20 (full 4):
 PSYoungGen      total 260608K, used 233472K [0x00000000e0000000, 0x00000000f6400000, 0x0000000100000000)
  eden space 233472K, 100% used [0x00000000e0000000,0x00000000ee400000,0x00000000ee400000)
  from space 27136K, 0% used [0x00000000ee400000,0x00000000ee400000,0x00000000efe80000)
  to   space 43008K, 0% used [0x00000000f3a00000,0x00000000f3a00000,0x00000000f6400000)
 ParOldGen       total 170496K, used 86873K [0x00000000a0000000, 0x00000000aa680000, 0x00000000e0000000)
  object space 170496K, 50% used [0x00000000a0000000,0x00000000a54d6748,0x00000000aa680000)
 Metaspace       used 76158K, capacity 78644K, committed 78848K, reserved 1118208K
  class space    used 9917K, capacity 10491K, committed 10496K, reserved 1048576K
Event: 498.702 GC heap after
Heap after GC invocations=20 (full 4):
 PSYoungGen      total 319488K, used 27605K [0x00000000e0000000, 0x00000000f6c80000, 0x0000000100000000)
  eden space 276480K, 0% used [0x00000000e0000000,0x00000000e0000000,0x00000000f0e00000)
  from space 43008K, 64% used [0x00000000f3a00000,0x00000000f54f5710,0x00000000f6400000)
  to   space 45056K, 0% used [0x00000000f0e00000,0x00000000f0e00000,0x00000000f3a00000)
 ParOldGen       total 170496K, used 86881K [0x00000000a0000000, 0x00000000aa680000, 0x00000000e0000000)
  object space 170496K, 50% used [0x00000000a0000000,0x00000000a54d8748,0x00000000aa680000)
 Metaspace       used 76158K, capacity 78644K, committed 78848K, reserved 1118208K
  class space    used 9917K, capacity 10491K, committed 10496K, reserved 1048576K
}
Event: 504.312 GC heap before
{Heap before GC invocations=21 (full 4):
 PSYoungGen      total 319488K, used 304085K [0x00000000e0000000, 0x00000000f6c80000, 0x0000000100000000)
  eden space 276480K, 100% used [0x00000000e0000000,0x00000000f0e00000,0x00000000f0e00000)
  from space 43008K, 64% used [0x00000000f3a00000,0x00000000f54f5710,0x00000000f6400000)
  to   space 45056K, 0% used [0x00000000f0e00000,0x00000000f0e00000,0x00000000f3a00000)
 ParOldGen       total 170496K, used 86881K [0x00000000a0000000, 0x00000000aa680000, 0x00000000e0000000)
  object space 170496K, 50% used [0x00000000a0000000,0x00000000a54d8748,0x00000000aa680000)
 Metaspace       used 84212K, capacity 87436K, committed 87808K, reserved 1124352K
  class space    used 11169K, capacity 11915K, committed 12032K, reserved 1048576K
Event: 504.678 GC heap after
Heap after GC invocations=21 (full 4):
 PSYoungGen      total 321536K, used 45039K [0x00000000e0000000, 0x00000000fd000000, 0x0000000100000000)
  eden space 276480K, 0% used [0x00000000e0000000,0x00000000e0000000,0x00000000f0e00000)
  from space 45056K, 99% used [0x00000000f0e00000,0x00000000f39fbec8,0x00000000f3a00000)
  to   space 72704K, 0% used [0x00000000f8900000,0x00000000f8900000,0x00000000fd000000)
 ParOldGen       total 170496K, used 140957K [0x00000000a0000000, 0x00000000aa680000, 0x00000000e0000000)
  object space 170496K, 82% used [0x00000000a0000000,0x00000000a89a7460,0x00000000aa680000)
 Metaspace       used 84212K, capacity 87436K, committed 87808K, reserved 1124352K
  class space    used 11169K, capacity 11915K, committed 12032K, reserved 1048576K
}
Event: 504.678 GC heap before
{Heap before GC invocations=22 (full 5):
 PSYoungGen      total 321536K, used 45039K [0x00000000e0000000, 0x00000000fd000000, 0x0000000100000000)
  eden space 276480K, 0% used [0x00000000e0000000,0x00000000e0000000,0x00000000f0e00000)
  from space 45056K, 99% used [0x00000000f0e00000,0x00000000f39fbec8,0x00000000f3a00000)
  to   space 72704K, 0% used [0x00000000f8900000,0x00000000f8900000,0x00000000fd000000)
 ParOldGen       total 170496K, used 140957K [0x00000000a0000000, 0x00000000aa680000, 0x00000000e0000000)
  object space 170496K, 82% used [0x00000000a0000000,0x00000000a89a7460,0x00000000aa680000)
 Metaspace       used 84212K, capacity 87436K, committed 87808K, reserved 1124352K
  class space    used 11169K, capacity 11915K, committed 12032K, reserved 1048576K
Event: 506.370 GC heap after
Heap after GC invocations=22 (full 5):
 PSYoungGen      total 321536K, used 0K [0x00000000e0000000, 0x00000000fd000000, 0x0000000100000000)
  eden space 276480K, 0% used [0x00000000e0000000,0x00000000e0000000,0x00000000f0e00000)
  from space 45056K, 0% used [0x00000000f0e00000,0x00000000f0e00000,0x00000000f3a00000)
  to   space 72704K, 0% used [0x00000000f8900000,0x00000000f8900000,0x00000000fd000000)
 ParOldGen       total 273408K, used 155955K [0x00000000a0000000, 0x00000000b0b00000, 0x00000000e0000000)
  object space 273408K, 57% used [0x00000000a0000000,0x00000000a984ccd8,0x00000000b0b00000)
 Metaspace       used 83594K, capacity 86784K, committed 87808K, reserved 1124352K
  class space    used 11105K, capacity 11843K, committed 12032K, reserved 1048576K
}

