# JRE version: OpenJDK Runtime Environment (8.0_212-b04) (build 1.8.0_212-release-1586-b04)
# Java VM: OpenJDK 64-Bit Server VM (25.212-b04 mixed mode windows-amd64 compressed oops)
Heap:
 PSYoungGen      total 425472K, used 290126K [0x00000000e0000000, 0x00000000ff100000, 0x0000000100000000)
  eden space 344064K, 74% used [0x00000000e0000000,0x00000000efbf61b0,0x00000000f5000000)
  from space 81408K, 39% used [0x00000000fa180000,0x00000000fc0dd8c0,0x00000000ff100000)
  to   space 82432K, 0% used [0x00000000f5000000,0x00000000f5000000,0x00000000fa080000)
 ParOldGen       total 180224K, used 92234K [0x00000000a0000000, 0x00000000ab000000, 0x00000000e0000000)
  object space 180224K, 51% used [0x00000000a0000000,0x00000000a5a128b8,0x00000000ab000000)
 Metaspace       used 108052K, capacity 113534K, committed 113752K, reserved 1148928K
  class space    used 13642K, capacity 14810K, committed 14936K, reserved 1048576K
GC Heap History (10 events):
Event: 921.388 GC heap before
{Heap before GC invocations=53 (full 7):
 PSYoungGen      total 427520K, used 346074K [0x00000000e0000000, 0x0000000100000000, 0x0000000100000000)
  eden space 330752K, 100% used [0x00000000e0000000,0x00000000f4300000,0x00000000f4300000)
  from space 96768K, 15% used [0x00000000f4300000,0x00000000f51f6b70,0x00000000fa180000)
  to   space 95232K, 0% used [0x00000000fa300000,0x00000000fa300000,0x0000000100000000)
 ParOldGen       total 180224K, used 80052K [0x00000000a0000000, 0x00000000ab000000, 0x00000000e0000000)
  object space 180224K, 44% used [0x00000000a0000000,0x00000000a4e2d360,0x00000000ab000000)
 Metaspace       used 105759K, capacity 111106K, committed 111448K, reserved 1146880K
  class space    used 13453K, capacity 14588K, committed 14680K, reserved 1048576K
Event: 921.445 GC heap after
Heap after GC invocations=53 (full 7):
 PSYoungGen      total 427008K, used 1248K [0x00000000e0000000, 0x00000000fff80000, 0x0000000100000000)
  eden space 332288K, 0% used [0x00000000e0000000,0x00000000e0000000,0x00000000f4480000)
  from space 94720K, 1% used [0x00000000fa300000,0x00000000fa438000,0x00000000fff80000)
  to   space 95744K, 0% used [0x00000000f4480000,0x00000000f4480000,0x00000000fa200000)
 ParOldGen       total 180224K, used 91338K [0x00000000a0000000, 0x00000000ab000000, 0x00000000e0000000)
  object space 180224K, 50% used [0x00000000a0000000,0x00000000a5932898,0x00000000ab000000)
 Metaspace       used 105759K, capacity 111106K, committed 111448K, reserved 1146880K
  class space    used 13453K, capacity 14588K, committed 14680K, reserved 1048576K
}
Event: 925.413 GC heap before
{Heap before GC invocations=54 (full 7):
 PSYoungGen      total 427008K, used 333536K [0x00000000e0000000, 0x00000000fff80000, 0x0000000100000000)
  eden space 332288K, 100% used [0x00000000e0000000,0x00000000f4480000,0x00000000f4480000)
  from space 94720K, 1% used [0x00000000fa300000,0x00000000fa438000,0x00000000fff80000)
  to   space 95744K, 0% used [0x00000000f4480000,0x00000000f4480000,0x00000000fa200000)
 ParOldGen       total 180224K, used 91338K [0x00000000a0000000, 0x00000000ab000000, 0x00000000e0000000)
  object space 180224K, 50% used [0x00000000a0000000,0x00000000a5932898,0x00000000ab000000)
 Metaspace       used 105817K, capacity 111122K, committed 111448K, reserved 1146880K
  class space    used 13455K, capacity 14590K, committed 14680K, reserved 1048576K
Event: 925.425 GC heap after
Heap after GC invocations=54 (full 7):
 PSYoungGen      total 428032K, used 1594K [0x00000000e0000000, 0x0000000100000000, 0x0000000100000000)
  eden space 332288K, 0% used [0x00000000e0000000,0x00000000e0000000,0x00000000f4480000)
  from space 95744K, 1% used [0x00000000f4480000,0x00000000f460eb58,0x00000000fa200000)
  to   space 95232K, 0% used [0x00000000fa300000,0x00000000fa300000,0x0000000100000000)
 ParOldGen       total 180224K, used 92226K [0x00000000a0000000, 0x00000000ab000000, 0x00000000e0000000)
  object space 180224K, 51% used [0x00000000a0000000,0x00000000a5a108b8,0x00000000ab000000)
 Metaspace       used 105817K, capacity 111122K, committed 111448K, reserved 1146880K
  class space    used 13455K, capacity 14590K, committed 14680K, reserved 1048576K
}
Event: 1346.354 GC heap before
{Heap before GC invocations=55 (full 7):
 PSYoungGen      total 428032K, used 333882K [0x00000000e0000000, 0x0000000100000000, 0x0000000100000000)
  eden space 332288K, 100% used [0x00000000e0000000,0x00000000f4480000,0x00000000f4480000)
  from space 95744K, 1% used [0x00000000f4480000,0x00000000f460eb58,0x00000000fa200000)
  to   space 95232K, 0% used [0x00000000fa300000,0x00000000fa300000,0x0000000100000000)
 ParOldGen       total 180224K, used 92226K [0x00000000a0000000, 0x00000000ab000000, 0x00000000e0000000)
  object space 180224K, 51% used [0x00000000a0000000,0x00000000a5a108b8,0x00000000ab000000)
 Metaspace       used 106038K, capacity 111318K, committed 111704K, reserved 1146880K
  class space    used 13455K, capacity 14590K, committed 14680K, reserved 1048576K
Event: 1346.378 GC heap after
Heap after GC invocations=55 (full 7):
 PSYoungGen      total 423936K, used 4065K [0x00000000e0000000, 0x00000000ffb80000, 0x0000000100000000)
  eden space 333312K, 0% used [0x00000000e0000000,0x00000000e0000000,0x00000000f4580000)
  from space 90624K, 4% used [0x00000000fa300000,0x00000000fa6f8460,0x00000000ffb80000)
  to   space 93184K, 0% used [0x00000000f4580000,0x00000000f4580000,0x00000000fa080000)
 ParOldGen       total 180224K, used 92234K [0x00000000a0000000, 0x00000000ab000000, 0x00000000e0000000)
  object space 180224K, 51% used [0x00000000a0000000,0x00000000a5a128b8,0x00000000ab000000)
 Metaspace       used 106038K, capacity 111318K, committed 111704K, reserved 1146880K
  class space    used 13455K, capacity 14590K, committed 14680K, reserved 1048576K
}
Event: 1360.419 GC heap before
{Heap before GC invocations=56 (full 7):
 PSYoungGen      total 423936K, used 337377K [0x00000000e0000000, 0x00000000ffb80000, 0x0000000100000000)
  eden space 333312K, 100% used [0x00000000e0000000,0x00000000f4580000,0x00000000f4580000)
  from space 90624K, 4% used [0x00000000fa300000,0x00000000fa6f8460,0x00000000ffb80000)
  to   space 93184K, 0% used [0x00000000f4580000,0x00000000f4580000,0x00000000fa080000)
 ParOldGen       total 180224K, used 92234K [0x00000000a0000000, 0x00000000ab000000, 0x00000000e0000000)
  object space 180224K, 51% used [0x00000000a0000000,0x00000000a5a128b8,0x00000000ab000000)
 Metaspace       used 107076K, capacity 112510K, committed 112600K, reserved 1146880K
  class space    used 13556K, capacity 14724K, committed 14808K, reserved 1048576K
Event: 1360.489 GC heap after
Heap after GC invocations=56 (full 7):
 PSYoungGen      total 426496K, used 28527K [0x00000000e0000000, 0x00000000ff680000, 0x0000000100000000)
  eden space 333312K, 0% used [0x00000000e0000000,0x00000000e0000000,0x00000000f4580000)
  from space 93184K, 30% used [0x00000000f4580000,0x00000000f615bd20,0x00000000fa080000)
  to   space 87040K, 0% used [0x00000000fa180000,0x00000000fa180000,0x00000000ff680000)
 ParOldGen       total 180224K, used 92234K [0x00000000a0000000, 0x00000000ab000000, 0x00000000e0000000)
  object space 180224K, 51% used [0x00000000a0000000,0x00000000a5a128b8,0x00000000ab000000)
 Metaspace       used 107076K, capacity 112510K, committed 112600K, reserved 1146880K
  class space    used 13556K, capacity 14724K, committed 14808K, reserved 1048576K
}
Event: 1363.495 GC heap before
{Heap before GC invocations=57 (full 7):
 PSYoungGen      total 426496K, used 361839K [0x00000000e0000000, 0x00000000ff680000, 0x0000000100000000)
  eden space 333312K, 100% used [0x00000000e0000000,0x00000000f4580000,0x00000000f4580000)
  from space 93184K, 30% used [0x00000000f4580000,0x00000000f615bd20,0x00000000fa080000)
  to   space 87040K, 0% used [0x00000000fa180000,0x00000000fa180000,0x00000000ff680000)
 ParOldGen       total 180224K, used 92234K [0x00000000a0000000, 0x00000000ab000000, 0x00000000e0000000)
  object space 180224K, 51% used [0x00000000a0000000,0x00000000a5a128b8,0x00000000ab000000)
 Metaspace       used 107387K, capacity 112792K, committed 113112K, reserved 1146880K
  class space    used 13567K, capacity 14727K, committed 14808K, reserved 1048576K
Event: 1363.564 GC heap after
Heap after GC invocations=57 (full 7):
 PSYoungGen      total 425472K, used 32118K [0x00000000e0000000, 0x00000000ff100000, 0x0000000100000000)
  eden space 344064K, 0% used [0x00000000e0000000,0x00000000e0000000,0x00000000f5000000)
  from space 81408K, 39% used [0x00000000fa180000,0x00000000fc0dd8c0,0x00000000ff100000)
  to   space 82432K, 0% used [0x00000000f5000000,0x00000000f5000000,0x00000000fa080000)
 ParOldGen       total 180224K, used 92234K [0x00000000a0000000, 0x00000000ab000000, 0x00000000e0000000)
  object space 180224K, 51% used [0x00000000a0000000,0x00000000a5a128b8,0x00000000ab000000)
 Metaspace       used 107387K, capacity 112792K, committed 113112K, reserved 1146880K
  class space    used 13567K, capacity 14727K, committed 14808K, reserved 1048576K
}

