# JRE version: OpenJDK Runtime Environment (8.0_212-b04) (build 1.8.0_212-release-1586-b04)
# Java VM: OpenJDK 64-Bit Server VM (25.212-b04 mixed mode windows-amd64 compressed oops)
Heap:
 PSYoungGen      total 128512K, used 43532K [0x00000000e0000000, 0x00000000e8700000, 0x0000000100000000)
  eden space 119808K, 36% used [0x00000000e0000000,0x00000000e2a83070,0x00000000e7500000)
  from space 8704K, 0% used [0x00000000e7e80000,0x00000000e7e80000,0x00000000e8700000)
  to   space 9216K, 0% used [0x00000000e7500000,0x00000000e7500000,0x00000000e7e00000)
 ParOldGen       total 31744K, used 7913K [0x00000000a0000000, 0x00000000a1f00000, 0x00000000e0000000)
  object space 31744K, 24% used [0x00000000a0000000,0x00000000a07ba5d0,0x00000000a1f00000)
 Metaspace       used 26666K, capacity 27064K, committed 27392K, reserved 1073152K
  class space    used 3594K, capacity 3747K, committed 3840K, reserved 1048576K
GC Heap History (10 events):
Event: 4.098 GC heap before
{Heap before GC invocations=5 (full 0):
 PSYoungGen      total 33280K, used 33264K [0x00000000e0000000, 0x00000000e2300000, 0x0000000100000000)
  eden space 30720K, 100% used [0x00000000e0000000,0x00000000e1e00000,0x00000000e1e00000)
  from space 2560K, 99% used [0x00000000e2080000,0x00000000e22fc030,0x00000000e2300000)
  to   space 2560K, 0% used [0x00000000e1e00000,0x00000000e1e00000,0x00000000e2080000)
 ParOldGen       total 40960K, used 1245K [0x00000000a0000000, 0x00000000a2800000, 0x00000000e0000000)
  object space 40960K, 3% used [0x00000000a0000000,0x00000000a01374c0,0x00000000a2800000)
 Metaspace       used 11824K, capacity 12126K, committed 12416K, reserved 1060864K
  class space    used 1551K, capacity 1645K, committed 1664K, reserved 1048576K
Event: 4.112 GC heap after
Heap after GC invocations=5 (full 0):
 PSYoungGen      total 33280K, used 2544K [0x00000000e0000000, 0x00000000e4700000, 0x0000000100000000)
  eden space 30720K, 0% used [0x00000000e0000000,0x00000000e0000000,0x00000000e1e00000)
  from space 2560K, 99% used [0x00000000e1e00000,0x00000000e207c030,0x00000000e2080000)
  to   space 5632K, 0% used [0x00000000e4180000,0x00000000e4180000,0x00000000e4700000)
 ParOldGen       total 40960K, used 4519K [0x00000000a0000000, 0x00000000a2800000, 0x00000000e0000000)
  object space 40960K, 11% used [0x00000000a0000000,0x00000000a0469f98,0x00000000a2800000)
 Metaspace       used 11824K, capacity 12126K, committed 12416K, reserved 1060864K
  class space    used 1551K, capacity 1645K, committed 1664K, reserved 1048576K
}
Event: 4.748 GC heap before
{Heap before GC invocations=6 (full 0):
 PSYoungGen      total 33280K, used 33264K [0x00000000e0000000, 0x00000000e4700000, 0x0000000100000000)
  eden space 30720K, 100% used [0x00000000e0000000,0x00000000e1e00000,0x00000000e1e00000)
  from space 2560K, 99% used [0x00000000e1e00000,0x00000000e207c030,0x00000000e2080000)
  to   space 5632K, 0% used [0x00000000e4180000,0x00000000e4180000,0x00000000e4700000)
 ParOldGen       total 40960K, used 4519K [0x00000000a0000000, 0x00000000a2800000, 0x00000000e0000000)
  object space 40960K, 11% used [0x00000000a0000000,0x00000000a0469f98,0x00000000a2800000)
 Metaspace       used 14352K, capacity 14686K, committed 14976K, reserved 1062912K
  class space    used 1980K, capacity 2117K, committed 2176K, reserved 1048576K
Event: 4.762 GC heap after
Heap after GC invocations=6 (full 0):
 PSYoungGen      total 65536K, used 5628K [0x00000000e0000000, 0x00000000e4a00000, 0x0000000100000000)
  eden space 59904K, 0% used [0x00000000e0000000,0x00000000e0000000,0x00000000e3a80000)
  from space 5632K, 99% used [0x00000000e4180000,0x00000000e46ff380,0x00000000e4700000)
  to   space 7168K, 0% used [0x00000000e3a80000,0x00000000e3a80000,0x00000000e4180000)
 ParOldGen       total 40960K, used 4934K [0x00000000a0000000, 0x00000000a2800000, 0x00000000e0000000)
  object space 40960K, 12% used [0x00000000a0000000,0x00000000a04d1860,0x00000000a2800000)
 Metaspace       used 14352K, capacity 14686K, committed 14976K, reserved 1062912K
  class space    used 1980K, capacity 2117K, committed 2176K, reserved 1048576K
}
Event: 6.153 GC heap before
{Heap before GC invocations=7 (full 0):
 PSYoungGen      total 65536K, used 65532K [0x00000000e0000000, 0x00000000e4a00000, 0x0000000100000000)
  eden space 59904K, 100% used [0x00000000e0000000,0x00000000e3a80000,0x00000000e3a80000)
  from space 5632K, 99% used [0x00000000e4180000,0x00000000e46ff380,0x00000000e4700000)
  to   space 7168K, 0% used [0x00000000e3a80000,0x00000000e3a80000,0x00000000e4180000)
 ParOldGen       total 40960K, used 4934K [0x00000000a0000000, 0x00000000a2800000, 0x00000000e0000000)
  object space 40960K, 12% used [0x00000000a0000000,0x00000000a04d1860,0x00000000a2800000)
 Metaspace       used 19250K, capacity 19712K, committed 19840K, reserved 1067008K
  class space    used 2782K, capacity 2942K, committed 2944K, reserved 1048576K
Event: 6.174 GC heap after
Heap after GC invocations=7 (full 0):
 PSYoungGen      total 67072K, used 7157K [0x00000000e0000000, 0x00000000e8800000, 0x0000000100000000)
  eden space 59904K, 0% used [0x00000000e0000000,0x00000000e0000000,0x00000000e3a80000)
  from space 7168K, 99% used [0x00000000e3a80000,0x00000000e417d6f8,0x00000000e4180000)
  to   space 9728K, 0% used [0x00000000e7e80000,0x00000000e7e80000,0x00000000e8800000)
 ParOldGen       total 40960K, used 7429K [0x00000000a0000000, 0x00000000a2800000, 0x00000000e0000000)
  object space 40960K, 18% used [0x00000000a0000000,0x00000000a0741488,0x00000000a2800000)
 Metaspace       used 19250K, capacity 19712K, committed 19840K, reserved 1067008K
  class space    used 2782K, capacity 2942K, committed 2944K, reserved 1048576K
}
Event: 6.436 GC heap before
{Heap before GC invocations=8 (full 0):
 PSYoungGen      total 67072K, used 15873K [0x00000000e0000000, 0x00000000e8800000, 0x0000000100000000)
  eden space 59904K, 14% used [0x00000000e0000000,0x00000000e0882e58,0x00000000e3a80000)
  from space 7168K, 99% used [0x00000000e3a80000,0x00000000e417d6f8,0x00000000e4180000)
  to   space 9728K, 0% used [0x00000000e7e80000,0x00000000e7e80000,0x00000000e8800000)
 ParOldGen       total 40960K, used 7429K [0x00000000a0000000, 0x00000000a2800000, 0x00000000e0000000)
  object space 40960K, 18% used [0x00000000a0000000,0x00000000a0741488,0x00000000a2800000)
 Metaspace       used 20729K, capacity 21120K, committed 21248K, reserved 1067008K
  class space    used 2930K, capacity 3070K, committed 3072K, reserved 1048576K
Event: 6.465 GC heap after
Heap after GC invocations=8 (full 0):
 PSYoungGen      total 128512K, used 4923K [0x00000000e0000000, 0x00000000e8700000, 0x0000000100000000)
  eden space 119808K, 0% used [0x00000000e0000000,0x00000000e0000000,0x00000000e7500000)
  from space 8704K, 56% used [0x00000000e7e80000,0x00000000e834ee00,0x00000000e8700000)
  to   space 9216K, 0% used [0x00000000e7500000,0x00000000e7500000,0x00000000e7e00000)
 ParOldGen       total 40960K, used 8085K [0x00000000a0000000, 0x00000000a2800000, 0x00000000e0000000)
  object space 40960K, 19% used [0x00000000a0000000,0x00000000a07e5488,0x00000000a2800000)
 Metaspace       used 20729K, capacity 21120K, committed 21248K, reserved 1067008K
  class space    used 2930K, capacity 3070K, committed 3072K, reserved 1048576K
}
Event: 6.465 GC heap before
{Heap before GC invocations=9 (full 1):
 PSYoungGen      total 128512K, used 4923K [0x00000000e0000000, 0x00000000e8700000, 0x0000000100000000)
  eden space 119808K, 0% used [0x00000000e0000000,0x00000000e0000000,0x00000000e7500000)
  from space 8704K, 56% used [0x00000000e7e80000,0x00000000e834ee00,0x00000000e8700000)
  to   space 9216K, 0% used [0x00000000e7500000,0x00000000e7500000,0x00000000e7e00000)
 ParOldGen       total 40960K, used 8085K [0x00000000a0000000, 0x00000000a2800000, 0x00000000e0000000)
  object space 40960K, 19% used [0x00000000a0000000,0x00000000a07e5488,0x00000000a2800000)
 Metaspace       used 20729K, capacity 21120K, committed 21248K, reserved 1067008K
  class space    used 2930K, capacity 3070K, committed 3072K, reserved 1048576K
Event: 6.576 GC heap after
Heap after GC invocations=9 (full 1):
 PSYoungGen      total 128512K, used 0K [0x00000000e0000000, 0x00000000e8700000, 0x0000000100000000)
  eden space 119808K, 0% used [0x00000000e0000000,0x00000000e0000000,0x00000000e7500000)
  from space 8704K, 0% used [0x00000000e7e80000,0x00000000e7e80000,0x00000000e8700000)
  to   space 9216K, 0% used [0x00000000e7500000,0x00000000e7500000,0x00000000e7e00000)
 ParOldGen       total 31744K, used 7913K [0x00000000a0000000, 0x00000000a1f00000, 0x00000000e0000000)
  object space 31744K, 24% used [0x00000000a0000000,0x00000000a07ba5d0,0x00000000a1f00000)
 Metaspace       used 20729K, capacity 21120K, committed 21248K, reserved 1067008K
  class space    used 2930K, capacity 3070K, committed 3072K, reserved 1048576K
}

