# JRE version: OpenJDK Runtime Environment (8.0_212-b04) (build 1.8.0_212-release-1586-b04)
# Java VM: OpenJDK 64-Bit Server VM (25.212-b04 mixed mode windows-amd64 compressed oops)
Heap:
 PSYoungGen      total 294400K, used 17386K [0x00000000e0000000, 0x00000000f8780000, 0x0000000100000000)
  eden space 253952K, 6% used [0x00000000e0000000,0x00000000e10faaf8,0x00000000ef800000)
  from space 40448K, 0% used [0x00000000f6000000,0x00000000f6000000,0x00000000f8780000)
  to   space 26112K, 0% used [0x00000000ef800000,0x00000000ef800000,0x00000000f1180000)
 ParOldGen       total 88064K, used 64569K [0x00000000a0000000, 0x00000000a5600000, 0x00000000e0000000)
  object space 88064K, 73% used [0x00000000a0000000,0x00000000a3f0e6e0,0x00000000a5600000)
 Metaspace       used 74564K, capacity 77214K, committed 77440K, reserved 1116160K
  class space    used 9977K, capacity 10586K, committed 10624K, reserved 1048576K
GC Heap History (10 events):
Event: 28.112 GC heap before
{Heap before GC invocations=16 (full 3):
 PSYoungGen      total 230400K, used 212480K [0x00000000e0000000, 0x00000000ef580000, 0x0000000100000000)
  eden space 212480K, 100% used [0x00000000e0000000,0x00000000ecf80000,0x00000000ecf80000)
  from space 17920K, 0% used [0x00000000ee200000,0x00000000ee200000,0x00000000ef380000)
  to   space 18944K, 0% used [0x00000000ecf80000,0x00000000ecf80000,0x00000000ee200000)
 ParOldGen       total 88064K, used 37743K [0x00000000a0000000, 0x00000000a5600000, 0x00000000e0000000)
  object space 88064K, 42% used [0x00000000a0000000,0x00000000a24dbea0,0x00000000a5600000)
 Metaspace       used 60533K, capacity 62616K, committed 62720K, reserved 1103872K
  class space    used 8219K, capacity 8671K, committed 8704K, reserved 1048576K
Event: 28.163 GC heap after
Heap after GC invocations=16 (full 3):
 PSYoungGen      total 231424K, used 18341K [0x00000000e0000000, 0x00000000f2680000, 0x0000000100000000)
  eden space 212480K, 0% used [0x00000000e0000000,0x00000000e0000000,0x00000000ecf80000)
  from space 18944K, 96% used [0x00000000ecf80000,0x00000000ee1694f0,0x00000000ee200000)
  to   space 21504K, 0% used [0x00000000f1180000,0x00000000f1180000,0x00000000f2680000)
 ParOldGen       total 88064K, used 37751K [0x00000000a0000000, 0x00000000a5600000, 0x00000000e0000000)
  object space 88064K, 42% used [0x00000000a0000000,0x00000000a24ddea0,0x00000000a5600000)
 Metaspace       used 60533K, capacity 62616K, committed 62720K, reserved 1103872K
  class space    used 8219K, capacity 8671K, committed 8704K, reserved 1048576K
}
Event: 35.412 GC heap before
{Heap before GC invocations=17 (full 3):
 PSYoungGen      total 231424K, used 230821K [0x00000000e0000000, 0x00000000f2680000, 0x0000000100000000)
  eden space 212480K, 100% used [0x00000000e0000000,0x00000000ecf80000,0x00000000ecf80000)
  from space 18944K, 96% used [0x00000000ecf80000,0x00000000ee1694f0,0x00000000ee200000)
  to   space 21504K, 0% used [0x00000000f1180000,0x00000000f1180000,0x00000000f2680000)
 ParOldGen       total 88064K, used 37751K [0x00000000a0000000, 0x00000000a5600000, 0x00000000e0000000)
  object space 88064K, 42% used [0x00000000a0000000,0x00000000a24ddea0,0x00000000a5600000)
 Metaspace       used 68253K, capacity 70502K, committed 70528K, reserved 1110016K
  class space    used 9049K, capacity 9580K, committed 9600K, reserved 1048576K
Event: 35.483 GC heap after
Heap after GC invocations=17 (full 3):
 PSYoungGen      total 275456K, used 21478K [0x00000000e0000000, 0x00000000f2c00000, 0x0000000100000000)
  eden space 253952K, 0% used [0x00000000e0000000,0x00000000e0000000,0x00000000ef800000)
  from space 21504K, 99% used [0x00000000f1180000,0x00000000f26798c8,0x00000000f2680000)
  to   space 26112K, 0% used [0x00000000ef800000,0x00000000ef800000,0x00000000f1180000)
 ParOldGen       total 88064K, used 41208K [0x00000000a0000000, 0x00000000a5600000, 0x00000000e0000000)
  object space 88064K, 46% used [0x00000000a0000000,0x00000000a283e328,0x00000000a5600000)
 Metaspace       used 68253K, capacity 70502K, committed 70528K, reserved 1110016K
  class space    used 9049K, capacity 9580K, committed 9600K, reserved 1048576K
}
Event: 38.018 GC heap before
{Heap before GC invocations=18 (full 3):
 PSYoungGen      total 275456K, used 275430K [0x00000000e0000000, 0x00000000f2c00000, 0x0000000100000000)
  eden space 253952K, 100% used [0x00000000e0000000,0x00000000ef800000,0x00000000ef800000)
  from space 21504K, 99% used [0x00000000f1180000,0x00000000f26798c8,0x00000000f2680000)
  to   space 26112K, 0% used [0x00000000ef800000,0x00000000ef800000,0x00000000f1180000)
 ParOldGen       total 88064K, used 41208K [0x00000000a0000000, 0x00000000a5600000, 0x00000000e0000000)
  object space 88064K, 46% used [0x00000000a0000000,0x00000000a283e328,0x00000000a5600000)
 Metaspace       used 69462K, capacity 71818K, committed 71936K, reserved 1112064K
  class space    used 9203K, capacity 9726K, committed 9728K, reserved 1048576K
Event: 38.147 GC heap after
Heap after GC invocations=18 (full 3):
 PSYoungGen      total 280064K, used 26105K [0x00000000e0000000, 0x00000000f8780000, 0x0000000100000000)
  eden space 253952K, 0% used [0x00000000e0000000,0x00000000e0000000,0x00000000ef800000)
  from space 26112K, 99% used [0x00000000ef800000,0x00000000f117e7f8,0x00000000f1180000)
  to   space 40448K, 0% used [0x00000000f6000000,0x00000000f6000000,0x00000000f8780000)
 ParOldGen       total 88064K, used 68662K [0x00000000a0000000, 0x00000000a5600000, 0x00000000e0000000)
  object space 88064K, 77% used [0x00000000a0000000,0x00000000a430db08,0x00000000a5600000)
 Metaspace       used 69462K, capacity 71818K, committed 71936K, reserved 1112064K
  class space    used 9203K, capacity 9726K, committed 9728K, reserved 1048576K
}
Event: 39.027 GC heap before
{Heap before GC invocations=19 (full 3):
 PSYoungGen      total 280064K, used 51260K [0x00000000e0000000, 0x00000000f8780000, 0x0000000100000000)
  eden space 253952K, 9% used [0x00000000e0000000,0x00000000e1890820,0x00000000ef800000)
  from space 26112K, 99% used [0x00000000ef800000,0x00000000f117e7f8,0x00000000f1180000)
  to   space 40448K, 0% used [0x00000000f6000000,0x00000000f6000000,0x00000000f8780000)
 ParOldGen       total 88064K, used 68662K [0x00000000a0000000, 0x00000000a5600000, 0x00000000e0000000)
  object space 88064K, 77% used [0x00000000a0000000,0x00000000a430db08,0x00000000a5600000)
 Metaspace       used 72771K, capacity 75266K, committed 75392K, reserved 1118208K
  class space    used 9687K, capacity 10298K, committed 10368K, reserved 1048576K
Event: 39.060 GC heap after
Heap after GC invocations=19 (full 3):
 PSYoungGen      total 294400K, used 4190K [0x00000000e0000000, 0x00000000f8780000, 0x0000000100000000)
  eden space 253952K, 0% used [0x00000000e0000000,0x00000000e0000000,0x00000000ef800000)
  from space 40448K, 10% used [0x00000000f6000000,0x00000000f6417b10,0x00000000f8780000)
  to   space 26112K, 0% used [0x00000000ef800000,0x00000000ef800000,0x00000000f1180000)
 ParOldGen       total 88064K, used 77946K [0x00000000a0000000, 0x00000000a5600000, 0x00000000e0000000)
  object space 88064K, 88% used [0x00000000a0000000,0x00000000a4c1ea70,0x00000000a5600000)
 Metaspace       used 72771K, capacity 75266K, committed 75392K, reserved 1118208K
  class space    used 9687K, capacity 10298K, committed 10368K, reserved 1048576K
}
Event: 39.060 GC heap before
{Heap before GC invocations=20 (full 4):
 PSYoungGen      total 294400K, used 4190K [0x00000000e0000000, 0x00000000f8780000, 0x0000000100000000)
  eden space 253952K, 0% used [0x00000000e0000000,0x00000000e0000000,0x00000000ef800000)
  from space 40448K, 10% used [0x00000000f6000000,0x00000000f6417b10,0x00000000f8780000)
  to   space 26112K, 0% used [0x00000000ef800000,0x00000000ef800000,0x00000000f1180000)
 ParOldGen       total 88064K, used 77946K [0x00000000a0000000, 0x00000000a5600000, 0x00000000e0000000)
  object space 88064K, 88% used [0x00000000a0000000,0x00000000a4c1ea70,0x00000000a5600000)
 Metaspace       used 72771K, capacity 75266K, committed 75392K, reserved 1118208K
  class space    used 9687K, capacity 10298K, committed 10368K, reserved 1048576K
Event: 39.552 GC heap after
Heap after GC invocations=20 (full 4):
 PSYoungGen      total 294400K, used 0K [0x00000000e0000000, 0x00000000f8780000, 0x0000000100000000)
  eden space 253952K, 0% used [0x00000000e0000000,0x00000000e0000000,0x00000000ef800000)
  from space 40448K, 0% used [0x00000000f6000000,0x00000000f6000000,0x00000000f8780000)
  to   space 26112K, 0% used [0x00000000ef800000,0x00000000ef800000,0x00000000f1180000)
 ParOldGen       total 88064K, used 64569K [0x00000000a0000000, 0x00000000a5600000, 0x00000000e0000000)
  object space 88064K, 73% used [0x00000000a0000000,0x00000000a3f0e6e0,0x00000000a5600000)
 Metaspace       used 72151K, capacity 74608K, committed 75392K, reserved 1116160K
  class space    used 9622K, capacity 10225K, committed 10368K, reserved 1048576K
}

