# JRE version: OpenJDK Runtime Environment (8.0_212-b04) (build 1.8.0_212-release-1586-b04)
# Java VM: OpenJDK 64-Bit Server VM (25.212-b04 mixed mode windows-amd64 compressed oops)
Heap:
 PSYoungGen      total 254464K, used 189251K [0x00000000e0000000, 0x00000000f1e80000, 0x0000000100000000)
  eden space 218624K, 80% used [0x00000000e0000000,0x00000000eab7bb38,0x00000000ed580000)
  from space 35840K, 38% used [0x00000000ef700000,0x00000000f04552e8,0x00000000f1a00000)
  to   space 34304K, 0% used [0x00000000ed580000,0x00000000ed580000,0x00000000ef700000)
 ParOldGen       total 133120K, used 46907K [0x00000000a0000000, 0x00000000a8200000, 0x00000000e0000000)
  object space 133120K, 35% used [0x00000000a0000000,0x00000000a2dcee00,0x00000000a8200000)
 Metaspace       used 98834K, capacity 103465K, committed 104192K, reserved 1140736K
  class space    used 12575K, capacity 13625K, committed 13824K, reserved 1048576K
GC Heap History (10 events):
Event: 1859.153 GC heap before
{Heap before GC invocations=20 (full 3):
 PSYoungGen      total 247296K, used 247291K [0x00000000e0000000, 0x00000000f3000000, 0x0000000100000000)
  eden space 222208K, 100% used [0x00000000e0000000,0x00000000ed900000,0x00000000ed900000)
  from space 25088K, 99% used [0x00000000f1780000,0x00000000f2ffef88,0x00000000f3000000)
  to   space 31232K, 0% used [0x00000000ef300000,0x00000000ef300000,0x00000000f1180000)
 ParOldGen       total 92160K, used 57354K [0x00000000a0000000, 0x00000000a5a00000, 0x00000000e0000000)
  object space 92160K, 62% used [0x00000000a0000000,0x00000000a3802a00,0x00000000a5a00000)
 Metaspace       used 86341K, capacity 90861K, committed 91008K, reserved 1128448K
  class space    used 11068K, capacity 12063K, committed 12160K, reserved 1048576K
Event: 1859.286 GC heap after
Heap after GC invocations=20 (full 3):
 PSYoungGen      total 237568K, used 23735K [0x00000000e0000000, 0x00000000f1800000, 0x0000000100000000)
  eden space 213504K, 0% used [0x00000000e0000000,0x00000000e0000000,0x00000000ed080000)
  from space 24064K, 98% used [0x00000000ef300000,0x00000000f0a2dd68,0x00000000f0a80000)
  to   space 13824K, 0% used [0x00000000f0a80000,0x00000000f0a80000,0x00000000f1800000)
 ParOldGen       total 92160K, used 63058K [0x00000000a0000000, 0x00000000a5a00000, 0x00000000e0000000)
  object space 92160K, 68% used [0x00000000a0000000,0x00000000a3d94bf0,0x00000000a5a00000)
 Metaspace       used 86341K, capacity 90861K, committed 91008K, reserved 1128448K
  class space    used 11068K, capacity 12063K, committed 12160K, reserved 1048576K
}
Event: 2086.161 GC heap before
{Heap before GC invocations=21 (full 3):
 PSYoungGen      total 237568K, used 237239K [0x00000000e0000000, 0x00000000f1800000, 0x0000000100000000)
  eden space 213504K, 100% used [0x00000000e0000000,0x00000000ed080000,0x00000000ed080000)
  from space 24064K, 98% used [0x00000000ef300000,0x00000000f0a2dd68,0x00000000f0a80000)
  to   space 13824K, 0% used [0x00000000f0a80000,0x00000000f0a80000,0x00000000f1800000)
 ParOldGen       total 92160K, used 63058K [0x00000000a0000000, 0x00000000a5a00000, 0x00000000e0000000)
  object space 92160K, 68% used [0x00000000a0000000,0x00000000a3d94bf0,0x00000000a5a00000)
 Metaspace       used 89556K, capacity 94901K, committed 94976K, reserved 1132544K
  class space    used 11528K, capacity 12740K, committed 12800K, reserved 1048576K
Event: 2086.272 GC heap after
Heap after GC invocations=21 (full 3):
 PSYoungGen      total 218624K, used 13792K [0x00000000e0000000, 0x00000000f1800000, 0x0000000100000000)
  eden space 204800K, 0% used [0x00000000e0000000,0x00000000e0000000,0x00000000ec800000)
  from space 13824K, 99% used [0x00000000f0a80000,0x00000000f17f8060,0x00000000f1800000)
  to   space 37888K, 0% used [0x00000000ece00000,0x00000000ece00000,0x00000000ef300000)
 ParOldGen       total 92160K, used 80320K [0x00000000a0000000, 0x00000000a5a00000, 0x00000000e0000000)
  object space 92160K, 87% used [0x00000000a0000000,0x00000000a4e700c8,0x00000000a5a00000)
 Metaspace       used 89556K, capacity 94901K, committed 94976K, reserved 1132544K
  class space    used 11528K, capacity 12740K, committed 12800K, reserved 1048576K
}
Event: 2086.272 GC heap before
{Heap before GC invocations=22 (full 4):
 PSYoungGen      total 218624K, used 13792K [0x00000000e0000000, 0x00000000f1800000, 0x0000000100000000)
  eden space 204800K, 0% used [0x00000000e0000000,0x00000000e0000000,0x00000000ec800000)
  from space 13824K, 99% used [0x00000000f0a80000,0x00000000f17f8060,0x00000000f1800000)
  to   space 37888K, 0% used [0x00000000ece00000,0x00000000ece00000,0x00000000ef300000)
 ParOldGen       total 92160K, used 80320K [0x00000000a0000000, 0x00000000a5a00000, 0x00000000e0000000)
  object space 92160K, 87% used [0x00000000a0000000,0x00000000a4e700c8,0x00000000a5a00000)
 Metaspace       used 89556K, capacity 94901K, committed 94976K, reserved 1132544K
  class space    used 11528K, capacity 12740K, committed 12800K, reserved 1048576K
Event: 2086.838 GC heap after
Heap after GC invocations=22 (full 4):
 PSYoungGen      total 218624K, used 0K [0x00000000e0000000, 0x00000000f1800000, 0x0000000100000000)
  eden space 204800K, 0% used [0x00000000e0000000,0x00000000e0000000,0x00000000ec800000)
  from space 13824K, 0% used [0x00000000f0a80000,0x00000000f0a80000,0x00000000f1800000)
  to   space 37888K, 0% used [0x00000000ece00000,0x00000000ece00000,0x00000000ef300000)
 ParOldGen       total 133120K, used 46891K [0x00000000a0000000, 0x00000000a8200000, 0x00000000e0000000)
  object space 133120K, 35% used [0x00000000a0000000,0x00000000a2dcae00,0x00000000a8200000)
 Metaspace       used 87407K, capacity 91731K, committed 94976K, reserved 1132544K
  class space    used 11184K, capacity 12141K, committed 12800K, reserved 1048576K
}
Event: 2108.542 GC heap before
{Heap before GC invocations=23 (full 4):
 PSYoungGen      total 218624K, used 204800K [0x00000000e0000000, 0x00000000f1800000, 0x0000000100000000)
  eden space 204800K, 100% used [0x00000000e0000000,0x00000000ec800000,0x00000000ec800000)
  from space 13824K, 0% used [0x00000000f0a80000,0x00000000f0a80000,0x00000000f1800000)
  to   space 37888K, 0% used [0x00000000ece00000,0x00000000ece00000,0x00000000ef300000)
 ParOldGen       total 133120K, used 46891K [0x00000000a0000000, 0x00000000a8200000, 0x00000000e0000000)
  object space 133120K, 35% used [0x00000000a0000000,0x00000000a2dcae00,0x00000000a8200000)
 Metaspace       used 89787K, capacity 94445K, committed 95232K, reserved 1132544K
  class space    used 11505K, capacity 12579K, committed 12800K, reserved 1048576K
Event: 2108.638 GC heap after
Heap after GC invocations=23 (full 4):
 PSYoungGen      total 248832K, used 16187K [0x00000000e0000000, 0x00000000f1a00000, 0x0000000100000000)
  eden space 210944K, 0% used [0x00000000e0000000,0x00000000e0000000,0x00000000ece00000)
  from space 37888K, 42% used [0x00000000ece00000,0x00000000eddced28,0x00000000ef300000)
  to   space 35840K, 0% used [0x00000000ef700000,0x00000000ef700000,0x00000000f1a00000)
 ParOldGen       total 133120K, used 46899K [0x00000000a0000000, 0x00000000a8200000, 0x00000000e0000000)
  object space 133120K, 35% used [0x00000000a0000000,0x00000000a2dcce00,0x00000000a8200000)
 Metaspace       used 89787K, capacity 94445K, committed 95232K, reserved 1132544K
  class space    used 11505K, capacity 12579K, committed 12800K, reserved 1048576K
}
Event: 2116.167 GC heap before
{Heap before GC invocations=24 (full 4):
 PSYoungGen      total 248832K, used 227131K [0x00000000e0000000, 0x00000000f1a00000, 0x0000000100000000)
  eden space 210944K, 100% used [0x00000000e0000000,0x00000000ece00000,0x00000000ece00000)
  from space 37888K, 42% used [0x00000000ece00000,0x00000000eddced28,0x00000000ef300000)
  to   space 35840K, 0% used [0x00000000ef700000,0x00000000ef700000,0x00000000f1a00000)
 ParOldGen       total 133120K, used 46899K [0x00000000a0000000, 0x00000000a8200000, 0x00000000e0000000)
  object space 133120K, 35% used [0x00000000a0000000,0x00000000a2dcce00,0x00000000a8200000)
 Metaspace       used 90321K, capacity 94979K, committed 95744K, reserved 1132544K
  class space    used 11537K, capacity 12582K, committed 12800K, reserved 1048576K
Event: 2116.209 GC heap after
Heap after GC invocations=24 (full 4):
 PSYoungGen      total 254464K, used 13652K [0x00000000e0000000, 0x00000000f1e80000, 0x0000000100000000)
  eden space 218624K, 0% used [0x00000000e0000000,0x00000000e0000000,0x00000000ed580000)
  from space 35840K, 38% used [0x00000000ef700000,0x00000000f04552e8,0x00000000f1a00000)
  to   space 34304K, 0% used [0x00000000ed580000,0x00000000ed580000,0x00000000ef700000)
 ParOldGen       total 133120K, used 46907K [0x00000000a0000000, 0x00000000a8200000, 0x00000000e0000000)
  object space 133120K, 35% used [0x00000000a0000000,0x00000000a2dcee00,0x00000000a8200000)
 Metaspace       used 90321K, capacity 94979K, committed 95744K, reserved 1132544K
  class space    used 11537K, capacity 12582K, committed 12800K, reserved 1048576K
}

