# JRE version: OpenJDK Runtime Environment (8.0_212-b04) (build 1.8.0_212-release-1586-b04)
# Java VM: OpenJDK 64-Bit Server VM (25.212-b04 mixed mode windows-amd64 compressed oops)
Heap:
 PSYoungGen      total 276992K, used 141534K [0x00000000e0000000, 0x00000000f3b00000, 0x0000000100000000)
  eden space 239104K, 47% used [0x00000000e0000000,0x00000000e6eb6ac8,0x00000000ee980000)
  from space 37888K, 74% used [0x00000000ee980000,0x00000000f0500d80,0x00000000f0e80000)
  to   space 26624K, 0% used [0x00000000f0e80000,0x00000000f0e80000,0x00000000f2880000)
 ParOldGen       total 175616K, used 80616K [0x00000000a0000000, 0x00000000aab80000, 0x00000000e0000000)
  object space 175616K, 45% used [0x00000000a0000000,0x00000000a4eba290,0x00000000aab80000)
 Metaspace       used 84485K, capacity 87520K, committed 87768K, reserved 1126400K
  class space    used 10918K, capacity 11649K, committed 11736K, reserved 1048576K
GC Heap History (10 events):
Event: 38.074 GC heap before
{Heap before GC invocations=17 (full 3):
 PSYoungGen      total 209408K, used 209402K [0x00000000e0000000, 0x00000000f0900000, 0x0000000100000000)
  eden space 190464K, 100% used [0x00000000e0000000,0x00000000eba00000,0x00000000eba00000)
  from space 18944K, 99% used [0x00000000eba00000,0x00000000ecc7eb58,0x00000000ecc80000)
  to   space 24064K, 0% used [0x00000000ef180000,0x00000000ef180000,0x00000000f0900000)
 ParOldGen       total 97280K, used 43823K [0x00000000a0000000, 0x00000000a5f00000, 0x00000000e0000000)
  object space 97280K, 45% used [0x00000000a0000000,0x00000000a2acbf28,0x00000000a5f00000)
 Metaspace       used 66209K, capacity 68308K, committed 68568K, reserved 1107968K
  class space    used 8884K, capacity 9415K, committed 9432K, reserved 1048576K
Event: 38.152 GC heap after
Heap after GC invocations=17 (full 3):
 PSYoungGen      total 243200K, used 16094K [0x00000000e0000000, 0x00000000f0800000, 0x0000000100000000)
  eden space 220160K, 0% used [0x00000000e0000000,0x00000000e0000000,0x00000000ed700000)
  from space 23040K, 69% used [0x00000000ef180000,0x00000000f01378d8,0x00000000f0800000)
  to   space 25088K, 0% used [0x00000000ed700000,0x00000000ed700000,0x00000000eef80000)
 ParOldGen       total 97280K, used 60660K [0x00000000a0000000, 0x00000000a5f00000, 0x00000000e0000000)
  object space 97280K, 62% used [0x00000000a0000000,0x00000000a3b3d230,0x00000000a5f00000)
 Metaspace       used 66209K, capacity 68308K, committed 68568K, reserved 1107968K
  class space    used 8884K, capacity 9415K, committed 9432K, reserved 1048576K
}
Event: 46.893 GC heap before
{Heap before GC invocations=18 (full 3):
 PSYoungGen      total 243200K, used 236254K [0x00000000e0000000, 0x00000000f0800000, 0x0000000100000000)
  eden space 220160K, 100% used [0x00000000e0000000,0x00000000ed700000,0x00000000ed700000)
  from space 23040K, 69% used [0x00000000ef180000,0x00000000f01378d8,0x00000000f0800000)
  to   space 25088K, 0% used [0x00000000ed700000,0x00000000ed700000,0x00000000eef80000)
 ParOldGen       total 97280K, used 60660K [0x00000000a0000000, 0x00000000a5f00000, 0x00000000e0000000)
  object space 97280K, 62% used [0x00000000a0000000,0x00000000a3b3d230,0x00000000a5f00000)
 Metaspace       used 76800K, capacity 79196K, committed 79448K, reserved 1118208K
  class space    used 9914K, capacity 10483K, committed 10584K, reserved 1048576K
Event: 46.962 GC heap after
Heap after GC invocations=18 (full 3):
 PSYoungGen      total 245248K, used 17605K [0x00000000e0000000, 0x00000000f2880000, 0x0000000100000000)
  eden space 220160K, 0% used [0x00000000e0000000,0x00000000e0000000,0x00000000ed700000)
  from space 25088K, 70% used [0x00000000ed700000,0x00000000ee8315b0,0x00000000eef80000)
  to   space 26624K, 0% used [0x00000000f0e80000,0x00000000f0e80000,0x00000000f2880000)
 ParOldGen       total 97280K, used 60668K [0x00000000a0000000, 0x00000000a5f00000, 0x00000000e0000000)
  object space 97280K, 62% used [0x00000000a0000000,0x00000000a3b3f230,0x00000000a5f00000)
 Metaspace       used 76800K, capacity 79196K, committed 79448K, reserved 1118208K
  class space    used 9914K, capacity 10483K, committed 10584K, reserved 1048576K
}
Event: 71.136 GC heap before
{Heap before GC invocations=19 (full 3):
 PSYoungGen      total 245248K, used 237765K [0x00000000e0000000, 0x00000000f2880000, 0x0000000100000000)
  eden space 220160K, 100% used [0x00000000e0000000,0x00000000ed700000,0x00000000ed700000)
  from space 25088K, 70% used [0x00000000ed700000,0x00000000ee8315b0,0x00000000eef80000)
  to   space 26624K, 0% used [0x00000000f0e80000,0x00000000f0e80000,0x00000000f2880000)
 ParOldGen       total 97280K, used 60668K [0x00000000a0000000, 0x00000000a5f00000, 0x00000000e0000000)
  object space 97280K, 62% used [0x00000000a0000000,0x00000000a3b3f230,0x00000000a5f00000)
 Metaspace       used 78658K, capacity 81182K, committed 81368K, reserved 1120256K
  class space    used 10019K, capacity 10634K, committed 10712K, reserved 1048576K
Event: 71.272 GC heap after
Heap after GC invocations=19 (full 3):
 PSYoungGen      total 265728K, used 26611K [0x00000000e0000000, 0x00000000f3b00000, 0x0000000100000000)
  eden space 239104K, 0% used [0x00000000e0000000,0x00000000e0000000,0x00000000ee980000)
  from space 26624K, 99% used [0x00000000f0e80000,0x00000000f287cdf8,0x00000000f2880000)
  to   space 37888K, 0% used [0x00000000ee980000,0x00000000ee980000,0x00000000f0e80000)
 ParOldGen       total 97280K, used 80360K [0x00000000a0000000, 0x00000000a5f00000, 0x00000000e0000000)
  object space 97280K, 82% used [0x00000000a0000000,0x00000000a4e7a350,0x00000000a5f00000)
 Metaspace       used 78658K, capacity 81182K, committed 81368K, reserved 1120256K
  class space    used 10019K, capacity 10634K, committed 10712K, reserved 1048576K
}
Event: 71.272 GC heap before
{Heap before GC invocations=20 (full 4):
 PSYoungGen      total 265728K, used 26611K [0x00000000e0000000, 0x00000000f3b00000, 0x0000000100000000)
  eden space 239104K, 0% used [0x00000000e0000000,0x00000000e0000000,0x00000000ee980000)
  from space 26624K, 99% used [0x00000000f0e80000,0x00000000f287cdf8,0x00000000f2880000)
  to   space 37888K, 0% used [0x00000000ee980000,0x00000000ee980000,0x00000000f0e80000)
 ParOldGen       total 97280K, used 80360K [0x00000000a0000000, 0x00000000a5f00000, 0x00000000e0000000)
  object space 97280K, 82% used [0x00000000a0000000,0x00000000a4e7a350,0x00000000a5f00000)
 Metaspace       used 78658K, capacity 81182K, committed 81368K, reserved 1120256K
  class space    used 10019K, capacity 10634K, committed 10712K, reserved 1048576K
Event: 72.178 GC heap after
Heap after GC invocations=20 (full 4):
 PSYoungGen      total 265728K, used 0K [0x00000000e0000000, 0x00000000f3b00000, 0x0000000100000000)
  eden space 239104K, 0% used [0x00000000e0000000,0x00000000e0000000,0x00000000ee980000)
  from space 26624K, 0% used [0x00000000f0e80000,0x00000000f0e80000,0x00000000f2880000)
  to   space 37888K, 0% used [0x00000000ee980000,0x00000000ee980000,0x00000000f0e80000)
 ParOldGen       total 175616K, used 80608K [0x00000000a0000000, 0x00000000aab80000, 0x00000000e0000000)
  object space 175616K, 45% used [0x00000000a0000000,0x00000000a4eb8290,0x00000000aab80000)
 Metaspace       used 78040K, capacity 80530K, committed 81368K, reserved 1120256K
  class space    used 9955K, capacity 10562K, committed 10712K, reserved 1048576K
}
Event: 75.662 GC heap before
{Heap before GC invocations=21 (full 4):
 PSYoungGen      total 265728K, used 239104K [0x00000000e0000000, 0x00000000f3b00000, 0x0000000100000000)
  eden space 239104K, 100% used [0x00000000e0000000,0x00000000ee980000,0x00000000ee980000)
  from space 26624K, 0% used [0x00000000f0e80000,0x00000000f0e80000,0x00000000f2880000)
  to   space 37888K, 0% used [0x00000000ee980000,0x00000000ee980000,0x00000000f0e80000)
 ParOldGen       total 175616K, used 80608K [0x00000000a0000000, 0x00000000aab80000, 0x00000000e0000000)
  object space 175616K, 45% used [0x00000000a0000000,0x00000000a4eb8290,0x00000000aab80000)
 Metaspace       used 78651K, capacity 81194K, committed 81368K, reserved 1120256K
  class space    used 10019K, capacity 10578K, committed 10712K, reserved 1048576K
Event: 75.744 GC heap after
Heap after GC invocations=21 (full 4):
 PSYoungGen      total 276992K, used 28163K [0x00000000e0000000, 0x00000000f3b00000, 0x0000000100000000)
  eden space 239104K, 0% used [0x00000000e0000000,0x00000000e0000000,0x00000000ee980000)
  from space 37888K, 74% used [0x00000000ee980000,0x00000000f0500d80,0x00000000f0e80000)
  to   space 26624K, 0% used [0x00000000f0e80000,0x00000000f0e80000,0x00000000f2880000)
 ParOldGen       total 175616K, used 80616K [0x00000000a0000000, 0x00000000aab80000, 0x00000000e0000000)
  object space 175616K, 45% used [0x00000000a0000000,0x00000000a4eba290,0x00000000aab80000)
 Metaspace       used 78651K, capacity 81194K, committed 81368K, reserved 1120256K
  class space    used 10019K, capacity 10578K, committed 10712K, reserved 1048576K
}

