# JRE version: OpenJDK Runtime Environment (8.0_212-b04) (build 1.8.0_212-release-1586-b04)
# Java VM: OpenJDK 64-Bit Server VM (25.212-b04 mixed mode windows-amd64 compressed oops)
Heap:
 PSYoungGen      total 260096K, used 3023K [0x00000000e0000000, 0x00000000f1380000, 0x0000000100000000)
  eden space 238080K, 1% used [0x00000000e0000000,0x00000000e02f3f48,0x00000000ee880000)
  from space 22016K, 0% used [0x00000000ee880000,0x00000000ee880000,0x00000000efe00000)
  to   space 18944K, 67% used [0x00000000f0100000,0x00000000f0d73f88,0x00000000f1380000)
 ParOldGen       total 136704K, used 136605K [0x00000000a0000000, 0x00000000a8580000, 0x00000000e0000000)
  object space 136704K, 99% used [0x00000000a0000000,0x00000000a8567568,0x00000000a8580000)
 Metaspace       used 76091K, capacity 79134K, committed 79960K, reserved 1118208K
  class space    used 10277K, capacity 10992K, committed 11096K, reserved 1048576K
GC Heap History (10 events):
Event: 29.029 GC heap before
{Heap before GC invocations=16 (full 3):
 PSYoungGen      total 219136K, used 201216K [0x00000000e0000000, 0x00000000eec80000, 0x0000000100000000)
  eden space 201216K, 100% used [0x00000000e0000000,0x00000000ec480000,0x00000000ec480000)
  from space 17920K, 0% used [0x00000000ed700000,0x00000000ed700000,0x00000000ee880000)
  to   space 18944K, 0% used [0x00000000ec480000,0x00000000ec480000,0x00000000ed700000)
 ParOldGen       total 92160K, used 37412K [0x00000000a0000000, 0x00000000a5a00000, 0x00000000e0000000)
  object space 92160K, 40% used [0x00000000a0000000,0x00000000a24892a8,0x00000000a5a00000)
 Metaspace       used 64043K, capacity 66210K, committed 66392K, reserved 1105920K
  class space    used 8705K, capacity 9298K, committed 9304K, reserved 1048576K
Event: 29.092 GC heap after
Heap after GC invocations=16 (full 3):
 PSYoungGen      total 220160K, used 18936K [0x00000000e0000000, 0x00000000f1780000, 0x0000000100000000)
  eden space 201216K, 0% used [0x00000000e0000000,0x00000000e0000000,0x00000000ec480000)
  from space 18944K, 99% used [0x00000000ec480000,0x00000000ed6fe290,0x00000000ed700000)
  to   space 23040K, 0% used [0x00000000f0100000,0x00000000f0100000,0x00000000f1780000)
 ParOldGen       total 92160K, used 40570K [0x00000000a0000000, 0x00000000a5a00000, 0x00000000e0000000)
  object space 92160K, 44% used [0x00000000a0000000,0x00000000a279e910,0x00000000a5a00000)
 Metaspace       used 64043K, capacity 66210K, committed 66392K, reserved 1105920K
  class space    used 8705K, capacity 9298K, committed 9304K, reserved 1048576K
}
Event: 35.525 GC heap before
{Heap before GC invocations=17 (full 3):
 PSYoungGen      total 220160K, used 220140K [0x00000000e0000000, 0x00000000f1780000, 0x0000000100000000)
  eden space 201216K, 99% used [0x00000000e0000000,0x00000000ec47d130,0x00000000ec480000)
  from space 18944K, 99% used [0x00000000ec480000,0x00000000ed6fe290,0x00000000ed700000)
  to   space 23040K, 0% used [0x00000000f0100000,0x00000000f0100000,0x00000000f1780000)
 ParOldGen       total 92160K, used 40570K [0x00000000a0000000, 0x00000000a5a00000, 0x00000000e0000000)
  object space 92160K, 44% used [0x00000000a0000000,0x00000000a279e910,0x00000000a5a00000)
 Metaspace       used 67873K, capacity 70106K, committed 70232K, reserved 1110016K
  class space    used 9024K, capacity 9552K, committed 9560K, reserved 1048576K
Event: 35.608 GC heap after
Heap after GC invocations=17 (full 3):
 PSYoungGen      total 257024K, used 8533K [0x00000000e0000000, 0x00000000f1380000, 0x0000000100000000)
  eden space 238080K, 0% used [0x00000000e0000000,0x00000000e0000000,0x00000000ee880000)
  from space 18944K, 45% used [0x00000000f0100000,0x00000000f0955508,0x00000000f1380000)
  to   space 22016K, 0% used [0x00000000ee880000,0x00000000ee880000,0x00000000efe00000)
 ParOldGen       total 92160K, used 56581K [0x00000000a0000000, 0x00000000a5a00000, 0x00000000e0000000)
  object space 92160K, 61% used [0x00000000a0000000,0x00000000a3741520,0x00000000a5a00000)
 Metaspace       used 67873K, capacity 70106K, committed 70232K, reserved 1110016K
  class space    used 9024K, capacity 9552K, committed 9560K, reserved 1048576K
}
Event: 37.495 GC heap before
{Heap before GC invocations=18 (full 3):
 PSYoungGen      total 257024K, used 246613K [0x00000000e0000000, 0x00000000f1380000, 0x0000000100000000)
  eden space 238080K, 100% used [0x00000000e0000000,0x00000000ee880000,0x00000000ee880000)
  from space 18944K, 45% used [0x00000000f0100000,0x00000000f0955508,0x00000000f1380000)
  to   space 22016K, 0% used [0x00000000ee880000,0x00000000ee880000,0x00000000efe00000)
 ParOldGen       total 92160K, used 56581K [0x00000000a0000000, 0x00000000a5a00000, 0x00000000e0000000)
  object space 92160K, 61% used [0x00000000a0000000,0x00000000a3741520,0x00000000a5a00000)
 Metaspace       used 68586K, capacity 70878K, committed 71256K, reserved 1110016K
  class space    used 9138K, capacity 9692K, committed 9816K, reserved 1048576K
Event: 37.609 GC heap after
Heap after GC invocations=18 (full 3):
 PSYoungGen      total 260096K, used 22003K [0x00000000e0000000, 0x00000000f1380000, 0x0000000100000000)
  eden space 238080K, 0% used [0x00000000e0000000,0x00000000e0000000,0x00000000ee880000)
  from space 22016K, 99% used [0x00000000ee880000,0x00000000efdfcd00,0x00000000efe00000)
  to   space 18944K, 0% used [0x00000000f0100000,0x00000000f0100000,0x00000000f1380000)
 ParOldGen       total 92160K, used 70872K [0x00000000a0000000, 0x00000000a5a00000, 0x00000000e0000000)
  object space 92160K, 76% used [0x00000000a0000000,0x00000000a4536318,0x00000000a5a00000)
 Metaspace       used 68586K, capacity 70878K, committed 71256K, reserved 1110016K
  class space    used 9138K, capacity 9692K, committed 9816K, reserved 1048576K
}
Event: 43.200 GC heap before
{Heap before GC invocations=19 (full 3):
 PSYoungGen      total 260096K, used 260083K [0x00000000e0000000, 0x00000000f1380000, 0x0000000100000000)
  eden space 238080K, 100% used [0x00000000e0000000,0x00000000ee880000,0x00000000ee880000)
  from space 22016K, 99% used [0x00000000ee880000,0x00000000efdfcd00,0x00000000efe00000)
  to   space 18944K, 0% used [0x00000000f0100000,0x00000000f0100000,0x00000000f1380000)
 ParOldGen       total 92160K, used 70872K [0x00000000a0000000, 0x00000000a5a00000, 0x00000000e0000000)
  object space 92160K, 76% used [0x00000000a0000000,0x00000000a4536318,0x00000000a5a00000)
 Metaspace       used 76710K, capacity 79786K, committed 79960K, reserved 1118208K
  class space    used 10342K, capacity 11064K, committed 11096K, reserved 1048576K
Event: 43.591 GC heap after
Heap after GC invocations=19 (full 3):
 PSYoungGen      total 260096K, used 260083K [0x00000000e0000000, 0x00000000f1380000, 0x0000000100000000)
  eden space 238080K, 100% used [0x00000000e0000000,0x00000000ee880000,0x00000000ee880000)
  from space 22016K, 99% used [0x00000000ee880000,0x00000000efdfcd00,0x00000000efe00000)
  to   space 18944K, 99% used [0x00000000f0100000,0x00000000f137cad0,0x00000000f1380000)
 ParOldGen       total 136704K, used 136697K [0x00000000a0000000, 0x00000000a8580000, 0x00000000e0000000)
  object space 136704K, 99% used [0x00000000a0000000,0x00000000a857e4c8,0x00000000a8580000)
 Metaspace       used 76710K, capacity 79786K, committed 79960K, reserved 1118208K
  class space    used 10342K, capacity 11064K, committed 11096K, reserved 1048576K
}
Event: 43.591 GC heap before
{Heap before GC invocations=20 (full 4):
 PSYoungGen      total 260096K, used 260083K [0x00000000e0000000, 0x00000000f1380000, 0x0000000100000000)
  eden space 238080K, 100% used [0x00000000e0000000,0x00000000ee880000,0x00000000ee880000)
  from space 22016K, 99% used [0x00000000ee880000,0x00000000efdfcd00,0x00000000efe00000)
  to   space 18944K, 99% used [0x00000000f0100000,0x00000000f137cad0,0x00000000f1380000)
 ParOldGen       total 136704K, used 136697K [0x00000000a0000000, 0x00000000a8580000, 0x00000000e0000000)
  object space 136704K, 99% used [0x00000000a0000000,0x00000000a857e4c8,0x00000000a8580000)
 Metaspace       used 76710K, capacity 79786K, committed 79960K, reserved 1118208K
  class space    used 10342K, capacity 11064K, committed 11096K, reserved 1048576K
Event: 45.564 GC heap after
Heap after GC invocations=20 (full 4):
 PSYoungGen      total 260096K, used 0K [0x00000000e0000000, 0x00000000f1380000, 0x0000000100000000)
  eden space 238080K, 0% used [0x00000000e0000000,0x00000000e0000000,0x00000000ee880000)
  from space 22016K, 0% used [0x00000000ee880000,0x00000000ee880000,0x00000000efe00000)
  to   space 18944K, 67% used [0x00000000f0100000,0x00000000f0d73f88,0x00000000f1380000)
 ParOldGen       total 136704K, used 136605K [0x00000000a0000000, 0x00000000a8580000, 0x00000000e0000000)
  object space 136704K, 99% used [0x00000000a0000000,0x00000000a8567568,0x00000000a8580000)
 Metaspace       used 76091K, capacity 79134K, committed 79960K, reserved 1118208K
  class space    used 10277K, capacity 10992K, committed 11096K, reserved 1048576K
}

