# JRE version: OpenJDK Runtime Environment (8.0_212-b04) (build 1.8.0_212-release-1586-b04)
# Java VM: OpenJDK 64-Bit Server VM (25.212-b04 mixed mode windows-amd64 compressed oops)
Heap:
 PSYoungGen      total 412672K, used 361785K [0x00000000e0000000, 0x00000000fd580000, 0x0000000100000000)
  eden space 350208K, 92% used [0x00000000e0000000,0x00000000f3bac9a0,0x00000000f5600000)
  from space 62464K, 61% used [0x00000000f9480000,0x00000000fba21ab8,0x00000000fd180000)
  to   space 64000K, 0% used [0x00000000f5600000,0x00000000f5600000,0x00000000f9480000)
 ParOldGen       total 132096K, used 77228K [0x00000000a0000000, 0x00000000a8100000, 0x00000000e0000000)
  object space 132096K, 58% used [0x00000000a0000000,0x00000000a4b6b288,0x00000000a8100000)
 Metaspace       used 94679K, capacity 98820K, committed 99072K, reserved 1134592K
  class space    used 12037K, capacity 12933K, committed 13056K, reserved 1048576K
GC Heap History (10 events):
Event: 220.293 GC heap before
{Heap before GC invocations=24 (full 5):
 PSYoungGen      total 308736K, used 42483K [0x00000000e0000000, 0x00000000fc880000, 0x0000000100000000)
  eden space 266240K, 0% used [0x00000000e0000000,0x00000000e0000000,0x00000000f0400000)
  from space 42496K, 99% used [0x00000000f0400000,0x00000000f2d7ce90,0x00000000f2d80000)
  to   space 69120K, 0% used [0x00000000f8500000,0x00000000f8500000,0x00000000fc880000)
 ParOldGen       total 132096K, used 121925K [0x00000000a0000000, 0x00000000a8100000, 0x00000000e0000000)
  object space 132096K, 92% used [0x00000000a0000000,0x00000000a77114b0,0x00000000a8100000)
 Metaspace       used 88517K, capacity 91934K, committed 92288K, reserved 1130496K
  class space    used 11304K, capacity 12060K, committed 12160K, reserved 1048576K
Event: 222.273 GC heap after
Heap after GC invocations=24 (full 5):
 PSYoungGen      total 308736K, used 11746K [0x00000000e0000000, 0x00000000fc880000, 0x0000000100000000)
  eden space 266240K, 0% used [0x00000000e0000000,0x00000000e0000000,0x00000000f0400000)
  from space 42496K, 27% used [0x00000000f0400000,0x00000000f0f78ad0,0x00000000f2d80000)
  to   space 69120K, 0% used [0x00000000f8500000,0x00000000f8500000,0x00000000fc880000)
 ParOldGen       total 132096K, used 131796K [0x00000000a0000000, 0x00000000a8100000, 0x00000000e0000000)
  object space 132096K, 99% used [0x00000000a0000000,0x00000000a80b5208,0x00000000a8100000)
 Metaspace       used 88201K, capacity 91530K, committed 92288K, reserved 1130496K
  class space    used 11263K, capacity 12010K, committed 12160K, reserved 1048576K
}
Event: 228.178 GC heap before
{Heap before GC invocations=25 (full 6):
 PSYoungGen      total 308736K, used 277986K [0x00000000e0000000, 0x00000000fc880000, 0x0000000100000000)
  eden space 266240K, 100% used [0x00000000e0000000,0x00000000f0400000,0x00000000f0400000)
  from space 42496K, 27% used [0x00000000f0400000,0x00000000f0f78ad0,0x00000000f2d80000)
  to   space 69120K, 0% used [0x00000000f8500000,0x00000000f8500000,0x00000000fc880000)
 ParOldGen       total 132096K, used 131796K [0x00000000a0000000, 0x00000000a8100000, 0x00000000e0000000)
  object space 132096K, 99% used [0x00000000a0000000,0x00000000a80b5208,0x00000000a8100000)
 Metaspace       used 91269K, capacity 94940K, committed 95104K, reserved 1132544K
  class space    used 11769K, capacity 12555K, committed 12672K, reserved 1048576K
Event: 228.582 GC heap after
Heap after GC invocations=25 (full 6):
 PSYoungGen      total 308736K, used 0K [0x00000000e0000000, 0x00000000fc880000, 0x0000000100000000)
  eden space 266240K, 0% used [0x00000000e0000000,0x00000000e0000000,0x00000000f0400000)
  from space 42496K, 0% used [0x00000000f0400000,0x00000000f0400000,0x00000000f2d80000)
  to   space 69120K, 0% used [0x00000000f8500000,0x00000000f8500000,0x00000000fc880000)
 ParOldGen       total 132096K, used 77212K [0x00000000a0000000, 0x00000000a8100000, 0x00000000e0000000)
  object space 132096K, 58% used [0x00000000a0000000,0x00000000a4b67288,0x00000000a8100000)
 Metaspace       used 91269K, capacity 94940K, committed 95104K, reserved 1132544K
  class space    used 11769K, capacity 12555K, committed 12672K, reserved 1048576K
}
Event: 553.152 GC heap before
{Heap before GC invocations=26 (full 6):
 PSYoungGen      total 308736K, used 266240K [0x00000000e0000000, 0x00000000fc880000, 0x0000000100000000)
  eden space 266240K, 100% used [0x00000000e0000000,0x00000000f0400000,0x00000000f0400000)
  from space 42496K, 0% used [0x00000000f0400000,0x00000000f0400000,0x00000000f2d80000)
  to   space 69120K, 0% used [0x00000000f8500000,0x00000000f8500000,0x00000000fc880000)
 ParOldGen       total 132096K, used 77212K [0x00000000a0000000, 0x00000000a8100000, 0x00000000e0000000)
  object space 132096K, 58% used [0x00000000a0000000,0x00000000a4b67288,0x00000000a8100000)
 Metaspace       used 92137K, capacity 95856K, committed 96128K, reserved 1132544K
  class space    used 11807K, capacity 12591K, committed 12672K, reserved 1048576K
Event: 553.223 GC heap after
Heap after GC invocations=26 (full 6):
 PSYoungGen      total 350208K, used 24061K [0x00000000e0000000, 0x00000000fac80000, 0x0000000100000000)
  eden space 309760K, 0% used [0x00000000e0000000,0x00000000e0000000,0x00000000f2e80000)
  from space 40448K, 59% used [0x00000000f8500000,0x00000000f9c7f628,0x00000000fac80000)
  to   space 64512K, 0% used [0x00000000f2e80000,0x00000000f2e80000,0x00000000f6d80000)
 ParOldGen       total 132096K, used 77220K [0x00000000a0000000, 0x00000000a8100000, 0x00000000e0000000)
  object space 132096K, 58% used [0x00000000a0000000,0x00000000a4b69288,0x00000000a8100000)
 Metaspace       used 92137K, capacity 95856K, committed 96128K, reserved 1132544K
  class space    used 11807K, capacity 12591K, committed 12672K, reserved 1048576K
}
Event: 1457.029 GC heap before
{Heap before GC invocations=27 (full 6):
 PSYoungGen      total 350208K, used 333821K [0x00000000e0000000, 0x00000000fac80000, 0x0000000100000000)
  eden space 309760K, 100% used [0x00000000e0000000,0x00000000f2e80000,0x00000000f2e80000)
  from space 40448K, 59% used [0x00000000f8500000,0x00000000f9c7f628,0x00000000fac80000)
  to   space 64512K, 0% used [0x00000000f2e80000,0x00000000f2e80000,0x00000000f6d80000)
 ParOldGen       total 132096K, used 77220K [0x00000000a0000000, 0x00000000a8100000, 0x00000000e0000000)
  object space 132096K, 58% used [0x00000000a0000000,0x00000000a4b69288,0x00000000a8100000)
 Metaspace       used 92935K, capacity 96846K, committed 97024K, reserved 1134592K
  class space    used 11868K, capacity 12690K, committed 12800K, reserved 1048576K
Event: 1457.072 GC heap after
Heap after GC invocations=27 (full 6):
 PSYoungGen      total 374272K, used 14340K [0x00000000e0000000, 0x00000000fd180000, 0x0000000100000000)
  eden space 309760K, 0% used [0x00000000e0000000,0x00000000e0000000,0x00000000f2e80000)
  from space 64512K, 22% used [0x00000000f2e80000,0x00000000f3c81350,0x00000000f6d80000)
  to   space 62464K, 0% used [0x00000000f9480000,0x00000000f9480000,0x00000000fd180000)
 ParOldGen       total 132096K, used 77228K [0x00000000a0000000, 0x00000000a8100000, 0x00000000e0000000)
  object space 132096K, 58% used [0x00000000a0000000,0x00000000a4b6b288,0x00000000a8100000)
 Metaspace       used 92935K, capacity 96846K, committed 97024K, reserved 1134592K
  class space    used 11868K, capacity 12690K, committed 12800K, reserved 1048576K
}
Event: 1463.171 GC heap before
{Heap before GC invocations=28 (full 6):
 PSYoungGen      total 374272K, used 324100K [0x00000000e0000000, 0x00000000fd180000, 0x0000000100000000)
  eden space 309760K, 100% used [0x00000000e0000000,0x00000000f2e80000,0x00000000f2e80000)
  from space 64512K, 22% used [0x00000000f2e80000,0x00000000f3c81350,0x00000000f6d80000)
  to   space 62464K, 0% used [0x00000000f9480000,0x00000000f9480000,0x00000000fd180000)
 ParOldGen       total 132096K, used 77228K [0x00000000a0000000, 0x00000000a8100000, 0x00000000e0000000)
  object space 132096K, 58% used [0x00000000a0000000,0x00000000a4b6b288,0x00000000a8100000)
 Metaspace       used 94244K, capacity 98346K, committed 98432K, reserved 1134592K
  class space    used 11995K, capacity 12880K, committed 12928K, reserved 1048576K
Event: 1463.328 GC heap after
Heap after GC invocations=28 (full 6):
 PSYoungGen      total 412672K, used 38534K [0x00000000e0000000, 0x00000000fd580000, 0x0000000100000000)
  eden space 350208K, 0% used [0x00000000e0000000,0x00000000e0000000,0x00000000f5600000)
  from space 62464K, 61% used [0x00000000f9480000,0x00000000fba21ab8,0x00000000fd180000)
  to   space 64000K, 0% used [0x00000000f5600000,0x00000000f5600000,0x00000000f9480000)
 ParOldGen       total 132096K, used 77228K [0x00000000a0000000, 0x00000000a8100000, 0x00000000e0000000)
  object space 132096K, 58% used [0x00000000a0000000,0x00000000a4b6b288,0x00000000a8100000)
 Metaspace       used 94244K, capacity 98346K, committed 98432K, reserved 1134592K
  class space    used 11995K, capacity 12880K, committed 12928K, reserved 1048576K
}

