# JRE version: OpenJDK Runtime Environment (8.0_212-b04) (build 1.8.0_212-release-1586-b04)
# Java VM: OpenJDK 64-Bit Server VM (25.212-b04 mixed mode windows-amd64 compressed oops)
Heap:
 PSYoungGen      total 266752K, used 266736K [0x00000000e0000000, 0x00000000f1a00000, 0x0000000100000000)
  eden space 244736K, 100% used [0x00000000e0000000,0x00000000eef00000,0x00000000eef00000)
  from space 22016K, 99% used [0x00000000eef00000,0x00000000f047c188,0x00000000f0480000)
  to   space 18432K, 99% used [0x00000000f0800000,0x00000000f19feb20,0x00000000f1a00000)
 ParOldGen       total 118272K, used 118266K [0x00000000a0000000, 0x00000000a7380000, 0x00000000e0000000)
  object space 118272K, 99% used [0x00000000a0000000,0x00000000a737ead0,0x00000000a7380000)
 Metaspace       used 76829K, capacity 79806K, committed 79960K, reserved 1118208K
  class space    used 10343K, capacity 11064K, committed 11096K, reserved 1048576K
GC Heap History (10 events):
Event: 21.723 GC heap after
Heap after GC invocations=14 (full 2):
 PSYoungGen      total 223232K, used 13511K [0x00000000e0000000, 0x00000000ef180000, 0x0000000100000000)
  eden space 205312K, 0% used [0x00000000e0000000,0x00000000e0000000,0x00000000ec880000)
  from space 17920K, 75% used [0x00000000edb00000,0x00000000ee831ce0,0x00000000eec80000)
  to   space 18944K, 0% used [0x00000000ec880000,0x00000000ec880000,0x00000000edb00000)
 ParOldGen       total 54272K, used 34819K [0x00000000a0000000, 0x00000000a3500000, 0x00000000e0000000)
  object space 54272K, 64% used [0x00000000a0000000,0x00000000a2200c08,0x00000000a3500000)
 Metaspace       used 57201K, capacity 58986K, committed 59096K, reserved 1099776K
  class space    used 7847K, capacity 8322K, committed 8408K, reserved 1048576K
}
Event: 21.723 GC heap before
{Heap before GC invocations=15 (full 3):
 PSYoungGen      total 223232K, used 13511K [0x00000000e0000000, 0x00000000ef180000, 0x0000000100000000)
  eden space 205312K, 0% used [0x00000000e0000000,0x00000000e0000000,0x00000000ec880000)
  from space 17920K, 75% used [0x00000000edb00000,0x00000000ee831ce0,0x00000000eec80000)
  to   space 18944K, 0% used [0x00000000ec880000,0x00000000ec880000,0x00000000edb00000)
 ParOldGen       total 54272K, used 34819K [0x00000000a0000000, 0x00000000a3500000, 0x00000000e0000000)
  object space 54272K, 64% used [0x00000000a0000000,0x00000000a2200c08,0x00000000a3500000)
 Metaspace       used 57201K, capacity 58986K, committed 59096K, reserved 1099776K
  class space    used 7847K, capacity 8322K, committed 8408K, reserved 1048576K
Event: 22.324 GC heap after
Heap after GC invocations=15 (full 3):
 PSYoungGen      total 223232K, used 0K [0x00000000e0000000, 0x00000000ef180000, 0x0000000100000000)
  eden space 205312K, 0% used [0x00000000e0000000,0x00000000e0000000,0x00000000ec880000)
  from space 17920K, 0% used [0x00000000edb00000,0x00000000edb00000,0x00000000eec80000)
  to   space 18944K, 0% used [0x00000000ec880000,0x00000000ec880000,0x00000000edb00000)
 ParOldGen       total 92160K, used 38005K [0x00000000a0000000, 0x00000000a5a00000, 0x00000000e0000000)
  object space 92160K, 41% used [0x00000000a0000000,0x00000000a251d720,0x00000000a5a00000)
 Metaspace       used 57201K, capacity 58986K, committed 59096K, reserved 1099776K
  class space    used 7847K, capacity 8322K, committed 8408K, reserved 1048576K
}
Event: 29.299 GC heap before
{Heap before GC invocations=16 (full 3):
 PSYoungGen      total 223232K, used 205312K [0x00000000e0000000, 0x00000000ef180000, 0x0000000100000000)
  eden space 205312K, 100% used [0x00000000e0000000,0x00000000ec880000,0x00000000ec880000)
  from space 17920K, 0% used [0x00000000edb00000,0x00000000edb00000,0x00000000eec80000)
  to   space 18944K, 0% used [0x00000000ec880000,0x00000000ec880000,0x00000000edb00000)
 ParOldGen       total 92160K, used 38005K [0x00000000a0000000, 0x00000000a5a00000, 0x00000000e0000000)
  object space 92160K, 41% used [0x00000000a0000000,0x00000000a251d720,0x00000000a5a00000)
 Metaspace       used 64132K, capacity 66350K, committed 66392K, reserved 1105920K
  class space    used 8705K, capacity 9298K, committed 9304K, reserved 1048576K
Event: 29.369 GC heap after
Heap after GC invocations=16 (full 3):
 PSYoungGen      total 224256K, used 18920K [0x00000000e0000000, 0x00000000f1e80000, 0x0000000100000000)
  eden space 205312K, 0% used [0x00000000e0000000,0x00000000e0000000,0x00000000ec880000)
  from space 18944K, 99% used [0x00000000ec880000,0x00000000edafa2a8,0x00000000edb00000)
  to   space 23040K, 0% used [0x00000000f0800000,0x00000000f0800000,0x00000000f1e80000)
 ParOldGen       total 92160K, used 41483K [0x00000000a0000000, 0x00000000a5a00000, 0x00000000e0000000)
  object space 92160K, 45% used [0x00000000a0000000,0x00000000a2882d50,0x00000000a5a00000)
 Metaspace       used 64132K, capacity 66350K, committed 66392K, reserved 1105920K
  class space    used 8705K, capacity 9298K, committed 9304K, reserved 1048576K
}
Event: 35.618 GC heap before
{Heap before GC invocations=17 (full 3):
 PSYoungGen      total 224256K, used 224232K [0x00000000e0000000, 0x00000000f1e80000, 0x0000000100000000)
  eden space 205312K, 100% used [0x00000000e0000000,0x00000000ec880000,0x00000000ec880000)
  from space 18944K, 99% used [0x00000000ec880000,0x00000000edafa2a8,0x00000000edb00000)
  to   space 23040K, 0% used [0x00000000f0800000,0x00000000f0800000,0x00000000f1e80000)
 ParOldGen       total 92160K, used 41515K [0x00000000a0000000, 0x00000000a5a00000, 0x00000000e0000000)
  object space 92160K, 45% used [0x00000000a0000000,0x00000000a288ad60,0x00000000a5a00000)
 Metaspace       used 67928K, capacity 70114K, committed 70232K, reserved 1110016K
  class space    used 9026K, capacity 9552K, committed 9560K, reserved 1048576K
Event: 35.688 GC heap after
Heap after GC invocations=17 (full 3):
 PSYoungGen      total 263168K, used 8159K [0x00000000e0000000, 0x00000000f1a00000, 0x0000000100000000)
  eden space 244736K, 0% used [0x00000000e0000000,0x00000000e0000000,0x00000000eef00000)
  from space 18432K, 44% used [0x00000000f0800000,0x00000000f0ff7f10,0x00000000f1a00000)
  to   space 22016K, 0% used [0x00000000eef00000,0x00000000eef00000,0x00000000f0480000)
 ParOldGen       total 92160K, used 58500K [0x00000000a0000000, 0x00000000a5a00000, 0x00000000e0000000)
  object space 92160K, 63% used [0x00000000a0000000,0x00000000a3921178,0x00000000a5a00000)
 Metaspace       used 67928K, capacity 70114K, committed 70232K, reserved 1110016K
  class space    used 9026K, capacity 9552K, committed 9560K, reserved 1048576K
}
Event: 38.401 GC heap before
{Heap before GC invocations=18 (full 3):
 PSYoungGen      total 263168K, used 252895K [0x00000000e0000000, 0x00000000f1a00000, 0x0000000100000000)
  eden space 244736K, 100% used [0x00000000e0000000,0x00000000eef00000,0x00000000eef00000)
  from space 18432K, 44% used [0x00000000f0800000,0x00000000f0ff7f10,0x00000000f1a00000)
  to   space 22016K, 0% used [0x00000000eef00000,0x00000000eef00000,0x00000000f0480000)
 ParOldGen       total 92160K, used 58582K [0x00000000a0000000, 0x00000000a5a00000, 0x00000000e0000000)
  object space 92160K, 63% used [0x00000000a0000000,0x00000000a3935a60,0x00000000a5a00000)
 Metaspace       used 71621K, capacity 73996K, committed 74200K, reserved 1114112K
  class space    used 9559K, capacity 10163K, committed 10200K, reserved 1048576K
Event: 38.518 GC heap after
Heap after GC invocations=18 (full 3):
 PSYoungGen      total 266752K, used 22000K [0x00000000e0000000, 0x00000000f1a00000, 0x0000000100000000)
  eden space 244736K, 0% used [0x00000000e0000000,0x00000000e0000000,0x00000000eef00000)
  from space 22016K, 99% used [0x00000000eef00000,0x00000000f047c188,0x00000000f0480000)
  to   space 18432K, 0% used [0x00000000f0800000,0x00000000f0800000,0x00000000f1a00000)
 ParOldGen       total 92160K, used 74251K [0x00000000a0000000, 0x00000000a5a00000, 0x00000000e0000000)
  object space 92160K, 80% used [0x00000000a0000000,0x00000000a4882c98,0x00000000a5a00000)
 Metaspace       used 71621K, capacity 73996K, committed 74200K, reserved 1114112K
  class space    used 9559K, capacity 10163K, committed 10200K, reserved 1048576K
}
Event: 44.250 GC heap before
{Heap before GC invocations=19 (full 3):
 PSYoungGen      total 266752K, used 266736K [0x00000000e0000000, 0x00000000f1a00000, 0x0000000100000000)
  eden space 244736K, 100% used [0x00000000e0000000,0x00000000eef00000,0x00000000eef00000)
  from space 22016K, 99% used [0x00000000eef00000,0x00000000f047c188,0x00000000f0480000)
  to   space 18432K, 0% used [0x00000000f0800000,0x00000000f0800000,0x00000000f1a00000)
 ParOldGen       total 92160K, used 74251K [0x00000000a0000000, 0x00000000a5a00000, 0x00000000e0000000)
  object space 92160K, 80% used [0x00000000a0000000,0x00000000a4882c98,0x00000000a5a00000)
 Metaspace       used 76829K, capacity 79806K, committed 79960K, reserved 1118208K
  class space    used 10343K, capacity 11064K, committed 11096K, reserved 1048576K

