# JRE version: OpenJDK Runtime Environment (8.0_212-b04) (build 1.8.0_212-release-1586-b04)
# Java VM: OpenJDK 64-Bit Server VM (25.212-b04 mixed mode windows-amd64 compressed oops)
Heap:
 PSYoungGen      total 313856K, used 169626K [0x00000000e0000000, 0x00000000fd480000, 0x0000000100000000)
  eden space 246272K, 68% used [0x00000000e0000000,0x00000000ea5a6a08,0x00000000ef080000)
  from space 67584K, 0% used [0x00000000ef080000,0x00000000ef080000,0x00000000f3280000)
  to   space 98304K, 0% used [0x00000000f7480000,0x00000000f7480000,0x00000000fd480000)
 ParOldGen       total 271360K, used 145134K [0x00000000a0000000, 0x00000000b0900000, 0x00000000e0000000)
  object space 271360K, 53% used [0x00000000a0000000,0x00000000a8dbbbf0,0x00000000b0900000)
 Metaspace       used 85675K, capacity 89079K, committed 89856K, reserved 1126400K
  class space    used 11341K, capacity 12123K, committed 12288K, reserved 1048576K
GC Heap History (10 events):
Event: 386.079 GC heap before
{Heap before GC invocations=20 (full 4):
 PSYoungGen      total 252928K, used 221411K [0x00000000e0000000, 0x00000000f4300000, 0x0000000100000000)
  eden space 206336K, 100% used [0x00000000e0000000,0x00000000ec980000,0x00000000ec980000)
  from space 46592K, 32% used [0x00000000ec980000,0x00000000ed838fe0,0x00000000ef700000)
  to   space 43520K, 0% used [0x00000000f1880000,0x00000000f1880000,0x00000000f4300000)
 ParOldGen       total 198656K, used 104716K [0x00000000a0000000, 0x00000000ac200000, 0x00000000e0000000)
  object space 198656K, 52% used [0x00000000a0000000,0x00000000a6643240,0x00000000ac200000)
 Metaspace       used 75066K, capacity 78037K, committed 78080K, reserved 1116160K
  class space    used 10098K, capacity 10734K, committed 10752K, reserved 1048576K
Event: 386.192 GC heap after
Heap after GC invocations=20 (full 4):
 PSYoungGen      total 280576K, used 40134K [0x00000000e0000000, 0x00000000f4880000, 0x0000000100000000)
  eden space 237056K, 0% used [0x00000000e0000000,0x00000000e0000000,0x00000000ee780000)
  from space 43520K, 92% used [0x00000000f1880000,0x00000000f3fb19b8,0x00000000f4300000)
  to   space 49664K, 0% used [0x00000000ee780000,0x00000000ee780000,0x00000000f1800000)
 ParOldGen       total 198656K, used 104724K [0x00000000a0000000, 0x00000000ac200000, 0x00000000e0000000)
  object space 198656K, 52% used [0x00000000a0000000,0x00000000a6645240,0x00000000ac200000)
 Metaspace       used 75066K, capacity 78037K, committed 78080K, reserved 1116160K
  class space    used 10098K, capacity 10734K, committed 10752K, reserved 1048576K
}
Event: 396.450 GC heap before
{Heap before GC invocations=21 (full 4):
 PSYoungGen      total 280576K, used 277190K [0x00000000e0000000, 0x00000000f4880000, 0x0000000100000000)
  eden space 237056K, 100% used [0x00000000e0000000,0x00000000ee780000,0x00000000ee780000)
  from space 43520K, 92% used [0x00000000f1880000,0x00000000f3fb19b8,0x00000000f4300000)
  to   space 49664K, 0% used [0x00000000ee780000,0x00000000ee780000,0x00000000f1800000)
 ParOldGen       total 198656K, used 104724K [0x00000000a0000000, 0x00000000ac200000, 0x00000000e0000000)
  object space 198656K, 52% used [0x00000000a0000000,0x00000000a6645240,0x00000000ac200000)
 Metaspace       used 83152K, capacity 86263K, committed 86528K, reserved 1124352K
  class space    used 10974K, capacity 11659K, committed 11776K, reserved 1048576K
Event: 396.600 GC heap after
Heap after GC invocations=21 (full 4):
 PSYoungGen      total 286720K, used 39205K [0x00000000e0000000, 0x00000000f6780000, 0x0000000100000000)
  eden space 237056K, 0% used [0x00000000e0000000,0x00000000e0000000,0x00000000ee780000)
  from space 49664K, 78% used [0x00000000ee780000,0x00000000f0dc9758,0x00000000f1800000)
  to   space 54272K, 0% used [0x00000000f3280000,0x00000000f3280000,0x00000000f6780000)
 ParOldGen       total 198656K, used 104732K [0x00000000a0000000, 0x00000000ac200000, 0x00000000e0000000)
  object space 198656K, 52% used [0x00000000a0000000,0x00000000a6647240,0x00000000ac200000)
 Metaspace       used 83152K, capacity 86263K, committed 86528K, reserved 1124352K
  class space    used 10974K, capacity 11659K, committed 11776K, reserved 1048576K
}
Event: 400.352 GC heap before
{Heap before GC invocations=22 (full 4):
 PSYoungGen      total 286720K, used 276261K [0x00000000e0000000, 0x00000000f6780000, 0x0000000100000000)
  eden space 237056K, 100% used [0x00000000e0000000,0x00000000ee780000,0x00000000ee780000)
  from space 49664K, 78% used [0x00000000ee780000,0x00000000f0dc9758,0x00000000f1800000)
  to   space 54272K, 0% used [0x00000000f3280000,0x00000000f3280000,0x00000000f6780000)
 ParOldGen       total 198656K, used 104732K [0x00000000a0000000, 0x00000000ac200000, 0x00000000e0000000)
  object space 198656K, 52% used [0x00000000a0000000,0x00000000a6647240,0x00000000ac200000)
 Metaspace       used 85495K, capacity 88839K, committed 88960K, reserved 1126400K
  class space    used 11328K, capacity 12115K, committed 12160K, reserved 1048576K
Event: 400.560 GC heap after
Heap after GC invocations=22 (full 4):
 PSYoungGen      total 300544K, used 54247K [0x00000000e0000000, 0x00000000f8800000, 0x0000000100000000)
  eden space 246272K, 0% used [0x00000000e0000000,0x00000000e0000000,0x00000000ef080000)
  from space 54272K, 99% used [0x00000000f3280000,0x00000000f6779ea0,0x00000000f6780000)
  to   space 67584K, 0% used [0x00000000ef080000,0x00000000ef080000,0x00000000f3280000)
 ParOldGen       total 198656K, used 116063K [0x00000000a0000000, 0x00000000ac200000, 0x00000000e0000000)
  object space 198656K, 58% used [0x00000000a0000000,0x00000000a7157c60,0x00000000ac200000)
 Metaspace       used 85495K, capacity 88839K, committed 88960K, reserved 1126400K
  class space    used 11328K, capacity 12115K, committed 12160K, reserved 1048576K
}
Event: 406.842 GC heap before
{Heap before GC invocations=23 (full 4):
 PSYoungGen      total 300544K, used 300459K [0x00000000e0000000, 0x00000000f8800000, 0x0000000100000000)
  eden space 246272K, 99% used [0x00000000e0000000,0x00000000ef070fd0,0x00000000ef080000)
  from space 54272K, 99% used [0x00000000f3280000,0x00000000f6779ea0,0x00000000f6780000)
  to   space 67584K, 0% used [0x00000000ef080000,0x00000000ef080000,0x00000000f3280000)
 ParOldGen       total 198656K, used 116063K [0x00000000a0000000, 0x00000000ac200000, 0x00000000e0000000)
  object space 198656K, 58% used [0x00000000a0000000,0x00000000a7157c60,0x00000000ac200000)
 Metaspace       used 86279K, capacity 89719K, committed 89856K, reserved 1126400K
  class space    used 11404K, capacity 12193K, committed 12288K, reserved 1048576K
Event: 407.261 GC heap after
Heap after GC invocations=23 (full 4):
 PSYoungGen      total 313856K, used 67578K [0x00000000e0000000, 0x00000000fd480000, 0x0000000100000000)
  eden space 246272K, 0% used [0x00000000e0000000,0x00000000e0000000,0x00000000ef080000)
  from space 67584K, 99% used [0x00000000ef080000,0x00000000f327e938,0x00000000f3280000)
  to   space 98304K, 0% used [0x00000000f7480000,0x00000000f7480000,0x00000000fd480000)
 ParOldGen       total 198656K, used 168218K [0x00000000a0000000, 0x00000000ac200000, 0x00000000e0000000)
  object space 198656K, 84% used [0x00000000a0000000,0x00000000aa446ae0,0x00000000ac200000)
 Metaspace       used 86279K, capacity 89719K, committed 89856K, reserved 1126400K
  class space    used 11404K, capacity 12193K, committed 12288K, reserved 1048576K
}
Event: 407.261 GC heap before
{Heap before GC invocations=24 (full 5):
 PSYoungGen      total 313856K, used 67578K [0x00000000e0000000, 0x00000000fd480000, 0x0000000100000000)
  eden space 246272K, 0% used [0x00000000e0000000,0x00000000e0000000,0x00000000ef080000)
  from space 67584K, 99% used [0x00000000ef080000,0x00000000f327e938,0x00000000f3280000)
  to   space 98304K, 0% used [0x00000000f7480000,0x00000000f7480000,0x00000000fd480000)
 ParOldGen       total 198656K, used 168218K [0x00000000a0000000, 0x00000000ac200000, 0x00000000e0000000)
  object space 198656K, 84% used [0x00000000a0000000,0x00000000aa446ae0,0x00000000ac200000)
 Metaspace       used 86279K, capacity 89719K, committed 89856K, reserved 1126400K
  class space    used 11404K, capacity 12193K, committed 12288K, reserved 1048576K
Event: 409.373 GC heap after
Heap after GC invocations=24 (full 5):
 PSYoungGen      total 313856K, used 0K [0x00000000e0000000, 0x00000000fd480000, 0x0000000100000000)
  eden space 246272K, 0% used [0x00000000e0000000,0x00000000e0000000,0x00000000ef080000)
  from space 67584K, 0% used [0x00000000ef080000,0x00000000ef080000,0x00000000f3280000)
  to   space 98304K, 0% used [0x00000000f7480000,0x00000000f7480000,0x00000000fd480000)
 ParOldGen       total 271360K, used 145134K [0x00000000a0000000, 0x00000000b0900000, 0x00000000e0000000)
  object space 271360K, 53% used [0x00000000a0000000,0x00000000a8dbbbf0,0x00000000b0900000)
 Metaspace       used 85661K, capacity 89067K, committed 89856K, reserved 1126400K
  class space    used 11340K, capacity 12121K, committed 12288K, reserved 1048576K
}

