# JRE version: OpenJDK Runtime Environment (8.0_212-b04) (build 1.8.0_212-release-1586-b04)
# Java VM: OpenJDK 64-Bit Server VM (25.212-b04 mixed mode windows-amd64 compressed oops)
Heap:
 PSYoungGen      total 254976K, used 63584K [0x00000000e0000000, 0x00000000f3180000, 0x0000000100000000)
  eden space 224256K, 28% used [0x00000000e0000000,0x00000000e3e18350,0x00000000edb00000)
  from space 30720K, 0% used [0x00000000edb00000,0x00000000edb00000,0x00000000ef900000)
  to   space 20480K, 0% used [0x00000000ef900000,0x00000000ef900000,0x00000000f0d00000)
 ParOldGen       total 100352K, used 72778K [0x00000000a0000000, 0x00000000a6200000, 0x00000000e0000000)
  object space 100352K, 72% used [0x00000000a0000000,0x00000000a4712af8,0x00000000a6200000)
 Metaspace       used 78470K, capacity 81750K, committed 82008K, reserved 1120256K
  class space    used 10553K, capacity 11272K, committed 11352K, reserved 1048576K
GC Heap History (10 events):
Event: 31.296 GC heap before
{Heap before GC invocations=17 (full 3):
 PSYoungGen      total 217088K, used 213112K [0x00000000e0000000, 0x00000000f0d00000, 0x0000000100000000)
  eden space 198144K, 100% used [0x00000000e0000000,0x00000000ec180000,0x00000000ec180000)
  from space 18944K, 79% used [0x00000000ec180000,0x00000000ed01e3a8,0x00000000ed400000)
  to   space 20480K, 0% used [0x00000000ef900000,0x00000000ef900000,0x00000000f0d00000)
 ParOldGen       total 92672K, used 37257K [0x00000000a0000000, 0x00000000a5a80000, 0x00000000e0000000)
  object space 92672K, 40% used [0x00000000a0000000,0x00000000a2462728,0x00000000a5a80000)
 Metaspace       used 59888K, capacity 61890K, committed 61912K, reserved 1101824K
  class space    used 8148K, capacity 8652K, committed 8664K, reserved 1048576K
Event: 31.418 GC heap after
Heap after GC invocations=17 (full 3):
 PSYoungGen      total 244736K, used 20464K [0x00000000e0000000, 0x00000000f3180000, 0x0000000100000000)
  eden space 224256K, 0% used [0x00000000e0000000,0x00000000e0000000,0x00000000edb00000)
  from space 20480K, 99% used [0x00000000ef900000,0x00000000f0cfc078,0x00000000f0d00000)
  to   space 30720K, 0% used [0x00000000edb00000,0x00000000edb00000,0x00000000ef900000)
 ParOldGen       total 92672K, used 55974K [0x00000000a0000000, 0x00000000a5a80000, 0x00000000e0000000)
  object space 92672K, 60% used [0x00000000a0000000,0x00000000a36a9840,0x00000000a5a80000)
 Metaspace       used 59888K, capacity 61890K, committed 61912K, reserved 1101824K
  class space    used 8148K, capacity 8652K, committed 8664K, reserved 1048576K
}
Event: 36.554 GC heap before
{Heap before GC invocations=18 (full 3):
 PSYoungGen      total 244736K, used 244720K [0x00000000e0000000, 0x00000000f3180000, 0x0000000100000000)
  eden space 224256K, 100% used [0x00000000e0000000,0x00000000edb00000,0x00000000edb00000)
  from space 20480K, 99% used [0x00000000ef900000,0x00000000f0cfc078,0x00000000f0d00000)
  to   space 30720K, 0% used [0x00000000edb00000,0x00000000edb00000,0x00000000ef900000)
 ParOldGen       total 92672K, used 55974K [0x00000000a0000000, 0x00000000a5a80000, 0x00000000e0000000)
  object space 92672K, 60% used [0x00000000a0000000,0x00000000a36a9840,0x00000000a5a80000)
 Metaspace       used 68780K, capacity 71702K, committed 71896K, reserved 1112064K
  class space    used 9490K, capacity 10142K, committed 10200K, reserved 1048576K
Event: 36.722 GC heap after
Heap after GC invocations=18 (full 3):
 PSYoungGen      total 254976K, used 30705K [0x00000000e0000000, 0x00000000f3180000, 0x0000000100000000)
  eden space 224256K, 0% used [0x00000000e0000000,0x00000000e0000000,0x00000000edb00000)
  from space 30720K, 99% used [0x00000000edb00000,0x00000000ef8fc6b0,0x00000000ef900000)
  to   space 20480K, 0% used [0x00000000ef900000,0x00000000ef900000,0x00000000f0d00000)
 ParOldGen       total 100352K, used 100282K [0x00000000a0000000, 0x00000000a6200000, 0x00000000e0000000)
  object space 100352K, 99% used [0x00000000a0000000,0x00000000a61ee810,0x00000000a6200000)
 Metaspace       used 68780K, capacity 71702K, committed 71896K, reserved 1112064K
  class space    used 9490K, capacity 10142K, committed 10200K, reserved 1048576K
}
Event: 36.722 GC heap before
{Heap before GC invocations=19 (full 4):
 PSYoungGen      total 254976K, used 30705K [0x00000000e0000000, 0x00000000f3180000, 0x0000000100000000)
  eden space 224256K, 0% used [0x00000000e0000000,0x00000000e0000000,0x00000000edb00000)
  from space 30720K, 99% used [0x00000000edb00000,0x00000000ef8fc6b0,0x00000000ef900000)
  to   space 20480K, 0% used [0x00000000ef900000,0x00000000ef900000,0x00000000f0d00000)
 ParOldGen       total 100352K, used 100282K [0x00000000a0000000, 0x00000000a6200000, 0x00000000e0000000)
  object space 100352K, 99% used [0x00000000a0000000,0x00000000a61ee810,0x00000000a6200000)
 Metaspace       used 68780K, capacity 71702K, committed 71896K, reserved 1112064K
  class space    used 9490K, capacity 10142K, committed 10200K, reserved 1048576K
Event: 37.867 GC heap after
Heap after GC invocations=19 (full 4):
 PSYoungGen      total 254976K, used 6114K [0x00000000e0000000, 0x00000000f3180000, 0x0000000100000000)
  eden space 224256K, 0% used [0x00000000e0000000,0x00000000e0000000,0x00000000edb00000)
  from space 30720K, 19% used [0x00000000edb00000,0x00000000ee0f8950,0x00000000ef900000)
  to   space 20480K, 0% used [0x00000000ef900000,0x00000000ef900000,0x00000000f0d00000)
 ParOldGen       total 100352K, used 100251K [0x00000000a0000000, 0x00000000a6200000, 0x00000000e0000000)
  object space 100352K, 99% used [0x00000000a0000000,0x00000000a61e6ea0,0x00000000a6200000)
 Metaspace       used 68780K, capacity 71702K, committed 71896K, reserved 1112064K
  class space    used 9490K, capacity 10142K, committed 10200K, reserved 1048576K
}
Event: 41.619 GC heap before
{Heap before GC invocations=20 (full 5):
 PSYoungGen      total 254976K, used 230370K [0x00000000e0000000, 0x00000000f3180000, 0x0000000100000000)
  eden space 224256K, 100% used [0x00000000e0000000,0x00000000edb00000,0x00000000edb00000)
  from space 30720K, 19% used [0x00000000edb00000,0x00000000ee0f8950,0x00000000ef900000)
  to   space 20480K, 0% used [0x00000000ef900000,0x00000000ef900000,0x00000000f0d00000)
 ParOldGen       total 100352K, used 100251K [0x00000000a0000000, 0x00000000a6200000, 0x00000000e0000000)
  object space 100352K, 99% used [0x00000000a0000000,0x00000000a61e6ea0,0x00000000a6200000)
 Metaspace       used 69018K, capacity 72010K, committed 72152K, reserved 1112064K
  class space    used 9492K, capacity 10144K, committed 10200K, reserved 1048576K
Event: 43.217 GC heap after
Heap after GC invocations=20 (full 5):
 PSYoungGen      total 254976K, used 52263K [0x00000000e0000000, 0x00000000f3180000, 0x0000000100000000)
  eden space 224256K, 23% used [0x00000000e0000000,0x00000000e3309dd0,0x00000000edb00000)
  from space 30720K, 0% used [0x00000000edb00000,0x00000000edb00000,0x00000000ef900000)
  to   space 20480K, 0% used [0x00000000ef900000,0x00000000ef900000,0x00000000f0d00000)
 ParOldGen       total 100352K, used 100263K [0x00000000a0000000, 0x00000000a6200000, 0x00000000e0000000)
  object space 100352K, 99% used [0x00000000a0000000,0x00000000a61e9f58,0x00000000a6200000)
 Metaspace       used 69018K, capacity 72010K, committed 72152K, reserved 1112064K
  class space    used 9492K, capacity 10144K, committed 10200K, reserved 1048576K
}
Event: 47.926 GC heap before
{Heap before GC invocations=21 (full 6):
 PSYoungGen      total 254976K, used 224256K [0x00000000e0000000, 0x00000000f3180000, 0x0000000100000000)
  eden space 224256K, 100% used [0x00000000e0000000,0x00000000edb00000,0x00000000edb00000)
  from space 30720K, 0% used [0x00000000edb00000,0x00000000edb00000,0x00000000ef900000)
  to   space 20480K, 0% used [0x00000000ef900000,0x00000000ef900000,0x00000000f0d00000)
 ParOldGen       total 100352K, used 100263K [0x00000000a0000000, 0x00000000a6200000, 0x00000000e0000000)
  object space 100352K, 99% used [0x00000000a0000000,0x00000000a61e9f58,0x00000000a6200000)
 Metaspace       used 74498K, capacity 77642K, committed 77784K, reserved 1116160K
  class space    used 10281K, capacity 10960K, committed 10968K, reserved 1048576K
Event: 48.258 GC heap after
Heap after GC invocations=21 (full 6):
 PSYoungGen      total 254976K, used 0K [0x00000000e0000000, 0x00000000f3180000, 0x0000000100000000)
  eden space 224256K, 0% used [0x00000000e0000000,0x00000000e0000000,0x00000000edb00000)
  from space 30720K, 0% used [0x00000000edb00000,0x00000000edb00000,0x00000000ef900000)
  to   space 20480K, 0% used [0x00000000ef900000,0x00000000ef900000,0x00000000f0d00000)
 ParOldGen       total 100352K, used 72778K [0x00000000a0000000, 0x00000000a6200000, 0x00000000e0000000)
  object space 100352K, 72% used [0x00000000a0000000,0x00000000a4712af8,0x00000000a6200000)
 Metaspace       used 74498K, capacity 77642K, committed 77784K, reserved 1116160K
  class space    used 10281K, capacity 10960K, committed 10968K, reserved 1048576K
}

