# JRE version: OpenJDK Runtime Environment (8.0_212-b04) (build 1.8.0_212-release-1586-b04)
# Java VM: OpenJDK 64-Bit Server VM (25.212-b04 mixed mode windows-amd64 compressed oops)
Heap:
 PSYoungGen      total 65536K, used 5455K [0x00000000e0000000, 0x00000000e6300000, 0x0000000100000000)
  eden space 58880K, 2% used [0x00000000e0000000,0x00000000e0133610,0x00000000e3980000)
  from space 6656K, 63% used [0x00000000e4180000,0x00000000e45a0870,0x00000000e4800000)
  to   space 8192K, 0% used [0x00000000e3980000,0x00000000e3980000,0x00000000e4180000)
 ParOldGen       total 33280K, used 16102K [0x00000000a0000000, 0x00000000a2080000, 0x00000000e0000000)
  object space 33280K, 48% used [0x00000000a0000000,0x00000000a0fb9ad0,0x00000000a2080000)
 Metaspace       used 34074K, capacity 34650K, committed 34816K, reserved 1079296K
  class space    used 4654K, capacity 4854K, committed 4864K, reserved 1048576K
GC Heap History (10 events):
Event: 11.641 GC heap before
{Heap before GC invocations=9 (full 0):
 PSYoungGen      total 66560K, used 42293K [0x00000000e0000000, 0x00000000e4900000, 0x0000000100000000)
  eden space 59904K, 61% used [0x00000000e0000000,0x00000000e23fd038,0x00000000e3a80000)
  from space 6656K, 81% used [0x00000000e4180000,0x00000000e46d0530,0x00000000e4800000)
  to   space 7168K, 0% used [0x00000000e3a80000,0x00000000e3a80000,0x00000000e4180000)
 ParOldGen       total 40960K, used 4785K [0x00000000a0000000, 0x00000000a2800000, 0x00000000e0000000)
  object space 40960K, 11% used [0x00000000a0000000,0x00000000a04ac748,0x00000000a2800000)
 Metaspace       used 20742K, capacity 21120K, committed 21248K, reserved 1067008K
  class space    used 2933K, capacity 3070K, committed 3072K, reserved 1048576K
Event: 11.667 GC heap after
Heap after GC invocations=9 (full 0):
 PSYoungGen      total 67072K, used 6585K [0x00000000e0000000, 0x00000000e4900000, 0x0000000100000000)
  eden space 59904K, 0% used [0x00000000e0000000,0x00000000e0000000,0x00000000e3a80000)
  from space 7168K, 91% used [0x00000000e3a80000,0x00000000e40ee428,0x00000000e4180000)
  to   space 6656K, 0% used [0x00000000e4180000,0x00000000e4180000,0x00000000e4800000)
 ParOldGen       total 40960K, used 6146K [0x00000000a0000000, 0x00000000a2800000, 0x00000000e0000000)
  object space 40960K, 15% used [0x00000000a0000000,0x00000000a0600b20,0x00000000a2800000)
 Metaspace       used 20742K, capacity 21120K, committed 21248K, reserved 1067008K
  class space    used 2933K, capacity 3070K, committed 3072K, reserved 1048576K
}
Event: 11.667 GC heap before
{Heap before GC invocations=10 (full 1):
 PSYoungGen      total 67072K, used 6585K [0x00000000e0000000, 0x00000000e4900000, 0x0000000100000000)
  eden space 59904K, 0% used [0x00000000e0000000,0x00000000e0000000,0x00000000e3a80000)
  from space 7168K, 91% used [0x00000000e3a80000,0x00000000e40ee428,0x00000000e4180000)
  to   space 6656K, 0% used [0x00000000e4180000,0x00000000e4180000,0x00000000e4800000)
 ParOldGen       total 40960K, used 6146K [0x00000000a0000000, 0x00000000a2800000, 0x00000000e0000000)
  object space 40960K, 15% used [0x00000000a0000000,0x00000000a0600b20,0x00000000a2800000)
 Metaspace       used 20742K, capacity 21120K, committed 21248K, reserved 1067008K
  class space    used 2933K, capacity 3070K, committed 3072K, reserved 1048576K
Event: 11.769 GC heap after
Heap after GC invocations=10 (full 1):
 PSYoungGen      total 67072K, used 0K [0x00000000e0000000, 0x00000000e4900000, 0x0000000100000000)
  eden space 59904K, 0% used [0x00000000e0000000,0x00000000e0000000,0x00000000e3a80000)
  from space 7168K, 0% used [0x00000000e3a80000,0x00000000e3a80000,0x00000000e4180000)
  to   space 6656K, 0% used [0x00000000e4180000,0x00000000e4180000,0x00000000e4800000)
 ParOldGen       total 33280K, used 10791K [0x00000000a0000000, 0x00000000a2080000, 0x00000000e0000000)
  object space 33280K, 32% used [0x00000000a0000000,0x00000000a0a89eb8,0x00000000a2080000)
 Metaspace       used 20742K, capacity 21120K, committed 21248K, reserved 1067008K
  class space    used 2933K, capacity 3070K, committed 3072K, reserved 1048576K
}
Event: 13.586 GC heap before
{Heap before GC invocations=11 (full 1):
 PSYoungGen      total 67072K, used 59904K [0x00000000e0000000, 0x00000000e4900000, 0x0000000100000000)
  eden space 59904K, 100% used [0x00000000e0000000,0x00000000e3a80000,0x00000000e3a80000)
  from space 7168K, 0% used [0x00000000e3a80000,0x00000000e3a80000,0x00000000e4180000)
  to   space 6656K, 0% used [0x00000000e4180000,0x00000000e4180000,0x00000000e4800000)
 ParOldGen       total 33280K, used 10791K [0x00000000a0000000, 0x00000000a2080000, 0x00000000e0000000)
  object space 33280K, 32% used [0x00000000a0000000,0x00000000a0a89eb8,0x00000000a2080000)
 Metaspace       used 28509K, capacity 28958K, committed 29440K, reserved 1075200K
  class space    used 3822K, capacity 3972K, committed 4096K, reserved 1048576K
Event: 13.600 GC heap after
Heap after GC invocations=11 (full 1):
 PSYoungGen      total 66560K, used 6640K [0x00000000e0000000, 0x00000000e4900000, 0x0000000100000000)
  eden space 59904K, 0% used [0x00000000e0000000,0x00000000e0000000,0x00000000e3a80000)
  from space 6656K, 99% used [0x00000000e4180000,0x00000000e47fc278,0x00000000e4800000)
  to   space 7168K, 0% used [0x00000000e3a80000,0x00000000e3a80000,0x00000000e4180000)
 ParOldGen       total 33280K, used 11364K [0x00000000a0000000, 0x00000000a2080000, 0x00000000e0000000)
  object space 33280K, 34% used [0x00000000a0000000,0x00000000a0b19360,0x00000000a2080000)
 Metaspace       used 28509K, capacity 28958K, committed 29440K, reserved 1075200K
  class space    used 3822K, capacity 3972K, committed 4096K, reserved 1048576K
}
Event: 14.773 GC heap before
{Heap before GC invocations=12 (full 1):
 PSYoungGen      total 66560K, used 66544K [0x00000000e0000000, 0x00000000e4900000, 0x0000000100000000)
  eden space 59904K, 100% used [0x00000000e0000000,0x00000000e3a80000,0x00000000e3a80000)
  from space 6656K, 99% used [0x00000000e4180000,0x00000000e47fc278,0x00000000e4800000)
  to   space 7168K, 0% used [0x00000000e3a80000,0x00000000e3a80000,0x00000000e4180000)
 ParOldGen       total 33280K, used 11364K [0x00000000a0000000, 0x00000000a2080000, 0x00000000e0000000)
  object space 33280K, 34% used [0x00000000a0000000,0x00000000a0b19360,0x00000000a2080000)
 Metaspace       used 31244K, capacity 31682K, committed 31872K, reserved 1077248K
  class space    used 4268K, capacity 4432K, committed 4480K, reserved 1048576K
Event: 14.814 GC heap after
Heap after GC invocations=12 (full 1):
 PSYoungGen      total 67072K, used 4486K [0x00000000e0000000, 0x00000000e4900000, 0x0000000100000000)
  eden space 59904K, 0% used [0x00000000e0000000,0x00000000e0000000,0x00000000e3a80000)
  from space 7168K, 62% used [0x00000000e3a80000,0x00000000e3ee1890,0x00000000e4180000)
  to   space 6656K, 0% used [0x00000000e4180000,0x00000000e4180000,0x00000000e4800000)
 ParOldGen       total 33280K, used 14356K [0x00000000a0000000, 0x00000000a2080000, 0x00000000e0000000)
  object space 33280K, 43% used [0x00000000a0000000,0x00000000a0e05370,0x00000000a2080000)
 Metaspace       used 31244K, capacity 31682K, committed 31872K, reserved 1077248K
  class space    used 4268K, capacity 4432K, committed 4480K, reserved 1048576K
}
Event: 16.919 GC heap before
{Heap before GC invocations=13 (full 1):
 PSYoungGen      total 67072K, used 64390K [0x00000000e0000000, 0x00000000e4900000, 0x0000000100000000)
  eden space 59904K, 100% used [0x00000000e0000000,0x00000000e3a80000,0x00000000e3a80000)
  from space 7168K, 62% used [0x00000000e3a80000,0x00000000e3ee1890,0x00000000e4180000)
  to   space 6656K, 0% used [0x00000000e4180000,0x00000000e4180000,0x00000000e4800000)
 ParOldGen       total 33280K, used 14356K [0x00000000a0000000, 0x00000000a2080000, 0x00000000e0000000)
  object space 33280K, 43% used [0x00000000a0000000,0x00000000a0e05370,0x00000000a2080000)
 Metaspace       used 34068K, capacity 34650K, committed 34816K, reserved 1079296K
  class space    used 4654K, capacity 4854K, committed 4864K, reserved 1048576K
Event: 16.947 GC heap after
Heap after GC invocations=13 (full 1):
 PSYoungGen      total 65536K, used 4226K [0x00000000e0000000, 0x00000000e6300000, 0x0000000100000000)
  eden space 58880K, 0% used [0x00000000e0000000,0x00000000e0000000,0x00000000e3980000)
  from space 6656K, 63% used [0x00000000e4180000,0x00000000e45a0870,0x00000000e4800000)
  to   space 8192K, 0% used [0x00000000e3980000,0x00000000e3980000,0x00000000e4180000)
 ParOldGen       total 33280K, used 16102K [0x00000000a0000000, 0x00000000a2080000, 0x00000000e0000000)
  object space 33280K, 48% used [0x00000000a0000000,0x00000000a0fb9ad0,0x00000000a2080000)
 Metaspace       used 34068K, capacity 34650K, committed 34816K, reserved 1079296K
  class space    used 4654K, capacity 4854K, committed 4864K, reserved 1048576K
}

