# JRE version: OpenJDK Runtime Environment (8.0_212-b04) (build 1.8.0_212-release-1586-b04)
# Java VM: OpenJDK 64-Bit Server VM (25.212-b04 mixed mode windows-amd64 compressed oops)
Heap:
 PSYoungGen      total 280576K, used 48742K [0x00000000e0000000, 0x00000000f4880000, 0x0000000100000000)
  eden space 241152K, 20% used [0x00000000e0000000,0x00000000e2f99a00,0x00000000eeb80000)
  from space 39424K, 0% used [0x00000000f1600000,0x00000000f1600000,0x00000000f3c80000)
  to   space 43520K, 0% used [0x00000000eeb80000,0x00000000eeb80000,0x00000000f1600000)
 ParOldGen       total 96768K, used 72286K [0x00000000a0000000, 0x00000000a5e80000, 0x00000000e0000000)
  object space 96768K, 74% used [0x00000000a0000000,0x00000000a4697a28,0x00000000a5e80000)
 Metaspace       used 77322K, capacity 79972K, committed 81024K, reserved 1120256K
  class space    used 10113K, capacity 10755K, committed 10880K, reserved 1048576K
GC Heap History (10 events):
Event: 29.443 GC heap before
{Heap before GC invocations=16 (full 3):
 PSYoungGen      total 208384K, used 190464K [0x00000000e0000000, 0x00000000ee380000, 0x0000000100000000)
  eden space 190464K, 100% used [0x00000000e0000000,0x00000000eba00000,0x00000000eba00000)
  from space 17920K, 0% used [0x00000000ecc80000,0x00000000ecc80000,0x00000000ede00000)
  to   space 18944K, 0% used [0x00000000eba00000,0x00000000eba00000,0x00000000ecc80000)
 ParOldGen       total 96768K, used 37362K [0x00000000a0000000, 0x00000000a5e80000, 0x00000000e0000000)
  object space 96768K, 38% used [0x00000000a0000000,0x00000000a247ca18,0x00000000a5e80000)
 Metaspace       used 59298K, capacity 61318K, committed 61568K, reserved 1101824K
  class space    used 8086K, capacity 8576K, committed 8576K, reserved 1048576K
Event: 29.496 GC heap after
Heap after GC invocations=16 (full 3):
 PSYoungGen      total 209408K, used 14247K [0x00000000e0000000, 0x00000000f0180000, 0x0000000100000000)
  eden space 190464K, 0% used [0x00000000e0000000,0x00000000e0000000,0x00000000eba00000)
  from space 18944K, 75% used [0x00000000eba00000,0x00000000ec7e9f30,0x00000000ecc80000)
  to   space 19968K, 0% used [0x00000000eee00000,0x00000000eee00000,0x00000000f0180000)
 ParOldGen       total 96768K, used 37370K [0x00000000a0000000, 0x00000000a5e80000, 0x00000000e0000000)
  object space 96768K, 38% used [0x00000000a0000000,0x00000000a247ea18,0x00000000a5e80000)
 Metaspace       used 59298K, capacity 61318K, committed 61568K, reserved 1101824K
  class space    used 8086K, capacity 8576K, committed 8576K, reserved 1048576K
}
Event: 34.909 GC heap before
{Heap before GC invocations=17 (full 3):
 PSYoungGen      total 209408K, used 204711K [0x00000000e0000000, 0x00000000f0180000, 0x0000000100000000)
  eden space 190464K, 100% used [0x00000000e0000000,0x00000000eba00000,0x00000000eba00000)
  from space 18944K, 75% used [0x00000000eba00000,0x00000000ec7e9f30,0x00000000ecc80000)
  to   space 19968K, 0% used [0x00000000eee00000,0x00000000eee00000,0x00000000f0180000)
 ParOldGen       total 96768K, used 37370K [0x00000000a0000000, 0x00000000a5e80000, 0x00000000e0000000)
  object space 96768K, 38% used [0x00000000a0000000,0x00000000a247ea18,0x00000000a5e80000)
 Metaspace       used 67083K, capacity 69512K, committed 69632K, reserved 1110016K
  class space    used 9145K, capacity 9689K, committed 9728K, reserved 1048576K
Event: 35.005 GC heap after
Heap after GC invocations=17 (full 3):
 PSYoungGen      total 235520K, used 19962K [0x00000000e0000000, 0x00000000f1100000, 0x0000000100000000)
  eden space 215552K, 0% used [0x00000000e0000000,0x00000000e0000000,0x00000000ed280000)
  from space 19968K, 99% used [0x00000000eee00000,0x00000000f017eb88,0x00000000f0180000)
  to   space 28160K, 0% used [0x00000000ed280000,0x00000000ed280000,0x00000000eee00000)
 ParOldGen       total 96768K, used 50713K [0x00000000a0000000, 0x00000000a5e80000, 0x00000000e0000000)
  object space 96768K, 52% used [0x00000000a0000000,0x00000000a31866e0,0x00000000a5e80000)
 Metaspace       used 67083K, capacity 69512K, committed 69632K, reserved 1110016K
  class space    used 9145K, capacity 9689K, committed 9728K, reserved 1048576K
}
Event: 232.603 GC heap before
{Heap before GC invocations=18 (full 3):
 PSYoungGen      total 235520K, used 235514K [0x00000000e0000000, 0x00000000f1100000, 0x0000000100000000)
  eden space 215552K, 100% used [0x00000000e0000000,0x00000000ed280000,0x00000000ed280000)
  from space 19968K, 99% used [0x00000000eee00000,0x00000000f017eb88,0x00000000f0180000)
  to   space 28160K, 0% used [0x00000000ed280000,0x00000000ed280000,0x00000000eee00000)
 ParOldGen       total 96768K, used 50713K [0x00000000a0000000, 0x00000000a5e80000, 0x00000000e0000000)
  object space 96768K, 52% used [0x00000000a0000000,0x00000000a31866e0,0x00000000a5e80000)
 Metaspace       used 75219K, capacity 77892K, committed 78208K, reserved 1116160K
  class space    used 9948K, capacity 10563K, committed 10624K, reserved 1048576K
Event: 232.728 GC heap after
Heap after GC invocations=18 (full 3):
 PSYoungGen      total 243712K, used 28128K [0x00000000e0000000, 0x00000000f3c80000, 0x0000000100000000)
  eden space 215552K, 0% used [0x00000000e0000000,0x00000000e0000000,0x00000000ed280000)
  from space 28160K, 99% used [0x00000000ed280000,0x00000000eedf8178,0x00000000eee00000)
  to   space 39424K, 0% used [0x00000000f1600000,0x00000000f1600000,0x00000000f3c80000)
 ParOldGen       total 96768K, used 68858K [0x00000000a0000000, 0x00000000a5e80000, 0x00000000e0000000)
  object space 96768K, 71% used [0x00000000a0000000,0x00000000a433ea48,0x00000000a5e80000)
 Metaspace       used 75219K, capacity 77892K, committed 78208K, reserved 1116160K
  class space    used 9948K, capacity 10563K, committed 10624K, reserved 1048576K
}
Event: 238.465 GC heap before
{Heap before GC invocations=19 (full 3):
 PSYoungGen      total 243712K, used 243680K [0x00000000e0000000, 0x00000000f3c80000, 0x0000000100000000)
  eden space 215552K, 100% used [0x00000000e0000000,0x00000000ed280000,0x00000000ed280000)
  from space 28160K, 99% used [0x00000000ed280000,0x00000000eedf8178,0x00000000eee00000)
  to   space 39424K, 0% used [0x00000000f1600000,0x00000000f1600000,0x00000000f3c80000)
 ParOldGen       total 96768K, used 68858K [0x00000000a0000000, 0x00000000a5e80000, 0x00000000e0000000)
  object space 96768K, 71% used [0x00000000a0000000,0x00000000a433ea48,0x00000000a5e80000)
 Metaspace       used 77941K, capacity 80630K, committed 81024K, reserved 1120256K
  class space    used 10178K, capacity 10828K, committed 10880K, reserved 1048576K
Event: 238.608 GC heap after
Heap after GC invocations=19 (full 3):
 PSYoungGen      total 280576K, used 31609K [0x00000000e0000000, 0x00000000f4880000, 0x0000000100000000)
  eden space 241152K, 0% used [0x00000000e0000000,0x00000000e0000000,0x00000000eeb80000)
  from space 39424K, 80% used [0x00000000f1600000,0x00000000f34de698,0x00000000f3c80000)
  to   space 43520K, 0% used [0x00000000eeb80000,0x00000000eeb80000,0x00000000f1600000)
 ParOldGen       total 96768K, used 95380K [0x00000000a0000000, 0x00000000a5e80000, 0x00000000e0000000)
  object space 96768K, 98% used [0x00000000a0000000,0x00000000a5d25318,0x00000000a5e80000)
 Metaspace       used 77941K, capacity 80630K, committed 81024K, reserved 1120256K
  class space    used 10178K, capacity 10828K, committed 10880K, reserved 1048576K
}
Event: 238.608 GC heap before
{Heap before GC invocations=20 (full 4):
 PSYoungGen      total 280576K, used 31609K [0x00000000e0000000, 0x00000000f4880000, 0x0000000100000000)
  eden space 241152K, 0% used [0x00000000e0000000,0x00000000e0000000,0x00000000eeb80000)
  from space 39424K, 80% used [0x00000000f1600000,0x00000000f34de698,0x00000000f3c80000)
  to   space 43520K, 0% used [0x00000000eeb80000,0x00000000eeb80000,0x00000000f1600000)
 ParOldGen       total 96768K, used 95380K [0x00000000a0000000, 0x00000000a5e80000, 0x00000000e0000000)
  object space 96768K, 98% used [0x00000000a0000000,0x00000000a5d25318,0x00000000a5e80000)
 Metaspace       used 77941K, capacity 80630K, committed 81024K, reserved 1120256K
  class space    used 10178K, capacity 10828K, committed 10880K, reserved 1048576K
Event: 239.275 GC heap after
Heap after GC invocations=20 (full 4):
 PSYoungGen      total 280576K, used 0K [0x00000000e0000000, 0x00000000f4880000, 0x0000000100000000)
  eden space 241152K, 0% used [0x00000000e0000000,0x00000000e0000000,0x00000000eeb80000)
  from space 39424K, 0% used [0x00000000f1600000,0x00000000f1600000,0x00000000f3c80000)
  to   space 43520K, 0% used [0x00000000eeb80000,0x00000000eeb80000,0x00000000f1600000)
 ParOldGen       total 96768K, used 72286K [0x00000000a0000000, 0x00000000a5e80000, 0x00000000e0000000)
  object space 96768K, 74% used [0x00000000a0000000,0x00000000a4697a28,0x00000000a5e80000)
 Metaspace       used 77321K, capacity 79972K, committed 81024K, reserved 1120256K
  class space    used 10113K, capacity 10755K, committed 10880K, reserved 1048576K
}

