# JRE version: OpenJDK Runtime Environment (8.0_212-b04) (build 1.8.0_212-release-1586-b04)
# Java VM: OpenJDK 64-Bit Server VM (25.212-b04 mixed mode windows-amd64 compressed oops)
Heap:
 PSYoungGen      total 325632K, used 125188K [0x00000000e0000000, 0x00000000f8600000, 0x0000000100000000)
  eden space 289280K, 42% used [0x00000000e0000000,0x00000000e77111b0,0x00000000f1a80000)
  from space 36352K, 8% used [0x00000000f1a80000,0x00000000f1db0020,0x00000000f3e00000)
  to   space 35840K, 0% used [0x00000000f6300000,0x00000000f6300000,0x00000000f8600000)
 ParOldGen       total 91136K, used 61544K [0x00000000a0000000, 0x00000000a5900000, 0x00000000e0000000)
  object space 91136K, 67% used [0x00000000a0000000,0x00000000a3c1a348,0x00000000a5900000)
 Metaspace       used 80644K, capacity 83708K, committed 83800K, reserved 1122304K
  class space    used 10412K, capacity 11045K, committed 11096K, reserved 1048576K
GC Heap History (10 events):
Event: 49.346 GC heap before
{Heap before GC invocations=17 (full 3):
 PSYoungGen      total 219648K, used 217233K [0x00000000e0000000, 0x00000000f1900000, 0x0000000100000000)
  eden space 201216K, 100% used [0x00000000e0000000,0x00000000ec480000,0x00000000ec480000)
  from space 18432K, 86% used [0x00000000ec480000,0x00000000ed424598,0x00000000ed680000)
  to   space 20480K, 0% used [0x00000000f0500000,0x00000000f0500000,0x00000000f1900000)
 ParOldGen       total 91136K, used 36438K [0x00000000a0000000, 0x00000000a5900000, 0x00000000e0000000)
  object space 91136K, 39% used [0x00000000a0000000,0x00000000a2395b28,0x00000000a5900000)
 Metaspace       used 70739K, capacity 73070K, committed 73304K, reserved 1112064K
  class space    used 9157K, capacity 9696K, committed 9816K, reserved 1048576K
Event: 49.427 GC heap after
Heap after GC invocations=17 (full 3):
 PSYoungGen      total 261120K, used 20467K [0x00000000e0000000, 0x00000000f1f80000, 0x0000000100000000)
  eden space 240640K, 0% used [0x00000000e0000000,0x00000000e0000000,0x00000000eeb00000)
  from space 20480K, 99% used [0x00000000f0500000,0x00000000f18fcee8,0x00000000f1900000)
  to   space 26624K, 0% used [0x00000000eeb00000,0x00000000eeb00000,0x00000000f0500000)
 ParOldGen       total 91136K, used 45008K [0x00000000a0000000, 0x00000000a5900000, 0x00000000e0000000)
  object space 91136K, 49% used [0x00000000a0000000,0x00000000a2bf4330,0x00000000a5900000)
 Metaspace       used 70739K, capacity 73070K, committed 73304K, reserved 1112064K
  class space    used 9157K, capacity 9696K, committed 9816K, reserved 1048576K
}
Event: 56.781 GC heap before
{Heap before GC invocations=18 (full 3):
 PSYoungGen      total 261120K, used 261107K [0x00000000e0000000, 0x00000000f1f80000, 0x0000000100000000)
  eden space 240640K, 100% used [0x00000000e0000000,0x00000000eeb00000,0x00000000eeb00000)
  from space 20480K, 99% used [0x00000000f0500000,0x00000000f18fcee8,0x00000000f1900000)
  to   space 26624K, 0% used [0x00000000eeb00000,0x00000000eeb00000,0x00000000f0500000)
 ParOldGen       total 91136K, used 45008K [0x00000000a0000000, 0x00000000a5900000, 0x00000000e0000000)
  object space 91136K, 49% used [0x00000000a0000000,0x00000000a2bf4330,0x00000000a5900000)
 Metaspace       used 79776K, capacity 82712K, committed 82904K, reserved 1122304K
  class space    used 10318K, capacity 10935K, committed 10968K, reserved 1048576K
Event: 56.919 GC heap after
Heap after GC invocations=18 (full 3):
 PSYoungGen      total 267264K, used 26603K [0x00000000e0000000, 0x00000000f6180000, 0x0000000100000000)
  eden space 240640K, 0% used [0x00000000e0000000,0x00000000e0000000,0x00000000eeb00000)
  from space 26624K, 99% used [0x00000000eeb00000,0x00000000f04faec0,0x00000000f0500000)
  to   space 36352K, 0% used [0x00000000f3e00000,0x00000000f3e00000,0x00000000f6180000)
 ParOldGen       total 91136K, used 59865K [0x00000000a0000000, 0x00000000a5900000, 0x00000000e0000000)
  object space 91136K, 65% used [0x00000000a0000000,0x00000000a3a764e8,0x00000000a5900000)
 Metaspace       used 79776K, capacity 82712K, committed 82904K, reserved 1122304K
  class space    used 10318K, capacity 10935K, committed 10968K, reserved 1048576K
}
Event: 61.387 GC heap before
{Heap before GC invocations=19 (full 3):
 PSYoungGen      total 267264K, used 267243K [0x00000000e0000000, 0x00000000f6180000, 0x0000000100000000)
  eden space 240640K, 100% used [0x00000000e0000000,0x00000000eeb00000,0x00000000eeb00000)
  from space 26624K, 99% used [0x00000000eeb00000,0x00000000f04faec0,0x00000000f0500000)
  to   space 36352K, 0% used [0x00000000f3e00000,0x00000000f3e00000,0x00000000f6180000)
 ParOldGen       total 91136K, used 59865K [0x00000000a0000000, 0x00000000a5900000, 0x00000000e0000000)
  object space 91136K, 65% used [0x00000000a0000000,0x00000000a3a764e8,0x00000000a5900000)
 Metaspace       used 80510K, capacity 83592K, committed 83800K, reserved 1122304K
  class space    used 10410K, capacity 11025K, committed 11096K, reserved 1048576K
Event: 61.471 GC heap after
Heap after GC invocations=19 (full 3):
 PSYoungGen      total 325632K, used 2128K [0x00000000e0000000, 0x00000000f6280000, 0x0000000100000000)
  eden space 289280K, 0% used [0x00000000e0000000,0x00000000e0000000,0x00000000f1a80000)
  from space 36352K, 5% used [0x00000000f3e00000,0x00000000f4014010,0x00000000f6180000)
  to   space 36352K, 0% used [0x00000000f1a80000,0x00000000f1a80000,0x00000000f3e00000)
 ParOldGen       total 91136K, used 83700K [0x00000000a0000000, 0x00000000a5900000, 0x00000000e0000000)
  object space 91136K, 91% used [0x00000000a0000000,0x00000000a51bd140,0x00000000a5900000)
 Metaspace       used 80510K, capacity 83592K, committed 83800K, reserved 1122304K
  class space    used 10410K, capacity 11025K, committed 11096K, reserved 1048576K
}
Event: 61.471 GC heap before
{Heap before GC invocations=20 (full 4):
 PSYoungGen      total 325632K, used 2128K [0x00000000e0000000, 0x00000000f6280000, 0x0000000100000000)
  eden space 289280K, 0% used [0x00000000e0000000,0x00000000e0000000,0x00000000f1a80000)
  from space 36352K, 5% used [0x00000000f3e00000,0x00000000f4014010,0x00000000f6180000)
  to   space 36352K, 0% used [0x00000000f1a80000,0x00000000f1a80000,0x00000000f3e00000)
 ParOldGen       total 91136K, used 83700K [0x00000000a0000000, 0x00000000a5900000, 0x00000000e0000000)
  object space 91136K, 91% used [0x00000000a0000000,0x00000000a51bd140,0x00000000a5900000)
 Metaspace       used 80510K, capacity 83592K, committed 83800K, reserved 1122304K
  class space    used 10410K, capacity 11025K, committed 11096K, reserved 1048576K
Event: 62.138 GC heap after
Heap after GC invocations=20 (full 4):
 PSYoungGen      total 325632K, used 0K [0x00000000e0000000, 0x00000000f6280000, 0x0000000100000000)
  eden space 289280K, 0% used [0x00000000e0000000,0x00000000e0000000,0x00000000f1a80000)
  from space 36352K, 0% used [0x00000000f3e00000,0x00000000f3e00000,0x00000000f6180000)
  to   space 36352K, 0% used [0x00000000f1a80000,0x00000000f1a80000,0x00000000f3e00000)
 ParOldGen       total 91136K, used 61544K [0x00000000a0000000, 0x00000000a5900000, 0x00000000e0000000)
  object space 91136K, 67% used [0x00000000a0000000,0x00000000a3c1a348,0x00000000a5900000)
 Metaspace       used 80483K, capacity 83520K, committed 83800K, reserved 1122304K
  class space    used 10401K, capacity 11009K, committed 11096K, reserved 1048576K
}
Event: 66.631 GC heap before
{Heap before GC invocations=21 (full 4):
 PSYoungGen      total 325632K, used 289280K [0x00000000e0000000, 0x00000000f6280000, 0x0000000100000000)
  eden space 289280K, 100% used [0x00000000e0000000,0x00000000f1a80000,0x00000000f1a80000)
  from space 36352K, 0% used [0x00000000f3e00000,0x00000000f3e00000,0x00000000f6180000)
  to   space 36352K, 0% used [0x00000000f1a80000,0x00000000f1a80000,0x00000000f3e00000)
 ParOldGen       total 91136K, used 61544K [0x00000000a0000000, 0x00000000a5900000, 0x00000000e0000000)
  object space 91136K, 67% used [0x00000000a0000000,0x00000000a3c1a348,0x00000000a5900000)
 Metaspace       used 80608K, capacity 83632K, committed 83800K, reserved 1122304K
  class space    used 10409K, capacity 11041K, committed 11096K, reserved 1048576K
Event: 66.660 GC heap after
Heap after GC invocations=21 (full 4):
 PSYoungGen      total 325632K, used 3264K [0x00000000e0000000, 0x00000000f8600000, 0x0000000100000000)
  eden space 289280K, 0% used [0x00000000e0000000,0x00000000e0000000,0x00000000f1a80000)
  from space 36352K, 8% used [0x00000000f1a80000,0x00000000f1db0020,0x00000000f3e00000)
  to   space 35840K, 0% used [0x00000000f6300000,0x00000000f6300000,0x00000000f8600000)
 ParOldGen       total 91136K, used 61544K [0x00000000a0000000, 0x00000000a5900000, 0x00000000e0000000)
  object space 91136K, 67% used [0x00000000a0000000,0x00000000a3c1a348,0x00000000a5900000)
 Metaspace       used 80608K, capacity 83632K, committed 83800K, reserved 1122304K
  class space    used 10409K, capacity 11041K, committed 11096K, reserved 1048576K
}

