# JRE version: OpenJDK Runtime Environment (8.0_212-b04) (build 1.8.0_212-release-1586-b04)
# Java VM: OpenJDK 64-Bit Server VM (25.212-b04 mixed mode windows-amd64 compressed oops)
Heap:
 PSYoungGen      total 129024K, used 35018K [0x00000000e0000000, 0x00000000e8700000, 0x0000000100000000)
  eden space 119808K, 21% used [0x00000000e0000000,0x00000000e193a608,0x00000000e7500000)
  from space 9216K, 99% used [0x00000000e7500000,0x00000000e7df82a8,0x00000000e7e00000)
  to   space 8704K, 0% used [0x00000000e7e80000,0x00000000e7e80000,0x00000000e8700000)
 ParOldGen       total 33792K, used 11936K [0x00000000a0000000, 0x00000000a2100000, 0x00000000e0000000)
  object space 33792K, 35% used [0x00000000a0000000,0x00000000a0ba82b0,0x00000000a2100000)
 Metaspace       used 31980K, capacity 32418K, committed 32768K, reserved 1077248K
  class space    used 4374K, capacity 4528K, committed 4608K, reserved 1048576K
GC Heap History (10 events):
Event: 4.778 GC heap before
{Heap before GC invocations=6 (full 0):
 PSYoungGen      total 33280K, used 33248K [0x00000000e0000000, 0x00000000e4700000, 0x0000000100000000)
  eden space 30720K, 100% used [0x00000000e0000000,0x00000000e1e00000,0x00000000e1e00000)
  from space 2560K, 98% used [0x00000000e1e00000,0x00000000e2078020,0x00000000e2080000)
  to   space 5632K, 0% used [0x00000000e4180000,0x00000000e4180000,0x00000000e4700000)
 ParOldGen       total 40960K, used 4541K [0x00000000a0000000, 0x00000000a2800000, 0x00000000e0000000)
  object space 40960K, 11% used [0x00000000a0000000,0x00000000a046f658,0x00000000a2800000)
 Metaspace       used 14355K, capacity 14750K, committed 14976K, reserved 1062912K
  class space    used 1981K, capacity 2117K, committed 2176K, reserved 1048576K
Event: 4.796 GC heap after
Heap after GC invocations=6 (full 0):
 PSYoungGen      total 65536K, used 5610K [0x00000000e0000000, 0x00000000e4a00000, 0x0000000100000000)
  eden space 59904K, 0% used [0x00000000e0000000,0x00000000e0000000,0x00000000e3a80000)
  from space 5632K, 99% used [0x00000000e4180000,0x00000000e46fa988,0x00000000e4700000)
  to   space 7168K, 0% used [0x00000000e3a80000,0x00000000e3a80000,0x00000000e4180000)
 ParOldGen       total 40960K, used 4910K [0x00000000a0000000, 0x00000000a2800000, 0x00000000e0000000)
  object space 40960K, 11% used [0x00000000a0000000,0x00000000a04cbbe0,0x00000000a2800000)
 Metaspace       used 14355K, capacity 14750K, committed 14976K, reserved 1062912K
  class space    used 1981K, capacity 2117K, committed 2176K, reserved 1048576K
}
Event: 6.167 GC heap before
{Heap before GC invocations=7 (full 0):
 PSYoungGen      total 65536K, used 65514K [0x00000000e0000000, 0x00000000e4a00000, 0x0000000100000000)
  eden space 59904K, 100% used [0x00000000e0000000,0x00000000e3a80000,0x00000000e3a80000)
  from space 5632K, 99% used [0x00000000e4180000,0x00000000e46fa988,0x00000000e4700000)
  to   space 7168K, 0% used [0x00000000e3a80000,0x00000000e3a80000,0x00000000e4180000)
 ParOldGen       total 40960K, used 4910K [0x00000000a0000000, 0x00000000a2800000, 0x00000000e0000000)
  object space 40960K, 11% used [0x00000000a0000000,0x00000000a04cbbe0,0x00000000a2800000)
 Metaspace       used 19266K, capacity 19712K, committed 19840K, reserved 1067008K
  class space    used 2784K, capacity 2942K, committed 2944K, reserved 1048576K
Event: 6.203 GC heap after
Heap after GC invocations=7 (full 0):
 PSYoungGen      total 67072K, used 7166K [0x00000000e0000000, 0x00000000e8800000, 0x0000000100000000)
  eden space 59904K, 0% used [0x00000000e0000000,0x00000000e0000000,0x00000000e3a80000)
  from space 7168K, 99% used [0x00000000e3a80000,0x00000000e417f948,0x00000000e4180000)
  to   space 9728K, 0% used [0x00000000e7e80000,0x00000000e7e80000,0x00000000e8800000)
 ParOldGen       total 40960K, used 7341K [0x00000000a0000000, 0x00000000a2800000, 0x00000000e0000000)
  object space 40960K, 17% used [0x00000000a0000000,0x00000000a072b4f8,0x00000000a2800000)
 Metaspace       used 19266K, capacity 19712K, committed 19840K, reserved 1067008K
  class space    used 2784K, capacity 2942K, committed 2944K, reserved 1048576K
}
Event: 6.488 GC heap before
{Heap before GC invocations=8 (full 0):
 PSYoungGen      total 67072K, used 15077K [0x00000000e0000000, 0x00000000e8800000, 0x0000000100000000)
  eden space 59904K, 13% used [0x00000000e0000000,0x00000000e07b9c80,0x00000000e3a80000)
  from space 7168K, 99% used [0x00000000e3a80000,0x00000000e417f948,0x00000000e4180000)
  to   space 9728K, 0% used [0x00000000e7e80000,0x00000000e7e80000,0x00000000e8800000)
 ParOldGen       total 40960K, used 7341K [0x00000000a0000000, 0x00000000a2800000, 0x00000000e0000000)
  object space 40960K, 17% used [0x00000000a0000000,0x00000000a072b4f8,0x00000000a2800000)
 Metaspace       used 20726K, capacity 21120K, committed 21248K, reserved 1067008K
  class space    used 2931K, capacity 3070K, committed 3072K, reserved 1048576K
Event: 6.503 GC heap after
Heap after GC invocations=8 (full 0):
 PSYoungGen      total 128512K, used 4938K [0x00000000e0000000, 0x00000000e8700000, 0x0000000100000000)
  eden space 119808K, 0% used [0x00000000e0000000,0x00000000e0000000,0x00000000e7500000)
  from space 8704K, 56% used [0x00000000e7e80000,0x00000000e8352aa0,0x00000000e8700000)
  to   space 9216K, 0% used [0x00000000e7500000,0x00000000e7500000,0x00000000e7e00000)
 ParOldGen       total 40960K, used 7989K [0x00000000a0000000, 0x00000000a2800000, 0x00000000e0000000)
  object space 40960K, 19% used [0x00000000a0000000,0x00000000a07cd4f8,0x00000000a2800000)
 Metaspace       used 20726K, capacity 21120K, committed 21248K, reserved 1067008K
  class space    used 2931K, capacity 3070K, committed 3072K, reserved 1048576K
}
Event: 6.504 GC heap before
{Heap before GC invocations=9 (full 1):
 PSYoungGen      total 128512K, used 4938K [0x00000000e0000000, 0x00000000e8700000, 0x0000000100000000)
  eden space 119808K, 0% used [0x00000000e0000000,0x00000000e0000000,0x00000000e7500000)
  from space 8704K, 56% used [0x00000000e7e80000,0x00000000e8352aa0,0x00000000e8700000)
  to   space 9216K, 0% used [0x00000000e7500000,0x00000000e7500000,0x00000000e7e00000)
 ParOldGen       total 40960K, used 7989K [0x00000000a0000000, 0x00000000a2800000, 0x00000000e0000000)
  object space 40960K, 19% used [0x00000000a0000000,0x00000000a07cd4f8,0x00000000a2800000)
 Metaspace       used 20726K, capacity 21120K, committed 21248K, reserved 1067008K
  class space    used 2931K, capacity 3070K, committed 3072K, reserved 1048576K
Event: 6.603 GC heap after
Heap after GC invocations=9 (full 1):
 PSYoungGen      total 128512K, used 0K [0x00000000e0000000, 0x00000000e8700000, 0x0000000100000000)
  eden space 119808K, 0% used [0x00000000e0000000,0x00000000e0000000,0x00000000e7500000)
  from space 8704K, 0% used [0x00000000e7e80000,0x00000000e7e80000,0x00000000e8700000)
  to   space 9216K, 0% used [0x00000000e7500000,0x00000000e7500000,0x00000000e7e00000)
 ParOldGen       total 33792K, used 9697K [0x00000000a0000000, 0x00000000a2100000, 0x00000000e0000000)
  object space 33792K, 28% used [0x00000000a0000000,0x00000000a0978448,0x00000000a2100000)
 Metaspace       used 20726K, capacity 21120K, committed 21248K, reserved 1067008K
  class space    used 2931K, capacity 3070K, committed 3072K, reserved 1048576K
}
Event: 9.410 GC heap before
{Heap before GC invocations=10 (full 1):
 PSYoungGen      total 128512K, used 119808K [0x00000000e0000000, 0x00000000e8700000, 0x0000000100000000)
  eden space 119808K, 100% used [0x00000000e0000000,0x00000000e7500000,0x00000000e7500000)
  from space 8704K, 0% used [0x00000000e7e80000,0x00000000e7e80000,0x00000000e8700000)
  to   space 9216K, 0% used [0x00000000e7500000,0x00000000e7500000,0x00000000e7e00000)
 ParOldGen       total 33792K, used 9697K [0x00000000a0000000, 0x00000000a2100000, 0x00000000e0000000)
  object space 33792K, 28% used [0x00000000a0000000,0x00000000a0978448,0x00000000a2100000)
 Metaspace       used 30986K, capacity 31426K, committed 31872K, reserved 1077248K
  class space    used 4221K, capacity 4368K, committed 4480K, reserved 1048576K
Event: 9.462 GC heap after
Heap after GC invocations=10 (full 1):
 PSYoungGen      total 129024K, used 9184K [0x00000000e0000000, 0x00000000e8700000, 0x0000000100000000)
  eden space 119808K, 0% used [0x00000000e0000000,0x00000000e0000000,0x00000000e7500000)
  from space 9216K, 99% used [0x00000000e7500000,0x00000000e7df82a8,0x00000000e7e00000)
  to   space 8704K, 0% used [0x00000000e7e80000,0x00000000e7e80000,0x00000000e8700000)
 ParOldGen       total 33792K, used 11936K [0x00000000a0000000, 0x00000000a2100000, 0x00000000e0000000)
  object space 33792K, 35% used [0x00000000a0000000,0x00000000a0ba82b0,0x00000000a2100000)
 Metaspace       used 30986K, capacity 31426K, committed 31872K, reserved 1077248K
  class space    used 4221K, capacity 4368K, committed 4480K, reserved 1048576K
}

