# JRE version: OpenJDK Runtime Environment (8.0_212-b04) (build 1.8.0_212-release-1586-b04)
# Java VM: OpenJDK 64-Bit Server VM (25.212-b04 mixed mode windows-amd64 compressed oops)
Heap:
 PSYoungGen      total 361984K, used 99892K [0x00000000e0000000, 0x00000000fa680000, 0x0000000100000000)
  eden space 291328K, 28% used [0x00000000e0000000,0x00000000e51195e0,0x00000000f1c80000)
  from space 70656K, 23% used [0x00000000f1c80000,0x00000000f2cf3dd0,0x00000000f6180000)
  to   space 59904K, 0% used [0x00000000f6c00000,0x00000000f6c00000,0x00000000fa680000)
 ParOldGen       total 217088K, used 86598K [0x00000000a0000000, 0x00000000ad400000, 0x00000000e0000000)
  object space 217088K, 39% used [0x00000000a0000000,0x00000000a5491808,0x00000000ad400000)
 Metaspace       used 88222K, capacity 91680K, committed 92032K, reserved 1128448K
  class space    used 11546K, capacity 12317K, committed 12416K, reserved 1048576K
GC Heap History (10 events):
Event: 40.821 GC heap before
{Heap before GC invocations=20 (full 4):
 PSYoungGen      total 291840K, used 36333K [0x00000000e0000000, 0x00000000f7200000, 0x0000000100000000)
  eden space 255488K, 0% used [0x00000000e0000000,0x00000000e0000000,0x00000000ef980000)
  from space 36352K, 99% used [0x00000000f2d00000,0x00000000f507b5d8,0x00000000f5080000)
  to   space 52736K, 0% used [0x00000000ef980000,0x00000000ef980000,0x00000000f2d00000)
 ParOldGen       total 98304K, used 86165K [0x00000000a0000000, 0x00000000a6000000, 0x00000000e0000000)
  object space 98304K, 87% used [0x00000000a0000000,0x00000000a5425508,0x00000000a6000000)
 Metaspace       used 75875K, capacity 78856K, committed 79104K, reserved 1118208K
  class space    used 10211K, capacity 10923K, committed 11008K, reserved 1048576K
Event: 41.912 GC heap after
Heap after GC invocations=20 (full 4):
 PSYoungGen      total 291840K, used 13104K [0x00000000e0000000, 0x00000000f7200000, 0x0000000100000000)
  eden space 255488K, 0% used [0x00000000e0000000,0x00000000e0000000,0x00000000ef980000)
  from space 36352K, 36% used [0x00000000f2d00000,0x00000000f39cc148,0x00000000f5080000)
  to   space 52736K, 0% used [0x00000000ef980000,0x00000000ef980000,0x00000000f2d00000)
 ParOldGen       total 185344K, used 93029K [0x00000000a0000000, 0x00000000ab500000, 0x00000000e0000000)
  object space 185344K, 50% used [0x00000000a0000000,0x00000000a5ad95b0,0x00000000ab500000)
 Metaspace       used 75257K, capacity 78204K, committed 79104K, reserved 1118208K
  class space    used 10147K, capacity 10851K, committed 11008K, reserved 1048576K
}
Event: 48.241 GC heap before
{Heap before GC invocations=21 (full 4):
 PSYoungGen      total 291840K, used 268592K [0x00000000e0000000, 0x00000000f7200000, 0x0000000100000000)
  eden space 255488K, 100% used [0x00000000e0000000,0x00000000ef980000,0x00000000ef980000)
  from space 36352K, 36% used [0x00000000f2d00000,0x00000000f39cc148,0x00000000f5080000)
  to   space 52736K, 0% used [0x00000000ef980000,0x00000000ef980000,0x00000000f2d00000)
 ParOldGen       total 185344K, used 93029K [0x00000000a0000000, 0x00000000ab500000, 0x00000000e0000000)
  object space 185344K, 50% used [0x00000000a0000000,0x00000000a5ad95b0,0x00000000ab500000)
 Metaspace       used 76151K, capacity 79168K, committed 79360K, reserved 1118208K
  class space    used 10249K, capacity 10953K, committed 11008K, reserved 1048576K
Event: 48.485 GC heap after
Heap after GC invocations=21 (full 4):
 PSYoungGen      total 308224K, used 52735K [0x00000000e0000000, 0x00000000fb500000, 0x0000000100000000)
  eden space 255488K, 0% used [0x00000000e0000000,0x00000000e0000000,0x00000000ef980000)
  from space 52736K, 99% used [0x00000000ef980000,0x00000000f2cffc40,0x00000000f2d00000)
  to   space 74752K, 0% used [0x00000000f6c00000,0x00000000f6c00000,0x00000000fb500000)
 ParOldGen       total 185344K, used 128073K [0x00000000a0000000, 0x00000000ab500000, 0x00000000e0000000)
  object space 185344K, 69% used [0x00000000a0000000,0x00000000a7d12560,0x00000000ab500000)
 Metaspace       used 76151K, capacity 79168K, committed 79360K, reserved 1118208K
  class space    used 10249K, capacity 10953K, committed 11008K, reserved 1048576K
}
Event: 696.484 GC heap before
{Heap before GC invocations=22 (full 4):
 PSYoungGen      total 308224K, used 308223K [0x00000000e0000000, 0x00000000fb500000, 0x0000000100000000)
  eden space 255488K, 100% used [0x00000000e0000000,0x00000000ef980000,0x00000000ef980000)
  from space 52736K, 99% used [0x00000000ef980000,0x00000000f2cffc40,0x00000000f2d00000)
  to   space 74752K, 0% used [0x00000000f6c00000,0x00000000f6c00000,0x00000000fb500000)
 ParOldGen       total 185344K, used 128073K [0x00000000a0000000, 0x00000000ab500000, 0x00000000e0000000)
  object space 185344K, 69% used [0x00000000a0000000,0x00000000a7d12560,0x00000000ab500000)
 Metaspace       used 85587K, capacity 88926K, committed 89216K, reserved 1126400K
  class space    used 11304K, capacity 12082K, committed 12160K, reserved 1048576K
Event: 696.723 GC heap after
Heap after GC invocations=22 (full 4):
 PSYoungGen      total 351232K, used 27619K [0x00000000e0000000, 0x00000000fa680000, 0x0000000100000000)
  eden space 291328K, 0% used [0x00000000e0000000,0x00000000e0000000,0x00000000f1c80000)
  from space 59904K, 46% used [0x00000000f6c00000,0x00000000f86f8c98,0x00000000fa680000)
  to   space 70656K, 0% used [0x00000000f1c80000,0x00000000f1c80000,0x00000000f6180000)
 ParOldGen       total 185344K, used 175341K [0x00000000a0000000, 0x00000000ab500000, 0x00000000e0000000)
  object space 185344K, 94% used [0x00000000a0000000,0x00000000aab3b4e8,0x00000000ab500000)
 Metaspace       used 85587K, capacity 88926K, committed 89216K, reserved 1126400K
  class space    used 11304K, capacity 12082K, committed 12160K, reserved 1048576K
}
Event: 696.723 GC heap before
{Heap before GC invocations=23 (full 5):
 PSYoungGen      total 351232K, used 27619K [0x00000000e0000000, 0x00000000fa680000, 0x0000000100000000)
  eden space 291328K, 0% used [0x00000000e0000000,0x00000000e0000000,0x00000000f1c80000)
  from space 59904K, 46% used [0x00000000f6c00000,0x00000000f86f8c98,0x00000000fa680000)
  to   space 70656K, 0% used [0x00000000f1c80000,0x00000000f1c80000,0x00000000f6180000)
 ParOldGen       total 185344K, used 175341K [0x00000000a0000000, 0x00000000ab500000, 0x00000000e0000000)
  object space 185344K, 94% used [0x00000000a0000000,0x00000000aab3b4e8,0x00000000ab500000)
 Metaspace       used 85587K, capacity 88926K, committed 89216K, reserved 1126400K
  class space    used 11304K, capacity 12082K, committed 12160K, reserved 1048576K
Event: 697.154 GC heap after
Heap after GC invocations=23 (full 5):
 PSYoungGen      total 351232K, used 0K [0x00000000e0000000, 0x00000000fa680000, 0x0000000100000000)
  eden space 291328K, 0% used [0x00000000e0000000,0x00000000e0000000,0x00000000f1c80000)
  from space 59904K, 0% used [0x00000000f6c00000,0x00000000f6c00000,0x00000000fa680000)
  to   space 70656K, 0% used [0x00000000f1c80000,0x00000000f1c80000,0x00000000f6180000)
 ParOldGen       total 217088K, used 86590K [0x00000000a0000000, 0x00000000ad400000, 0x00000000e0000000)
  object space 217088K, 39% used [0x00000000a0000000,0x00000000a548f808,0x00000000ad400000)
 Metaspace       used 85587K, capacity 88926K, committed 89216K, reserved 1126400K
  class space    used 11304K, capacity 12082K, committed 12160K, reserved 1048576K
}
Event: 725.100 GC heap before
{Heap before GC invocations=24 (full 5):
 PSYoungGen      total 351232K, used 291328K [0x00000000e0000000, 0x00000000fa680000, 0x0000000100000000)
  eden space 291328K, 100% used [0x00000000e0000000,0x00000000f1c80000,0x00000000f1c80000)
  from space 59904K, 0% used [0x00000000f6c00000,0x00000000f6c00000,0x00000000fa680000)
  to   space 70656K, 0% used [0x00000000f1c80000,0x00000000f1c80000,0x00000000f6180000)
 ParOldGen       total 217088K, used 86590K [0x00000000a0000000, 0x00000000ad400000, 0x00000000e0000000)
  object space 217088K, 39% used [0x00000000a0000000,0x00000000a548f808,0x00000000ad400000)
 Metaspace       used 88175K, capacity 91604K, committed 91776K, reserved 1128448K
  class space    used 11545K, capacity 12315K, committed 12416K, reserved 1048576K
Event: 725.135 GC heap after
Heap after GC invocations=24 (full 5):
 PSYoungGen      total 361984K, used 16847K [0x00000000e0000000, 0x00000000fa680000, 0x0000000100000000)
  eden space 291328K, 0% used [0x00000000e0000000,0x00000000e0000000,0x00000000f1c80000)
  from space 70656K, 23% used [0x00000000f1c80000,0x00000000f2cf3dd0,0x00000000f6180000)
  to   space 59904K, 0% used [0x00000000f6c00000,0x00000000f6c00000,0x00000000fa680000)
 ParOldGen       total 217088K, used 86598K [0x00000000a0000000, 0x00000000ad400000, 0x00000000e0000000)
  object space 217088K, 39% used [0x00000000a0000000,0x00000000a5491808,0x00000000ad400000)
 Metaspace       used 88175K, capacity 91604K, committed 91776K, reserved 1128448K
  class space    used 11545K, capacity 12315K, committed 12416K, reserved 1048576K
}

