# JRE version: OpenJDK Runtime Environment (8.0_212-b04) (build 1.8.0_212-release-1586-b04)
# Java VM: OpenJDK 64-Bit Server VM (25.212-b04 mixed mode windows-amd64 compressed oops)
Heap:
 PSYoungGen      total 310272K, used 96020K [0x00000000e0000000, 0x00000000f6b00000, 0x0000000100000000)
  eden space 271360K, 31% used [0x00000000e0000000,0x00000000e53418c8,0x00000000f0900000)
  from space 38912K, 27% used [0x00000000f0900000,0x00000000f1383928,0x00000000f2f00000)
  to   space 37376K, 0% used [0x00000000f4680000,0x00000000f4680000,0x00000000f6b00000)
 ParOldGen       total 164352K, used 77426K [0x00000000a0000000, 0x00000000aa080000, 0x00000000e0000000)
  object space 164352K, 47% used [0x00000000a0000000,0x00000000a4b9cac8,0x00000000aa080000)
 Metaspace       used 99931K, capacity 104218K, committed 104472K, reserved 1140736K
  class space    used 12930K, capacity 13853K, committed 13864K, reserved 1048576K
GC Heap History (10 events):
Event: 78.497 GC heap before
{Heap before GC invocations=17 (full 3):
 PSYoungGen      total 223744K, used 223076K [0x00000000e0000000, 0x00000000f1700000, 0x0000000100000000)
  eden space 205824K, 100% used [0x00000000e0000000,0x00000000ec900000,0x00000000ec900000)
  from space 17920K, 96% used [0x00000000ec900000,0x00000000ed9d9328,0x00000000eda80000)
  to   space 20480K, 0% used [0x00000000f0300000,0x00000000f0300000,0x00000000f1700000)
 ParOldGen       total 88064K, used 34574K [0x00000000a0000000, 0x00000000a5600000, 0x00000000e0000000)
  object space 88064K, 39% used [0x00000000a0000000,0x00000000a21c3aa0,0x00000000a5600000)
 Metaspace       used 74329K, capacity 77392K, committed 77592K, reserved 1116160K
  class space    used 9821K, capacity 10512K, committed 10536K, reserved 1048576K
Event: 78.613 GC heap after
Heap after GC invocations=17 (full 3):
 PSYoungGen      total 256512K, used 20465K [0x00000000e0000000, 0x00000000f2200000, 0x0000000100000000)
  eden space 236032K, 0% used [0x00000000e0000000,0x00000000e0000000,0x00000000ee680000)
  from space 20480K, 99% used [0x00000000f0300000,0x00000000f16fc5f0,0x00000000f1700000)
  to   space 29184K, 0% used [0x00000000ee680000,0x00000000ee680000,0x00000000f0300000)
 ParOldGen       total 88064K, used 49348K [0x00000000a0000000, 0x00000000a5600000, 0x00000000e0000000)
  object space 88064K, 56% used [0x00000000a0000000,0x00000000a3031078,0x00000000a5600000)
 Metaspace       used 74329K, capacity 77392K, committed 77592K, reserved 1116160K
  class space    used 9821K, capacity 10512K, committed 10536K, reserved 1048576K
}
Event: 92.245 GC heap before
{Heap before GC invocations=18 (full 3):
 PSYoungGen      total 256512K, used 256497K [0x00000000e0000000, 0x00000000f2200000, 0x0000000100000000)
  eden space 236032K, 100% used [0x00000000e0000000,0x00000000ee680000,0x00000000ee680000)
  from space 20480K, 99% used [0x00000000f0300000,0x00000000f16fc5f0,0x00000000f1700000)
  to   space 29184K, 0% used [0x00000000ee680000,0x00000000ee680000,0x00000000f0300000)
 ParOldGen       total 88064K, used 49348K [0x00000000a0000000, 0x00000000a5600000, 0x00000000e0000000)
  object space 88064K, 56% used [0x00000000a0000000,0x00000000a3031078,0x00000000a5600000)
 Metaspace       used 81900K, capacity 85188K, committed 85400K, reserved 1124352K
  class space    used 10620K, capacity 11346K, committed 11432K, reserved 1048576K
Event: 92.347 GC heap after
Heap after GC invocations=18 (full 3):
 PSYoungGen      total 265216K, used 29172K [0x00000000e0000000, 0x00000000f5600000, 0x0000000100000000)
  eden space 236032K, 0% used [0x00000000e0000000,0x00000000e0000000,0x00000000ee680000)
  from space 29184K, 99% used [0x00000000ee680000,0x00000000f02fd020,0x00000000f0300000)
  to   space 39936K, 0% used [0x00000000f2f00000,0x00000000f2f00000,0x00000000f5600000)
 ParOldGen       total 88064K, used 64644K [0x00000000a0000000, 0x00000000a5600000, 0x00000000e0000000)
  object space 88064K, 73% used [0x00000000a0000000,0x00000000a3f21198,0x00000000a5600000)
 Metaspace       used 81900K, capacity 85188K, committed 85400K, reserved 1124352K
  class space    used 10620K, capacity 11346K, committed 11432K, reserved 1048576K
}
Event: 103.192 GC heap before
{Heap before GC invocations=19 (full 3):
 PSYoungGen      total 265216K, used 243544K [0x00000000e0000000, 0x00000000f5600000, 0x0000000100000000)
  eden space 236032K, 90% used [0x00000000e0000000,0x00000000ed159228,0x00000000ee680000)
  from space 29184K, 99% used [0x00000000ee680000,0x00000000f02fd020,0x00000000f0300000)
  to   space 39936K, 0% used [0x00000000f2f00000,0x00000000f2f00000,0x00000000f5600000)
 ParOldGen       total 88064K, used 64644K [0x00000000a0000000, 0x00000000a5600000, 0x00000000e0000000)
  object space 88064K, 73% used [0x00000000a0000000,0x00000000a3f21198,0x00000000a5600000)
 Metaspace       used 94815K, capacity 98522K, committed 98600K, reserved 1134592K
  class space    used 12238K, capacity 13031K, committed 13096K, reserved 1048576K
Event: 103.339 GC heap after
Heap after GC invocations=19 (full 3):
 PSYoungGen      total 310272K, used 19108K [0x00000000e0000000, 0x00000000f5500000, 0x0000000100000000)
  eden space 271360K, 0% used [0x00000000e0000000,0x00000000e0000000,0x00000000f0900000)
  from space 38912K, 49% used [0x00000000f2f00000,0x00000000f41a9360,0x00000000f5500000)
  to   space 38912K, 0% used [0x00000000f0900000,0x00000000f0900000,0x00000000f2f00000)
 ParOldGen       total 90624K, used 90539K [0x00000000a0000000, 0x00000000a5880000, 0x00000000e0000000)
  object space 90624K, 99% used [0x00000000a0000000,0x00000000a586ac08,0x00000000a5880000)
 Metaspace       used 94815K, capacity 98522K, committed 98600K, reserved 1134592K
  class space    used 12238K, capacity 13031K, committed 13096K, reserved 1048576K
}
Event: 103.339 GC heap before
{Heap before GC invocations=20 (full 4):
 PSYoungGen      total 310272K, used 19108K [0x00000000e0000000, 0x00000000f5500000, 0x0000000100000000)
  eden space 271360K, 0% used [0x00000000e0000000,0x00000000e0000000,0x00000000f0900000)
  from space 38912K, 49% used [0x00000000f2f00000,0x00000000f41a9360,0x00000000f5500000)
  to   space 38912K, 0% used [0x00000000f0900000,0x00000000f0900000,0x00000000f2f00000)
 ParOldGen       total 90624K, used 90539K [0x00000000a0000000, 0x00000000a5880000, 0x00000000e0000000)
  object space 90624K, 99% used [0x00000000a0000000,0x00000000a586ac08,0x00000000a5880000)
 Metaspace       used 94815K, capacity 98522K, committed 98600K, reserved 1134592K
  class space    used 12238K, capacity 13031K, committed 13096K, reserved 1048576K
Event: 104.053 GC heap after
Heap after GC invocations=20 (full 4):
 PSYoungGen      total 310272K, used 0K [0x00000000e0000000, 0x00000000f5500000, 0x0000000100000000)
  eden space 271360K, 0% used [0x00000000e0000000,0x00000000e0000000,0x00000000f0900000)
  from space 38912K, 0% used [0x00000000f2f00000,0x00000000f2f00000,0x00000000f5500000)
  to   space 38912K, 0% used [0x00000000f0900000,0x00000000f0900000,0x00000000f2f00000)
 ParOldGen       total 164352K, used 77426K [0x00000000a0000000, 0x00000000aa080000, 0x00000000e0000000)
  object space 164352K, 47% used [0x00000000a0000000,0x00000000a4b9cac8,0x00000000aa080000)
 Metaspace       used 94778K, capacity 98414K, committed 98600K, reserved 1134592K
  class space    used 12227K, capacity 13011K, committed 13096K, reserved 1048576K
}
Event: 542.149 GC heap before
{Heap before GC invocations=21 (full 4):
 PSYoungGen      total 310272K, used 271360K [0x00000000e0000000, 0x00000000f5500000, 0x0000000100000000)
  eden space 271360K, 100% used [0x00000000e0000000,0x00000000f0900000,0x00000000f0900000)
  from space 38912K, 0% used [0x00000000f2f00000,0x00000000f2f00000,0x00000000f5500000)
  to   space 38912K, 0% used [0x00000000f0900000,0x00000000f0900000,0x00000000f2f00000)
 ParOldGen       total 164352K, used 77426K [0x00000000a0000000, 0x00000000aa080000, 0x00000000e0000000)
  object space 164352K, 47% used [0x00000000a0000000,0x00000000a4b9cac8,0x00000000aa080000)
 Metaspace       used 99819K, capacity 104074K, committed 104216K, reserved 1140736K
  class space    used 12927K, capacity 13851K, committed 13864K, reserved 1048576K
Event: 542.179 GC heap after
Heap after GC invocations=21 (full 4):
 PSYoungGen      total 310272K, used 10766K [0x00000000e0000000, 0x00000000f6b00000, 0x0000000100000000)
  eden space 271360K, 0% used [0x00000000e0000000,0x00000000e0000000,0x00000000f0900000)
  from space 38912K, 27% used [0x00000000f0900000,0x00000000f1383928,0x00000000f2f00000)
  to   space 37376K, 0% used [0x00000000f4680000,0x00000000f4680000,0x00000000f6b00000)
 ParOldGen       total 164352K, used 77426K [0x00000000a0000000, 0x00000000aa080000, 0x00000000e0000000)
  object space 164352K, 47% used [0x00000000a0000000,0x00000000a4b9cac8,0x00000000aa080000)
 Metaspace       used 99819K, capacity 104074K, committed 104216K, reserved 1140736K
  class space    used 12927K, capacity 13851K, committed 13864K, reserved 1048576K
}

