# JRE version: OpenJDK Runtime Environment (8.0_212-b04) (build 1.8.0_212-release-1586-b04)
# Java VM: OpenJDK 64-Bit Server VM (25.212-b04 mixed mode windows-amd64 compressed oops)
Heap:
 PSYoungGen      total 270848K, used 85625K [0x00000000e0000000, 0x00000000f7c80000, 0x0000000100000000)
  eden space 251392K, 26% used [0x00000000e0000000,0x00000000e40a3010,0x00000000ef580000)
  from space 19456K, 99% used [0x00000000ef580000,0x00000000f087b608,0x00000000f0880000)
  to   space 26112K, 0% used [0x00000000f6300000,0x00000000f6300000,0x00000000f7c80000)
 ParOldGen       total 87552K, used 43336K [0x00000000a0000000, 0x00000000a5580000, 0x00000000e0000000)
  object space 87552K, 49% used [0x00000000a0000000,0x00000000a2a52070,0x00000000a5580000)
 Metaspace       used 72019K, capacity 75029K, committed 75288K, reserved 1114112K
  class space    used 9530K, capacity 10255K, committed 10264K, reserved 1048576K
GC Heap History (10 events):
Event: 40.660 GC heap before
{Heap before GC invocations=14 (full 2):
 PSYoungGen      total 163328K, used 163305K [0x00000000e0000000, 0x00000000ece00000, 0x0000000100000000)
  eden space 149504K, 100% used [0x00000000e0000000,0x00000000e9200000,0x00000000e9200000)
  from space 13824K, 99% used [0x00000000e9200000,0x00000000e9f7a588,0x00000000e9f80000)
  to   space 17408K, 0% used [0x00000000ebd00000,0x00000000ebd00000,0x00000000ece00000)
 ParOldGen       total 63488K, used 23373K [0x00000000a0000000, 0x00000000a3e00000, 0x00000000e0000000)
  object space 63488K, 36% used [0x00000000a0000000,0x00000000a16d3788,0x00000000a3e00000)
 Metaspace       used 56897K, capacity 58951K, committed 59048K, reserved 1099776K
  class space    used 7883K, capacity 8336K, committed 8360K, reserved 1048576K
Event: 40.767 GC heap after
Heap after GC invocations=14 (full 2):
 PSYoungGen      total 192000K, used 13771K [0x00000000e0000000, 0x00000000ed680000, 0x0000000100000000)
  eden space 174592K, 0% used [0x00000000e0000000,0x00000000e0000000,0x00000000eaa80000)
  from space 17408K, 79% used [0x00000000ebd00000,0x00000000eca72f60,0x00000000ece00000)
  to   space 18944K, 0% used [0x00000000eaa80000,0x00000000eaa80000,0x00000000ebd00000)
 ParOldGen       total 63488K, used 32559K [0x00000000a0000000, 0x00000000a3e00000, 0x00000000e0000000)
  object space 63488K, 51% used [0x00000000a0000000,0x00000000a1fcbcd8,0x00000000a3e00000)
 Metaspace       used 56897K, capacity 58951K, committed 59048K, reserved 1099776K
  class space    used 7883K, capacity 8336K, committed 8360K, reserved 1048576K
}
Event: 40.868 GC heap before
{Heap before GC invocations=15 (full 2):
 PSYoungGen      total 192000K, used 20332K [0x00000000e0000000, 0x00000000ed680000, 0x0000000100000000)
  eden space 174592K, 3% used [0x00000000e0000000,0x00000000e0668478,0x00000000eaa80000)
  from space 17408K, 79% used [0x00000000ebd00000,0x00000000eca72f60,0x00000000ece00000)
  to   space 18944K, 0% used [0x00000000eaa80000,0x00000000eaa80000,0x00000000ebd00000)
 ParOldGen       total 63488K, used 32559K [0x00000000a0000000, 0x00000000a3e00000, 0x00000000e0000000)
  object space 63488K, 51% used [0x00000000a0000000,0x00000000a1fcbcd8,0x00000000a3e00000)
 Metaspace       used 57053K, capacity 59047K, committed 59160K, reserved 1099776K
  class space    used 7900K, capacity 8368K, committed 8472K, reserved 1048576K
Event: 40.923 GC heap after
Heap after GC invocations=15 (full 2):
 PSYoungGen      total 193536K, used 8480K [0x00000000e0000000, 0x00000000f1e00000, 0x0000000100000000)
  eden space 174592K, 0% used [0x00000000e0000000,0x00000000e0000000,0x00000000eaa80000)
  from space 18944K, 44% used [0x00000000eaa80000,0x00000000eb2c8000,0x00000000ebd00000)
  to   space 17920K, 0% used [0x00000000f0c80000,0x00000000f0c80000,0x00000000f1e00000)
 ParOldGen       total 63488K, used 32567K [0x00000000a0000000, 0x00000000a3e00000, 0x00000000e0000000)
  object space 63488K, 51% used [0x00000000a0000000,0x00000000a1fcdcd8,0x00000000a3e00000)
 Metaspace       used 57053K, capacity 59047K, committed 59160K, reserved 1099776K
  class space    used 7900K, capacity 8368K, committed 8472K, reserved 1048576K
}
Event: 40.923 GC heap before
{Heap before GC invocations=16 (full 3):
 PSYoungGen      total 193536K, used 8480K [0x00000000e0000000, 0x00000000f1e00000, 0x0000000100000000)
  eden space 174592K, 0% used [0x00000000e0000000,0x00000000e0000000,0x00000000eaa80000)
  from space 18944K, 44% used [0x00000000eaa80000,0x00000000eb2c8000,0x00000000ebd00000)
  to   space 17920K, 0% used [0x00000000f0c80000,0x00000000f0c80000,0x00000000f1e00000)
 ParOldGen       total 63488K, used 32567K [0x00000000a0000000, 0x00000000a3e00000, 0x00000000e0000000)
  object space 63488K, 51% used [0x00000000a0000000,0x00000000a1fcdcd8,0x00000000a3e00000)
 Metaspace       used 57053K, capacity 59047K, committed 59160K, reserved 1099776K
  class space    used 7900K, capacity 8368K, committed 8472K, reserved 1048576K
Event: 41.426 GC heap after
Heap after GC invocations=16 (full 3):
 PSYoungGen      total 193536K, used 0K [0x00000000e0000000, 0x00000000f1e00000, 0x0000000100000000)
  eden space 174592K, 0% used [0x00000000e0000000,0x00000000e0000000,0x00000000eaa80000)
  from space 18944K, 0% used [0x00000000eaa80000,0x00000000eaa80000,0x00000000ebd00000)
  to   space 17920K, 0% used [0x00000000f0c80000,0x00000000f0c80000,0x00000000f1e00000)
 ParOldGen       total 87552K, used 32965K [0x00000000a0000000, 0x00000000a5580000, 0x00000000e0000000)
  object space 87552K, 37% used [0x00000000a0000000,0x00000000a2031558,0x00000000a5580000)
 Metaspace       used 57051K, capacity 59041K, committed 59160K, reserved 1099776K
  class space    used 7899K, capacity 8367K, committed 8472K, reserved 1048576K
}
Event: 47.312 GC heap before
{Heap before GC invocations=17 (full 3):
 PSYoungGen      total 193536K, used 174592K [0x00000000e0000000, 0x00000000f1e00000, 0x0000000100000000)
  eden space 174592K, 100% used [0x00000000e0000000,0x00000000eaa80000,0x00000000eaa80000)
  from space 18944K, 0% used [0x00000000eaa80000,0x00000000eaa80000,0x00000000ebd00000)
  to   space 17920K, 0% used [0x00000000f0c80000,0x00000000f0c80000,0x00000000f1e00000)
 ParOldGen       total 87552K, used 32965K [0x00000000a0000000, 0x00000000a5580000, 0x00000000e0000000)
  object space 87552K, 37% used [0x00000000a0000000,0x00000000a2031558,0x00000000a5580000)
 Metaspace       used 63172K, capacity 65477K, committed 65688K, reserved 1105920K
  class space    used 8697K, capacity 9244K, committed 9368K, reserved 1048576K
Event: 47.350 GC heap after
Heap after GC invocations=17 (full 3):
 PSYoungGen      total 261632K, used 15079K [0x00000000e0000000, 0x00000000f1b80000, 0x0000000100000000)
  eden space 246272K, 0% used [0x00000000e0000000,0x00000000e0000000,0x00000000ef080000)
  from space 15360K, 98% used [0x00000000f0c80000,0x00000000f1b39c20,0x00000000f1b80000)
  to   space 19456K, 0% used [0x00000000ef580000,0x00000000ef580000,0x00000000f0880000)
 ParOldGen       total 87552K, used 32973K [0x00000000a0000000, 0x00000000a5580000, 0x00000000e0000000)
  object space 87552K, 37% used [0x00000000a0000000,0x00000000a2033558,0x00000000a5580000)
 Metaspace       used 63172K, capacity 65477K, committed 65688K, reserved 1105920K
  class space    used 8697K, capacity 9244K, committed 9368K, reserved 1048576K
}
Event: 2879.687 GC heap before
{Heap before GC invocations=18 (full 3):
 PSYoungGen      total 261632K, used 261351K [0x00000000e0000000, 0x00000000f1b80000, 0x0000000100000000)
  eden space 246272K, 100% used [0x00000000e0000000,0x00000000ef080000,0x00000000ef080000)
  from space 15360K, 98% used [0x00000000f0c80000,0x00000000f1b39c20,0x00000000f1b80000)
  to   space 19456K, 0% used [0x00000000ef580000,0x00000000ef580000,0x00000000f0880000)
 ParOldGen       total 87552K, used 32973K [0x00000000a0000000, 0x00000000a5580000, 0x00000000e0000000)
  object space 87552K, 37% used [0x00000000a0000000,0x00000000a2033558,0x00000000a5580000)
 Metaspace       used 70573K, capacity 73457K, committed 73624K, reserved 1112064K
  class space    used 9356K, capacity 10039K, committed 10136K, reserved 1048576K
Event: 2879.801 GC heap after
Heap after GC invocations=18 (full 3):
 PSYoungGen      total 270848K, used 19437K [0x00000000e0000000, 0x00000000f7c80000, 0x0000000100000000)
  eden space 251392K, 0% used [0x00000000e0000000,0x00000000e0000000,0x00000000ef580000)
  from space 19456K, 99% used [0x00000000ef580000,0x00000000f087b608,0x00000000f0880000)
  to   space 26112K, 0% used [0x00000000f6300000,0x00000000f6300000,0x00000000f7c80000)
 ParOldGen       total 87552K, used 43336K [0x00000000a0000000, 0x00000000a5580000, 0x00000000e0000000)
  object space 87552K, 49% used [0x00000000a0000000,0x00000000a2a52070,0x00000000a5580000)
 Metaspace       used 70573K, capacity 73457K, committed 73624K, reserved 1112064K
  class space    used 9356K, capacity 10039K, committed 10136K, reserved 1048576K
}

