# JRE version: OpenJDK Runtime Environment (8.0_212-b04) (build 1.8.0_212-release-1586-b04)
# Java VM: OpenJDK 64-Bit Server VM (25.212-b04 mixed mode windows-amd64 compressed oops)
Heap:
 PSYoungGen      total 230912K, used 110250K [0x00000000e0000000, 0x00000000f1f80000, 0x0000000100000000)
  eden space 204800K, 41% used [0x00000000e0000000,0x00000000e522e528,0x00000000ec800000)
  from space 26112K, 99% used [0x00000000ec800000,0x00000000ee17c548,0x00000000ee180000)
  to   space 30208K, 0% used [0x00000000f0200000,0x00000000f0200000,0x00000000f1f80000)
 ParOldGen       total 135168K, used 60870K [0x00000000a0000000, 0x00000000a8400000, 0x00000000e0000000)
  object space 135168K, 45% used [0x00000000a0000000,0x00000000a3b71ae0,0x00000000a8400000)
 Metaspace       used 87206K, capacity 89928K, committed 91480K, reserved 1128448K
  class space    used 11209K, capacity 11845K, committed 12160K, reserved 1048576K
GC Heap History (10 events):
Event: 3422.435 GC heap before
{Heap before GC invocations=21 (full 3):
 PSYoungGen      total 209408K, used 209377K [0x00000000e0000000, 0x00000000ef800000, 0x0000000100000000)
  eden space 190976K, 100% used [0x00000000e0000000,0x00000000eba80000,0x00000000eba80000)
  from space 18432K, 99% used [0x00000000eba80000,0x00000000ecc784f0,0x00000000ecc80000)
  to   space 23040K, 0% used [0x00000000ee180000,0x00000000ee180000,0x00000000ef800000)
 ParOldGen       total 84992K, used 39754K [0x00000000a0000000, 0x00000000a5300000, 0x00000000e0000000)
  object space 84992K, 46% used [0x00000000a0000000,0x00000000a26d28c0,0x00000000a5300000)
 Metaspace       used 73419K, capacity 76534K, committed 76760K, reserved 1116160K
  class space    used 9704K, capacity 10445K, committed 10496K, reserved 1048576K
Event: 3422.534 GC heap after
Heap after GC invocations=21 (full 3):
 PSYoungGen      total 231936K, used 10333K [0x00000000e0000000, 0x00000000efc80000, 0x0000000100000000)
  eden space 208896K, 0% used [0x00000000e0000000,0x00000000e0000000,0x00000000ecc00000)
  from space 23040K, 44% used [0x00000000ee180000,0x00000000eeb977f0,0x00000000ef800000)
  to   space 22016K, 0% used [0x00000000ecc00000,0x00000000ecc00000,0x00000000ee180000)
 ParOldGen       total 84992K, used 57601K [0x00000000a0000000, 0x00000000a5300000, 0x00000000e0000000)
  object space 84992K, 67% used [0x00000000a0000000,0x00000000a3840670,0x00000000a5300000)
 Metaspace       used 73419K, capacity 76534K, committed 76760K, reserved 1116160K
  class space    used 9704K, capacity 10445K, committed 10496K, reserved 1048576K
}
Event: 3429.176 GC heap before
{Heap before GC invocations=22 (full 3):
 PSYoungGen      total 231936K, used 219229K [0x00000000e0000000, 0x00000000efc80000, 0x0000000100000000)
  eden space 208896K, 100% used [0x00000000e0000000,0x00000000ecc00000,0x00000000ecc00000)
  from space 23040K, 44% used [0x00000000ee180000,0x00000000eeb977f0,0x00000000ef800000)
  to   space 22016K, 0% used [0x00000000ecc00000,0x00000000ecc00000,0x00000000ee180000)
 ParOldGen       total 84992K, used 57601K [0x00000000a0000000, 0x00000000a5300000, 0x00000000e0000000)
  object space 84992K, 67% used [0x00000000a0000000,0x00000000a3840670,0x00000000a5300000)
 Metaspace       used 78041K, capacity 81144K, committed 81368K, reserved 1120256K
  class space    used 10225K, capacity 10980K, committed 11008K, reserved 1048576K
Event: 3429.234 GC heap after
Heap after GC invocations=22 (full 3):
 PSYoungGen      total 230912K, used 22011K [0x00000000e0000000, 0x00000000efc80000, 0x0000000100000000)
  eden space 208896K, 0% used [0x00000000e0000000,0x00000000e0000000,0x00000000ecc00000)
  from space 22016K, 99% used [0x00000000ecc00000,0x00000000ee17ee68,0x00000000ee180000)
  to   space 23040K, 0% used [0x00000000ee180000,0x00000000ee180000,0x00000000ef800000)
 ParOldGen       total 84992K, used 63514K [0x00000000a0000000, 0x00000000a5300000, 0x00000000e0000000)
  object space 84992K, 74% used [0x00000000a0000000,0x00000000a3e06ad0,0x00000000a5300000)
 Metaspace       used 78041K, capacity 81144K, committed 81368K, reserved 1120256K
  class space    used 10225K, capacity 10980K, committed 11008K, reserved 1048576K
}
Event: 3436.731 GC heap before
{Heap before GC invocations=23 (full 3):
 PSYoungGen      total 230912K, used 230887K [0x00000000e0000000, 0x00000000efc80000, 0x0000000100000000)
  eden space 208896K, 99% used [0x00000000e0000000,0x00000000ecbfaf80,0x00000000ecc00000)
  from space 22016K, 99% used [0x00000000ecc00000,0x00000000ee17ee68,0x00000000ee180000)
  to   space 23040K, 0% used [0x00000000ee180000,0x00000000ee180000,0x00000000ef800000)
 ParOldGen       total 84992K, used 63514K [0x00000000a0000000, 0x00000000a5300000, 0x00000000e0000000)
  object space 84992K, 74% used [0x00000000a0000000,0x00000000a3e06ad0,0x00000000a5300000)
 Metaspace       used 85333K, capacity 88590K, committed 88792K, reserved 1126400K
  class space    used 10999K, capacity 11721K, committed 11776K, reserved 1048576K
Event: 3436.801 GC heap after
Heap after GC invocations=23 (full 3):
 PSYoungGen      total 227840K, used 10716K [0x00000000e0000000, 0x00000000f1580000, 0x0000000100000000)
  eden space 204800K, 0% used [0x00000000e0000000,0x00000000e0000000,0x00000000ec800000)
  from space 23040K, 46% used [0x00000000ee180000,0x00000000eebf72b0,0x00000000ef800000)
  to   space 26112K, 0% used [0x00000000ec800000,0x00000000ec800000,0x00000000ee180000)
 ParOldGen       total 84992K, used 78560K [0x00000000a0000000, 0x00000000a5300000, 0x00000000e0000000)
  object space 84992K, 92% used [0x00000000a0000000,0x00000000a4cb83d0,0x00000000a5300000)
 Metaspace       used 85333K, capacity 88590K, committed 88792K, reserved 1126400K
  class space    used 10999K, capacity 11721K, committed 11776K, reserved 1048576K
}
Event: 3436.801 GC heap before
{Heap before GC invocations=24 (full 4):
 PSYoungGen      total 227840K, used 10716K [0x00000000e0000000, 0x00000000f1580000, 0x0000000100000000)
  eden space 204800K, 0% used [0x00000000e0000000,0x00000000e0000000,0x00000000ec800000)
  from space 23040K, 46% used [0x00000000ee180000,0x00000000eebf72b0,0x00000000ef800000)
  to   space 26112K, 0% used [0x00000000ec800000,0x00000000ec800000,0x00000000ee180000)
 ParOldGen       total 84992K, used 78560K [0x00000000a0000000, 0x00000000a5300000, 0x00000000e0000000)
  object space 84992K, 92% used [0x00000000a0000000,0x00000000a4cb83d0,0x00000000a5300000)
 Metaspace       used 85333K, capacity 88590K, committed 88792K, reserved 1126400K
  class space    used 10999K, capacity 11721K, committed 11776K, reserved 1048576K
Event: 3437.559 GC heap after
Heap after GC invocations=24 (full 4):
 PSYoungGen      total 227840K, used 0K [0x00000000e0000000, 0x00000000f1580000, 0x0000000100000000)
  eden space 204800K, 0% used [0x00000000e0000000,0x00000000e0000000,0x00000000ec800000)
  from space 23040K, 0% used [0x00000000ee180000,0x00000000ee180000,0x00000000ef800000)
  to   space 26112K, 0% used [0x00000000ec800000,0x00000000ec800000,0x00000000ee180000)
 ParOldGen       total 135168K, used 60449K [0x00000000a0000000, 0x00000000a8400000, 0x00000000e0000000)
  object space 135168K, 44% used [0x00000000a0000000,0x00000000a3b086a0,0x00000000a8400000)
 Metaspace       used 84099K, capacity 86622K, committed 88792K, reserved 1126400K
  class space    used 10791K, capacity 11370K, committed 11776K, reserved 1048576K
}
Event: 3438.785 GC heap before
{Heap before GC invocations=25 (full 4):
 PSYoungGen      total 227840K, used 204800K [0x00000000e0000000, 0x00000000f1580000, 0x0000000100000000)
  eden space 204800K, 100% used [0x00000000e0000000,0x00000000ec800000,0x00000000ec800000)
  from space 23040K, 0% used [0x00000000ee180000,0x00000000ee180000,0x00000000ef800000)
  to   space 26112K, 0% used [0x00000000ec800000,0x00000000ec800000,0x00000000ee180000)
 ParOldGen       total 135168K, used 60449K [0x00000000a0000000, 0x00000000a8400000, 0x00000000e0000000)
  object space 135168K, 44% used [0x00000000a0000000,0x00000000a3b086a0,0x00000000a8400000)
 Metaspace       used 84102K, capacity 86622K, committed 88792K, reserved 1126400K
  class space    used 10792K, capacity 11370K, committed 11776K, reserved 1048576K
Event: 3438.817 GC heap after
Heap after GC invocations=25 (full 4):
 PSYoungGen      total 230912K, used 26097K [0x00000000e0000000, 0x00000000f1f80000, 0x0000000100000000)
  eden space 204800K, 0% used [0x00000000e0000000,0x00000000e0000000,0x00000000ec800000)
  from space 26112K, 99% used [0x00000000ec800000,0x00000000ee17c548,0x00000000ee180000)
  to   space 30208K, 0% used [0x00000000f0200000,0x00000000f0200000,0x00000000f1f80000)
 ParOldGen       total 135168K, used 60870K [0x00000000a0000000, 0x00000000a8400000, 0x00000000e0000000)
  object space 135168K, 45% used [0x00000000a0000000,0x00000000a3b71ae0,0x00000000a8400000)
 Metaspace       used 84102K, capacity 86622K, committed 88792K, reserved 1126400K
  class space    used 10792K, capacity 11370K, committed 11776K, reserved 1048576K
}

