# JRE version: OpenJDK Runtime Environment (8.0_212-b04) (build 1.8.0_212-release-1586-b04)
# Java VM: OpenJDK 64-Bit Server VM (25.212-b04 mixed mode windows-amd64 compressed oops)
Heap:
 PSYoungGen      total 309248K, used 263900K [0x00000000e0000000, 0x00000000fbf00000, 0x0000000100000000)
  eden space 261632K, 82% used [0x00000000e0000000,0x00000000ed3392f8,0x00000000eff80000)
  from space 47616K, 99% used [0x00000000eff80000,0x00000000f2dfde00,0x00000000f2e00000)
  to   space 72192K, 0% used [0x00000000f7880000,0x00000000f7880000,0x00000000fbf00000)
 ParOldGen       total 165888K, used 122345K [0x00000000a0000000, 0x00000000aa200000, 0x00000000e0000000)
  object space 165888K, 73% used [0x00000000a0000000,0x00000000a777a4a0,0x00000000aa200000)
 Metaspace       used 83072K, capacity 86308K, committed 86400K, reserved 1124352K
  class space    used 11126K, capacity 11841K, committed 11904K, reserved 1048576K
GC Heap History (10 events):
Event: 41.513 GC heap before
{Heap before GC invocations=17 (full 3):
 PSYoungGen      total 217600K, used 211711K [0x00000000e0000000, 0x00000000f0900000, 0x0000000100000000)
  eden space 198656K, 100% used [0x00000000e0000000,0x00000000ec200000,0x00000000ec200000)
  from space 18944K, 68% used [0x00000000ec200000,0x00000000ecebffd8,0x00000000ed480000)
  to   space 19456K, 0% used [0x00000000ef600000,0x00000000ef600000,0x00000000f0900000)
 ParOldGen       total 94208K, used 36991K [0x00000000a0000000, 0x00000000a5c00000, 0x00000000e0000000)
  object space 94208K, 39% used [0x00000000a0000000,0x00000000a241ffb8,0x00000000a5c00000)
 Metaspace       used 69698K, capacity 71868K, committed 72192K, reserved 1112064K
  class space    used 9337K, capacity 9869K, committed 9984K, reserved 1048576K
Event: 41.604 GC heap after
Heap after GC invocations=17 (full 3):
 PSYoungGen      total 241664K, used 19433K [0x00000000e0000000, 0x00000000f1a80000, 0x0000000100000000)
  eden space 222208K, 0% used [0x00000000e0000000,0x00000000e0000000,0x00000000ed900000)
  from space 19456K, 99% used [0x00000000ef600000,0x00000000f08fa518,0x00000000f0900000)
  to   space 29696K, 0% used [0x00000000ed900000,0x00000000ed900000,0x00000000ef600000)
 ParOldGen       total 94208K, used 56528K [0x00000000a0000000, 0x00000000a5c00000, 0x00000000e0000000)
  object space 94208K, 60% used [0x00000000a0000000,0x00000000a37340f0,0x00000000a5c00000)
 Metaspace       used 69698K, capacity 71868K, committed 72192K, reserved 1112064K
  class space    used 9337K, capacity 9869K, committed 9984K, reserved 1048576K
}
Event: 48.030 GC heap before
{Heap before GC invocations=18 (full 3):
 PSYoungGen      total 241664K, used 241641K [0x00000000e0000000, 0x00000000f1a80000, 0x0000000100000000)
  eden space 222208K, 100% used [0x00000000e0000000,0x00000000ed900000,0x00000000ed900000)
  from space 19456K, 99% used [0x00000000ef600000,0x00000000f08fa518,0x00000000f0900000)
  to   space 29696K, 0% used [0x00000000ed900000,0x00000000ed900000,0x00000000ef600000)
 ParOldGen       total 94208K, used 56528K [0x00000000a0000000, 0x00000000a5c00000, 0x00000000e0000000)
  object space 94208K, 60% used [0x00000000a0000000,0x00000000a37340f0,0x00000000a5c00000)
 Metaspace       used 73003K, capacity 75372K, committed 75520K, reserved 1114112K
  class space    used 9618K, capacity 10209K, committed 10240K, reserved 1048576K
Event: 48.295 GC heap after
Heap after GC invocations=18 (full 3):
 PSYoungGen      total 251904K, used 29682K [0x00000000e0000000, 0x00000000f5900000, 0x0000000100000000)
  eden space 222208K, 0% used [0x00000000e0000000,0x00000000e0000000,0x00000000ed900000)
  from space 29696K, 99% used [0x00000000ed900000,0x00000000ef5fcbe0,0x00000000ef600000)
  to   space 44032K, 0% used [0x00000000f2e00000,0x00000000f2e00000,0x00000000f5900000)
 ParOldGen       total 94208K, used 81350K [0x00000000a0000000, 0x00000000a5c00000, 0x00000000e0000000)
  object space 94208K, 86% used [0x00000000a0000000,0x00000000a4f71b68,0x00000000a5c00000)
 Metaspace       used 73003K, capacity 75372K, committed 75520K, reserved 1114112K
  class space    used 9618K, capacity 10209K, committed 10240K, reserved 1048576K
}
Event: 48.295 GC heap before
{Heap before GC invocations=19 (full 4):
 PSYoungGen      total 251904K, used 29682K [0x00000000e0000000, 0x00000000f5900000, 0x0000000100000000)
  eden space 222208K, 0% used [0x00000000e0000000,0x00000000e0000000,0x00000000ed900000)
  from space 29696K, 99% used [0x00000000ed900000,0x00000000ef5fcbe0,0x00000000ef600000)
  to   space 44032K, 0% used [0x00000000f2e00000,0x00000000f2e00000,0x00000000f5900000)
 ParOldGen       total 94208K, used 81350K [0x00000000a0000000, 0x00000000a5c00000, 0x00000000e0000000)
  object space 94208K, 86% used [0x00000000a0000000,0x00000000a4f71b68,0x00000000a5c00000)
 Metaspace       used 73003K, capacity 75372K, committed 75520K, reserved 1114112K
  class space    used 9618K, capacity 10209K, committed 10240K, reserved 1048576K
Event: 48.777 GC heap after
Heap after GC invocations=19 (full 4):
 PSYoungGen      total 251904K, used 0K [0x00000000e0000000, 0x00000000f5900000, 0x0000000100000000)
  eden space 222208K, 0% used [0x00000000e0000000,0x00000000e0000000,0x00000000ed900000)
  from space 29696K, 0% used [0x00000000ed900000,0x00000000ed900000,0x00000000ef600000)
  to   space 44032K, 0% used [0x00000000f2e00000,0x00000000f2e00000,0x00000000f5900000)
 ParOldGen       total 165888K, used 77780K [0x00000000a0000000, 0x00000000aa200000, 0x00000000e0000000)
  object space 165888K, 46% used [0x00000000a0000000,0x00000000a4bf5308,0x00000000aa200000)
 Metaspace       used 72385K, capacity 74720K, committed 75520K, reserved 1114112K
  class space    used 9554K, capacity 10137K, committed 10240K, reserved 1048576K
}
Event: 51.554 GC heap before
{Heap before GC invocations=20 (full 4):
 PSYoungGen      total 251904K, used 222208K [0x00000000e0000000, 0x00000000f5900000, 0x0000000100000000)
  eden space 222208K, 100% used [0x00000000e0000000,0x00000000ed900000,0x00000000ed900000)
  from space 29696K, 0% used [0x00000000ed900000,0x00000000ed900000,0x00000000ef600000)
  to   space 44032K, 0% used [0x00000000f2e00000,0x00000000f2e00000,0x00000000f5900000)
 ParOldGen       total 165888K, used 77780K [0x00000000a0000000, 0x00000000aa200000, 0x00000000e0000000)
  object space 165888K, 46% used [0x00000000a0000000,0x00000000a4bf5308,0x00000000aa200000)
 Metaspace       used 78123K, capacity 80762K, committed 81024K, reserved 1120256K
  class space    used 10426K, capacity 11106K, committed 11136K, reserved 1048576K
Event: 51.622 GC heap after
Heap after GC invocations=20 (full 4):
 PSYoungGen      total 305664K, used 33604K [0x00000000e0000000, 0x00000000f6380000, 0x0000000100000000)
  eden space 261632K, 0% used [0x00000000e0000000,0x00000000e0000000,0x00000000eff80000)
  from space 44032K, 76% used [0x00000000f2e00000,0x00000000f4ed1258,0x00000000f5900000)
  to   space 47616K, 0% used [0x00000000eff80000,0x00000000eff80000,0x00000000f2e00000)
 ParOldGen       total 165888K, used 77788K [0x00000000a0000000, 0x00000000aa200000, 0x00000000e0000000)
  object space 165888K, 46% used [0x00000000a0000000,0x00000000a4bf7308,0x00000000aa200000)
 Metaspace       used 78123K, capacity 80762K, committed 81024K, reserved 1120256K
  class space    used 10426K, capacity 11106K, committed 11136K, reserved 1048576K
}
Event: 56.940 GC heap before
{Heap before GC invocations=21 (full 4):
 PSYoungGen      total 305664K, used 294989K [0x00000000e0000000, 0x00000000f6380000, 0x0000000100000000)
  eden space 261632K, 99% used [0x00000000e0000000,0x00000000eff424e8,0x00000000eff80000)
  from space 44032K, 76% used [0x00000000f2e00000,0x00000000f4ed1258,0x00000000f5900000)
  to   space 47616K, 0% used [0x00000000eff80000,0x00000000eff80000,0x00000000f2e00000)
 ParOldGen       total 165888K, used 77788K [0x00000000a0000000, 0x00000000aa200000, 0x00000000e0000000)
  object space 165888K, 46% used [0x00000000a0000000,0x00000000a4bf7308,0x00000000aa200000)
 Metaspace       used 80845K, capacity 83866K, committed 84096K, reserved 1122304K
  class space    used 10809K, capacity 11514K, committed 11648K, reserved 1048576K
Event: 57.487 GC heap after
Heap after GC invocations=21 (full 4):
 PSYoungGen      total 309248K, used 47607K [0x00000000e0000000, 0x00000000fbf00000, 0x0000000100000000)
  eden space 261632K, 0% used [0x00000000e0000000,0x00000000e0000000,0x00000000eff80000)
  from space 47616K, 99% used [0x00000000eff80000,0x00000000f2dfde00,0x00000000f2e00000)
  to   space 72192K, 0% used [0x00000000f7880000,0x00000000f7880000,0x00000000fbf00000)
 ParOldGen       total 165888K, used 122345K [0x00000000a0000000, 0x00000000aa200000, 0x00000000e0000000)
  object space 165888K, 73% used [0x00000000a0000000,0x00000000a777a4a0,0x00000000aa200000)
 Metaspace       used 80845K, capacity 83866K, committed 84096K, reserved 1122304K
  class space    used 10809K, capacity 11514K, committed 11648K, reserved 1048576K
}

