# JRE version: OpenJDK Runtime Environment (8.0_212-b04) (build 1.8.0_212-release-1586-b04)
# Java VM: OpenJDK 64-Bit Server VM (25.212-b04 mixed mode windows-amd64 compressed oops)
Heap:
 PSYoungGen      total 245760K, used 128663K [0x00000000e0000000, 0x00000000f3080000, 0x0000000100000000)
  eden space 221696K, 51% used [0x00000000e0000000,0x00000000e6f7aed0,0x00000000ed880000)
  from space 24064K, 60% used [0x00000000ed880000,0x00000000ee6aaeb0,0x00000000ef000000)
  to   space 24064K, 0% used [0x00000000f1900000,0x00000000f1900000,0x00000000f3080000)
 ParOldGen       total 94720K, used 36658K [0x00000000a0000000, 0x00000000a5c80000, 0x00000000e0000000)
  object space 94720K, 38% used [0x00000000a0000000,0x00000000a23cc9d8,0x00000000a5c80000)
 Metaspace       used 64580K, capacity 66712K, committed 66904K, reserved 1107968K
  class space    used 8709K, capacity 9211K, committed 9304K, reserved 1048576K
GC Heap History (10 events):
Event: 12.622 GC heap before
{Heap before GC invocations=10 (full 2):
 PSYoungGen      total 197120K, used 11256K [0x00000000e0000000, 0x00000000ed300000, 0x0000000100000000)
  eden space 184320K, 0% used [0x00000000e0000000,0x00000000e0000000,0x00000000eb400000)
  from space 12800K, 87% used [0x00000000ec200000,0x00000000eccfe228,0x00000000ece80000)
  to   space 14336K, 0% used [0x00000000eb400000,0x00000000eb400000,0x00000000ec200000)
 ParOldGen       total 45568K, used 18445K [0x00000000a0000000, 0x00000000a2c80000, 0x00000000e0000000)
  object space 45568K, 40% used [0x00000000a0000000,0x00000000a12034f0,0x00000000a2c80000)
 Metaspace       used 34562K, capacity 35388K, committed 35456K, reserved 1079296K
  class space    used 4718K, capacity 4953K, committed 4992K, reserved 1048576K
Event: 12.856 GC heap after
Heap after GC invocations=10 (full 2):
 PSYoungGen      total 197120K, used 0K [0x00000000e0000000, 0x00000000ed300000, 0x0000000100000000)
  eden space 184320K, 0% used [0x00000000e0000000,0x00000000e0000000,0x00000000eb400000)
  from space 12800K, 0% used [0x00000000ec200000,0x00000000ec200000,0x00000000ece80000)
  to   space 14336K, 0% used [0x00000000eb400000,0x00000000eb400000,0x00000000ec200000)
 ParOldGen       total 60416K, used 18144K [0x00000000a0000000, 0x00000000a3b00000, 0x00000000e0000000)
  object space 60416K, 30% used [0x00000000a0000000,0x00000000a11b81b0,0x00000000a3b00000)
 Metaspace       used 34562K, capacity 35388K, committed 35456K, reserved 1079296K
  class space    used 4718K, capacity 4953K, committed 4992K, reserved 1048576K
}
Event: 18.969 GC heap before
{Heap before GC invocations=11 (full 2):
 PSYoungGen      total 197120K, used 184320K [0x00000000e0000000, 0x00000000ed300000, 0x0000000100000000)
  eden space 184320K, 100% used [0x00000000e0000000,0x00000000eb400000,0x00000000eb400000)
  from space 12800K, 0% used [0x00000000ec200000,0x00000000ec200000,0x00000000ece80000)
  to   space 14336K, 0% used [0x00000000eb400000,0x00000000eb400000,0x00000000ec200000)
 ParOldGen       total 60416K, used 18144K [0x00000000a0000000, 0x00000000a3b00000, 0x00000000e0000000)
  object space 60416K, 30% used [0x00000000a0000000,0x00000000a11b81b0,0x00000000a3b00000)
 Metaspace       used 51835K, capacity 53404K, committed 53632K, reserved 1095680K
  class space    used 7058K, capacity 7501K, committed 7552K, reserved 1048576K
Event: 19.042 GC heap after
Heap after GC invocations=11 (full 2):
 PSYoungGen      total 198656K, used 14321K [0x00000000e0000000, 0x00000000f0380000, 0x0000000100000000)
  eden space 184320K, 0% used [0x00000000e0000000,0x00000000e0000000,0x00000000eb400000)
  from space 14336K, 99% used [0x00000000eb400000,0x00000000ec1fc5a8,0x00000000ec200000)
  to   space 19968K, 0% used [0x00000000ef000000,0x00000000ef000000,0x00000000f0380000)
 ParOldGen       total 60416K, used 26521K [0x00000000a0000000, 0x00000000a3b00000, 0x00000000e0000000)
  object space 60416K, 43% used [0x00000000a0000000,0x00000000a19e6510,0x00000000a3b00000)
 Metaspace       used 51835K, capacity 53404K, committed 53632K, reserved 1095680K
  class space    used 7058K, capacity 7501K, committed 7552K, reserved 1048576K
}
Event: 22.187 GC heap before
{Heap before GC invocations=12 (full 2):
 PSYoungGen      total 198656K, used 109979K [0x00000000e0000000, 0x00000000f0380000, 0x0000000100000000)
  eden space 184320K, 51% used [0x00000000e0000000,0x00000000e5d6a9d8,0x00000000eb400000)
  from space 14336K, 99% used [0x00000000eb400000,0x00000000ec1fc5a8,0x00000000ec200000)
  to   space 19968K, 0% used [0x00000000ef000000,0x00000000ef000000,0x00000000f0380000)
 ParOldGen       total 60416K, used 26521K [0x00000000a0000000, 0x00000000a3b00000, 0x00000000e0000000)
  object space 60416K, 43% used [0x00000000a0000000,0x00000000a19e6510,0x00000000a3b00000)
 Metaspace       used 57262K, capacity 59022K, committed 59096K, reserved 1099776K
  class space    used 7866K, capacity 8360K, committed 8408K, reserved 1048576K
Event: 22.299 GC heap after
Heap after GC invocations=12 (full 2):
 PSYoungGen      total 241664K, used 19951K [0x00000000e0000000, 0x00000000f1180000, 0x0000000100000000)
  eden space 221696K, 0% used [0x00000000e0000000,0x00000000e0000000,0x00000000ed880000)
  from space 19968K, 99% used [0x00000000ef000000,0x00000000f037bdb0,0x00000000f0380000)
  to   space 24064K, 0% used [0x00000000ed880000,0x00000000ed880000,0x00000000ef000000)
 ParOldGen       total 60416K, used 28444K [0x00000000a0000000, 0x00000000a3b00000, 0x00000000e0000000)
  object space 60416K, 47% used [0x00000000a0000000,0x00000000a1bc72c8,0x00000000a3b00000)
 Metaspace       used 57262K, capacity 59022K, committed 59096K, reserved 1099776K
  class space    used 7866K, capacity 8360K, committed 8408K, reserved 1048576K
}
Event: 22.299 GC heap before
{Heap before GC invocations=13 (full 3):
 PSYoungGen      total 241664K, used 19951K [0x00000000e0000000, 0x00000000f1180000, 0x0000000100000000)
  eden space 221696K, 0% used [0x00000000e0000000,0x00000000e0000000,0x00000000ed880000)
  from space 19968K, 99% used [0x00000000ef000000,0x00000000f037bdb0,0x00000000f0380000)
  to   space 24064K, 0% used [0x00000000ed880000,0x00000000ed880000,0x00000000ef000000)
 ParOldGen       total 60416K, used 28444K [0x00000000a0000000, 0x00000000a3b00000, 0x00000000e0000000)
  object space 60416K, 47% used [0x00000000a0000000,0x00000000a1bc72c8,0x00000000a3b00000)
 Metaspace       used 57262K, capacity 59022K, committed 59096K, reserved 1099776K
  class space    used 7866K, capacity 8360K, committed 8408K, reserved 1048576K
Event: 22.875 GC heap after
Heap after GC invocations=13 (full 3):
 PSYoungGen      total 241664K, used 0K [0x00000000e0000000, 0x00000000f1180000, 0x0000000100000000)
  eden space 221696K, 0% used [0x00000000e0000000,0x00000000e0000000,0x00000000ed880000)
  from space 19968K, 0% used [0x00000000ef000000,0x00000000ef000000,0x00000000f0380000)
  to   space 24064K, 0% used [0x00000000ed880000,0x00000000ed880000,0x00000000ef000000)
 ParOldGen       total 94720K, used 36650K [0x00000000a0000000, 0x00000000a5c80000, 0x00000000e0000000)
  object space 94720K, 38% used [0x00000000a0000000,0x00000000a23ca9d8,0x00000000a5c80000)
 Metaspace       used 57262K, capacity 59022K, committed 59096K, reserved 1099776K
  class space    used 7866K, capacity 8360K, committed 8408K, reserved 1048576K
}
Event: 31.018 GC heap before
{Heap before GC invocations=14 (full 3):
 PSYoungGen      total 241664K, used 221696K [0x00000000e0000000, 0x00000000f1180000, 0x0000000100000000)
  eden space 221696K, 100% used [0x00000000e0000000,0x00000000ed880000,0x00000000ed880000)
  from space 19968K, 0% used [0x00000000ef000000,0x00000000ef000000,0x00000000f0380000)
  to   space 24064K, 0% used [0x00000000ed880000,0x00000000ed880000,0x00000000ef000000)
 ParOldGen       total 94720K, used 36650K [0x00000000a0000000, 0x00000000a5c80000, 0x00000000e0000000)
  object space 94720K, 38% used [0x00000000a0000000,0x00000000a23ca9d8,0x00000000a5c80000)
 Metaspace       used 61316K, capacity 63358K, committed 63448K, reserved 1103872K
  class space    used 8364K, capacity 8864K, committed 8920K, reserved 1048576K
Event: 31.063 GC heap after
Heap after GC invocations=14 (full 3):
 PSYoungGen      total 245760K, used 14507K [0x00000000e0000000, 0x00000000f3080000, 0x0000000100000000)
  eden space 221696K, 0% used [0x00000000e0000000,0x00000000e0000000,0x00000000ed880000)
  from space 24064K, 60% used [0x00000000ed880000,0x00000000ee6aaeb0,0x00000000ef000000)
  to   space 24064K, 0% used [0x00000000f1900000,0x00000000f1900000,0x00000000f3080000)
 ParOldGen       total 94720K, used 36658K [0x00000000a0000000, 0x00000000a5c80000, 0x00000000e0000000)
  object space 94720K, 38% used [0x00000000a0000000,0x00000000a23cc9d8,0x00000000a5c80000)
 Metaspace       used 61316K, capacity 63358K, committed 63448K, reserved 1103872K
  class space    used 8364K, capacity 8864K, committed 8920K, reserved 1048576K
}

