# JRE version: OpenJDK Runtime Environment (8.0_212-b04) (build 1.8.0_212-release-1586-b04)
# Java VM: OpenJDK 64-Bit Server VM (25.212-b04 mixed mode windows-amd64 compressed oops)
Heap:
 PSYoungGen      total 265728K, used 57273K [0x00000000e0000000, 0x00000000f4700000, 0x0000000100000000)
  eden space 224768K, 25% used [0x00000000e0000000,0x00000000e37ee460,0x00000000edb80000)
  from space 40960K, 0% used [0x00000000f1f00000,0x00000000f1f00000,0x00000000f4700000)
  to   space 29184K, 0% used [0x00000000edb80000,0x00000000edb80000,0x00000000ef800000)
 ParOldGen       total 98816K, used 76352K [0x00000000a0000000, 0x00000000a6080000, 0x00000000e0000000)
  object space 98816K, 77% used [0x00000000a0000000,0x00000000a4a90128,0x00000000a6080000)
 Metaspace       used 77387K, capacity 80100K, committed 80984K, reserved 1120256K
  class space    used 10114K, capacity 10755K, committed 10840K, reserved 1048576K
GC Heap History (10 events):
Event: 30.594 GC heap before
{Heap before GC invocations=16 (full 3):
 PSYoungGen      total 215040K, used 197120K [0x00000000e0000000, 0x00000000ee780000, 0x0000000100000000)
  eden space 197120K, 100% used [0x00000000e0000000,0x00000000ec080000,0x00000000ec080000)
  from space 17920K, 0% used [0x00000000ed300000,0x00000000ed300000,0x00000000ee480000)
  to   space 18944K, 0% used [0x00000000ec080000,0x00000000ec080000,0x00000000ed300000)
 ParOldGen       total 93184K, used 37445K [0x00000000a0000000, 0x00000000a5b00000, 0x00000000e0000000)
  object space 93184K, 40% used [0x00000000a0000000,0x00000000a24914e8,0x00000000a5b00000)
 Metaspace       used 59296K, capacity 61300K, committed 61400K, reserved 1101824K
  class space    used 8090K, capacity 8575K, committed 8664K, reserved 1048576K
Event: 30.668 GC heap after
Heap after GC invocations=16 (full 3):
 PSYoungGen      total 216064K, used 14691K [0x00000000e0000000, 0x00000000f0c00000, 0x0000000100000000)
  eden space 197120K, 0% used [0x00000000e0000000,0x00000000e0000000,0x00000000ec080000)
  from space 18944K, 77% used [0x00000000ec080000,0x00000000eced8c40,0x00000000ed300000)
  to   space 20480K, 0% used [0x00000000ef800000,0x00000000ef800000,0x00000000f0c00000)
 ParOldGen       total 93184K, used 37453K [0x00000000a0000000, 0x00000000a5b00000, 0x00000000e0000000)
  object space 93184K, 40% used [0x00000000a0000000,0x00000000a24934e8,0x00000000a5b00000)
 Metaspace       used 59296K, capacity 61300K, committed 61400K, reserved 1101824K
  class space    used 8090K, capacity 8575K, committed 8664K, reserved 1048576K
}
Event: 104.247 GC heap before
{Heap before GC invocations=17 (full 3):
 PSYoungGen      total 216064K, used 211811K [0x00000000e0000000, 0x00000000f0c00000, 0x0000000100000000)
  eden space 197120K, 100% used [0x00000000e0000000,0x00000000ec080000,0x00000000ec080000)
  from space 18944K, 77% used [0x00000000ec080000,0x00000000eced8c40,0x00000000ed300000)
  to   space 20480K, 0% used [0x00000000ef800000,0x00000000ef800000,0x00000000f0c00000)
 ParOldGen       total 93184K, used 37453K [0x00000000a0000000, 0x00000000a5b00000, 0x00000000e0000000)
  object space 93184K, 40% used [0x00000000a0000000,0x00000000a24934e8,0x00000000a5b00000)
 Metaspace       used 69053K, capacity 71542K, committed 71896K, reserved 1112064K
  class space    used 9280K, capacity 9826K, committed 9944K, reserved 1048576K
Event: 104.328 GC heap after
Heap after GC invocations=17 (full 3):
 PSYoungGen      total 245248K, used 20476K [0x00000000e0000000, 0x00000000f1700000, 0x0000000100000000)
  eden space 224768K, 0% used [0x00000000e0000000,0x00000000e0000000,0x00000000edb80000)
  from space 20480K, 99% used [0x00000000ef800000,0x00000000f0bff328,0x00000000f0c00000)
  to   space 29184K, 0% used [0x00000000edb80000,0x00000000edb80000,0x00000000ef800000)
 ParOldGen       total 93184K, used 52152K [0x00000000a0000000, 0x00000000a5b00000, 0x00000000e0000000)
  object space 93184K, 55% used [0x00000000a0000000,0x00000000a32ee3a0,0x00000000a5b00000)
 Metaspace       used 69053K, capacity 71542K, committed 71896K, reserved 1112064K
  class space    used 9280K, capacity 9826K, committed 9944K, reserved 1048576K
}
Event: 462.082 GC heap before
{Heap before GC invocations=18 (full 3):
 PSYoungGen      total 245248K, used 245244K [0x00000000e0000000, 0x00000000f1700000, 0x0000000100000000)
  eden space 224768K, 100% used [0x00000000e0000000,0x00000000edb80000,0x00000000edb80000)
  from space 20480K, 99% used [0x00000000ef800000,0x00000000f0bff328,0x00000000f0c00000)
  to   space 29184K, 0% used [0x00000000edb80000,0x00000000edb80000,0x00000000ef800000)
 ParOldGen       total 93184K, used 52152K [0x00000000a0000000, 0x00000000a5b00000, 0x00000000e0000000)
  object space 93184K, 55% used [0x00000000a0000000,0x00000000a32ee3a0,0x00000000a5b00000)
 Metaspace       used 76046K, capacity 78750K, committed 78808K, reserved 1118208K
  class space    used 10031K, capacity 10658K, committed 10712K, reserved 1048576K
Event: 462.229 GC heap after
Heap after GC invocations=18 (full 3):
 PSYoungGen      total 253952K, used 29157K [0x00000000e0000000, 0x00000000f4700000, 0x0000000100000000)
  eden space 224768K, 0% used [0x00000000e0000000,0x00000000e0000000,0x00000000edb80000)
  from space 29184K, 99% used [0x00000000edb80000,0x00000000ef7f9750,0x00000000ef800000)
  to   space 40960K, 0% used [0x00000000f1f00000,0x00000000f1f00000,0x00000000f4700000)
 ParOldGen       total 93184K, used 70803K [0x00000000a0000000, 0x00000000a5b00000, 0x00000000e0000000)
  object space 93184K, 75% used [0x00000000a0000000,0x00000000a4524f28,0x00000000a5b00000)
 Metaspace       used 76046K, capacity 78750K, committed 78808K, reserved 1118208K
  class space    used 10031K, capacity 10658K, committed 10712K, reserved 1048576K
}
Event: 468.020 GC heap before
{Heap before GC invocations=19 (full 3):
 PSYoungGen      total 253952K, used 253923K [0x00000000e0000000, 0x00000000f4700000, 0x0000000100000000)
  eden space 224768K, 99% used [0x00000000e0000000,0x00000000edb7f738,0x00000000edb80000)
  from space 29184K, 99% used [0x00000000edb80000,0x00000000ef7f9750,0x00000000ef800000)
  to   space 40960K, 0% used [0x00000000f1f00000,0x00000000f1f00000,0x00000000f4700000)
 ParOldGen       total 93184K, used 70803K [0x00000000a0000000, 0x00000000a5b00000, 0x00000000e0000000)
  object space 93184K, 75% used [0x00000000a0000000,0x00000000a4524f28,0x00000000a5b00000)
 Metaspace       used 78003K, capacity 80752K, committed 80984K, reserved 1120256K
  class space    used 10178K, capacity 10827K, committed 10840K, reserved 1048576K
Event: 468.183 GC heap after
Heap after GC invocations=19 (full 3):
 PSYoungGen      total 265728K, used 32826K [0x00000000e0000000, 0x00000000f4700000, 0x0000000100000000)
  eden space 224768K, 0% used [0x00000000e0000000,0x00000000e0000000,0x00000000edb80000)
  from space 40960K, 80% used [0x00000000f1f00000,0x00000000f3f0e9d8,0x00000000f4700000)
  to   space 29184K, 0% used [0x00000000edb80000,0x00000000edb80000,0x00000000ef800000)
 ParOldGen       total 98816K, used 98495K [0x00000000a0000000, 0x00000000a6080000, 0x00000000e0000000)
  object space 98816K, 99% used [0x00000000a0000000,0x00000000a602ff38,0x00000000a6080000)
 Metaspace       used 78003K, capacity 80752K, committed 80984K, reserved 1120256K
  class space    used 10178K, capacity 10827K, committed 10840K, reserved 1048576K
}
Event: 468.183 GC heap before
{Heap before GC invocations=20 (full 4):
 PSYoungGen      total 265728K, used 32826K [0x00000000e0000000, 0x00000000f4700000, 0x0000000100000000)
  eden space 224768K, 0% used [0x00000000e0000000,0x00000000e0000000,0x00000000edb80000)
  from space 40960K, 80% used [0x00000000f1f00000,0x00000000f3f0e9d8,0x00000000f4700000)
  to   space 29184K, 0% used [0x00000000edb80000,0x00000000edb80000,0x00000000ef800000)
 ParOldGen       total 98816K, used 98495K [0x00000000a0000000, 0x00000000a6080000, 0x00000000e0000000)
  object space 98816K, 99% used [0x00000000a0000000,0x00000000a602ff38,0x00000000a6080000)
 Metaspace       used 78003K, capacity 80752K, committed 80984K, reserved 1120256K
  class space    used 10178K, capacity 10827K, committed 10840K, reserved 1048576K
Event: 468.808 GC heap after
Heap after GC invocations=20 (full 4):
 PSYoungGen      total 265728K, used 0K [0x00000000e0000000, 0x00000000f4700000, 0x0000000100000000)
  eden space 224768K, 0% used [0x00000000e0000000,0x00000000e0000000,0x00000000edb80000)
  from space 40960K, 0% used [0x00000000f1f00000,0x00000000f1f00000,0x00000000f4700000)
  to   space 29184K, 0% used [0x00000000edb80000,0x00000000edb80000,0x00000000ef800000)
 ParOldGen       total 98816K, used 76352K [0x00000000a0000000, 0x00000000a6080000, 0x00000000e0000000)
  object space 98816K, 77% used [0x00000000a0000000,0x00000000a4a90128,0x00000000a6080000)
 Metaspace       used 77385K, capacity 80100K, committed 80984K, reserved 1120256K
  class space    used 10114K, capacity 10755K, committed 10840K, reserved 1048576K
}

